$**************  SCADETOC Version R16.1 (build i4) **************
** Generation date: 2015-08-21T16:12:14
** Command: scade -code "C:\GITHUB\modeling\model\Scade\System\ObuFunctions\ETCS_Messaging\TrackMessages\TrackMessages.etp" -root TM::Read_P136 -conf KCG-Bitwalker
*************************************************************$
*** Generated Files Information (GENFIL): KCG- Generated files
 ~kcg.log
  at file C:\GITHUB\modeling\model\Scade\System\ObuFunctions\ETCS_Messaging\TrackMessages\KCG-Bitwalker\ReadP136\kcg.log, line 0, character 0
 ~kcg_s2c_config.txt
  at file C:\GITHUB\modeling\model\Scade\System\ObuFunctions\ETCS_Messaging\TrackMessages\KCG-Bitwalker\ReadP136\kcg_s2c_config.txt, line 0, character 0
 ~kcg_trace.xml
  at file C:\GITHUB\modeling\model\Scade\System\ObuFunctions\ETCS_Messaging\TrackMessages\KCG-Bitwalker\ReadP136\kcg_trace.xml, line 0, character 0
 ~kcg_metrics.txt
  at file C:\GITHUB\modeling\model\Scade\System\ObuFunctions\ETCS_Messaging\TrackMessages\KCG-Bitwalker\ReadP136\kcg_metrics.txt, line 0, character 0
 ~Read_P136_TM.c
  at file C:\GITHUB\modeling\model\Scade\System\ObuFunctions\ETCS_Messaging\TrackMessages\KCG-Bitwalker\ReadP136\Read_P136_TM.c, line 0, character 0
 ~C_P136_compr_onboard_TM_conversions.c
  at file C:\GITHUB\modeling\model\Scade\System\ObuFunctions\ETCS_Messaging\TrackMessages\KCG-Bitwalker\ReadP136\C_P136_compr_onboard_TM_conversions.c, line 0, character 0
 ~CAST_Int_to_NID_BG_TM_conversions.c
  at file C:\GITHUB\modeling\model\Scade\System\ObuFunctions\ETCS_Messaging\TrackMessages\KCG-Bitwalker\ReadP136\CAST_Int_to_NID_BG_TM_conversions.c, line 0, character 0
 ~CAST_Int_to_NID_C_TM_conversions.c
  at file C:\GITHUB\modeling\model\Scade\System\ObuFunctions\ETCS_Messaging\TrackMessages\KCG-Bitwalker\ReadP136\CAST_Int_to_NID_C_TM_conversions.c, line 0, character 0
 ~CAST_Int_to_Q_NEWCOUNTRY_TM_conversions.c
  at file C:\GITHUB\modeling\model\Scade\System\ObuFunctions\ETCS_Messaging\TrackMessages\KCG-Bitwalker\ReadP136\CAST_Int_to_Q_NEWCOUNTRY_TM_conversions.c, line 0, character 0
 ~RECV_ReadPackets_TM_lib_internal.c
  at file C:\GITHUB\modeling\model\Scade\System\ObuFunctions\ETCS_Messaging\TrackMessages\KCG-Bitwalker\ReadP136\RECV_ReadPackets_TM_lib_internal.c, line 0, character 0
 ~RECV_ReadPacketKernel_TM_lib_internal.c
  at file C:\GITHUB\modeling\model\Scade\System\ObuFunctions\ETCS_Messaging\TrackMessages\KCG-Bitwalker\ReadP136\RECV_ReadPacketKernel_TM_lib_internal.c, line 0, character 0
 ~RECV_ReadPacketKernelLoop_TM_lib_internal.c
  at file C:\GITHUB\modeling\model\Scade\System\ObuFunctions\ETCS_Messaging\TrackMessages\KCG-Bitwalker\ReadP136\RECV_ReadPacketKernelLoop_TM_lib_internal.c, line 0, character 0
 ~RECV_LookupPacket_TM_lib_internal.c
  at file C:\GITHUB\modeling\model\Scade\System\ObuFunctions\ETCS_Messaging\TrackMessages\KCG-Bitwalker\ReadP136\RECV_LookupPacket_TM_lib_internal.c, line 0, character 0
 ~RECV_LookupPacketLoop_TM_lib_internal.c
  at file C:\GITHUB\modeling\model\Scade\System\ObuFunctions\ETCS_Messaging\TrackMessages\KCG-Bitwalker\ReadP136\RECV_LookupPacketLoop_TM_lib_internal.c, line 0, character 0
 ~T_Filter_Metadata_TM_lib_internal.c
  at file C:\GITHUB\modeling\model\Scade\System\ObuFunctions\ETCS_Messaging\TrackMessages\KCG-Bitwalker\ReadP136\T_Filter_Metadata_TM_lib_internal.c, line 0, character 0
 ~T_Filter_Metadata_Element_TM_lib_internal.c
  at file C:\GITHUB\modeling\model\Scade\System\ObuFunctions\ETCS_Messaging\TrackMessages\KCG-Bitwalker\ReadP136\T_Filter_Metadata_Element_TM_lib_internal.c, line 0, character 0
 ~T_Decode_metadata_new_TM_lib_internal.c
  at file C:\GITHUB\modeling\model\Scade\System\ObuFunctions\ETCS_Messaging\TrackMessages\KCG-Bitwalker\ReadP136\T_Decode_metadata_new_TM_lib_internal.c, line 0, character 0
 ~Read_P136_TM.h
  at file C:\GITHUB\modeling\model\Scade\System\ObuFunctions\ETCS_Messaging\TrackMessages\KCG-Bitwalker\ReadP136\Read_P136_TM.h, line 0, character 0
 ~C_P136_compr_onboard_TM_conversions.h
  at file C:\GITHUB\modeling\model\Scade\System\ObuFunctions\ETCS_Messaging\TrackMessages\KCG-Bitwalker\ReadP136\C_P136_compr_onboard_TM_conversions.h, line 0, character 0
 ~CAST_Int_to_NID_BG_TM_conversions.h
  at file C:\GITHUB\modeling\model\Scade\System\ObuFunctions\ETCS_Messaging\TrackMessages\KCG-Bitwalker\ReadP136\CAST_Int_to_NID_BG_TM_conversions.h, line 0, character 0
 ~CAST_Int_to_NID_C_TM_conversions.h
  at file C:\GITHUB\modeling\model\Scade\System\ObuFunctions\ETCS_Messaging\TrackMessages\KCG-Bitwalker\ReadP136\CAST_Int_to_NID_C_TM_conversions.h, line 0, character 0
 ~CAST_Int_to_Q_NEWCOUNTRY_TM_conversions.h
  at file C:\GITHUB\modeling\model\Scade\System\ObuFunctions\ETCS_Messaging\TrackMessages\KCG-Bitwalker\ReadP136\CAST_Int_to_Q_NEWCOUNTRY_TM_conversions.h, line 0, character 0
 ~RECV_ReadPackets_TM_lib_internal.h
  at file C:\GITHUB\modeling\model\Scade\System\ObuFunctions\ETCS_Messaging\TrackMessages\KCG-Bitwalker\ReadP136\RECV_ReadPackets_TM_lib_internal.h, line 0, character 0
 ~RECV_ReadPacketKernel_TM_lib_internal.h
  at file C:\GITHUB\modeling\model\Scade\System\ObuFunctions\ETCS_Messaging\TrackMessages\KCG-Bitwalker\ReadP136\RECV_ReadPacketKernel_TM_lib_internal.h, line 0, character 0
 ~RECV_ReadPacketKernelLoop_TM_lib_internal.h
  at file C:\GITHUB\modeling\model\Scade\System\ObuFunctions\ETCS_Messaging\TrackMessages\KCG-Bitwalker\ReadP136\RECV_ReadPacketKernelLoop_TM_lib_internal.h, line 0, character 0
 ~RECV_LookupPacket_TM_lib_internal.h
  at file C:\GITHUB\modeling\model\Scade\System\ObuFunctions\ETCS_Messaging\TrackMessages\KCG-Bitwalker\ReadP136\RECV_LookupPacket_TM_lib_internal.h, line 0, character 0
 ~RECV_LookupPacketLoop_TM_lib_internal.h
  at file C:\GITHUB\modeling\model\Scade\System\ObuFunctions\ETCS_Messaging\TrackMessages\KCG-Bitwalker\ReadP136\RECV_LookupPacketLoop_TM_lib_internal.h, line 0, character 0
 ~T_Filter_Metadata_TM_lib_internal.h
  at file C:\GITHUB\modeling\model\Scade\System\ObuFunctions\ETCS_Messaging\TrackMessages\KCG-Bitwalker\ReadP136\T_Filter_Metadata_TM_lib_internal.h, line 0, character 0
 ~T_Filter_Metadata_Element_TM_lib_internal.h
  at file C:\GITHUB\modeling\model\Scade\System\ObuFunctions\ETCS_Messaging\TrackMessages\KCG-Bitwalker\ReadP136\T_Filter_Metadata_Element_TM_lib_internal.h, line 0, character 0
 ~T_Decode_metadata_new_TM_lib_internal.h
  at file C:\GITHUB\modeling\model\Scade\System\ObuFunctions\ETCS_Messaging\TrackMessages\KCG-Bitwalker\ReadP136\T_Decode_metadata_new_TM_lib_internal.h, line 0, character 0
 ~kcg_types.h
  at file C:\GITHUB\modeling\model\Scade\System\ObuFunctions\ETCS_Messaging\TrackMessages\KCG-Bitwalker\ReadP136\kcg_types.h, line 0, character 0
 ~kcg_consts.h
  at file C:\GITHUB\modeling\model\Scade\System\ObuFunctions\ETCS_Messaging\TrackMessages\KCG-Bitwalker\ReadP136\kcg_consts.h, line 0, character 0
 ~kcg_sensors.h
  at file C:\GITHUB\modeling\model\Scade\System\ObuFunctions\ETCS_Messaging\TrackMessages\KCG-Bitwalker\ReadP136\kcg_sensors.h, line 0, character 0
 ~kcg_types.c
  at file C:\GITHUB\modeling\model\Scade\System\ObuFunctions\ETCS_Messaging\TrackMessages\KCG-Bitwalker\ReadP136\kcg_types.c, line 0, character 0
 ~kcg_consts.c
  at file C:\GITHUB\modeling\model\Scade\System\ObuFunctions\ETCS_Messaging\TrackMessages\KCG-Bitwalker\ReadP136\kcg_consts.c, line 0, character 0
*** Generated Files Information (GENFIL): Code Generator Generated files
 ~user_macros.h
  at file C:\GITHUB\modeling\model\Scade\System\ObuFunctions\ETCS_Messaging\TrackMessages\KCG-Bitwalker\ReadP136\user_macros.h, line 0, character 0
 ~kcg_imported_types.h
  at file C:\GITHUB\modeling\model\Scade\System\ObuFunctions\ETCS_Messaging\TrackMessages\KCG-Bitwalker\ReadP136\kcg_imported_types.h, line 0, character 0
 ~sc2c.log
  at file C:\GITHUB\modeling\model\Scade\System\ObuFunctions\ETCS_Messaging\TrackMessages\KCG-Bitwalker\ReadP136\sc2c.log, line 0, character 0
 ~sc2c_integration_files.txt
  at file C:\GITHUB\modeling\model\Scade\System\ObuFunctions\ETCS_Messaging\TrackMessages\KCG-Bitwalker\ReadP136\sc2c_integration_files.txt, line 0, character 0
$**************  SCADETOC Version R16.1 (build i4) **************
** Generation date: 2015-08-21T16:12:21
** sc2c.log
*************************************************************$
