$**************  SCADETOC Version R15 (build i22) **************
** Generation date: 2014-05-19T12:09:23
** Command: scade -code "C:\Users\GiovanniTrotta\Desktop\SoftwareBGO\DetermineBG_Orientation_and_LRBG.etp" -node DetermineBGOrientation_LRBG::DetermineBGOrientation_LRBG -conf KCG
*************************************************************$
*** Generated Files Information (GENFIL): KCG- Generated files
 ~kcg.log
  at file C:\Users\GiovanniTrotta\Desktop\SoftwareBGO\KCG\kcg.log, line 0, character 0
 ~kcg_s2c_config.txt
  at file C:\Users\GiovanniTrotta\Desktop\SoftwareBGO\KCG\kcg_s2c_config.txt, line 0, character 0
 ~kcg_trace.xml
  at file C:\Users\GiovanniTrotta\Desktop\SoftwareBGO\KCG\kcg_trace.xml, line 0, character 0
 ~kcg_metrics.txt
  at file C:\Users\GiovanniTrotta\Desktop\SoftwareBGO\KCG\kcg_metrics.txt, line 0, character 0
 ~DetermineBGOrientation_LRBG_DetermineBGOrientation_LRBG.c
  at file C:\Users\GiovanniTrotta\Desktop\SoftwareBGO\KCG\DetermineBGOrientation_LRBG_DetermineBGOrientation_LRBG.c, line 0, character 0
 ~GetBGMessageOrientation_DetermineBGOrientation_LRBG.c
  at file C:\Users\GiovanniTrotta\Desktop\SoftwareBGO\KCG\GetBGMessageOrientation_DetermineBGOrientation_LRBG.c, line 0, character 0
 ~ArrCheck_DetermineBGOrientation_LRBG.c
  at file C:\Users\GiovanniTrotta\Desktop\SoftwareBGO\KCG\ArrCheck_DetermineBGOrientation_LRBG.c, line 0, character 0
 ~FinalCheck_DetermineBGOrientation_LRBG.c
  at file C:\Users\GiovanniTrotta\Desktop\SoftwareBGO\KCG\FinalCheck_DetermineBGOrientation_LRBG.c, line 0, character 0
 ~CheckBaliseGroup_DetermineBGOrientation_LRBG.c
  at file C:\Users\GiovanniTrotta\Desktop\SoftwareBGO\KCG\CheckBaliseGroup_DetermineBGOrientation_LRBG.c, line 0, character 0
 ~CheckSingleBaliseGroup_DetermineBGOrientation_LRBG.c
  at file C:\Users\GiovanniTrotta\Desktop\SoftwareBGO\KCG\CheckSingleBaliseGroup_DetermineBGOrientation_LRBG.c, line 0, character 0
 ~DetermineBGOrientation_LRBG_DetermineBGOrientation_LRBG.h
  at file C:\Users\GiovanniTrotta\Desktop\SoftwareBGO\KCG\DetermineBGOrientation_LRBG_DetermineBGOrientation_LRBG.h, line 0, character 0
 ~GetBGMessageOrientation_DetermineBGOrientation_LRBG.h
  at file C:\Users\GiovanniTrotta\Desktop\SoftwareBGO\KCG\GetBGMessageOrientation_DetermineBGOrientation_LRBG.h, line 0, character 0
 ~ArrCheck_DetermineBGOrientation_LRBG.h
  at file C:\Users\GiovanniTrotta\Desktop\SoftwareBGO\KCG\ArrCheck_DetermineBGOrientation_LRBG.h, line 0, character 0
 ~FinalCheck_DetermineBGOrientation_LRBG.h
  at file C:\Users\GiovanniTrotta\Desktop\SoftwareBGO\KCG\FinalCheck_DetermineBGOrientation_LRBG.h, line 0, character 0
 ~CheckBaliseGroup_DetermineBGOrientation_LRBG.h
  at file C:\Users\GiovanniTrotta\Desktop\SoftwareBGO\KCG\CheckBaliseGroup_DetermineBGOrientation_LRBG.h, line 0, character 0
 ~CheckSingleBaliseGroup_DetermineBGOrientation_LRBG.h
  at file C:\Users\GiovanniTrotta\Desktop\SoftwareBGO\KCG\CheckSingleBaliseGroup_DetermineBGOrientation_LRBG.h, line 0, character 0
 ~kcg_types.h
  at file C:\Users\GiovanniTrotta\Desktop\SoftwareBGO\KCG\kcg_types.h, line 0, character 0
 ~kcg_consts.h
  at file C:\Users\GiovanniTrotta\Desktop\SoftwareBGO\KCG\kcg_consts.h, line 0, character 0
 ~kcg_sensors.h
  at file C:\Users\GiovanniTrotta\Desktop\SoftwareBGO\KCG\kcg_sensors.h, line 0, character 0
 ~kcg_types.c
  at file C:\Users\GiovanniTrotta\Desktop\SoftwareBGO\KCG\kcg_types.c, line 0, character 0
 ~kcg_consts.c
  at file C:\Users\GiovanniTrotta\Desktop\SoftwareBGO\KCG\kcg_consts.c, line 0, character 0
*** Generated Files Information (GENFIL): Code Generator Generated files
 ~sc2c.log
  at file C:\Users\GiovanniTrotta\Desktop\SoftwareBGO\KCG\sc2c.log, line 0, character 0
 ~sc2c_integration_files.txt
  at file C:\Users\GiovanniTrotta\Desktop\SoftwareBGO\KCG\sc2c_integration_files.txt, line 0, character 0
$**************  SCADETOC Version R15 (build i22) **************
** Generation date: 2014-05-19T12:09:24
** sc2c.log
*************************************************************$
