<?xml version="1.0" encoding="UTF-8"?>
<traceability>
	<object id="platform:/resource/ETCS_FunctionalDecompositionTrainSide.etp/SCADE%20System%20Model%20Files/ETCS_FunctionalDecompositionTrainSide.uml#_ILKKoKJREeSWfMnzaDjRTg">
	</object>
	<object id="platform:/resource/ETCS_FunctionalDecompositionTrainSide.etp/SCADE%20System%20Model%20Files/ETCS_FunctionalDecompositionTrainSide.uml#_NGMZcKLOEeSfg6wmyqdAUA">
	</object>
	<object id="platform:/resource/ETCS_FunctionalDecompositionTrainSide.etp/SCADE%20System%20Model%20Files/ETCS_FunctionalDecompositionTrainSide.uml#_MJ1D2qJKEeSWfMnzaDjRTg">
	</object>
	<object id="platform:/resource/ETCS_FunctionalDecompositionTrainSide.etp/SCADE%20System%20Model%20Files/ETCS_FunctionalDecompositionTrainSide.uml#_J69zkqLOEeSfg6wmyqdAUA">
	</object>
	<object id="platform:/resource/ETCS_FunctionalDecompositionTrainSide.etp/SCADE%20System%20Model%20Files/ETCS_FunctionalDecompositionTrainSide.uml#_kporEKLNEeSfg6wmyqdAUA">
	</object>
	<object id="platform:/resource/ETCS_FunctionalDecompositionTrainSide.etp/SCADE%20System%20Model%20Files/ETCS_FunctionalDecompositionTrainSide.uml#_wzxF0KLyEeSfg6wmyqdAUA">
	</object>
	<object id="platform:/resource/ETCS_FunctionalDecompositionTrainSide.etp/SCADE%20System%20Model%20Files/ETCS_FunctionalDecompositionTrainSide.uml#_m3W5kKJOEeSWfMnzaDjRTg">
	</object>
	<object id="platform:/resource/ETCS_FunctionalDecompositionTrainSide.etp/SCADE%20System%20Model%20Files/ETCS_FunctionalDecompositionTrainSide.uml#_D_hQoKJREeSWfMnzaDjRTg">
	</object>
	<object id="platform:/resource/ETCS_FunctionalDecompositionTrainSide.etp/SCADE%20System%20Model%20Files/ETCS_FunctionalDecompositionTrainSide.uml#_o1XE0KLyEeSfg6wmyqdAUA">
	</object>
	<object id="platform:/resource/ETCS_FunctionalDecompositionTrainSide.etp/SCADE%20System%20Model%20Files/ETCS_FunctionalDecompositionTrainSide.uml#_yAVC8aMbEeSSO4Jz2QjqTw">
	</object>
	<object id="platform:/resource/ETCS_FunctionalDecompositionTrainSide.etp/SCADE%20System%20Model%20Files/ETCS_FunctionalDecompositionTrainSide.uml#_vNCH4KJKEeSWfMnzaDjRTg">
	</object>
	<object id="platform:/resource/ETCS_FunctionalDecompositionTrainSide.etp/SCADE%20System%20Model%20Files/ETCS_FunctionalDecompositionTrainSide.uml#_hnAvYKJQEeSWfMnzaDjRTg">
	</object>
	<object id="platform:/resource/ETCS_FunctionalDecompositionTrainSide.etp/SCADE%20System%20Model%20Files/ETCS_FunctionalDecompositionTrainSide.uml#_UWuII6LLEeSfg6wmyqdAUA">
	</object>
	<object id="platform:/resource/ETCS_FunctionalDecompositionTrainSide.etp/SCADE%20System%20Model%20Files/ETCS_FunctionalDecompositionTrainSide.uml#_m0O3paJPEeSWfMnzaDjRTg">
	</object>
	<object id="platform:/resource/ETCS_FunctionalDecompositionTrainSide.etp/SCADE%20System%20Model%20Files/ETCS_FunctionalDecompositionTrainSide.uml#_AYSIYKJKEeSWfMnzaDjRTg">
	</object>
	<object id="platform:/resource/ETCS_FunctionalDecompositionTrainSide.etp/SCADE%20System%20Model%20Files/ETCS_FunctionalDecompositionTrainSide.uml#_rlA9sKJdEeSWfMnzaDjRTg">
	</object>
	<object id="platform:/resource/ETCS_FunctionalDecompositionTrainSide.etp/SCADE%20System%20Model%20Files/ETCS_FunctionalDecompositionTrainSide.uml#_xr_jAKJdEeSWfMnzaDjRTg">
	</object>
	<object id="platform:/resource/ETCS_FunctionalDecompositionTrainSide.etp/SCADE%20System%20Model%20Files/ETCS_FunctionalDecompositionTrainSide.uml#_iFW7AqLOEeSfg6wmyqdAUA">
	</object>
	<object id="platform:/resource/ETCS_FunctionalDecompositionTrainSide.etp/SCADE%20System%20Model%20Files/ETCS_FunctionalDecompositionTrainSide.uml#_zpyAAKJKEeSWfMnzaDjRTg">
	</object>
	<object id="platform:/resource/ETCS_FunctionalDecompositionTrainSide.etp/SCADE%20System%20Model%20Files/ETCS_FunctionalDecompositionTrainSide.uml#_4qgkZaJJEeSWfMnzaDjRTg">
	</object>
	<object id="platform:/resource/ETCS_FunctionalDecompositionTrainSide.etp/SCADE%20System%20Model%20Files/ETCS_FunctionalDecompositionTrainSide.uml#_6cFk0KJLEeSWfMnzaDjRTg">
	</object>
	<object id="platform:/resource/ETCS_FunctionalDecompositionTrainSide.etp/SCADE%20System%20Model%20Files/ETCS_FunctionalDecompositionTrainSide.uml#_LcPZE6LOEeSfg6wmyqdAUA">
	</object>
	<object id="platform:/resource/ETCS_FunctionalDecompositionTrainSide.etp/SCADE%20System%20Model%20Files/ETCS_FunctionalDecompositionTrainSide.uml#_p2He0KJQEeSWfMnzaDjRTg">
	</object>
	<object id="platform:/resource/ETCS_FunctionalDecompositionTrainSide.etp/SCADE%20System%20Model%20Files/ETCS_FunctionalDecompositionTrainSide.uml#_Kc9GgKLzEeSfg6wmyqdAUA">
	</object>
	<object id="platform:/resource/ETCS_FunctionalDecompositionTrainSide.etp/SCADE%20System%20Model%20Files/ETCS_FunctionalDecompositionTrainSide.uml#_FkWkpqJKEeSWfMnzaDjRTg">
	</object>
	<object id="platform:/resource/ETCS_FunctionalDecompositionTrainSide.etp/SCADE%20System%20Model%20Files/ETCS_FunctionalDecompositionTrainSide.uml#_9zp9kKJLEeSWfMnzaDjRTg">
	</object>
	<object id="platform:/resource/ETCS_FunctionalDecompositionTrainSide.etp/SCADE%20System%20Model%20Files/ETCS_FunctionalDecompositionTrainSide.uml#_Ou8gIKLzEeSfg6wmyqdAUA">
	</object>
	<object id="platform:/resource/ETCS_FunctionalDecompositionTrainSide.etp/SCADE%20System%20Model%20Files/ETCS_FunctionalDecompositionTrainSide.uml#_FNILcqLOEeSfg6wmyqdAUA">
	</object>
	<object id="platform:/resource/ETCS_FunctionalDecompositionTrainSide.etp/SCADE%20System%20Model%20Files/ETCS_FunctionalDecompositionTrainSide.uml#_CYaBGqLOEeSfg6wmyqdAUA">
	</object>
	<object id="platform:/resource/ETCS_FunctionalDecompositionTrainSide.etp/SCADE%20System%20Model%20Files/ETCS_FunctionalDecompositionTrainSide.uml#_itstYaLOEeSfg6wmyqdAUA">
	</object>
	<object id="platform:/resource/ETCS_FunctionalDecompositionTrainSide.etp/SCADE%20System%20Model%20Files/ETCS_FunctionalDecompositionTrainSide.uml#_QIFCEKJKEeSWfMnzaDjRTg">
	</object>
	<object id="platform:/resource/ETCS_FunctionalDecompositionTrainSide.etp/SCADE%20System%20Model%20Files/ETCS_FunctionalDecompositionTrainSide.uml#_RLYnQKJMEeSWfMnzaDjRTg">
	</object>
	<object id="platform:/resource/ETCS_FunctionalDecompositionTrainSide.etp/SCADE%20System%20Model%20Files/ETCS_FunctionalDecompositionTrainSide.uml#_i7H_c6JMEeSWfMnzaDjRTg">
	</object>
	<object id="platform:/resource/ETCS_FunctionalDecompositionTrainSide.etp/SCADE%20System%20Model%20Files/ETCS_FunctionalDecompositionTrainSide.uml#_jNoZ2qJOEeSWfMnzaDjRTg">
	</object>
	<object id="platform:/resource/ETCS_FunctionalDecompositionTrainSide.etp/SCADE%20System%20Model%20Files/ETCS_FunctionalDecompositionTrainSide.uml#_roL8I6LOEeSfg6wmyqdAUA">
	</object>
	<object id="platform:/resource/ETCS_FunctionalDecompositionTrainSide.etp/SCADE%20System%20Model%20Files/ETCS_FunctionalDecompositionTrainSide.uml#_CYaBEqLOEeSfg6wmyqdAUA">
	</object>
	<object id="platform:/resource/ETCS_FunctionalDecompositionTrainSide.etp/SCADE%20System%20Model%20Files/ETCS_FunctionalDecompositionTrainSide.uml#_FkWkqqJKEeSWfMnzaDjRTg">
	</object>
	<object id="platform:/resource/ETCS_FunctionalDecompositionTrainSide.etp/SCADE%20System%20Model%20Files/ETCS_FunctionalDecompositionTrainSide.uml#_Ctp_saLLEeSfg6wmyqdAUA">
	</object>
	<object id="platform:/resource/ETCS_FunctionalDecompositionTrainSide.etp/SCADE%20System%20Model%20Files/ETCS_FunctionalDecompositionTrainSide.uml#_mJHs0KJJEeSWfMnzaDjRTg">
	</object>
	<object id="platform:/resource/ETCS_FunctionalDecompositionTrainSide.etp/SCADE%20System%20Model%20Files/ETCS_FunctionalDecompositionTrainSide.uml#_C4WlcaMbEeSSO4Jz2QjqTw">
	</object>
	<object id="platform:/resource/ETCS_FunctionalDecompositionTrainSide.etp/SCADE%20System%20Model%20Files/ETCS_FunctionalDecompositionTrainSide.uml#_d1QVAKJQEeSWfMnzaDjRTg">
	</object>
	<object id="platform:/resource/ETCS_FunctionalDecompositionTrainSide.etp/SCADE%20System%20Model%20Files/ETCS_FunctionalDecompositionTrainSide.uml#_vh_cEKLKEeSfg6wmyqdAUA">
	</object>
	<object id="platform:/resource/ETCS_FunctionalDecompositionTrainSide.etp/SCADE%20System%20Model%20Files/ETCS_FunctionalDecompositionTrainSide.uml#_ESWNYKJOEeSWfMnzaDjRTg">
	</object>
	<object id="platform:/resource/ETCS_FunctionalDecompositionTrainSide.etp/SCADE%20System%20Model%20Files/ETCS_FunctionalDecompositionTrainSide.uml#_qzsZkKLNEeSfg6wmyqdAUA">
	</object>
	<object id="platform:/resource/ETCS_FunctionalDecompositionTrainSide.etp/SCADE%20System%20Model%20Files/ETCS_FunctionalDecompositionTrainSide.uml#__B7NcaLNEeSfg6wmyqdAUA">
	</object>
	<object id="platform:/resource/ETCS_FunctionalDecompositionTrainSide.etp/SCADE%20System%20Model%20Files/ETCS_FunctionalDecompositionTrainSide.uml#_A7dcDqJMEeSWfMnzaDjRTg">
	</object>
	<object id="platform:/resource/ETCS_FunctionalDecompositionTrainSide.etp/SCADE%20System%20Model%20Files/ETCS_FunctionalDecompositionTrainSide.uml#_VGqxGqJMEeSWfMnzaDjRTg">
	</object>
	<object id="platform:/resource/ETCS_FunctionalDecompositionTrainSide.etp/SCADE%20System%20Model%20Files/ETCS_FunctionalDecompositionTrainSide.uml#_W4nEMKMaEeSSO4Jz2QjqTw">
	</object>
	<object id="platform:/resource/ETCS_FunctionalDecompositionTrainSide.etp/SCADE%20System%20Model%20Files/ETCS_FunctionalDecompositionTrainSide.uml#_VGqxFqJMEeSWfMnzaDjRTg">
	</object>
	<object id="platform:/resource/ETCS_FunctionalDecompositionTrainSide.etp/SCADE%20System%20Model%20Files/ETCS_FunctionalDecompositionTrainSide.uml#_TQPyQKJdEeSWfMnzaDjRTg">
	</object>
	<object id="platform:/resource/ETCS_FunctionalDecompositionTrainSide.etp/SCADE%20System%20Model%20Files/ETCS_FunctionalDecompositionTrainSide.uml#_A7dcCqJMEeSWfMnzaDjRTg">
	</object>
	<object id="platform:/resource/ETCS_FunctionalDecompositionTrainSide.etp/SCADE%20System%20Model%20Files/ETCS_FunctionalDecompositionTrainSide.uml#_kunjoaLLEeSfg6wmyqdAUA">
	</object>
	<object id="platform:/resource/ETCS_FunctionalDecompositionTrainSide.etp/SCADE%20System%20Model%20Files/ETCS_FunctionalDecompositionTrainSide.uml#_A7dcBqJMEeSWfMnzaDjRTg">
	</object>
	<object id="platform:/resource/ETCS_FunctionalDecompositionTrainSide.etp/SCADE%20System%20Model%20Files/ETCS_FunctionalDecompositionTrainSide.uml#_0oIP4KJQEeSWfMnzaDjRTg">
	</object>
	<object id="platform:/resource/ETCS_FunctionalDecompositionTrainSide.etp/SCADE%20System%20Model%20Files/ETCS_FunctionalDecompositionTrainSide.uml#_mWB4taJPEeSWfMnzaDjRTg">
	</object>
	<object id="platform:/resource/ETCS_FunctionalDecompositionTrainSide.etp/SCADE%20System%20Model%20Files/ETCS_FunctionalDecompositionTrainSide.uml#_CYT6caLOEeSfg6wmyqdAUA">
	</object>
	<object id="platform:/resource/ETCS_FunctionalDecompositionTrainSide.etp/SCADE%20System%20Model%20Files/ETCS_FunctionalDecompositionTrainSide.uml#_5MBR0KJQEeSWfMnzaDjRTg">
	</object>
	<object id="platform:/resource/ETCS_FunctionalDecompositionTrainSide.etp/SCADE%20System%20Model%20Files/ETCS_FunctionalDecompositionTrainSide.uml#_EJz-oKJdEeSWfMnzaDjRTg">
	</object>
	<object id="platform:/resource/ETCS_FunctionalDecompositionTrainSide.etp/SCADE%20System%20Model%20Files/ETCS_FunctionalDecompositionTrainSide.uml#_dpaOMKJMEeSWfMnzaDjRTg">
	</object>
	<object id="platform:/resource/ETCS_FunctionalDecompositionTrainSide.etp/SCADE%20System%20Model%20Files/ETCS_FunctionalDecompositionTrainSide.uml#_5OEf06LKEeSfg6wmyqdAUA">
	</object>
	<object id="platform:/resource/ETCS_FunctionalDecompositionTrainSide.etp/SCADE%20System%20Model%20Files/ETCS_FunctionalDecompositionTrainSide.uml#_SDYroqJfEeSWfMnzaDjRTg">
	</object>
	<object id="platform:/resource/ETCS_FunctionalDecompositionTrainSide.etp/SCADE%20System%20Model%20Files/ETCS_FunctionalDecompositionTrainSide.uml#_WDAIYKJKEeSWfMnzaDjRTg">
	</object>
	<object id="platform:/resource/ETCS_FunctionalDecompositionTrainSide.etp/SCADE%20System%20Model%20Files/ETCS_FunctionalDecompositionTrainSide.uml#_9qJNhqJREeSWfMnzaDjRTg">
	</object>
	<object id="platform:/resource/ETCS_FunctionalDecompositionTrainSide.etp/SCADE%20System%20Model%20Files/ETCS_FunctionalDecompositionTrainSide.uml#_ImmdkKJeEeSWfMnzaDjRTg">
	</object>
	<object id="platform:/resource/ETCS_FunctionalDecompositionTrainSide.etp/SCADE%20System%20Model%20Files/ETCS_FunctionalDecompositionTrainSide.uml#_3rLLUqJqEeSWfMnzaDjRTg">
	</object>
	<object id="platform:/resource/ETCS_FunctionalDecompositionTrainSide.etp/SCADE%20System%20Model%20Files/ETCS_FunctionalDecompositionTrainSide.uml#_mBHGQKLLEeSfg6wmyqdAUA">
	</object>
	<object id="platform:/resource/ETCS_FunctionalDecompositionTrainSide.etp/SCADE%20System%20Model%20Files/ETCS_FunctionalDecompositionTrainSide.uml#_TzUuQKMaEeSSO4Jz2QjqTw">
	</object>
	<object id="platform:/resource/ETCS_FunctionalDecompositionTrainSide.etp/SCADE%20System%20Model%20Files/ETCS_FunctionalDecompositionTrainSide.uml#_nPSeuaLNEeSfg6wmyqdAUA">
	</object>
	<object id="platform:/resource/ETCS_FunctionalDecompositionTrainSide.etp/SCADE%20System%20Model%20Files/ETCS_FunctionalDecompositionTrainSide.uml#_qjPGQqLOEeSfg6wmyqdAUA">
	</object>
	<object id="platform:/resource/ETCS_FunctionalDecompositionTrainSide.etp/SCADE%20System%20Model%20Files/ETCS_FunctionalDecompositionTrainSide.uml#_c3ESoKJJEeSWfMnzaDjRTg">
	</object>
	<object id="platform:/resource/ETCS_FunctionalDecompositionTrainSide.etp/SCADE%20System%20Model%20Files/ETCS_FunctionalDecompositionTrainSide.uml#_nfrBVaJPEeSWfMnzaDjRTg">
	</object>
	<object id="platform:/resource/ETCS_FunctionalDecompositionTrainSide.etp/SCADE%20System%20Model%20Files/ETCS_FunctionalDecompositionTrainSide.uml#__CBUFaLNEeSfg6wmyqdAUA">
	</object>
	<object id="platform:/resource/ETCS_FunctionalDecompositionTrainSide.etp/SCADE%20System%20Model%20Files/ETCS_FunctionalDecompositionTrainSide.uml#_W4l2EaMaEeSSO4Jz2QjqTw">
	</object>
	<object id="platform:/resource/ETCS_FunctionalDecompositionTrainSide.etp/SCADE%20System%20Model%20Files/ETCS_FunctionalDecompositionTrainSide.uml#_Lrw70aMbEeSSO4Jz2QjqTw">
	</object>
	<object id="platform:/resource/ETCS_FunctionalDecompositionTrainSide.etp/SCADE%20System%20Model%20Files/ETCS_FunctionalDecompositionTrainSide.uml#_nPSesaLNEeSfg6wmyqdAUA">
	</object>
	<object id="platform:/resource/ETCS_FunctionalDecompositionTrainSide.etp/SCADE%20System%20Model%20Files/ETCS_FunctionalDecompositionTrainSide.uml#_RPmCsaMZEeSSO4Jz2QjqTw">
	</object>
	<object id="platform:/resource/ETCS_FunctionalDecompositionTrainSide.etp/SCADE%20System%20Model%20Files/ETCS_FunctionalDecompositionTrainSide.uml#_zY79EKJJEeSWfMnzaDjRTg">
	</object>
	<object id="platform:/resource/ETCS_FunctionalDecompositionTrainSide.etp/SCADE%20System%20Model%20Files/ETCS_FunctionalDecompositionTrainSide.uml#_237PoKJNEeSWfMnzaDjRTg">
	</object>
	<object id="platform:/resource/ETCS_FunctionalDecompositionTrainSide.etp/SCADE%20System%20Model%20Files/ETCS_FunctionalDecompositionTrainSide.uml#_zm2KQKMaEeSSO4Jz2QjqTw">
	</object>
	<object id="platform:/resource/ETCS_FunctionalDecompositionTrainSide.etp/SCADE%20System%20Model%20Files/ETCS_FunctionalDecompositionTrainSide.uml#_Sv51YKJJEeSWfMnzaDjRTg">
	</object>
	<object id="platform:/resource/ETCS_FunctionalDecompositionTrainSide.etp/SCADE%20System%20Model%20Files/ETCS_FunctionalDecompositionTrainSide.uml#_KS_Z0KJREeSWfMnzaDjRTg">
	</object>
	<object id="platform:/resource/ETCS_FunctionalDecompositionTrainSide.etp/SCADE%20System%20Model%20Files/ETCS_FunctionalDecompositionTrainSide.uml#_zwuXtKJZEeSWfMnzaDjRTg">
	</object>
	<object id="platform:/resource/ETCS_FunctionalDecompositionTrainSide.etp/SCADE%20System%20Model%20Files/ETCS_FunctionalDecompositionTrainSide.uml#_nPMYEaLNEeSfg6wmyqdAUA">
	</object>
	<object id="platform:/resource/ETCS_FunctionalDecompositionTrainSide.etp/SCADE%20System%20Model%20Files/ETCS_FunctionalDecompositionTrainSide.uml#_RPmCsKMZEeSSO4Jz2QjqTw">
	</object>
	<object id="platform:/resource/ETCS_FunctionalDecompositionTrainSide.etp/SCADE%20System%20Model%20Files/ETCS_FunctionalDecompositionTrainSide.uml#_GjuW8KJKEeSWfMnzaDjRTg">
	</object>
	<object id="platform:/resource/ETCS_FunctionalDecompositionTrainSide.etp/SCADE%20System%20Model%20Files/ETCS_FunctionalDecompositionTrainSide.uml#_b2zEQKJQEeSWfMnzaDjRTg">
	</object>
	<object id="platform:/resource/ETCS_FunctionalDecompositionTrainSide.etp/SCADE%20System%20Model%20Files/ETCS_FunctionalDecompositionTrainSide.uml#_voHSoKJQEeSWfMnzaDjRTg">
	</object>
	<object id="platform:/resource/ETCS_FunctionalDecompositionTrainSide.etp/SCADE%20System%20Model%20Files/ETCS_FunctionalDecompositionTrainSide.uml#_ZHis4KJJEeSWfMnzaDjRTg">
	</object>
	<object id="platform:/resource/ETCS_FunctionalDecompositionTrainSide.etp/SCADE%20System%20Model%20Files/ETCS_FunctionalDecompositionTrainSide.uml#_ZclYsKJdEeSWfMnzaDjRTg">
	</object>
	<object id="platform:/resource/ETCS_FunctionalDecompositionTrainSide.etp/SCADE%20System%20Model%20Files/ETCS_FunctionalDecompositionTrainSide.uml#_wpLRIaLLEeSfg6wmyqdAUA">
	</object>
	<object id="platform:/resource/ETCS_FunctionalDecompositionTrainSide.etp/SCADE%20System%20Model%20Files/ETCS_FunctionalDecompositionTrainSide.uml#_JNCWwKLzEeSfg6wmyqdAUA">
	</object>
	<object id="platform:/resource/ETCS_FunctionalDecompositionTrainSide.etp/SCADE%20System%20Model%20Files/ETCS_FunctionalDecompositionTrainSide.uml#_2eOo4qLfEeSfg6wmyqdAUA">
	</object>
	<object id="platform:/resource/ETCS_FunctionalDecompositionTrainSide.etp/SCADE%20System%20Model%20Files/ETCS_FunctionalDecompositionTrainSide.uml#_v3gcQ6LOEeSfg6wmyqdAUA">
	</object>
	<object id="platform:/resource/ETCS_FunctionalDecompositionTrainSide.etp/SCADE%20System%20Model%20Files/ETCS_FunctionalDecompositionTrainSide.uml#_NDZwIKJKEeSWfMnzaDjRTg">
	</object>
	<object id="platform:/resource/ETCS_FunctionalDecompositionTrainSide.etp/SCADE%20System%20Model%20Files/ETCS_FunctionalDecompositionTrainSide.uml#_5RdS0KJNEeSWfMnzaDjRTg">
	</object>
</traceability>
