$*************** KCG Version 6.1.3 (build i6) ****************
** Command: kcg613.exe -config C:/GITHUB/modeling/model/Scade/System/ObuFunctions/TrackAtlas/Simulation/config.txt
** Generation date: 2015-09-04T15:52:43
*************************************************************$
$*************** KCG Version 6.1.3 (build i6) ****************
** Command: s2c613 -config C:/GITHUB/modeling/model/Scade/System/ObuFunctions/TrackAtlas/Simulation\kcg_s2c_config.txt
** Generation date: 2015-09-04T15:52:43
*************************************************************$
*** Semantic Warning (WAR_151):  Internal state expected
  at file C:/GITHUB/modeling/model/Scade/System/ObuFunctions/TrackAtlas/Simulation/scade_model_without_unused.scade, line 220, character 0
  at path TA_Lib_internal::TrainLength_Correction/
 Node TrainLength_Correction has no internal state
 (it should probably be declared as a function)
1 warning was found
$*************** KCG Version 6.1.3 (build i6) ****************
** s2c.log
** Generation date: 2015-09-04T15:52:43
*************************************************************$
$*************** KCG Version 6.1.3 (build i6) ****************
** C:/GITHUB/modeling/model/Scade/System/ObuFunctions/TrackAtlas/Simulation\kcg.log
** Generation date: 2015-09-04T15:52:43
*************************************************************$
