$**************  SCADETOC Version R16.1 (build i4) **************
** Generation date: 2015-08-30T04:54:39
** Command: scade -code "C:\GITHUB\modeling\model\Scade\System\ObuFunctions\TrackAtlas\TrackAtlas.etp" -root digital::FlipFlopSet -conf Simulation -build
*************************************************************$
*** Generated Files Information (GENFIL): KCG- Generated files
 ~kcg.log
  at file C:\GITHUB\modeling\model\Scade\System\ObuFunctions\TrackAtlas\Simulation\kcg.log, line 0, character 0
 ~kcg_s2c_config.txt
  at file C:\GITHUB\modeling\model\Scade\System\ObuFunctions\TrackAtlas\Simulation\kcg_s2c_config.txt, line 0, character 0
 ~kcg_trace.xml
  at file C:\GITHUB\modeling\model\Scade\System\ObuFunctions\TrackAtlas\Simulation\kcg_trace.xml, line 0, character 0
 ~kcg_metrics.txt
  at file C:\GITHUB\modeling\model\Scade\System\ObuFunctions\TrackAtlas\Simulation\kcg_metrics.txt, line 0, character 0
 ~FlipFlopSet_digital.c
  at file C:\GITHUB\modeling\model\Scade\System\ObuFunctions\TrackAtlas\Simulation\FlipFlopSet_digital.c, line 0, character 0
 ~FlipFlopSet_digital.h
  at file C:\GITHUB\modeling\model\Scade\System\ObuFunctions\TrackAtlas\Simulation\FlipFlopSet_digital.h, line 0, character 0
 ~kcg_types.h
  at file C:\GITHUB\modeling\model\Scade\System\ObuFunctions\TrackAtlas\Simulation\kcg_types.h, line 0, character 0
 ~kcg_consts.h
  at file C:\GITHUB\modeling\model\Scade\System\ObuFunctions\TrackAtlas\Simulation\kcg_consts.h, line 0, character 0
 ~kcg_sensors.h
  at file C:\GITHUB\modeling\model\Scade\System\ObuFunctions\TrackAtlas\Simulation\kcg_sensors.h, line 0, character 0
 ~kcg_types.c
  at file C:\GITHUB\modeling\model\Scade\System\ObuFunctions\TrackAtlas\Simulation\kcg_types.c, line 0, character 0
 ~kcg_consts.c
  at file C:\GITHUB\modeling\model\Scade\System\ObuFunctions\TrackAtlas\Simulation\kcg_consts.c, line 0, character 0
*** Generated Files Information (GENFIL): Code Generator Generated files
 ~user_macros.h
  at file C:\GITHUB\modeling\model\Scade\System\ObuFunctions\TrackAtlas\Simulation\user_macros.h, line 0, character 0
 ~kcg_imported_types.h
  at file C:\GITHUB\modeling\model\Scade\System\ObuFunctions\TrackAtlas\Simulation\kcg_imported_types.h, line 0, character 0
 ~sc2c.log
  at file C:\GITHUB\modeling\model\Scade\System\ObuFunctions\TrackAtlas\Simulation\sc2c.log, line 0, character 0
 ~sc2c_integration_files.txt
  at file C:\GITHUB\modeling\model\Scade\System\ObuFunctions\TrackAtlas\Simulation\sc2c_integration_files.txt, line 0, character 0
*** Generated Files Information (GENFIL): Type Utils Generated files
 ~TrackAtlas_newtype.h
  at file C:\GITHUB\modeling\model\Scade\System\ObuFunctions\TrackAtlas\Simulation\TrackAtlas_newtype.h, line 0, character 0
 ~TrackAtlas_newtype.c
  at file C:\GITHUB\modeling\model\Scade\System\ObuFunctions\TrackAtlas\Simulation\TrackAtlas_newtype.c, line 0, character 0
*** Generated Files Information (GENFIL): Mapping Utils Generated files
 ~TrackAtlas_newmapping.h
  at file C:\GITHUB\modeling\model\Scade\System\ObuFunctions\TrackAtlas\Simulation\TrackAtlas_newmapping.h, line 0, character 0
 ~TrackAtlas_newmapping.c
  at file C:\GITHUB\modeling\model\Scade\System\ObuFunctions\TrackAtlas\Simulation\TrackAtlas_newmapping.c, line 0, character 0
*** Generated Files Information (GENFIL): Simulator Generated files
 ~TrackAtlas_newtype.h
  at file C:\GITHUB\modeling\model\Scade\System\ObuFunctions\TrackAtlas\Simulation\TrackAtlas_newtype.h, line 0, character 0
 ~TrackAtlas_newtype.c
  at file C:\GITHUB\modeling\model\Scade\System\ObuFunctions\TrackAtlas\Simulation\TrackAtlas_newtype.c, line 0, character 0
 ~TrackAtlas_newmapping.h
  at file C:\GITHUB\modeling\model\Scade\System\ObuFunctions\TrackAtlas\Simulation\TrackAtlas_newmapping.h, line 0, character 0
 ~TrackAtlas_newmapping.c
  at file C:\GITHUB\modeling\model\Scade\System\ObuFunctions\TrackAtlas\Simulation\TrackAtlas_newmapping.c, line 0, character 0
 ~TrackAtlas_newinterface.h
  at file C:\GITHUB\modeling\model\Scade\System\ObuFunctions\TrackAtlas\Simulation\TrackAtlas_newinterface.h, line 0, character 0
 ~TrackAtlas_newinterface.c
  at file C:\GITHUB\modeling\model\Scade\System\ObuFunctions\TrackAtlas\Simulation\TrackAtlas_newinterface.c, line 0, character 0
 ~FlipFlopSet_digital_dll.c
  at file C:\GITHUB\modeling\model\Scade\System\ObuFunctions\TrackAtlas\Simulation\FlipFlopSet_digital_dll.c, line 0, character 0
*** Generated Files Information (GENFIL): Build Generated files
 ~Makefile
  at file C:\GITHUB\modeling\model\Scade\System\ObuFunctions\TrackAtlas\Simulation\Makefile, line 0, character 0
 ~digital__FlipFlopSet.dll
  at file C:\GITHUB\modeling\model\Scade\System\ObuFunctions\TrackAtlas\Simulation\digital__FlipFlopSet.dll, line 0, character 0
 ~digital__FlipFlopSet.exe
  at file C:\GITHUB\modeling\model\Scade\System\ObuFunctions\TrackAtlas\Simulation\digital__FlipFlopSet.exe, line 0, character 0
$**************  SCADETOC Version R16.1 (build i4) **************
** Generation date: 2015-08-30T04:54:50
** sc2c.log
*************************************************************$
