<?xml version="1.0" encoding="UTF-8"?>
<traceability>
	<object id="!ed/1a173/7F63/1768/54e779ccedf">
		<requirement id="3.13.9.3.3.8"/>
		<requirement id="3.13.9.3.3.8[2]"/>
		<requirement id="3.13.9.3.3.8[3]"/>
		<requirement id="3.13.9.3.3.8[4]"/>
		<requirement id="3.13.9.3.3.8[5]"/>
		<requirement id="3.13.9.3.3.8[5].[f]48"/>
		<requirement id="3.13.9.3.3.8[5].[f]48.C"/>
		<requirement id="3.13.9.3.3.8[5].1"/>
	</object>
	<object id="!ed/30c09/B26/4FC/54e76cf91e2f">
		<requirement id="3.13.9.3.3.7"/>
		<requirement id="3.13.9.3.3.7[2]"/>
		<requirement id="3.13.9.3.3.7[3]"/>
		<requirement id="3.13.9.3.3.7[4]"/>
		<requirement id="3.13.9.3.3.7[4].[f]47"/>
		<requirement id="3.13.9.3.3.7[4].[f]47.C"/>
	</object>
	<object id="!ed/30b6f/B26/4FC/54e7681332c6">
		<requirement id="3.13.9.3.3.1"/>
		<requirement id="3.13.9.3.3.1[2]"/>
		<requirement id="3.13.9.4.7[2]"/>
	</object>
	<object id="!ed/7dc6f/55D8/CE4/54ed95d464a1">
		<requirement id="3.13.9.3.3.9"/>
		<requirement id="3.13.9.3.3.9[2]"/>
		<requirement id="3.13.9.3.3.9[3]"/>
		<requirement id="3.13.9.3.4"/>
		<requirement id="3.13.9.3.4.1"/>
		<requirement id="3.13.9.3.4.1[2]"/>
		<requirement id="3.13.9.3.4.2"/>
		<requirement id="3.13.9.3.5"/>
		<requirement id="3.13.9.3.5.1"/>
		<requirement id="3.13.9.3.5.1[2]"/>
		<requirement id="3.13.9.3.5.2"/>
		<requirement id="3.13.9.3.5.3"/>
		<requirement id="3.13.9.3.5.4"/>
		<requirement id="3.13.9.3.5.4[2]"/>
		<requirement id="3.13.9.3.6"/>
		<requirement id="3.13.9.3.6.1"/>
		<requirement id="3.13.9.3.6.1[2]"/>
		<requirement id="3.13.9.3.6.2"/>
		<requirement id="3.13.9.3.6.2[2]"/>
		<requirement id="3.13.9.3.6.3"/>
		<requirement id="3.13.9.3.6.4"/>
	</object>
	<object id="!ed/d811d/67C0/1590/54ee06045f11">
		<requirement id="3.13.9.3.1.1"/>
		<requirement id="3.13.9.3"/>
		<requirement id="3.13.9.3.1"/>
		<requirement id="3.13.9.3.1.2"/>
		<requirement id="3.13.9.3.1.2[2]"/>
		<requirement id="3.13.9.3.1.2[2].[f]45"/>
		<requirement id="3.13.9.3.1.2[2].[f]45.C"/>
		<requirement id="3.13.9.3.1.3"/>
		<requirement id="3.13.9.3.1.3[2]"/>
		<requirement id="3.13.9.3.1.3[2].[f]46"/>
		<requirement id="3.13.9.3.1.3[2].[f]46.C"/>
		<requirement id="3.13.9.3.1.4"/>
		<requirement id="3.13.9.3.2.12"/>
		<requirement id="3.13.9.3.2.12[2]"/>
		<requirement id="3.13.9.3.3"/>
		<requirement id="3.13.9.3.3.3"/>
		<requirement id="3.13.9.5.8"/>
		<requirement id="3.13.9.4.3"/>
		<requirement id="3.13.9.4.3.a"/>
		<requirement id="3.13.9.4.3.c"/>
		<requirement id="3.13.9.4.4"/>
		<requirement id="3.13.9.4.5"/>
	</object>
	<object id="!ed/152a7/4705/E58/54ef0a4e2644">
		<requirement id="3.13.9.3.5.9.b"/>
		<requirement id="3.13.9.4.6.b"/>
		<requirement id="3.13.9.5.3.b"/>
	</object>
	<object id="!ed/15403/4705/E58/54ef175f483">
		<requirement id="3.13.9.3.5.9.a"/>
		<requirement id="3.13.9.3.5.9"/>
		<requirement id="3.13.9.3.5.10[3]"/>
		<requirement id="3.13.9.4.7[3]"/>
	</object>
	<object id="!ed/15518/4705/E58/54ef1f02d66">
		<requirement id="3.13.9.5.4[2]"/>
		<requirement id="3.13.9.5.4[3]"/>
		<requirement id="3.13.9.5.4[4]"/>
		<requirement id="3.13.9.5.4[5]"/>
		<requirement id="3.13.9.5.4[6]"/>
	</object>
	<object id="!ed/1564a/4705/E58/54ef33d7288c">
		<requirement id="3.13.9.4"/>
		<requirement id="3.13.9.4.1"/>
		<requirement id="3.13.9.4.2"/>
		<requirement id="3.13.9.4.6"/>
		<requirement id="3.13.9.4.6.a"/>
		<requirement id="3.13.9.4.7"/>
		<requirement id="3.13.9.4.7[3]"/>
		<requirement id="3.13.9.4.7[4]"/>
		<requirement id="3.13.9.4.7[5]"/>
		<requirement id="3.13.9.4.7[6]"/>
		<requirement id="3.13.9.4.7[7]"/>
		<requirement id="3.13.9.4.7[7].[f]50"/>
		<requirement id="3.13.9.4.7[7].[f]50.C"/>
	</object>
	<object id="!ed/1ac45/869/10E4/54f067c82d98">
		<requirement id="3.13.9.5.4"/>
		<requirement id="3.13.9.5.5"/>
		<requirement id="3.13.9.5.5[2]"/>
		<requirement id="3.13.9.5.5[3]"/>
		<requirement id="3.13.9.5.6"/>
		<requirement id="3.13.9.5.6[2]"/>
		<requirement id="3.13.9.5.6[3]"/>
		<requirement id="3.13.9.5.6[4]"/>
		<requirement id="3.13.9.5.6[4].[f]53"/>
		<requirement id="3.13.9.5.6[4].[f]53.C"/>
		<requirement id="3.13.9.5.7"/>
		<requirement id="3.13.9.5.8[2]"/>
		<requirement id="3.13.9.5.8[3]"/>
		<requirement id="3.13.9.5.8[4]"/>
		<requirement id="3.13.9.5.8[5]"/>
		<requirement id="3.13.9.5.11"/>
		<requirement id="3.13.9.5.12"/>
	</object>
	<object id="!ed/1af7e/869/10E4/54f0a0976f8b">
		<requirement id="3.13.9.5"/>
		<requirement id="3.13.9.5.1"/>
		<requirement id="3.13.9.5.2"/>
		<requirement id="3.13.9.5.3"/>
		<requirement id="3.13.9.5.3.a"/>
	</object>
	<object id="!ed/1b44f/5F97/19F8/54f4818950b8">
		<requirement id="3.13.9.3.3.9"/>
	</object>
	<object id="!ed/5174c/5F97/19F8/54f49fe54804">
		<requirement id="3.13.9.3.5.10"/>
		<requirement id="3.13.9.3.5.10[2]"/>
		<requirement id="3.13.9.3.5.10[3]"/>
		<requirement id="3.13.9.3.5.10[3].1"/>
	</object>
	<object id="!ed/1b871/370E/1BC8/54f5a313f98">
		<requirement id="3.13.9.3.2.8"/>
		<requirement id="3.13.9.3.2.9"/>
		<requirement id="3.13.9.3.2"/>
		<requirement id="3.13.9.3.2.1"/>
		<requirement id="3.13.9.3.2.2"/>
		<requirement id="3.13.9.3.2.2.a"/>
		<requirement id="3.13.9.3.2.2.b"/>
		<requirement id="3.13.9.3.2.3"/>
		<requirement id="3.13.9.3.2.3.a"/>
		<requirement id="3.13.9.3.2.3.a[2]"/>
		<requirement id="3.13.9.3.2.3.b"/>
		<requirement id="3.13.9.3.2.4"/>
		<requirement id="3.13.9.3.2.5"/>
		<requirement id="3.13.9.3.2.6"/>
		<requirement id="3.13.9.3.2.7"/>
	</object>
	<object id="!ed/1ba53/370E/1BC8/54f5a6506bdc">
		<requirement id="3.13.9.3.2.10"/>
		<requirement id="3.13.9.3.2.10[2]"/>
		<requirement id="3.13.9.3.2.10[3]"/>
		<requirement id="3.13.9.3.2.10[4]"/>
		<requirement id="3.13.9.3.2.10[5]"/>
		<requirement id="3.13.9.3.2.11"/>
	</object>
	<object id="!ed/1bd63/370E/1BC8/54f5b9621329">
		<requirement id="3.13.9.3.3.9[4]"/>
		<requirement id="3.13.9.3.3.9[5]"/>
	</object>
	<object id="!ed/1be80/370E/1BC8/54f5be31377b">
		<requirement id="3.13.9.3.2.12"/>
		<requirement id="3.13.9.3.2.12[2]"/>
		<requirement id="3.13.9.3.3.2"/>
		<requirement id="3.13.9.3.3.2[2]"/>
	</object>
	<object id="!ed/1bf7b/370E/1BC8/54f5c5e46128">
		<requirement id="3.13.9.3.3.9[4]"/>
		<requirement id="3.13.9.3.3.9[5]"/>
	</object>
	<object id="!ed/20f7b/3665/278/5555e0f82266">
		<requirement id="3.13.9.3.5.11"/>
		<requirement id="3.13.9.3.5.11.a"/>
		<requirement id="3.13.9.3.5.11.b"/>
		<requirement id="3.13.9.3.5.12"/>
		<requirement id="3.13.9.3.5.12[2]"/>
		<requirement id="3.13.9.3.5.12[3]"/>
		<requirement id="3.13.9.3.5.12[4]"/>
		<requirement id="3.13.9.3.5.12[5]"/>
		<requirement id="3.13.9.3.5.12[6]"/>
		<requirement id="3.13.9.3.5.12[7]"/>
		<requirement id="3.13.9.3.5.12[8]"/>
	</object>
	<object id="!ed/b961/1E17/194/555afe623186">
		<requirement id="3.13.9.4.8"/>
		<requirement id="3.13.9.4.8[2]"/>
		<requirement id="3.13.9.4.8[2].[f]51"/>
		<requirement id="3.13.9.4.8[2].[f]51.C"/>
		<requirement id="3.13.9.4.8[2].1"/>
		<requirement id="3.13.9.4.8[2].2"/>
		<requirement id="3.13.9.4.8[2].2[2]"/>
		<requirement id="3.13.9.4.8[2].2[3]"/>
		<requirement id="3.13.9.4.8[2].2[4]"/>
		<requirement id="3.13.9.4.8[2].2[9]"/>
		<requirement id="3.13.9.4.8[2].2[10]"/>
		<requirement id="3.13.9.4.8[2].2[11]"/>
		<requirement id="3.13.9.4.8[2].2[12]"/>
		<requirement id="3.13.9.4.8[2].2[13]"/>
		<requirement id="3.13.9.4.8[2].2[13].1"/>
		<requirement id="3.13.9.4.8[2].2[13].1.*[1]"/>
		<requirement id="3.13.9.4.8[2].2[13].1.*[2]"/>
		<requirement id="3.13.9.4.8[2].2[13].1[2]"/>
	</object>
	<object id="!ed/ba15/1E17/194/555b049d342">
		<requirement id="3.13.9.4.8[2].2[5]"/>
		<requirement id="3.13.9.4.8[2].2[6]"/>
		<requirement id="3.13.9.4.8[2].2[7]"/>
		<requirement id="3.13.9.4.8[2].2[8]"/>
	</object>
</traceability>
