<?xml version="1.0" encoding="UTF-8"?>
<traceability>
	<object id="!ed/14eec/10C5/1D70/5359031d139d">
		<requirement id="3.6.4.2.1"/>
	</object>
	<object id="!ed/151dd/70C6/1D28/5360adc66a1">
		<requirement id="3.6.3.2.6.a"/>
		<requirement id="3.6.3.2.6.b"/>
		<requirement id="3.6.3.2.6.c"/>
	</object>
	<object id="!ed/1953d/5D3F/DBC/53f1ea3dfb4">
		<requirement id="3.6.4.1"/>
	</object>
	<object id="!ed/1953e/5D3F/DBC/53f1ea3d6d3">
		<requirement id="3.6.4.3.a"/>
		<requirement id="3.6.4.3.b"/>
	</object>
	<object id="!ed/19dd4/F41/DA0/53f2fb05551a">
		<requirement id="3.6.4.2.2"/>
		<requirement id="3.6.4.2.1"/>
	</object>
	<object id="!ed/1a303/A6B/1C08/53f48293538c">
		<requirement id="3.6.4.3.a"/>
	</object>
	<object id="!ed/1a6e9/21E1/15B8/53f5bdc75d34">
		<requirement id="3.6.4.3.a"/>
	</object>
	<object id="!ed/1a498/69E2/1CE8/53f5e2e997b">
		<requirement id="3.6.4.3.b"/>
		<requirement id="3.6.4.7.1"/>
	</object>
	<object id="!ed/41749/27CE/1D40/542179394dc1">
		<requirement id="3.6.4.2.3"/>
	</object>
	<object id="!ed/1efa7/496/1918/5432644d54de">
		<requirement id="3.6.4.3.b"/>
		<requirement id="3.6.4.7.1"/>
	</object>
	<object id="!ed/2130c/1280/217C/537ddbe87b5b">
		<requirement id="3.6.1.3"/>
		<requirement id="3.6.4.4"/>
	</object>
	<object id="!ed/20928/6FEF/D48/536b5699510">
		<requirement id="3.6.1.3.*[4]"/>
		<requirement id="3.6.2.2.2.c"/>
	</object>
	<object id="!ed/818f/113E/16A8/5346c94d7c8f">
		<requirement id="3.6.2.2.2.c"/>
	</object>
	<object id="!ed/14e76/3853/21F0/5358ccb27dbb">
		<requirement id="3.6.4.1"/>
	</object>
	<object id="!ed/48ebe/2F14/15E4/537c893e354d">
		<requirement id="3.6.1.4"/>
		<requirement id="3.6.4.4"/>
		<requirement id="3.6.4.4.a"/>
		<requirement id="3.6.4.4.b"/>
		<requirement id="3.6.4.4.c"/>
	</object>
	<object id="!ed/1a84d/12D6/22F8/53fc81fc1b5d">
		<requirement id="3.6.4.1"/>
	</object>
	<object id="!ed/1a84e/12D6/22F8/53fc81fc4e19">
		<requirement id="3.6.4.2"/>
		<requirement id="3.6.4.2.a"/>
		<requirement id="3.6.4.2.b"/>
		<requirement id="3.6.4.2.2"/>
	</object>
</traceability>
