<?xml version="1.0" encoding="UTF-8"?>
<traceability>
	<object id="!ed/207d5/554/878/550062fbb04">
		<requirement id="8.2.2.1.8"/>
		<requirement id="8.2.2.2.7"/>
	</object>
	<object id="!ed/7b7f/1528/B54/53270d9b5718">
		<requirement id="8.2.2.1.4"/>
	</object>
	<object id="!ed/1f45c/6409/12C0/550152e75a25">
		<requirement id="8.2.2.1.8"/>
	</object>
	<object id="!ed/1f639/6409/12C0/55015bd3ac9">
		<requirement id="8.2.2.2.7"/>
	</object>
	<object id="!ed/14ff6/7990/1664/54d4e2a36eb0">
		<requirement id="8.2.3.2.2"/>
		<requirement id="8.2.3.2.3"/>
		<requirement id="8.2.3.2.4"/>
	</object>
	<object id="!ed/1596e/5F11/110C/54db72d8405a">
		<requirement id="8.2.3.1.2"/>
	</object>
	<object id="!ed/1614d/3495/ED4/54d8af2b697f">
		<requirement id="8.4.1.3"/>
		<requirement id="8.4.1.4"/>
		<requirement id="8.4.1.5"/>
	</object>
	<object id="!ed/be70/5822/13CC/5325a31646c5">
		<requirement id="10.7.2.4"/>
	</object>
	<object id="!ed/24f22/27AC/1268/55267dcc5336">
		<requirement id="8.2.1.2.5"/>
	</object>
	<object id="!ed/24f23/27AC/1268/55267dcc2f45">
		<requirement id="8.2.1.4.9"/>
	</object>
	<object id="!ed/2d3da/5995/94C/54ee0d545503">
		<requirement id="8.2.3.1.3"/>
		<requirement id="8.2.3.1.6"/>
		<requirement id="8.2.3.1.8"/>
		<requirement id="8.2.3.2.5"/>
		<requirement id="8.2.3.2.6"/>
		<requirement id="8.2.3.2.7"/>
		<requirement id="8.2.3.2.8"/>
	</object>
</traceability>
