$**************  SCADETOC Version R15.1 (build i27) **************
** Generation date: 2015-05-14T17:18:05
** Command: scade -code "E:\DMI_TestEnvironment_14_05_15\model\Scade\System\DMI_Control\SCADE Display\Widgets\GenericButtonBehaviour\GenericButtonBehaviour\GenericButtonBehaviour.etp" -node ButtonBehaviour -conf Simulation -build -all
*************************************************************$
*** Generated Files Information (GENFIL): KCG- Generated files
 ~kcg.log
  at file E:\DMI_TestEnvironment_14_05_15\model\Scade\System\DMI_Control\SCADE Display\Widgets\GenericButtonBehaviour\GenericButtonBehaviour\Simulation\kcg.log, line 0, character 0
 ~kcg_s2c_config.txt
  at file E:\DMI_TestEnvironment_14_05_15\model\Scade\System\DMI_Control\SCADE Display\Widgets\GenericButtonBehaviour\GenericButtonBehaviour\Simulation\kcg_s2c_config.txt, line 0, character 0
 ~kcg_trace.xml
  at file E:\DMI_TestEnvironment_14_05_15\model\Scade\System\DMI_Control\SCADE Display\Widgets\GenericButtonBehaviour\GenericButtonBehaviour\Simulation\kcg_trace.xml, line 0, character 0
 ~kcg_metrics.txt
  at file E:\DMI_TestEnvironment_14_05_15\model\Scade\System\DMI_Control\SCADE Display\Widgets\GenericButtonBehaviour\GenericButtonBehaviour\Simulation\kcg_metrics.txt, line 0, character 0
 ~ButtonBehaviour.c
  at file E:\DMI_TestEnvironment_14_05_15\model\Scade\System\DMI_Control\SCADE Display\Widgets\GenericButtonBehaviour\GenericButtonBehaviour\Simulation\ButtonBehaviour.c, line 0, character 0
 ~ButtonBehaviour.h
  at file E:\DMI_TestEnvironment_14_05_15\model\Scade\System\DMI_Control\SCADE Display\Widgets\GenericButtonBehaviour\GenericButtonBehaviour\Simulation\ButtonBehaviour.h, line 0, character 0
 ~kcg_types.h
  at file E:\DMI_TestEnvironment_14_05_15\model\Scade\System\DMI_Control\SCADE Display\Widgets\GenericButtonBehaviour\GenericButtonBehaviour\Simulation\kcg_types.h, line 0, character 0
 ~kcg_consts.h
  at file E:\DMI_TestEnvironment_14_05_15\model\Scade\System\DMI_Control\SCADE Display\Widgets\GenericButtonBehaviour\GenericButtonBehaviour\Simulation\kcg_consts.h, line 0, character 0
 ~kcg_sensors.h
  at file E:\DMI_TestEnvironment_14_05_15\model\Scade\System\DMI_Control\SCADE Display\Widgets\GenericButtonBehaviour\GenericButtonBehaviour\Simulation\kcg_sensors.h, line 0, character 0
 ~kcg_types.c
  at file E:\DMI_TestEnvironment_14_05_15\model\Scade\System\DMI_Control\SCADE Display\Widgets\GenericButtonBehaviour\GenericButtonBehaviour\Simulation\kcg_types.c, line 0, character 0
 ~kcg_consts.c
  at file E:\DMI_TestEnvironment_14_05_15\model\Scade\System\DMI_Control\SCADE Display\Widgets\GenericButtonBehaviour\GenericButtonBehaviour\Simulation\kcg_consts.c, line 0, character 0
*** Generated Files Information (GENFIL): Type Utils Generated files
 ~GenericButtonBehaviour_newtype.h
  at file E:\DMI_TestEnvironment_14_05_15\model\Scade\System\DMI_Control\SCADE Display\Widgets\GenericButtonBehaviour\GenericButtonBehaviour\Simulation\GenericButtonBehaviour_newtype.h, line 0, character 0
 ~GenericButtonBehaviour_newtype.c
  at file E:\DMI_TestEnvironment_14_05_15\model\Scade\System\DMI_Control\SCADE Display\Widgets\GenericButtonBehaviour\GenericButtonBehaviour\Simulation\GenericButtonBehaviour_newtype.c, line 0, character 0
*** Generated Files Information (GENFIL): Mapping Utils Generated files
 ~GenericButtonBehaviour_newmapping.h
  at file E:\DMI_TestEnvironment_14_05_15\model\Scade\System\DMI_Control\SCADE Display\Widgets\GenericButtonBehaviour\GenericButtonBehaviour\Simulation\GenericButtonBehaviour_newmapping.h, line 0, character 0
 ~GenericButtonBehaviour_newmapping.c
  at file E:\DMI_TestEnvironment_14_05_15\model\Scade\System\DMI_Control\SCADE Display\Widgets\GenericButtonBehaviour\GenericButtonBehaviour\Simulation\GenericButtonBehaviour_newmapping.c, line 0, character 0
*** Generated Files Information (GENFIL): Simulator Generated files
 ~GenericButtonBehaviour_newtype.h
  at file E:\DMI_TestEnvironment_14_05_15\model\Scade\System\DMI_Control\SCADE Display\Widgets\GenericButtonBehaviour\GenericButtonBehaviour\Simulation\GenericButtonBehaviour_newtype.h, line 0, character 0
 ~GenericButtonBehaviour_newtype.c
  at file E:\DMI_TestEnvironment_14_05_15\model\Scade\System\DMI_Control\SCADE Display\Widgets\GenericButtonBehaviour\GenericButtonBehaviour\Simulation\GenericButtonBehaviour_newtype.c, line 0, character 0
 ~GenericButtonBehaviour_newmapping.h
  at file E:\DMI_TestEnvironment_14_05_15\model\Scade\System\DMI_Control\SCADE Display\Widgets\GenericButtonBehaviour\GenericButtonBehaviour\Simulation\GenericButtonBehaviour_newmapping.h, line 0, character 0
 ~GenericButtonBehaviour_newmapping.c
  at file E:\DMI_TestEnvironment_14_05_15\model\Scade\System\DMI_Control\SCADE Display\Widgets\GenericButtonBehaviour\GenericButtonBehaviour\Simulation\GenericButtonBehaviour_newmapping.c, line 0, character 0
 ~GenericButtonBehaviour_newinterface.h
  at file E:\DMI_TestEnvironment_14_05_15\model\Scade\System\DMI_Control\SCADE Display\Widgets\GenericButtonBehaviour\GenericButtonBehaviour\Simulation\GenericButtonBehaviour_newinterface.h, line 0, character 0
 ~GenericButtonBehaviour_newinterface.c
  at file E:\DMI_TestEnvironment_14_05_15\model\Scade\System\DMI_Control\SCADE Display\Widgets\GenericButtonBehaviour\GenericButtonBehaviour\Simulation\GenericButtonBehaviour_newinterface.c, line 0, character 0
 ~ButtonBehaviour_dll.c
  at file E:\DMI_TestEnvironment_14_05_15\model\Scade\System\DMI_Control\SCADE Display\Widgets\GenericButtonBehaviour\GenericButtonBehaviour\Simulation\ButtonBehaviour_dll.c, line 0, character 0
*** Generated Files Information (GENFIL): Build Generated files
 ~Makefile
  at file E:\DMI_TestEnvironment_14_05_15\model\Scade\System\DMI_Control\SCADE Display\Widgets\GenericButtonBehaviour\GenericButtonBehaviour\Simulation\Makefile, line 0, character 0
 ~ButtonBehaviour.dll
  at file E:\DMI_TestEnvironment_14_05_15\model\Scade\System\DMI_Control\SCADE Display\Widgets\GenericButtonBehaviour\GenericButtonBehaviour\Simulation\ButtonBehaviour.dll, line 0, character 0
 ~ButtonBehaviour.exe
  at file E:\DMI_TestEnvironment_14_05_15\model\Scade\System\DMI_Control\SCADE Display\Widgets\GenericButtonBehaviour\GenericButtonBehaviour\Simulation\ButtonBehaviour.exe, line 0, character 0
*** Generated Files Information (GENFIL): Code Generator Generated files
 ~sc2c.log
  at file E:\DMI_TestEnvironment_14_05_15\model\Scade\System\DMI_Control\SCADE Display\Widgets\GenericButtonBehaviour\GenericButtonBehaviour\Simulation\sc2c.log, line 0, character 0
 ~sc2c_integration_files.txt
  at file E:\DMI_TestEnvironment_14_05_15\model\Scade\System\DMI_Control\SCADE Display\Widgets\GenericButtonBehaviour\GenericButtonBehaviour\Simulation\sc2c_integration_files.txt, line 0, character 0
$**************  SCADETOC Version R15.1 (build i27) **************
** Generation date: 2015-05-14T17:18:12
** sc2c.log
*************************************************************$
