$**************  SCADETOC Version R16.1 (build i4) **************
** Generation date: 2015-08-07T17:18:48
** Command: scade -code "C:\GITHUB\modeling\model\Scade\System\ObuFunctions\TrackAtlas\TrackAtlas.etp" -root TrackAtlas::TrackAtlas -conf KCG
*************************************************************$
*** Generated Files Information (GENFIL): KCG- Generated files
 ~kcg.log
  at file C:\GITHUB\modeling\model\Scade\System\ObuFunctions\TrackAtlas\KCG\kcg.log, line 0, character 0
 ~kcg_s2c_config.txt
  at file C:\GITHUB\modeling\model\Scade\System\ObuFunctions\TrackAtlas\KCG\kcg_s2c_config.txt, line 0, character 0
 ~kcg_trace.xml
  at file C:\GITHUB\modeling\model\Scade\System\ObuFunctions\TrackAtlas\KCG\kcg_trace.xml, line 0, character 0
 ~kcg_metrics.txt
  at file C:\GITHUB\modeling\model\Scade\System\ObuFunctions\TrackAtlas\KCG\kcg_metrics.txt, line 0, character 0
 ~TrackAtlas_TrackAtlas.c
  at file C:\GITHUB\modeling\model\Scade\System\ObuFunctions\TrackAtlas\KCG\TrackAtlas_TrackAtlas.c, line 0, character 0
 ~Manage_MA_Request_MA_Request.c
  at file C:\GITHUB\modeling\model\Scade\System\ObuFunctions\TrackAtlas\KCG\Manage_MA_Request_MA_Request.c, line 0, character 0
 ~Send_MA_MA_Request.c
  at file C:\GITHUB\modeling\model\Scade\System\ObuFunctions\TrackAtlas\KCG\Send_MA_MA_Request.c, line 0, character 0
 ~MA_Request_Supervision_MA_Request.c
  at file C:\GITHUB\modeling\model\Scade\System\ObuFunctions\TrackAtlas\KCG\MA_Request_Supervision_MA_Request.c, line 0, character 0
 ~op_RepeatReq_MA_Request.c
  at file C:\GITHUB\modeling\model\Scade\System\ObuFunctions\TrackAtlas\KCG\op_RepeatReq_MA_Request.c, line 0, character 0
 ~Safe_MOD_int.c
  at file C:\GITHUB\modeling\model\Scade\System\ObuFunctions\TrackAtlas\KCG\Safe_MOD_int.c, line 0, character 0
 ~op_3_8_2_3_b_MA_Request.c
  at file C:\GITHUB\modeling\model\Scade\System\ObuFunctions\TrackAtlas\KCG\op_3_8_2_3_b_MA_Request.c, line 0, character 0
 ~CompareSectionTimer_MA_Request.c
  at file C:\GITHUB\modeling\model\Scade\System\ObuFunctions\TrackAtlas\KCG\CompareSectionTimer_MA_Request.c, line 0, character 0
 ~op_3_8_2_3_a_MA_Request.c
  at file C:\GITHUB\modeling\model\Scade\System\ObuFunctions\TrackAtlas\KCG\op_3_8_2_3_a_MA_Request.c, line 0, character 0
 ~Safe_DIV_real.c
  at file C:\GITHUB\modeling\model\Scade\System\ObuFunctions\TrackAtlas\KCG\Safe_DIV_real.c, line 0, character 0
 ~Build_MA_request_MA_Request.c
  at file C:\GITHUB\modeling\model\Scade\System\ObuFunctions\TrackAtlas\KCG\Build_MA_request_MA_Request.c, line 0, character 0
 ~Receive_MA_RequestParameters_MA_Request.c
  at file C:\GITHUB\modeling\model\Scade\System\ObuFunctions\TrackAtlas\KCG\Receive_MA_RequestParameters_MA_Request.c, line 0, character 0
 ~Read_P057_TM.c
  at file C:\GITHUB\modeling\model\Scade\System\ObuFunctions\TrackAtlas\KCG\Read_P057_TM.c, line 0, character 0
 ~C_P057_compr_onboard_TM_conversions.c
  at file C:\GITHUB\modeling\model\Scade\System\ObuFunctions\TrackAtlas\KCG\C_P057_compr_onboard_TM_conversions.c, line 0, character 0
 ~CAST_Int_to_T_CYCRQST_TM_conversions.c
  at file C:\GITHUB\modeling\model\Scade\System\ObuFunctions\TrackAtlas\KCG\CAST_Int_to_T_CYCRQST_TM_conversions.c, line 0, character 0
 ~CAST_Int_to_T_TIMEOUTRQST_TM_conversions.c
  at file C:\GITHUB\modeling\model\Scade\System\ObuFunctions\TrackAtlas\KCG\CAST_Int_to_T_TIMEOUTRQST_TM_conversions.c, line 0, character 0
 ~CAST_Int_to_T_MAR_TM_conversions.c
  at file C:\GITHUB\modeling\model\Scade\System\ObuFunctions\TrackAtlas\KCG\CAST_Int_to_T_MAR_TM_conversions.c, line 0, character 0
 ~TA_to_ML_TA_Export.c
  at file C:\GITHUB\modeling\model\Scade\System\ObuFunctions\TrackAtlas\KCG\TA_to_ML_TA_Export.c, line 0, character 0
 ~C_P003V1_OBU_P003_OBU_TM_conversions_baseline2.c
  at file C:\GITHUB\modeling\model\Scade\System\ObuFunctions\TrackAtlas\KCG\C_P003V1_OBU_P003_OBU_TM_conversions_baseline2.c, line 0, character 0
 ~C_P003V1_OBU_P003_OBU_convert_nid_c_list_TM_conversions_baseline2.c
  at file C:\GITHUB\modeling\model\Scade\System\ObuFunctions\TrackAtlas\KCG\C_P003V1_OBU_P003_OBU_convert_nid_c_list_TM_conversions_baseline2.c, line 0, character 0
 ~GradientProfile_to_DMI_TA_Export.c
  at file C:\GITHUB\modeling\model\Scade\System\ObuFunctions\TrackAtlas\KCG\GradientProfile_to_DMI_TA_Export.c, line 0, character 0
 ~GradientProfile_to_DMI_loop_TA_Export.c
  at file C:\GITHUB\modeling\model\Scade\System\ObuFunctions\TrackAtlas\KCG\GradientProfile_to_DMI_loop_TA_Export.c, line 0, character 0
 ~StoreRaw_NV_TA_Storage.c
  at file C:\GITHUB\modeling\model\Scade\System\ObuFunctions\TrackAtlas\KCG\StoreRaw_NV_TA_Storage.c, line 0, character 0
 ~NV_storage_TA_Storage.c
  at file C:\GITHUB\modeling\model\Scade\System\ObuFunctions\TrackAtlas\KCG\NV_storage_TA_Storage.c, line 0, character 0
 ~Read_P003V1_TM_baseline2.c
  at file C:\GITHUB\modeling\model\Scade\System\ObuFunctions\TrackAtlas\KCG\Read_P003V1_TM_baseline2.c, line 0, character 0
 ~C_P003V1_compr_onboard_TM_conversions_baseline2.c
  at file C:\GITHUB\modeling\model\Scade\System\ObuFunctions\TrackAtlas\KCG\C_P003V1_compr_onboard_TM_conversions_baseline2.c, line 0, character 0
 ~CAST_Int_to_D_NVSTFF_TM_conversions.c
  at file C:\GITHUB\modeling\model\Scade\System\ObuFunctions\TrackAtlas\KCG\CAST_Int_to_D_NVSTFF_TM_conversions.c, line 0, character 0
 ~CAST_Int_to_Q_NVDRIVER_ADHES_TM_conversions.c
  at file C:\GITHUB\modeling\model\Scade\System\ObuFunctions\TrackAtlas\KCG\CAST_Int_to_Q_NVDRIVER_ADHES_TM_conversions.c, line 0, character 0
 ~CAST_Int_to_M_NVDERUN_TM_conversions.c
  at file C:\GITHUB\modeling\model\Scade\System\ObuFunctions\TrackAtlas\KCG\CAST_Int_to_M_NVDERUN_TM_conversions.c, line 0, character 0
 ~CAST_Int_to_T_NVCONTACT_TM_conversions.c
  at file C:\GITHUB\modeling\model\Scade\System\ObuFunctions\TrackAtlas\KCG\CAST_Int_to_T_NVCONTACT_TM_conversions.c, line 0, character 0
 ~CAST_Int_to_M_NVCONTACT_TM_conversions.c
  at file C:\GITHUB\modeling\model\Scade\System\ObuFunctions\TrackAtlas\KCG\CAST_Int_to_M_NVCONTACT_TM_conversions.c, line 0, character 0
 ~CAST_Int_to_D_NVPOTRP_TM_conversions.c
  at file C:\GITHUB\modeling\model\Scade\System\ObuFunctions\TrackAtlas\KCG\CAST_Int_to_D_NVPOTRP_TM_conversions.c, line 0, character 0
 ~CAST_Int_to_Q_NVEMRRLS_TM_conversions.c
  at file C:\GITHUB\modeling\model\Scade\System\ObuFunctions\TrackAtlas\KCG\CAST_Int_to_Q_NVEMRRLS_TM_conversions.c, line 0, character 0
 ~CAST_Int_to_T_NVOVTRP_TM_conversions.c
  at file C:\GITHUB\modeling\model\Scade\System\ObuFunctions\TrackAtlas\KCG\CAST_Int_to_T_NVOVTRP_TM_conversions.c, line 0, character 0
 ~CAST_Int_to_D_NVOVTRP_TM_conversions.c
  at file C:\GITHUB\modeling\model\Scade\System\ObuFunctions\TrackAtlas\KCG\CAST_Int_to_D_NVOVTRP_TM_conversions.c, line 0, character 0
 ~CAST_Int_to_V_NVSUPOVTRP_TM_conversions.c
  at file C:\GITHUB\modeling\model\Scade\System\ObuFunctions\TrackAtlas\KCG\CAST_Int_to_V_NVSUPOVTRP_TM_conversions.c, line 0, character 0
 ~CAST_Int_to_V_NVALLOWOVTRP_TM_conversions.c
  at file C:\GITHUB\modeling\model\Scade\System\ObuFunctions\TrackAtlas\KCG\CAST_Int_to_V_NVALLOWOVTRP_TM_conversions.c, line 0, character 0
 ~CAST_Int_to_Q_NVSBTSMPERM_TM_conversions.c
  at file C:\GITHUB\modeling\model\Scade\System\ObuFunctions\TrackAtlas\KCG\CAST_Int_to_Q_NVSBTSMPERM_TM_conversions.c, line 0, character 0
 ~CAST_Int_to_D_NVROLL_TM_conversions.c
  at file C:\GITHUB\modeling\model\Scade\System\ObuFunctions\TrackAtlas\KCG\CAST_Int_to_D_NVROLL_TM_conversions.c, line 0, character 0
 ~CAST_Int_to_V_NVREL_TM_conversions.c
  at file C:\GITHUB\modeling\model\Scade\System\ObuFunctions\TrackAtlas\KCG\CAST_Int_to_V_NVREL_TM_conversions.c, line 0, character 0
 ~CAST_Int_to_V_NVUNFIT_TM_conversions.c
  at file C:\GITHUB\modeling\model\Scade\System\ObuFunctions\TrackAtlas\KCG\CAST_Int_to_V_NVUNFIT_TM_conversions.c, line 0, character 0
 ~CAST_Int_to_V_NVONSIGHT_TM_conversions.c
  at file C:\GITHUB\modeling\model\Scade\System\ObuFunctions\TrackAtlas\KCG\CAST_Int_to_V_NVONSIGHT_TM_conversions.c, line 0, character 0
 ~CAST_Int_to_V_NVSTFF_TM_conversions.c
  at file C:\GITHUB\modeling\model\Scade\System\ObuFunctions\TrackAtlas\KCG\CAST_Int_to_V_NVSTFF_TM_conversions.c, line 0, character 0
 ~CAST_Int_to_V_NVSHUNT_TM_conversions.c
  at file C:\GITHUB\modeling\model\Scade\System\ObuFunctions\TrackAtlas\KCG\CAST_Int_to_V_NVSHUNT_TM_conversions.c, line 0, character 0
 ~CAST_Int_to_D_VALIDNV_TM_conversions.c
  at file C:\GITHUB\modeling\model\Scade\System\ObuFunctions\TrackAtlas\KCG\CAST_Int_to_D_VALIDNV_TM_conversions.c, line 0, character 0
 ~C_P003V1_unflatten_sections_TM_lib_internal.c
  at file C:\GITHUB\modeling\model\Scade\System\ObuFunctions\TrackAtlas\KCG\C_P003V1_unflatten_sections_TM_lib_internal.c, line 0, character 0
 ~C_P003V1_us_array_TM_lib_internal.c
  at file C:\GITHUB\modeling\model\Scade\System\ObuFunctions\TrackAtlas\KCG\C_P003V1_us_array_TM_lib_internal.c, line 0, character 0
 ~CAST_Int_to_NID_C_TM_conversions.c
  at file C:\GITHUB\modeling\model\Scade\System\ObuFunctions\TrackAtlas\KCG\CAST_Int_to_NID_C_TM_conversions.c, line 0, character 0
 ~C_P003V1_extract_el_section_TM_lib_internal.c
  at file C:\GITHUB\modeling\model\Scade\System\ObuFunctions\TrackAtlas\KCG\C_P003V1_extract_el_section_TM_lib_internal.c, line 0, character 0
 ~Build_MRSP_TA_MRSP.c
  at file C:\GITHUB\modeling\model\Scade\System\ObuFunctions\TrackAtlas\KCG\Build_MRSP_TA_MRSP.c, line 0, character 0
 ~SP_TSR_TA_SpeedProfiles.c
  at file C:\GITHUB\modeling\model\Scade\System\ObuFunctions\TrackAtlas\KCG\SP_TSR_TA_SpeedProfiles.c, line 0, character 0
 ~SP_STM_SystemSpeed_TA_SpeedProfiles.c
  at file C:\GITHUB\modeling\model\Scade\System\ObuFunctions\TrackAtlas\KCG\SP_STM_SystemSpeed_TA_SpeedProfiles.c, line 0, character 0
 ~SP_STM_MaxSpeed_TA_SpeedProfiles.c
  at file C:\GITHUB\modeling\model\Scade\System\ObuFunctions\TrackAtlas\KCG\SP_STM_MaxSpeed_TA_SpeedProfiles.c, line 0, character 0
 ~SP_SSP_TA_SpeedProfiles.c
  at file C:\GITHUB\modeling\model\Scade\System\ObuFunctions\TrackAtlas\KCG\SP_SSP_TA_SpeedProfiles.c, line 0, character 0
 ~Update_LRBG_only_TA_SSP.c
  at file C:\GITHUB\modeling\model\Scade\System\ObuFunctions\TrackAtlas\KCG\Update_LRBG_only_TA_SSP.c, line 0, character 0
 ~Update_SSP_only_TA_SSP.c
  at file C:\GITHUB\modeling\model\Scade\System\ObuFunctions\TrackAtlas\KCG\Update_SSP_only_TA_SSP.c, line 0, character 0
 ~Update_SSP_then_LRBG_TA_SSP.c
  at file C:\GITHUB\modeling\model\Scade\System\ObuFunctions\TrackAtlas\KCG\Update_SSP_then_LRBG_TA_SSP.c, line 0, character 0
 ~Update_LRBG_then_SSP_TA_SSP.c
  at file C:\GITHUB\modeling\model\Scade\System\ObuFunctions\TrackAtlas\KCG\Update_LRBG_then_SSP_TA_SSP.c, line 0, character 0
 ~Update_SP_per_LRBG_TA_Lib_internal.c
  at file C:\GITHUB\modeling\model\Scade\System\ObuFunctions\TrackAtlas\KCG\Update_SP_per_LRBG_TA_Lib_internal.c, line 0, character 0
 ~Update_SP_per_LRBG_loop_TA_Lib_internal.c
  at file C:\GITHUB\modeling\model\Scade\System\ObuFunctions\TrackAtlas\KCG\Update_SP_per_LRBG_loop_TA_Lib_internal.c, line 0, character 0
 ~FindStartOfNewSpeedProfile_TA_Lib_internal.c
  at file C:\GITHUB\modeling\model\Scade\System\ObuFunctions\TrackAtlas\KCG\FindStartOfNewSpeedProfile_TA_Lib_internal.c, line 0, character 0
 ~FindStartOfNewSpeedProfile_LOOP_TA_Lib_internal.c
  at file C:\GITHUB\modeling\model\Scade\System\ObuFunctions\TrackAtlas\KCG\FindStartOfNewSpeedProfile_LOOP_TA_Lib_internal.c, line 0, character 0
 ~Convert_P27_to_DistanceProfile_TA_SSP.c
  at file C:\GITHUB\modeling\model\Scade\System\ObuFunctions\TrackAtlas\KCG\Convert_P27_to_DistanceProfile_TA_SSP.c, line 0, character 0
 ~Convert_P27_to_DistanceProfile_1st_section_TA_SSP.c
  at file C:\GITHUB\modeling\model\Scade\System\ObuFunctions\TrackAtlas\KCG\Convert_P27_to_DistanceProfile_1st_section_TA_SSP.c, line 0, character 0
 ~Eval_Q_Front_TA_Lib_internal.c
  at file C:\GITHUB\modeling\model\Scade\System\ObuFunctions\TrackAtlas\KCG\Eval_Q_Front_TA_Lib_internal.c, line 0, character 0
 ~Convert_P27_to_DistanceProfile_loop_TA_SSP.c
  at file C:\GITHUB\modeling\model\Scade\System\ObuFunctions\TrackAtlas\KCG\Convert_P27_to_DistanceProfile_loop_TA_SSP.c, line 0, character 0
 ~DetectSpeedIncrease_TA_Lib_internal.c
  at file C:\GITHUB\modeling\model\Scade\System\ObuFunctions\TrackAtlas\KCG\DetectSpeedIncrease_TA_Lib_internal.c, line 0, character 0
 ~MoveSPSectionsToNewLRBGafter_TA_Lib_internal.c
  at file C:\GITHUB\modeling\model\Scade\System\ObuFunctions\TrackAtlas\KCG\MoveSPSectionsToNewLRBGafter_TA_Lib_internal.c, line 0, character 0
 ~MoveSPSectionsToNewLRBGafter_Loop_TA_Lib_internal.c
  at file C:\GITHUB\modeling\model\Scade\System\ObuFunctions\TrackAtlas\KCG\MoveSPSectionsToNewLRBGafter_Loop_TA_Lib_internal.c, line 0, character 0
 ~FindFirstRelevantSPForNewLRBG_TA_Lib_internal.c
  at file C:\GITHUB\modeling\model\Scade\System\ObuFunctions\TrackAtlas\KCG\FindFirstRelevantSPForNewLRBG_TA_Lib_internal.c, line 0, character 0
 ~FindFirstRelevantSPForNewLRBG_Loop_TA_Lib_internal.c
  at file C:\GITHUB\modeling\model\Scade\System\ObuFunctions\TrackAtlas\KCG\FindFirstRelevantSPForNewLRBG_Loop_TA_Lib_internal.c, line 0, character 0
 ~Read_P027V1_TM_baseline2.c
  at file C:\GITHUB\modeling\model\Scade\System\ObuFunctions\TrackAtlas\KCG\Read_P027V1_TM_baseline2.c, line 0, character 0
 ~Read_P027V1_sections_TM_baseline2.c
  at file C:\GITHUB\modeling\model\Scade\System\ObuFunctions\TrackAtlas\KCG\Read_P027V1_sections_TM_baseline2.c, line 0, character 0
 ~C_P027V1_compr_onboard_sections_level2_TM_conversions_baseline2.c
  at file C:\GITHUB\modeling\model\Scade\System\ObuFunctions\TrackAtlas\KCG\C_P027V1_compr_onboard_sections_level2_TM_conversions_baseline2.c, line 0, character 0
 ~CAST_Int_to_V_STATIC_TM_conversions.c
  at file C:\GITHUB\modeling\model\Scade\System\ObuFunctions\TrackAtlas\KCG\CAST_Int_to_V_STATIC_TM_conversions.c, line 0, character 0
 ~CAST_Int_to_Q_FRONT_TM_conversions.c
  at file C:\GITHUB\modeling\model\Scade\System\ObuFunctions\TrackAtlas\KCG\CAST_Int_to_Q_FRONT_TM_conversions.c, line 0, character 0
 ~CAST_Int_to_D_STATIC_TM_conversions.c
  at file C:\GITHUB\modeling\model\Scade\System\ObuFunctions\TrackAtlas\KCG\CAST_Int_to_D_STATIC_TM_conversions.c, line 0, character 0
 ~C_P027V1_us_array_qdiff_TM_lib_internal.c
  at file C:\GITHUB\modeling\model\Scade\System\ObuFunctions\TrackAtlas\KCG\C_P027V1_us_array_qdiff_TM_lib_internal.c, line 0, character 0
 ~CAST_Int_to_V_DIFF_TM_conversions.c
  at file C:\GITHUB\modeling\model\Scade\System\ObuFunctions\TrackAtlas\KCG\CAST_Int_to_V_DIFF_TM_conversions.c, line 0, character 0
 ~CAST_Int_to_NC_DIFF_TM_conversions.c
  at file C:\GITHUB\modeling\model\Scade\System\ObuFunctions\TrackAtlas\KCG\CAST_Int_to_NC_DIFF_TM_conversions.c, line 0, character 0
 ~C_P027V1_extract_el_section_TM_lib_internal.c
  at file C:\GITHUB\modeling\model\Scade\System\ObuFunctions\TrackAtlas\KCG\C_P027V1_extract_el_section_TM_lib_internal.c, line 0, character 0
 ~T_Decode_Metadata_L2_TM_lib_internal.c
  at file C:\GITHUB\modeling\model\Scade\System\ObuFunctions\TrackAtlas\KCG\T_Decode_Metadata_L2_TM_lib_internal.c, line 0, character 0
 ~SP_SignalingRelated_TA_SpeedProfiles.c
  at file C:\GITHUB\modeling\model\Scade\System\ObuFunctions\TrackAtlas\KCG\SP_SignalingRelated_TA_SpeedProfiles.c, line 0, character 0
 ~SP_PBD_SR_TA_SpeedProfiles.c
  at file C:\GITHUB\modeling\model\Scade\System\ObuFunctions\TrackAtlas\KCG\SP_PBD_SR_TA_SpeedProfiles.c, line 0, character 0
 ~SP_OverrideRelated_TA_SpeedProfiles.c
  at file C:\GITHUB\modeling\model\Scade\System\ObuFunctions\TrackAtlas\KCG\SP_OverrideRelated_TA_SpeedProfiles.c, line 0, character 0
 ~SP_ModeRelated_TA_SpeedProfiles.c
  at file C:\GITHUB\modeling\model\Scade\System\ObuFunctions\TrackAtlas\KCG\SP_ModeRelated_TA_SpeedProfiles.c, line 0, character 0
 ~SP_MaxTrainSpeed_TA_SpeedProfiles.c
  at file C:\GITHUB\modeling\model\Scade\System\ObuFunctions\TrackAtlas\KCG\SP_MaxTrainSpeed_TA_SpeedProfiles.c, line 0, character 0
 ~SP_LX_SR_TA_SpeedProfiles.c
  at file C:\GITHUB\modeling\model\Scade\System\ObuFunctions\TrackAtlas\KCG\SP_LX_SR_TA_SpeedProfiles.c, line 0, character 0
 ~SP_ASP_TA_SpeedProfiles.c
  at file C:\GITHUB\modeling\model\Scade\System\ObuFunctions\TrackAtlas\KCG\SP_ASP_TA_SpeedProfiles.c, line 0, character 0
 ~Build_SSP_Matrix_TA_SpeedProfiles.c
  at file C:\GITHUB\modeling\model\Scade\System\ObuFunctions\TrackAtlas\KCG\Build_SSP_Matrix_TA_SpeedProfiles.c, line 0, character 0
 ~Calculate_MRSP_TA_MRSP.c
  at file C:\GITHUB\modeling\model\Scade\System\ObuFunctions\TrackAtlas\KCG\Calculate_MRSP_TA_MRSP.c, line 0, character 0
 ~MRSP_Determine_LengthOfTargetList_TA_MRSP.c
  at file C:\GITHUB\modeling\model\Scade\System\ObuFunctions\TrackAtlas\KCG\MRSP_Determine_LengthOfTargetList_TA_MRSP.c, line 0, character 0
 ~MRSP_Determine_LengthOfTargetList_LOOP_TA_MRSP.c
  at file C:\GITHUB\modeling\model\Scade\System\ObuFunctions\TrackAtlas\KCG\MRSP_Determine_LengthOfTargetList_LOOP_TA_MRSP.c, line 0, character 0
 ~MRSP_Split_And_Reverse_SSP_matrix_TA_MRSP.c
  at file C:\GITHUB\modeling\model\Scade\System\ObuFunctions\TrackAtlas\KCG\MRSP_Split_And_Reverse_SSP_matrix_TA_MRSP.c, line 0, character 0
 ~MRSP_SplitAndReverseSSP_LOOP1_TA_MRSP.c
  at file C:\GITHUB\modeling\model\Scade\System\ObuFunctions\TrackAtlas\KCG\MRSP_SplitAndReverseSSP_LOOP1_TA_MRSP.c, line 0, character 0
 ~MRSP_SplitAndReverseSSP_LOOP2_TA_MRSP.c
  at file C:\GITHUB\modeling\model\Scade\System\ObuFunctions\TrackAtlas\KCG\MRSP_SplitAndReverseSSP_LOOP2_TA_MRSP.c, line 0, character 0
 ~MRSP_Build_MRSP_LOOP_TA_MRSP.c
  at file C:\GITHUB\modeling\model\Scade\System\ObuFunctions\TrackAtlas\KCG\MRSP_Build_MRSP_LOOP_TA_MRSP.c, line 0, character 0
 ~MRSP_Determine_MRS_TA_MRSP.c
  at file C:\GITHUB\modeling\model\Scade\System\ObuFunctions\TrackAtlas\KCG\MRSP_Determine_MRS_TA_MRSP.c, line 0, character 0
 ~MRSP_Determine_Lowest_Speed_TA_MRSP.c
  at file C:\GITHUB\modeling\model\Scade\System\ObuFunctions\TrackAtlas\KCG\MRSP_Determine_Lowest_Speed_TA_MRSP.c, line 0, character 0
 ~MRSP_DetermineRelevantSpeedperCat_TA_MRSP.c
  at file C:\GITHUB\modeling\model\Scade\System\ObuFunctions\TrackAtlas\KCG\MRSP_DetermineRelevantSpeedperCat_TA_MRSP.c, line 0, character 0
 ~MRSP_FindLastSSPSection_TA_MRSP.c
  at file C:\GITHUB\modeling\model\Scade\System\ObuFunctions\TrackAtlas\KCG\MRSP_FindLastSSPSection_TA_MRSP.c, line 0, character 0
 ~MRSP_FindLastSSPSection_LOOP_TA_MRSP.c
  at file C:\GITHUB\modeling\model\Scade\System\ObuFunctions\TrackAtlas\KCG\MRSP_FindLastSSPSection_LOOP_TA_MRSP.c, line 0, character 0
 ~MRSP_DetermineRelevantSpeedperCat_LOOP_TA_MRSP.c
  at file C:\GITHUB\modeling\model\Scade\System\ObuFunctions\TrackAtlas\KCG\MRSP_DetermineRelevantSpeedperCat_LOOP_TA_MRSP.c, line 0, character 0
 ~MRSP_BuildTargetList_TA_MRSP.c
  at file C:\GITHUB\modeling\model\Scade\System\ObuFunctions\TrackAtlas\KCG\MRSP_BuildTargetList_TA_MRSP.c, line 0, character 0
 ~MRSP_BuildTargetList_LOOP_TA_MRSP.c
  at file C:\GITHUB\modeling\model\Scade\System\ObuFunctions\TrackAtlas\KCG\MRSP_BuildTargetList_LOOP_TA_MRSP.c, line 0, character 0
 ~MRSP_RemoveLargestFromSSP_t_matrix_TA_MRSP.c
  at file C:\GITHUB\modeling\model\Scade\System\ObuFunctions\TrackAtlas\KCG\MRSP_RemoveLargestFromSSP_t_matrix_TA_MRSP.c, line 0, character 0
 ~MRSP_FindMax_of_all_t_cats_TA_MRSP.c
  at file C:\GITHUB\modeling\model\Scade\System\ObuFunctions\TrackAtlas\KCG\MRSP_FindMax_of_all_t_cats_TA_MRSP.c, line 0, character 0
 ~MRSP_ConvertIndexedElements_TA_MRSP.c
  at file C:\GITHUB\modeling\model\Scade\System\ObuFunctions\TrackAtlas\KCG\MRSP_ConvertIndexedElements_TA_MRSP.c, line 0, character 0
 ~MRSP_FindMax_of_all_t_cats_LOOP_TA_MRSP.c
  at file C:\GITHUB\modeling\model\Scade\System\ObuFunctions\TrackAtlas\KCG\MRSP_FindMax_of_all_t_cats_LOOP_TA_MRSP.c, line 0, character 0
 ~MRSP_Find_First_in_each_t_SSP_cat_TA_MRSP.c
  at file C:\GITHUB\modeling\model\Scade\System\ObuFunctions\TrackAtlas\KCG\MRSP_Find_First_in_each_t_SSP_cat_TA_MRSP.c, line 0, character 0
 ~MRSP_Find_First_in_SSP_t_cat_TA_MRSP.c
  at file C:\GITHUB\modeling\model\Scade\System\ObuFunctions\TrackAtlas\KCG\MRSP_Find_First_in_SSP_t_cat_TA_MRSP.c, line 0, character 0
 ~MRSP_Find_First_in_SSP_t_cat_LOOP_TA_MRSP.c
  at file C:\GITHUB\modeling\model\Scade\System\ObuFunctions\TrackAtlas\KCG\MRSP_Find_First_in_SSP_t_cat_LOOP_TA_MRSP.c, line 0, character 0
 ~Build_MA_TA_MA.c
  at file C:\GITHUB\modeling\model\Scade\System\ObuFunctions\TrackAtlas\KCG\Build_MA_TA_MA.c, line 0, character 0
 ~StoreRaw_MA_TA_MA.c
  at file C:\GITHUB\modeling\model\Scade\System\ObuFunctions\TrackAtlas\KCG\StoreRaw_MA_TA_MA.c, line 0, character 0
 ~MA_storage_TA_MA.c
  at file C:\GITHUB\modeling\model\Scade\System\ObuFunctions\TrackAtlas\KCG\MA_storage_TA_MA.c, line 0, character 0
 ~Read_P015_TM.c
  at file C:\GITHUB\modeling\model\Scade\System\ObuFunctions\TrackAtlas\KCG\Read_P015_TM.c, line 0, character 0
 ~C_P015_compr_onboard_TM_conversions.c
  at file C:\GITHUB\modeling\model\Scade\System\ObuFunctions\TrackAtlas\KCG\C_P015_compr_onboard_TM_conversions.c, line 0, character 0
 ~CAST_Int_to_D_STARTOL_TM_conversions.c
  at file C:\GITHUB\modeling\model\Scade\System\ObuFunctions\TrackAtlas\KCG\CAST_Int_to_D_STARTOL_TM_conversions.c, line 0, character 0
 ~CAST_Int_to_D_ENDTIMERSTARTLOC_TM_conversions.c
  at file C:\GITHUB\modeling\model\Scade\System\ObuFunctions\TrackAtlas\KCG\CAST_Int_to_D_ENDTIMERSTARTLOC_TM_conversions.c, line 0, character 0
 ~CAST_Int_to_V_RELEASEOL_TM_conversions.c
  at file C:\GITHUB\modeling\model\Scade\System\ObuFunctions\TrackAtlas\KCG\CAST_Int_to_V_RELEASEOL_TM_conversions.c, line 0, character 0
 ~CAST_Int_to_L_ENDSECTION_TM_conversions.c
  at file C:\GITHUB\modeling\model\Scade\System\ObuFunctions\TrackAtlas\KCG\CAST_Int_to_L_ENDSECTION_TM_conversions.c, line 0, character 0
 ~CAST_Int_to_V_RELEASEDP_TM_conversions.c
  at file C:\GITHUB\modeling\model\Scade\System\ObuFunctions\TrackAtlas\KCG\CAST_Int_to_V_RELEASEDP_TM_conversions.c, line 0, character 0
 ~CAST_Int_to_Q_ENDTIMER_TM_conversions.c
  at file C:\GITHUB\modeling\model\Scade\System\ObuFunctions\TrackAtlas\KCG\CAST_Int_to_Q_ENDTIMER_TM_conversions.c, line 0, character 0
 ~CAST_Int_to_T_OL_TM_conversions.c
  at file C:\GITHUB\modeling\model\Scade\System\ObuFunctions\TrackAtlas\KCG\CAST_Int_to_T_OL_TM_conversions.c, line 0, character 0
 ~CAST_Int_to_T_LOA_TM_conversions.c
  at file C:\GITHUB\modeling\model\Scade\System\ObuFunctions\TrackAtlas\KCG\CAST_Int_to_T_LOA_TM_conversions.c, line 0, character 0
 ~CAST_Int_to_Q_DANGERPOINT_TM_conversions.c
  at file C:\GITHUB\modeling\model\Scade\System\ObuFunctions\TrackAtlas\KCG\CAST_Int_to_Q_DANGERPOINT_TM_conversions.c, line 0, character 0
 ~CAST_Int_to_Q_OVERLAP_TM_conversions.c
  at file C:\GITHUB\modeling\model\Scade\System\ObuFunctions\TrackAtlas\KCG\CAST_Int_to_Q_OVERLAP_TM_conversions.c, line 0, character 0
 ~C_P015_unflatten_sections_TM_lib_internal.c
  at file C:\GITHUB\modeling\model\Scade\System\ObuFunctions\TrackAtlas\KCG\C_P015_unflatten_sections_TM_lib_internal.c, line 0, character 0
 ~C_P015_us_array_TM_lib_internal.c
  at file C:\GITHUB\modeling\model\Scade\System\ObuFunctions\TrackAtlas\KCG\C_P015_us_array_TM_lib_internal.c, line 0, character 0
 ~CAST_Int_to_D_SECTIONTIMERSTOPLOC_TM_conversions.c
  at file C:\GITHUB\modeling\model\Scade\System\ObuFunctions\TrackAtlas\KCG\CAST_Int_to_D_SECTIONTIMERSTOPLOC_TM_conversions.c, line 0, character 0
 ~CAST_Int_to_Q_SECTIONTIMER_TM_conversions.c
  at file C:\GITHUB\modeling\model\Scade\System\ObuFunctions\TrackAtlas\KCG\CAST_Int_to_Q_SECTIONTIMER_TM_conversions.c, line 0, character 0
 ~CAST_Int_to_T_SECTIONTIMER_TM_conversions.c
  at file C:\GITHUB\modeling\model\Scade\System\ObuFunctions\TrackAtlas\KCG\CAST_Int_to_T_SECTIONTIMER_TM_conversions.c, line 0, character 0
 ~CAST_Int_to_L_SECTION_TM_conversions.c
  at file C:\GITHUB\modeling\model\Scade\System\ObuFunctions\TrackAtlas\KCG\CAST_Int_to_L_SECTION_TM_conversions.c, line 0, character 0
 ~C_P015_extract_el_section_TM_lib_internal.c
  at file C:\GITHUB\modeling\model\Scade\System\ObuFunctions\TrackAtlas\KCG\C_P015_extract_el_section_TM_lib_internal.c, line 0, character 0
 ~CAST_Int_to_T_ENDTIMER_TM_conversions.c
  at file C:\GITHUB\modeling\model\Scade\System\ObuFunctions\TrackAtlas\KCG\CAST_Int_to_T_ENDTIMER_TM_conversions.c, line 0, character 0
 ~CAST_Int_to_V_LOA_TM_conversions.c
  at file C:\GITHUB\modeling\model\Scade\System\ObuFunctions\TrackAtlas\KCG\CAST_Int_to_V_LOA_TM_conversions.c, line 0, character 0
 ~CAST_Int_to_D_OL_TM_conversions.c
  at file C:\GITHUB\modeling\model\Scade\System\ObuFunctions\TrackAtlas\KCG\CAST_Int_to_D_OL_TM_conversions.c, line 0, character 0
 ~CAST_Int_to_D_DP_TM_conversions.c
  at file C:\GITHUB\modeling\model\Scade\System\ObuFunctions\TrackAtlas\KCG\CAST_Int_to_D_DP_TM_conversions.c, line 0, character 0
 ~Decode_P015_TA_MA.c
  at file C:\GITHUB\modeling\model\Scade\System\ObuFunctions\TrackAtlas\KCG\Decode_P015_TA_MA.c, line 0, character 0
 ~EVAL_Q_OVERLAP_TA_Lib_internal.c
  at file C:\GITHUB\modeling\model\Scade\System\ObuFunctions\TrackAtlas\KCG\EVAL_Q_OVERLAP_TA_Lib_internal.c, line 0, character 0
 ~EVAL_V_Release_TA_Lib_internal.c
  at file C:\GITHUB\modeling\model\Scade\System\ObuFunctions\TrackAtlas\KCG\EVAL_V_Release_TA_Lib_internal.c, line 0, character 0
 ~EVAL_Q_DANGERPOINT_TA_Lib_internal.c
  at file C:\GITHUB\modeling\model\Scade\System\ObuFunctions\TrackAtlas\KCG\EVAL_Q_DANGERPOINT_TA_Lib_internal.c, line 0, character 0
 ~DecodeMASection_TA_MA.c
  at file C:\GITHUB\modeling\model\Scade\System\ObuFunctions\TrackAtlas\KCG\DecodeMASection_TA_MA.c, line 0, character 0
 ~EVAL_T_LOA_TA_Lib_internal.c
  at file C:\GITHUB\modeling\model\Scade\System\ObuFunctions\TrackAtlas\KCG\EVAL_T_LOA_TA_Lib_internal.c, line 0, character 0
 ~Eval_Q_SCALE_TA_MRSP.c
  at file C:\GITHUB\modeling\model\Scade\System\ObuFunctions\TrackAtlas\KCG\Eval_Q_SCALE_TA_MRSP.c, line 0, character 0
 ~Build_GradientProfile_TA_Gradient.c
  at file C:\GITHUB\modeling\model\Scade\System\ObuFunctions\TrackAtlas\KCG\Build_GradientProfile_TA_Gradient.c, line 0, character 0
 ~Update_LRBG_only_TA_Gradient.c
  at file C:\GITHUB\modeling\model\Scade\System\ObuFunctions\TrackAtlas\KCG\Update_LRBG_only_TA_Gradient.c, line 0, character 0
 ~Update_GP_only_TA_Gradient.c
  at file C:\GITHUB\modeling\model\Scade\System\ObuFunctions\TrackAtlas\KCG\Update_GP_only_TA_Gradient.c, line 0, character 0
 ~Update_GP_then_LRBG_TA_Gradient.c
  at file C:\GITHUB\modeling\model\Scade\System\ObuFunctions\TrackAtlas\KCG\Update_GP_then_LRBG_TA_Gradient.c, line 0, character 0
 ~Update_LRBG_then_GP_TA_Gradient.c
  at file C:\GITHUB\modeling\model\Scade\System\ObuFunctions\TrackAtlas\KCG\Update_LRBG_then_GP_TA_Gradient.c, line 0, character 0
 ~Update_GP_per_LRBG_TA_Lib_internal.c
  at file C:\GITHUB\modeling\model\Scade\System\ObuFunctions\TrackAtlas\KCG\Update_GP_per_LRBG_TA_Lib_internal.c, line 0, character 0
 ~Update_GP_per_LRBG_loop_TA_Lib_internal.c
  at file C:\GITHUB\modeling\model\Scade\System\ObuFunctions\TrackAtlas\KCG\Update_GP_per_LRBG_loop_TA_Lib_internal.c, line 0, character 0
 ~FindStartOfNewGradientProfile_TA_Lib_internal.c
  at file C:\GITHUB\modeling\model\Scade\System\ObuFunctions\TrackAtlas\KCG\FindStartOfNewGradientProfile_TA_Lib_internal.c, line 0, character 0
 ~FindStartOfNewGradientProfile_LOOP_TA_Lib_internal.c
  at file C:\GITHUB\modeling\model\Scade\System\ObuFunctions\TrackAtlas\KCG\FindStartOfNewGradientProfile_LOOP_TA_Lib_internal.c, line 0, character 0
 ~Convert_P21_to_DistanceProfile_TA_Gradient.c
  at file C:\GITHUB\modeling\model\Scade\System\ObuFunctions\TrackAtlas\KCG\Convert_P21_to_DistanceProfile_TA_Gradient.c, line 0, character 0
 ~Convert_P21_to_DistanceProfile_loop_TA_Gradient.c
  at file C:\GITHUB\modeling\model\Scade\System\ObuFunctions\TrackAtlas\KCG\Convert_P21_to_DistanceProfile_loop_TA_Gradient.c, line 0, character 0
 ~EVAL_Q_GDIR_TA_Lib_internal.c
  at file C:\GITHUB\modeling\model\Scade\System\ObuFunctions\TrackAtlas\KCG\EVAL_Q_GDIR_TA_Lib_internal.c, line 0, character 0
 ~Normalize_Distance_d_internal_t_TA_Lib_internal.c
  at file C:\GITHUB\modeling\model\Scade\System\ObuFunctions\TrackAtlas\KCG\Normalize_Distance_d_internal_t_TA_Lib_internal.c, line 0, character 0
 ~MoveGPSectionsToNewLRBGafter_TA_Lib_internal.c
  at file C:\GITHUB\modeling\model\Scade\System\ObuFunctions\TrackAtlas\KCG\MoveGPSectionsToNewLRBGafter_TA_Lib_internal.c, line 0, character 0
 ~MoveGPSectionsToNewLRBGafter_Loop_TA_Lib_internal.c
  at file C:\GITHUB\modeling\model\Scade\System\ObuFunctions\TrackAtlas\KCG\MoveGPSectionsToNewLRBGafter_Loop_TA_Lib_internal.c, line 0, character 0
 ~NormalizePos_TA_Lib_internal.c
  at file C:\GITHUB\modeling\model\Scade\System\ObuFunctions\TrackAtlas\KCG\NormalizePos_TA_Lib_internal.c, line 0, character 0
 ~FindFirstRelevantGPForNewLRBG_TA_Lib_internal.c
  at file C:\GITHUB\modeling\model\Scade\System\ObuFunctions\TrackAtlas\KCG\FindFirstRelevantGPForNewLRBG_TA_Lib_internal.c, line 0, character 0
 ~FindFirstRelevantGPForNewLRBG_Loop_TA_Lib_internal.c
  at file C:\GITHUB\modeling\model\Scade\System\ObuFunctions\TrackAtlas\KCG\FindFirstRelevantGPForNewLRBG_Loop_TA_Lib_internal.c, line 0, character 0
 ~Eval_LRBG_TA_Lib_internal.c
  at file C:\GITHUB\modeling\model\Scade\System\ObuFunctions\TrackAtlas\KCG\Eval_LRBG_TA_Lib_internal.c, line 0, character 0
 ~Read_P021_TM.c
  at file C:\GITHUB\modeling\model\Scade\System\ObuFunctions\TrackAtlas\KCG\Read_P021_TM.c, line 0, character 0
 ~C_P021_compr_onboard_TM_conversions.c
  at file C:\GITHUB\modeling\model\Scade\System\ObuFunctions\TrackAtlas\KCG\C_P021_compr_onboard_TM_conversions.c, line 0, character 0
 ~C_P021_unflatten_sections_TM_lib_internal.c
  at file C:\GITHUB\modeling\model\Scade\System\ObuFunctions\TrackAtlas\KCG\C_P021_unflatten_sections_TM_lib_internal.c, line 0, character 0
 ~C_P021_us_array_TM_lib_internal.c
  at file C:\GITHUB\modeling\model\Scade\System\ObuFunctions\TrackAtlas\KCG\C_P021_us_array_TM_lib_internal.c, line 0, character 0
 ~CAST_Int_to_Q_GDIR_TM_conversions.c
  at file C:\GITHUB\modeling\model\Scade\System\ObuFunctions\TrackAtlas\KCG\CAST_Int_to_Q_GDIR_TM_conversions.c, line 0, character 0
 ~CAST_Int_to_G_A_TM_conversions.c
  at file C:\GITHUB\modeling\model\Scade\System\ObuFunctions\TrackAtlas\KCG\CAST_Int_to_G_A_TM_conversions.c, line 0, character 0
 ~CAST_Int_to_D_GRADIENT_TM_conversions.c
  at file C:\GITHUB\modeling\model\Scade\System\ObuFunctions\TrackAtlas\KCG\CAST_Int_to_D_GRADIENT_TM_conversions.c, line 0, character 0
 ~C_P021_extract_el_section_TM_lib_internal.c
  at file C:\GITHUB\modeling\model\Scade\System\ObuFunctions\TrackAtlas\KCG\C_P021_extract_el_section_TM_lib_internal.c, line 0, character 0
 ~RECV_ReadPackets_TM_lib_internal.c
  at file C:\GITHUB\modeling\model\Scade\System\ObuFunctions\TrackAtlas\KCG\RECV_ReadPackets_TM_lib_internal.c, line 0, character 0
 ~RECV_ReadPacketKernel_TM_lib_internal.c
  at file C:\GITHUB\modeling\model\Scade\System\ObuFunctions\TrackAtlas\KCG\RECV_ReadPacketKernel_TM_lib_internal.c, line 0, character 0
 ~RECV_ReadPacketKernelLoop_TM_lib_internal.c
  at file C:\GITHUB\modeling\model\Scade\System\ObuFunctions\TrackAtlas\KCG\RECV_ReadPacketKernelLoop_TM_lib_internal.c, line 0, character 0
 ~RECV_LookupPacket_TM_lib_internal.c
  at file C:\GITHUB\modeling\model\Scade\System\ObuFunctions\TrackAtlas\KCG\RECV_LookupPacket_TM_lib_internal.c, line 0, character 0
 ~RECV_LookupPacketLoop_TM_lib_internal.c
  at file C:\GITHUB\modeling\model\Scade\System\ObuFunctions\TrackAtlas\KCG\RECV_LookupPacketLoop_TM_lib_internal.c, line 0, character 0
 ~T_Filter_Metadata_TM_lib_internal.c
  at file C:\GITHUB\modeling\model\Scade\System\ObuFunctions\TrackAtlas\KCG\T_Filter_Metadata_TM_lib_internal.c, line 0, character 0
 ~T_Filter_Metadata_Element_TM_lib_internal.c
  at file C:\GITHUB\modeling\model\Scade\System\ObuFunctions\TrackAtlas\KCG\T_Filter_Metadata_Element_TM_lib_internal.c, line 0, character 0
 ~T_Decode_metadata_new_TM_lib_internal.c
  at file C:\GITHUB\modeling\model\Scade\System\ObuFunctions\TrackAtlas\KCG\T_Decode_metadata_new_TM_lib_internal.c, line 0, character 0
 ~TrackAtlas_TrackAtlas.h
  at file C:\GITHUB\modeling\model\Scade\System\ObuFunctions\TrackAtlas\KCG\TrackAtlas_TrackAtlas.h, line 0, character 0
 ~Manage_MA_Request_MA_Request.h
  at file C:\GITHUB\modeling\model\Scade\System\ObuFunctions\TrackAtlas\KCG\Manage_MA_Request_MA_Request.h, line 0, character 0
 ~Send_MA_MA_Request.h
  at file C:\GITHUB\modeling\model\Scade\System\ObuFunctions\TrackAtlas\KCG\Send_MA_MA_Request.h, line 0, character 0
 ~MA_Request_Supervision_MA_Request.h
  at file C:\GITHUB\modeling\model\Scade\System\ObuFunctions\TrackAtlas\KCG\MA_Request_Supervision_MA_Request.h, line 0, character 0
 ~op_RepeatReq_MA_Request.h
  at file C:\GITHUB\modeling\model\Scade\System\ObuFunctions\TrackAtlas\KCG\op_RepeatReq_MA_Request.h, line 0, character 0
 ~Safe_MOD_int.h
  at file C:\GITHUB\modeling\model\Scade\System\ObuFunctions\TrackAtlas\KCG\Safe_MOD_int.h, line 0, character 0
 ~op_3_8_2_3_b_MA_Request.h
  at file C:\GITHUB\modeling\model\Scade\System\ObuFunctions\TrackAtlas\KCG\op_3_8_2_3_b_MA_Request.h, line 0, character 0
 ~CompareSectionTimer_MA_Request.h
  at file C:\GITHUB\modeling\model\Scade\System\ObuFunctions\TrackAtlas\KCG\CompareSectionTimer_MA_Request.h, line 0, character 0
 ~op_3_8_2_3_a_MA_Request.h
  at file C:\GITHUB\modeling\model\Scade\System\ObuFunctions\TrackAtlas\KCG\op_3_8_2_3_a_MA_Request.h, line 0, character 0
 ~Safe_DIV_real.h
  at file C:\GITHUB\modeling\model\Scade\System\ObuFunctions\TrackAtlas\KCG\Safe_DIV_real.h, line 0, character 0
 ~Build_MA_request_MA_Request.h
  at file C:\GITHUB\modeling\model\Scade\System\ObuFunctions\TrackAtlas\KCG\Build_MA_request_MA_Request.h, line 0, character 0
 ~Receive_MA_RequestParameters_MA_Request.h
  at file C:\GITHUB\modeling\model\Scade\System\ObuFunctions\TrackAtlas\KCG\Receive_MA_RequestParameters_MA_Request.h, line 0, character 0
 ~Read_P057_TM.h
  at file C:\GITHUB\modeling\model\Scade\System\ObuFunctions\TrackAtlas\KCG\Read_P057_TM.h, line 0, character 0
 ~C_P057_compr_onboard_TM_conversions.h
  at file C:\GITHUB\modeling\model\Scade\System\ObuFunctions\TrackAtlas\KCG\C_P057_compr_onboard_TM_conversions.h, line 0, character 0
 ~CAST_Int_to_T_CYCRQST_TM_conversions.h
  at file C:\GITHUB\modeling\model\Scade\System\ObuFunctions\TrackAtlas\KCG\CAST_Int_to_T_CYCRQST_TM_conversions.h, line 0, character 0
 ~CAST_Int_to_T_TIMEOUTRQST_TM_conversions.h
  at file C:\GITHUB\modeling\model\Scade\System\ObuFunctions\TrackAtlas\KCG\CAST_Int_to_T_TIMEOUTRQST_TM_conversions.h, line 0, character 0
 ~CAST_Int_to_T_MAR_TM_conversions.h
  at file C:\GITHUB\modeling\model\Scade\System\ObuFunctions\TrackAtlas\KCG\CAST_Int_to_T_MAR_TM_conversions.h, line 0, character 0
 ~TA_to_ML_TA_Export.h
  at file C:\GITHUB\modeling\model\Scade\System\ObuFunctions\TrackAtlas\KCG\TA_to_ML_TA_Export.h, line 0, character 0
 ~C_P003V1_OBU_P003_OBU_TM_conversions_baseline2.h
  at file C:\GITHUB\modeling\model\Scade\System\ObuFunctions\TrackAtlas\KCG\C_P003V1_OBU_P003_OBU_TM_conversions_baseline2.h, line 0, character 0
 ~C_P003V1_OBU_P003_OBU_convert_nid_c_list_TM_conversions_baseline2.h
  at file C:\GITHUB\modeling\model\Scade\System\ObuFunctions\TrackAtlas\KCG\C_P003V1_OBU_P003_OBU_convert_nid_c_list_TM_conversions_baseline2.h, line 0, character 0
 ~GradientProfile_to_DMI_TA_Export.h
  at file C:\GITHUB\modeling\model\Scade\System\ObuFunctions\TrackAtlas\KCG\GradientProfile_to_DMI_TA_Export.h, line 0, character 0
 ~GradientProfile_to_DMI_loop_TA_Export.h
  at file C:\GITHUB\modeling\model\Scade\System\ObuFunctions\TrackAtlas\KCG\GradientProfile_to_DMI_loop_TA_Export.h, line 0, character 0
 ~StoreRaw_NV_TA_Storage.h
  at file C:\GITHUB\modeling\model\Scade\System\ObuFunctions\TrackAtlas\KCG\StoreRaw_NV_TA_Storage.h, line 0, character 0
 ~NV_storage_TA_Storage.h
  at file C:\GITHUB\modeling\model\Scade\System\ObuFunctions\TrackAtlas\KCG\NV_storage_TA_Storage.h, line 0, character 0
 ~Read_P003V1_TM_baseline2.h
  at file C:\GITHUB\modeling\model\Scade\System\ObuFunctions\TrackAtlas\KCG\Read_P003V1_TM_baseline2.h, line 0, character 0
 ~C_P003V1_compr_onboard_TM_conversions_baseline2.h
  at file C:\GITHUB\modeling\model\Scade\System\ObuFunctions\TrackAtlas\KCG\C_P003V1_compr_onboard_TM_conversions_baseline2.h, line 0, character 0
 ~CAST_Int_to_D_NVSTFF_TM_conversions.h
  at file C:\GITHUB\modeling\model\Scade\System\ObuFunctions\TrackAtlas\KCG\CAST_Int_to_D_NVSTFF_TM_conversions.h, line 0, character 0
 ~CAST_Int_to_Q_NVDRIVER_ADHES_TM_conversions.h
  at file C:\GITHUB\modeling\model\Scade\System\ObuFunctions\TrackAtlas\KCG\CAST_Int_to_Q_NVDRIVER_ADHES_TM_conversions.h, line 0, character 0
 ~CAST_Int_to_M_NVDERUN_TM_conversions.h
  at file C:\GITHUB\modeling\model\Scade\System\ObuFunctions\TrackAtlas\KCG\CAST_Int_to_M_NVDERUN_TM_conversions.h, line 0, character 0
 ~CAST_Int_to_T_NVCONTACT_TM_conversions.h
  at file C:\GITHUB\modeling\model\Scade\System\ObuFunctions\TrackAtlas\KCG\CAST_Int_to_T_NVCONTACT_TM_conversions.h, line 0, character 0
 ~CAST_Int_to_M_NVCONTACT_TM_conversions.h
  at file C:\GITHUB\modeling\model\Scade\System\ObuFunctions\TrackAtlas\KCG\CAST_Int_to_M_NVCONTACT_TM_conversions.h, line 0, character 0
 ~CAST_Int_to_D_NVPOTRP_TM_conversions.h
  at file C:\GITHUB\modeling\model\Scade\System\ObuFunctions\TrackAtlas\KCG\CAST_Int_to_D_NVPOTRP_TM_conversions.h, line 0, character 0
 ~CAST_Int_to_Q_NVEMRRLS_TM_conversions.h
  at file C:\GITHUB\modeling\model\Scade\System\ObuFunctions\TrackAtlas\KCG\CAST_Int_to_Q_NVEMRRLS_TM_conversions.h, line 0, character 0
 ~CAST_Int_to_T_NVOVTRP_TM_conversions.h
  at file C:\GITHUB\modeling\model\Scade\System\ObuFunctions\TrackAtlas\KCG\CAST_Int_to_T_NVOVTRP_TM_conversions.h, line 0, character 0
 ~CAST_Int_to_D_NVOVTRP_TM_conversions.h
  at file C:\GITHUB\modeling\model\Scade\System\ObuFunctions\TrackAtlas\KCG\CAST_Int_to_D_NVOVTRP_TM_conversions.h, line 0, character 0
 ~CAST_Int_to_V_NVSUPOVTRP_TM_conversions.h
  at file C:\GITHUB\modeling\model\Scade\System\ObuFunctions\TrackAtlas\KCG\CAST_Int_to_V_NVSUPOVTRP_TM_conversions.h, line 0, character 0
 ~CAST_Int_to_V_NVALLOWOVTRP_TM_conversions.h
  at file C:\GITHUB\modeling\model\Scade\System\ObuFunctions\TrackAtlas\KCG\CAST_Int_to_V_NVALLOWOVTRP_TM_conversions.h, line 0, character 0
 ~CAST_Int_to_Q_NVSBTSMPERM_TM_conversions.h
  at file C:\GITHUB\modeling\model\Scade\System\ObuFunctions\TrackAtlas\KCG\CAST_Int_to_Q_NVSBTSMPERM_TM_conversions.h, line 0, character 0
 ~CAST_Int_to_D_NVROLL_TM_conversions.h
  at file C:\GITHUB\modeling\model\Scade\System\ObuFunctions\TrackAtlas\KCG\CAST_Int_to_D_NVROLL_TM_conversions.h, line 0, character 0
 ~CAST_Int_to_V_NVREL_TM_conversions.h
  at file C:\GITHUB\modeling\model\Scade\System\ObuFunctions\TrackAtlas\KCG\CAST_Int_to_V_NVREL_TM_conversions.h, line 0, character 0
 ~CAST_Int_to_V_NVUNFIT_TM_conversions.h
  at file C:\GITHUB\modeling\model\Scade\System\ObuFunctions\TrackAtlas\KCG\CAST_Int_to_V_NVUNFIT_TM_conversions.h, line 0, character 0
 ~CAST_Int_to_V_NVONSIGHT_TM_conversions.h
  at file C:\GITHUB\modeling\model\Scade\System\ObuFunctions\TrackAtlas\KCG\CAST_Int_to_V_NVONSIGHT_TM_conversions.h, line 0, character 0
 ~CAST_Int_to_V_NVSTFF_TM_conversions.h
  at file C:\GITHUB\modeling\model\Scade\System\ObuFunctions\TrackAtlas\KCG\CAST_Int_to_V_NVSTFF_TM_conversions.h, line 0, character 0
 ~CAST_Int_to_V_NVSHUNT_TM_conversions.h
  at file C:\GITHUB\modeling\model\Scade\System\ObuFunctions\TrackAtlas\KCG\CAST_Int_to_V_NVSHUNT_TM_conversions.h, line 0, character 0
 ~CAST_Int_to_D_VALIDNV_TM_conversions.h
  at file C:\GITHUB\modeling\model\Scade\System\ObuFunctions\TrackAtlas\KCG\CAST_Int_to_D_VALIDNV_TM_conversions.h, line 0, character 0
 ~C_P003V1_unflatten_sections_TM_lib_internal.h
  at file C:\GITHUB\modeling\model\Scade\System\ObuFunctions\TrackAtlas\KCG\C_P003V1_unflatten_sections_TM_lib_internal.h, line 0, character 0
 ~C_P003V1_us_array_TM_lib_internal.h
  at file C:\GITHUB\modeling\model\Scade\System\ObuFunctions\TrackAtlas\KCG\C_P003V1_us_array_TM_lib_internal.h, line 0, character 0
 ~CAST_Int_to_NID_C_TM_conversions.h
  at file C:\GITHUB\modeling\model\Scade\System\ObuFunctions\TrackAtlas\KCG\CAST_Int_to_NID_C_TM_conversions.h, line 0, character 0
 ~C_P003V1_extract_el_section_TM_lib_internal.h
  at file C:\GITHUB\modeling\model\Scade\System\ObuFunctions\TrackAtlas\KCG\C_P003V1_extract_el_section_TM_lib_internal.h, line 0, character 0
 ~Build_MRSP_TA_MRSP.h
  at file C:\GITHUB\modeling\model\Scade\System\ObuFunctions\TrackAtlas\KCG\Build_MRSP_TA_MRSP.h, line 0, character 0
 ~SP_TSR_TA_SpeedProfiles.h
  at file C:\GITHUB\modeling\model\Scade\System\ObuFunctions\TrackAtlas\KCG\SP_TSR_TA_SpeedProfiles.h, line 0, character 0
 ~SP_STM_SystemSpeed_TA_SpeedProfiles.h
  at file C:\GITHUB\modeling\model\Scade\System\ObuFunctions\TrackAtlas\KCG\SP_STM_SystemSpeed_TA_SpeedProfiles.h, line 0, character 0
 ~SP_STM_MaxSpeed_TA_SpeedProfiles.h
  at file C:\GITHUB\modeling\model\Scade\System\ObuFunctions\TrackAtlas\KCG\SP_STM_MaxSpeed_TA_SpeedProfiles.h, line 0, character 0
 ~SP_SSP_TA_SpeedProfiles.h
  at file C:\GITHUB\modeling\model\Scade\System\ObuFunctions\TrackAtlas\KCG\SP_SSP_TA_SpeedProfiles.h, line 0, character 0
 ~Update_LRBG_only_TA_SSP.h
  at file C:\GITHUB\modeling\model\Scade\System\ObuFunctions\TrackAtlas\KCG\Update_LRBG_only_TA_SSP.h, line 0, character 0
 ~Update_SSP_only_TA_SSP.h
  at file C:\GITHUB\modeling\model\Scade\System\ObuFunctions\TrackAtlas\KCG\Update_SSP_only_TA_SSP.h, line 0, character 0
 ~Update_SSP_then_LRBG_TA_SSP.h
  at file C:\GITHUB\modeling\model\Scade\System\ObuFunctions\TrackAtlas\KCG\Update_SSP_then_LRBG_TA_SSP.h, line 0, character 0
 ~Update_LRBG_then_SSP_TA_SSP.h
  at file C:\GITHUB\modeling\model\Scade\System\ObuFunctions\TrackAtlas\KCG\Update_LRBG_then_SSP_TA_SSP.h, line 0, character 0
 ~Update_SP_per_LRBG_TA_Lib_internal.h
  at file C:\GITHUB\modeling\model\Scade\System\ObuFunctions\TrackAtlas\KCG\Update_SP_per_LRBG_TA_Lib_internal.h, line 0, character 0
 ~Update_SP_per_LRBG_loop_TA_Lib_internal.h
  at file C:\GITHUB\modeling\model\Scade\System\ObuFunctions\TrackAtlas\KCG\Update_SP_per_LRBG_loop_TA_Lib_internal.h, line 0, character 0
 ~FindStartOfNewSpeedProfile_TA_Lib_internal.h
  at file C:\GITHUB\modeling\model\Scade\System\ObuFunctions\TrackAtlas\KCG\FindStartOfNewSpeedProfile_TA_Lib_internal.h, line 0, character 0
 ~FindStartOfNewSpeedProfile_LOOP_TA_Lib_internal.h
  at file C:\GITHUB\modeling\model\Scade\System\ObuFunctions\TrackAtlas\KCG\FindStartOfNewSpeedProfile_LOOP_TA_Lib_internal.h, line 0, character 0
 ~Convert_P27_to_DistanceProfile_TA_SSP.h
  at file C:\GITHUB\modeling\model\Scade\System\ObuFunctions\TrackAtlas\KCG\Convert_P27_to_DistanceProfile_TA_SSP.h, line 0, character 0
 ~Convert_P27_to_DistanceProfile_1st_section_TA_SSP.h
  at file C:\GITHUB\modeling\model\Scade\System\ObuFunctions\TrackAtlas\KCG\Convert_P27_to_DistanceProfile_1st_section_TA_SSP.h, line 0, character 0
 ~Eval_Q_Front_TA_Lib_internal.h
  at file C:\GITHUB\modeling\model\Scade\System\ObuFunctions\TrackAtlas\KCG\Eval_Q_Front_TA_Lib_internal.h, line 0, character 0
 ~Convert_P27_to_DistanceProfile_loop_TA_SSP.h
  at file C:\GITHUB\modeling\model\Scade\System\ObuFunctions\TrackAtlas\KCG\Convert_P27_to_DistanceProfile_loop_TA_SSP.h, line 0, character 0
 ~DetectSpeedIncrease_TA_Lib_internal.h
  at file C:\GITHUB\modeling\model\Scade\System\ObuFunctions\TrackAtlas\KCG\DetectSpeedIncrease_TA_Lib_internal.h, line 0, character 0
 ~MoveSPSectionsToNewLRBGafter_TA_Lib_internal.h
  at file C:\GITHUB\modeling\model\Scade\System\ObuFunctions\TrackAtlas\KCG\MoveSPSectionsToNewLRBGafter_TA_Lib_internal.h, line 0, character 0
 ~MoveSPSectionsToNewLRBGafter_Loop_TA_Lib_internal.h
  at file C:\GITHUB\modeling\model\Scade\System\ObuFunctions\TrackAtlas\KCG\MoveSPSectionsToNewLRBGafter_Loop_TA_Lib_internal.h, line 0, character 0
 ~FindFirstRelevantSPForNewLRBG_TA_Lib_internal.h
  at file C:\GITHUB\modeling\model\Scade\System\ObuFunctions\TrackAtlas\KCG\FindFirstRelevantSPForNewLRBG_TA_Lib_internal.h, line 0, character 0
 ~FindFirstRelevantSPForNewLRBG_Loop_TA_Lib_internal.h
  at file C:\GITHUB\modeling\model\Scade\System\ObuFunctions\TrackAtlas\KCG\FindFirstRelevantSPForNewLRBG_Loop_TA_Lib_internal.h, line 0, character 0
 ~Read_P027V1_TM_baseline2.h
  at file C:\GITHUB\modeling\model\Scade\System\ObuFunctions\TrackAtlas\KCG\Read_P027V1_TM_baseline2.h, line 0, character 0
 ~Read_P027V1_sections_TM_baseline2.h
  at file C:\GITHUB\modeling\model\Scade\System\ObuFunctions\TrackAtlas\KCG\Read_P027V1_sections_TM_baseline2.h, line 0, character 0
 ~C_P027V1_compr_onboard_sections_level2_TM_conversions_baseline2.h
  at file C:\GITHUB\modeling\model\Scade\System\ObuFunctions\TrackAtlas\KCG\C_P027V1_compr_onboard_sections_level2_TM_conversions_baseline2.h, line 0, character 0
 ~CAST_Int_to_V_STATIC_TM_conversions.h
  at file C:\GITHUB\modeling\model\Scade\System\ObuFunctions\TrackAtlas\KCG\CAST_Int_to_V_STATIC_TM_conversions.h, line 0, character 0
 ~CAST_Int_to_Q_FRONT_TM_conversions.h
  at file C:\GITHUB\modeling\model\Scade\System\ObuFunctions\TrackAtlas\KCG\CAST_Int_to_Q_FRONT_TM_conversions.h, line 0, character 0
 ~CAST_Int_to_D_STATIC_TM_conversions.h
  at file C:\GITHUB\modeling\model\Scade\System\ObuFunctions\TrackAtlas\KCG\CAST_Int_to_D_STATIC_TM_conversions.h, line 0, character 0
 ~C_P027V1_us_array_qdiff_TM_lib_internal.h
  at file C:\GITHUB\modeling\model\Scade\System\ObuFunctions\TrackAtlas\KCG\C_P027V1_us_array_qdiff_TM_lib_internal.h, line 0, character 0
 ~CAST_Int_to_V_DIFF_TM_conversions.h
  at file C:\GITHUB\modeling\model\Scade\System\ObuFunctions\TrackAtlas\KCG\CAST_Int_to_V_DIFF_TM_conversions.h, line 0, character 0
 ~CAST_Int_to_NC_DIFF_TM_conversions.h
  at file C:\GITHUB\modeling\model\Scade\System\ObuFunctions\TrackAtlas\KCG\CAST_Int_to_NC_DIFF_TM_conversions.h, line 0, character 0
 ~C_P027V1_extract_el_section_TM_lib_internal.h
  at file C:\GITHUB\modeling\model\Scade\System\ObuFunctions\TrackAtlas\KCG\C_P027V1_extract_el_section_TM_lib_internal.h, line 0, character 0
 ~T_Decode_Metadata_L2_TM_lib_internal.h
  at file C:\GITHUB\modeling\model\Scade\System\ObuFunctions\TrackAtlas\KCG\T_Decode_Metadata_L2_TM_lib_internal.h, line 0, character 0
 ~SP_SignalingRelated_TA_SpeedProfiles.h
  at file C:\GITHUB\modeling\model\Scade\System\ObuFunctions\TrackAtlas\KCG\SP_SignalingRelated_TA_SpeedProfiles.h, line 0, character 0
 ~SP_PBD_SR_TA_SpeedProfiles.h
  at file C:\GITHUB\modeling\model\Scade\System\ObuFunctions\TrackAtlas\KCG\SP_PBD_SR_TA_SpeedProfiles.h, line 0, character 0
 ~SP_OverrideRelated_TA_SpeedProfiles.h
  at file C:\GITHUB\modeling\model\Scade\System\ObuFunctions\TrackAtlas\KCG\SP_OverrideRelated_TA_SpeedProfiles.h, line 0, character 0
 ~SP_ModeRelated_TA_SpeedProfiles.h
  at file C:\GITHUB\modeling\model\Scade\System\ObuFunctions\TrackAtlas\KCG\SP_ModeRelated_TA_SpeedProfiles.h, line 0, character 0
 ~SP_MaxTrainSpeed_TA_SpeedProfiles.h
  at file C:\GITHUB\modeling\model\Scade\System\ObuFunctions\TrackAtlas\KCG\SP_MaxTrainSpeed_TA_SpeedProfiles.h, line 0, character 0
 ~SP_LX_SR_TA_SpeedProfiles.h
  at file C:\GITHUB\modeling\model\Scade\System\ObuFunctions\TrackAtlas\KCG\SP_LX_SR_TA_SpeedProfiles.h, line 0, character 0
 ~SP_ASP_TA_SpeedProfiles.h
  at file C:\GITHUB\modeling\model\Scade\System\ObuFunctions\TrackAtlas\KCG\SP_ASP_TA_SpeedProfiles.h, line 0, character 0
 ~Build_SSP_Matrix_TA_SpeedProfiles.h
  at file C:\GITHUB\modeling\model\Scade\System\ObuFunctions\TrackAtlas\KCG\Build_SSP_Matrix_TA_SpeedProfiles.h, line 0, character 0
 ~Calculate_MRSP_TA_MRSP.h
  at file C:\GITHUB\modeling\model\Scade\System\ObuFunctions\TrackAtlas\KCG\Calculate_MRSP_TA_MRSP.h, line 0, character 0
 ~MRSP_Determine_LengthOfTargetList_TA_MRSP.h
  at file C:\GITHUB\modeling\model\Scade\System\ObuFunctions\TrackAtlas\KCG\MRSP_Determine_LengthOfTargetList_TA_MRSP.h, line 0, character 0
 ~MRSP_Determine_LengthOfTargetList_LOOP_TA_MRSP.h
  at file C:\GITHUB\modeling\model\Scade\System\ObuFunctions\TrackAtlas\KCG\MRSP_Determine_LengthOfTargetList_LOOP_TA_MRSP.h, line 0, character 0
 ~MRSP_Split_And_Reverse_SSP_matrix_TA_MRSP.h
  at file C:\GITHUB\modeling\model\Scade\System\ObuFunctions\TrackAtlas\KCG\MRSP_Split_And_Reverse_SSP_matrix_TA_MRSP.h, line 0, character 0
 ~MRSP_SplitAndReverseSSP_LOOP1_TA_MRSP.h
  at file C:\GITHUB\modeling\model\Scade\System\ObuFunctions\TrackAtlas\KCG\MRSP_SplitAndReverseSSP_LOOP1_TA_MRSP.h, line 0, character 0
 ~MRSP_SplitAndReverseSSP_LOOP2_TA_MRSP.h
  at file C:\GITHUB\modeling\model\Scade\System\ObuFunctions\TrackAtlas\KCG\MRSP_SplitAndReverseSSP_LOOP2_TA_MRSP.h, line 0, character 0
 ~MRSP_Build_MRSP_LOOP_TA_MRSP.h
  at file C:\GITHUB\modeling\model\Scade\System\ObuFunctions\TrackAtlas\KCG\MRSP_Build_MRSP_LOOP_TA_MRSP.h, line 0, character 0
 ~MRSP_Determine_MRS_TA_MRSP.h
  at file C:\GITHUB\modeling\model\Scade\System\ObuFunctions\TrackAtlas\KCG\MRSP_Determine_MRS_TA_MRSP.h, line 0, character 0
 ~MRSP_Determine_Lowest_Speed_TA_MRSP.h
  at file C:\GITHUB\modeling\model\Scade\System\ObuFunctions\TrackAtlas\KCG\MRSP_Determine_Lowest_Speed_TA_MRSP.h, line 0, character 0
 ~MRSP_DetermineRelevantSpeedperCat_TA_MRSP.h
  at file C:\GITHUB\modeling\model\Scade\System\ObuFunctions\TrackAtlas\KCG\MRSP_DetermineRelevantSpeedperCat_TA_MRSP.h, line 0, character 0
 ~MRSP_FindLastSSPSection_TA_MRSP.h
  at file C:\GITHUB\modeling\model\Scade\System\ObuFunctions\TrackAtlas\KCG\MRSP_FindLastSSPSection_TA_MRSP.h, line 0, character 0
 ~MRSP_FindLastSSPSection_LOOP_TA_MRSP.h
  at file C:\GITHUB\modeling\model\Scade\System\ObuFunctions\TrackAtlas\KCG\MRSP_FindLastSSPSection_LOOP_TA_MRSP.h, line 0, character 0
 ~MRSP_DetermineRelevantSpeedperCat_LOOP_TA_MRSP.h
  at file C:\GITHUB\modeling\model\Scade\System\ObuFunctions\TrackAtlas\KCG\MRSP_DetermineRelevantSpeedperCat_LOOP_TA_MRSP.h, line 0, character 0
 ~MRSP_BuildTargetList_TA_MRSP.h
  at file C:\GITHUB\modeling\model\Scade\System\ObuFunctions\TrackAtlas\KCG\MRSP_BuildTargetList_TA_MRSP.h, line 0, character 0
 ~MRSP_BuildTargetList_LOOP_TA_MRSP.h
  at file C:\GITHUB\modeling\model\Scade\System\ObuFunctions\TrackAtlas\KCG\MRSP_BuildTargetList_LOOP_TA_MRSP.h, line 0, character 0
 ~MRSP_RemoveLargestFromSSP_t_matrix_TA_MRSP.h
  at file C:\GITHUB\modeling\model\Scade\System\ObuFunctions\TrackAtlas\KCG\MRSP_RemoveLargestFromSSP_t_matrix_TA_MRSP.h, line 0, character 0
 ~MRSP_FindMax_of_all_t_cats_TA_MRSP.h
  at file C:\GITHUB\modeling\model\Scade\System\ObuFunctions\TrackAtlas\KCG\MRSP_FindMax_of_all_t_cats_TA_MRSP.h, line 0, character 0
 ~MRSP_ConvertIndexedElements_TA_MRSP.h
  at file C:\GITHUB\modeling\model\Scade\System\ObuFunctions\TrackAtlas\KCG\MRSP_ConvertIndexedElements_TA_MRSP.h, line 0, character 0
 ~MRSP_FindMax_of_all_t_cats_LOOP_TA_MRSP.h
  at file C:\GITHUB\modeling\model\Scade\System\ObuFunctions\TrackAtlas\KCG\MRSP_FindMax_of_all_t_cats_LOOP_TA_MRSP.h, line 0, character 0
 ~MRSP_Find_First_in_each_t_SSP_cat_TA_MRSP.h
  at file C:\GITHUB\modeling\model\Scade\System\ObuFunctions\TrackAtlas\KCG\MRSP_Find_First_in_each_t_SSP_cat_TA_MRSP.h, line 0, character 0
 ~MRSP_Find_First_in_SSP_t_cat_TA_MRSP.h
  at file C:\GITHUB\modeling\model\Scade\System\ObuFunctions\TrackAtlas\KCG\MRSP_Find_First_in_SSP_t_cat_TA_MRSP.h, line 0, character 0
 ~MRSP_Find_First_in_SSP_t_cat_LOOP_TA_MRSP.h
  at file C:\GITHUB\modeling\model\Scade\System\ObuFunctions\TrackAtlas\KCG\MRSP_Find_First_in_SSP_t_cat_LOOP_TA_MRSP.h, line 0, character 0
 ~Build_MA_TA_MA.h
  at file C:\GITHUB\modeling\model\Scade\System\ObuFunctions\TrackAtlas\KCG\Build_MA_TA_MA.h, line 0, character 0
 ~StoreRaw_MA_TA_MA.h
  at file C:\GITHUB\modeling\model\Scade\System\ObuFunctions\TrackAtlas\KCG\StoreRaw_MA_TA_MA.h, line 0, character 0
 ~MA_storage_TA_MA.h
  at file C:\GITHUB\modeling\model\Scade\System\ObuFunctions\TrackAtlas\KCG\MA_storage_TA_MA.h, line 0, character 0
 ~Read_P015_TM.h
  at file C:\GITHUB\modeling\model\Scade\System\ObuFunctions\TrackAtlas\KCG\Read_P015_TM.h, line 0, character 0
 ~C_P015_compr_onboard_TM_conversions.h
  at file C:\GITHUB\modeling\model\Scade\System\ObuFunctions\TrackAtlas\KCG\C_P015_compr_onboard_TM_conversions.h, line 0, character 0
 ~CAST_Int_to_D_STARTOL_TM_conversions.h
  at file C:\GITHUB\modeling\model\Scade\System\ObuFunctions\TrackAtlas\KCG\CAST_Int_to_D_STARTOL_TM_conversions.h, line 0, character 0
 ~CAST_Int_to_D_ENDTIMERSTARTLOC_TM_conversions.h
  at file C:\GITHUB\modeling\model\Scade\System\ObuFunctions\TrackAtlas\KCG\CAST_Int_to_D_ENDTIMERSTARTLOC_TM_conversions.h, line 0, character 0
 ~CAST_Int_to_V_RELEASEOL_TM_conversions.h
  at file C:\GITHUB\modeling\model\Scade\System\ObuFunctions\TrackAtlas\KCG\CAST_Int_to_V_RELEASEOL_TM_conversions.h, line 0, character 0
 ~CAST_Int_to_L_ENDSECTION_TM_conversions.h
  at file C:\GITHUB\modeling\model\Scade\System\ObuFunctions\TrackAtlas\KCG\CAST_Int_to_L_ENDSECTION_TM_conversions.h, line 0, character 0
 ~CAST_Int_to_V_RELEASEDP_TM_conversions.h
  at file C:\GITHUB\modeling\model\Scade\System\ObuFunctions\TrackAtlas\KCG\CAST_Int_to_V_RELEASEDP_TM_conversions.h, line 0, character 0
 ~CAST_Int_to_Q_ENDTIMER_TM_conversions.h
  at file C:\GITHUB\modeling\model\Scade\System\ObuFunctions\TrackAtlas\KCG\CAST_Int_to_Q_ENDTIMER_TM_conversions.h, line 0, character 0
 ~CAST_Int_to_T_OL_TM_conversions.h
  at file C:\GITHUB\modeling\model\Scade\System\ObuFunctions\TrackAtlas\KCG\CAST_Int_to_T_OL_TM_conversions.h, line 0, character 0
 ~CAST_Int_to_T_LOA_TM_conversions.h
  at file C:\GITHUB\modeling\model\Scade\System\ObuFunctions\TrackAtlas\KCG\CAST_Int_to_T_LOA_TM_conversions.h, line 0, character 0
 ~CAST_Int_to_Q_DANGERPOINT_TM_conversions.h
  at file C:\GITHUB\modeling\model\Scade\System\ObuFunctions\TrackAtlas\KCG\CAST_Int_to_Q_DANGERPOINT_TM_conversions.h, line 0, character 0
 ~CAST_Int_to_Q_OVERLAP_TM_conversions.h
  at file C:\GITHUB\modeling\model\Scade\System\ObuFunctions\TrackAtlas\KCG\CAST_Int_to_Q_OVERLAP_TM_conversions.h, line 0, character 0
 ~C_P015_unflatten_sections_TM_lib_internal.h
  at file C:\GITHUB\modeling\model\Scade\System\ObuFunctions\TrackAtlas\KCG\C_P015_unflatten_sections_TM_lib_internal.h, line 0, character 0
 ~C_P015_us_array_TM_lib_internal.h
  at file C:\GITHUB\modeling\model\Scade\System\ObuFunctions\TrackAtlas\KCG\C_P015_us_array_TM_lib_internal.h, line 0, character 0
 ~CAST_Int_to_D_SECTIONTIMERSTOPLOC_TM_conversions.h
  at file C:\GITHUB\modeling\model\Scade\System\ObuFunctions\TrackAtlas\KCG\CAST_Int_to_D_SECTIONTIMERSTOPLOC_TM_conversions.h, line 0, character 0
 ~CAST_Int_to_Q_SECTIONTIMER_TM_conversions.h
  at file C:\GITHUB\modeling\model\Scade\System\ObuFunctions\TrackAtlas\KCG\CAST_Int_to_Q_SECTIONTIMER_TM_conversions.h, line 0, character 0
 ~CAST_Int_to_T_SECTIONTIMER_TM_conversions.h
  at file C:\GITHUB\modeling\model\Scade\System\ObuFunctions\TrackAtlas\KCG\CAST_Int_to_T_SECTIONTIMER_TM_conversions.h, line 0, character 0
 ~CAST_Int_to_L_SECTION_TM_conversions.h
  at file C:\GITHUB\modeling\model\Scade\System\ObuFunctions\TrackAtlas\KCG\CAST_Int_to_L_SECTION_TM_conversions.h, line 0, character 0
 ~C_P015_extract_el_section_TM_lib_internal.h
  at file C:\GITHUB\modeling\model\Scade\System\ObuFunctions\TrackAtlas\KCG\C_P015_extract_el_section_TM_lib_internal.h, line 0, character 0
 ~CAST_Int_to_T_ENDTIMER_TM_conversions.h
  at file C:\GITHUB\modeling\model\Scade\System\ObuFunctions\TrackAtlas\KCG\CAST_Int_to_T_ENDTIMER_TM_conversions.h, line 0, character 0
 ~CAST_Int_to_V_LOA_TM_conversions.h
  at file C:\GITHUB\modeling\model\Scade\System\ObuFunctions\TrackAtlas\KCG\CAST_Int_to_V_LOA_TM_conversions.h, line 0, character 0
 ~CAST_Int_to_D_OL_TM_conversions.h
  at file C:\GITHUB\modeling\model\Scade\System\ObuFunctions\TrackAtlas\KCG\CAST_Int_to_D_OL_TM_conversions.h, line 0, character 0
 ~CAST_Int_to_D_DP_TM_conversions.h
  at file C:\GITHUB\modeling\model\Scade\System\ObuFunctions\TrackAtlas\KCG\CAST_Int_to_D_DP_TM_conversions.h, line 0, character 0
 ~Decode_P015_TA_MA.h
  at file C:\GITHUB\modeling\model\Scade\System\ObuFunctions\TrackAtlas\KCG\Decode_P015_TA_MA.h, line 0, character 0
 ~EVAL_Q_OVERLAP_TA_Lib_internal.h
  at file C:\GITHUB\modeling\model\Scade\System\ObuFunctions\TrackAtlas\KCG\EVAL_Q_OVERLAP_TA_Lib_internal.h, line 0, character 0
 ~EVAL_V_Release_TA_Lib_internal.h
  at file C:\GITHUB\modeling\model\Scade\System\ObuFunctions\TrackAtlas\KCG\EVAL_V_Release_TA_Lib_internal.h, line 0, character 0
 ~EVAL_Q_DANGERPOINT_TA_Lib_internal.h
  at file C:\GITHUB\modeling\model\Scade\System\ObuFunctions\TrackAtlas\KCG\EVAL_Q_DANGERPOINT_TA_Lib_internal.h, line 0, character 0
 ~DecodeMASection_TA_MA.h
  at file C:\GITHUB\modeling\model\Scade\System\ObuFunctions\TrackAtlas\KCG\DecodeMASection_TA_MA.h, line 0, character 0
 ~EVAL_T_LOA_TA_Lib_internal.h
  at file C:\GITHUB\modeling\model\Scade\System\ObuFunctions\TrackAtlas\KCG\EVAL_T_LOA_TA_Lib_internal.h, line 0, character 0
 ~Eval_Q_SCALE_TA_MRSP.h
  at file C:\GITHUB\modeling\model\Scade\System\ObuFunctions\TrackAtlas\KCG\Eval_Q_SCALE_TA_MRSP.h, line 0, character 0
 ~Build_GradientProfile_TA_Gradient.h
  at file C:\GITHUB\modeling\model\Scade\System\ObuFunctions\TrackAtlas\KCG\Build_GradientProfile_TA_Gradient.h, line 0, character 0
 ~Update_LRBG_only_TA_Gradient.h
  at file C:\GITHUB\modeling\model\Scade\System\ObuFunctions\TrackAtlas\KCG\Update_LRBG_only_TA_Gradient.h, line 0, character 0
 ~Update_GP_only_TA_Gradient.h
  at file C:\GITHUB\modeling\model\Scade\System\ObuFunctions\TrackAtlas\KCG\Update_GP_only_TA_Gradient.h, line 0, character 0
 ~Update_GP_then_LRBG_TA_Gradient.h
  at file C:\GITHUB\modeling\model\Scade\System\ObuFunctions\TrackAtlas\KCG\Update_GP_then_LRBG_TA_Gradient.h, line 0, character 0
 ~Update_LRBG_then_GP_TA_Gradient.h
  at file C:\GITHUB\modeling\model\Scade\System\ObuFunctions\TrackAtlas\KCG\Update_LRBG_then_GP_TA_Gradient.h, line 0, character 0
 ~Update_GP_per_LRBG_TA_Lib_internal.h
  at file C:\GITHUB\modeling\model\Scade\System\ObuFunctions\TrackAtlas\KCG\Update_GP_per_LRBG_TA_Lib_internal.h, line 0, character 0
 ~Update_GP_per_LRBG_loop_TA_Lib_internal.h
  at file C:\GITHUB\modeling\model\Scade\System\ObuFunctions\TrackAtlas\KCG\Update_GP_per_LRBG_loop_TA_Lib_internal.h, line 0, character 0
 ~FindStartOfNewGradientProfile_TA_Lib_internal.h
  at file C:\GITHUB\modeling\model\Scade\System\ObuFunctions\TrackAtlas\KCG\FindStartOfNewGradientProfile_TA_Lib_internal.h, line 0, character 0
 ~FindStartOfNewGradientProfile_LOOP_TA_Lib_internal.h
  at file C:\GITHUB\modeling\model\Scade\System\ObuFunctions\TrackAtlas\KCG\FindStartOfNewGradientProfile_LOOP_TA_Lib_internal.h, line 0, character 0
 ~Convert_P21_to_DistanceProfile_TA_Gradient.h
  at file C:\GITHUB\modeling\model\Scade\System\ObuFunctions\TrackAtlas\KCG\Convert_P21_to_DistanceProfile_TA_Gradient.h, line 0, character 0
 ~Convert_P21_to_DistanceProfile_loop_TA_Gradient.h
  at file C:\GITHUB\modeling\model\Scade\System\ObuFunctions\TrackAtlas\KCG\Convert_P21_to_DistanceProfile_loop_TA_Gradient.h, line 0, character 0
 ~EVAL_Q_GDIR_TA_Lib_internal.h
  at file C:\GITHUB\modeling\model\Scade\System\ObuFunctions\TrackAtlas\KCG\EVAL_Q_GDIR_TA_Lib_internal.h, line 0, character 0
 ~Normalize_Distance_d_internal_t_TA_Lib_internal.h
  at file C:\GITHUB\modeling\model\Scade\System\ObuFunctions\TrackAtlas\KCG\Normalize_Distance_d_internal_t_TA_Lib_internal.h, line 0, character 0
 ~MoveGPSectionsToNewLRBGafter_TA_Lib_internal.h
  at file C:\GITHUB\modeling\model\Scade\System\ObuFunctions\TrackAtlas\KCG\MoveGPSectionsToNewLRBGafter_TA_Lib_internal.h, line 0, character 0
 ~MoveGPSectionsToNewLRBGafter_Loop_TA_Lib_internal.h
  at file C:\GITHUB\modeling\model\Scade\System\ObuFunctions\TrackAtlas\KCG\MoveGPSectionsToNewLRBGafter_Loop_TA_Lib_internal.h, line 0, character 0
 ~NormalizePos_TA_Lib_internal.h
  at file C:\GITHUB\modeling\model\Scade\System\ObuFunctions\TrackAtlas\KCG\NormalizePos_TA_Lib_internal.h, line 0, character 0
 ~FindFirstRelevantGPForNewLRBG_TA_Lib_internal.h
  at file C:\GITHUB\modeling\model\Scade\System\ObuFunctions\TrackAtlas\KCG\FindFirstRelevantGPForNewLRBG_TA_Lib_internal.h, line 0, character 0
 ~FindFirstRelevantGPForNewLRBG_Loop_TA_Lib_internal.h
  at file C:\GITHUB\modeling\model\Scade\System\ObuFunctions\TrackAtlas\KCG\FindFirstRelevantGPForNewLRBG_Loop_TA_Lib_internal.h, line 0, character 0
 ~Eval_LRBG_TA_Lib_internal.h
  at file C:\GITHUB\modeling\model\Scade\System\ObuFunctions\TrackAtlas\KCG\Eval_LRBG_TA_Lib_internal.h, line 0, character 0
 ~Read_P021_TM.h
  at file C:\GITHUB\modeling\model\Scade\System\ObuFunctions\TrackAtlas\KCG\Read_P021_TM.h, line 0, character 0
 ~C_P021_compr_onboard_TM_conversions.h
  at file C:\GITHUB\modeling\model\Scade\System\ObuFunctions\TrackAtlas\KCG\C_P021_compr_onboard_TM_conversions.h, line 0, character 0
 ~C_P021_unflatten_sections_TM_lib_internal.h
  at file C:\GITHUB\modeling\model\Scade\System\ObuFunctions\TrackAtlas\KCG\C_P021_unflatten_sections_TM_lib_internal.h, line 0, character 0
 ~C_P021_us_array_TM_lib_internal.h
  at file C:\GITHUB\modeling\model\Scade\System\ObuFunctions\TrackAtlas\KCG\C_P021_us_array_TM_lib_internal.h, line 0, character 0
 ~CAST_Int_to_Q_GDIR_TM_conversions.h
  at file C:\GITHUB\modeling\model\Scade\System\ObuFunctions\TrackAtlas\KCG\CAST_Int_to_Q_GDIR_TM_conversions.h, line 0, character 0
 ~CAST_Int_to_G_A_TM_conversions.h
  at file C:\GITHUB\modeling\model\Scade\System\ObuFunctions\TrackAtlas\KCG\CAST_Int_to_G_A_TM_conversions.h, line 0, character 0
 ~CAST_Int_to_D_GRADIENT_TM_conversions.h
  at file C:\GITHUB\modeling\model\Scade\System\ObuFunctions\TrackAtlas\KCG\CAST_Int_to_D_GRADIENT_TM_conversions.h, line 0, character 0
 ~C_P021_extract_el_section_TM_lib_internal.h
  at file C:\GITHUB\modeling\model\Scade\System\ObuFunctions\TrackAtlas\KCG\C_P021_extract_el_section_TM_lib_internal.h, line 0, character 0
 ~RECV_ReadPackets_TM_lib_internal.h
  at file C:\GITHUB\modeling\model\Scade\System\ObuFunctions\TrackAtlas\KCG\RECV_ReadPackets_TM_lib_internal.h, line 0, character 0
 ~RECV_ReadPacketKernel_TM_lib_internal.h
  at file C:\GITHUB\modeling\model\Scade\System\ObuFunctions\TrackAtlas\KCG\RECV_ReadPacketKernel_TM_lib_internal.h, line 0, character 0
 ~RECV_ReadPacketKernelLoop_TM_lib_internal.h
  at file C:\GITHUB\modeling\model\Scade\System\ObuFunctions\TrackAtlas\KCG\RECV_ReadPacketKernelLoop_TM_lib_internal.h, line 0, character 0
 ~RECV_LookupPacket_TM_lib_internal.h
  at file C:\GITHUB\modeling\model\Scade\System\ObuFunctions\TrackAtlas\KCG\RECV_LookupPacket_TM_lib_internal.h, line 0, character 0
 ~RECV_LookupPacketLoop_TM_lib_internal.h
  at file C:\GITHUB\modeling\model\Scade\System\ObuFunctions\TrackAtlas\KCG\RECV_LookupPacketLoop_TM_lib_internal.h, line 0, character 0
 ~T_Filter_Metadata_TM_lib_internal.h
  at file C:\GITHUB\modeling\model\Scade\System\ObuFunctions\TrackAtlas\KCG\T_Filter_Metadata_TM_lib_internal.h, line 0, character 0
 ~T_Filter_Metadata_Element_TM_lib_internal.h
  at file C:\GITHUB\modeling\model\Scade\System\ObuFunctions\TrackAtlas\KCG\T_Filter_Metadata_Element_TM_lib_internal.h, line 0, character 0
 ~T_Decode_metadata_new_TM_lib_internal.h
  at file C:\GITHUB\modeling\model\Scade\System\ObuFunctions\TrackAtlas\KCG\T_Decode_metadata_new_TM_lib_internal.h, line 0, character 0
 ~kcg_types.h
  at file C:\GITHUB\modeling\model\Scade\System\ObuFunctions\TrackAtlas\KCG\kcg_types.h, line 0, character 0
 ~kcg_consts.h
  at file C:\GITHUB\modeling\model\Scade\System\ObuFunctions\TrackAtlas\KCG\kcg_consts.h, line 0, character 0
 ~kcg_sensors.h
  at file C:\GITHUB\modeling\model\Scade\System\ObuFunctions\TrackAtlas\KCG\kcg_sensors.h, line 0, character 0
 ~kcg_types.c
  at file C:\GITHUB\modeling\model\Scade\System\ObuFunctions\TrackAtlas\KCG\kcg_types.c, line 0, character 0
 ~kcg_consts.c
  at file C:\GITHUB\modeling\model\Scade\System\ObuFunctions\TrackAtlas\KCG\kcg_consts.c, line 0, character 0
*** Generated Files Information (GENFIL): Code Generator Generated files
 ~user_macros.h
  at file C:\GITHUB\modeling\model\Scade\System\ObuFunctions\TrackAtlas\KCG\user_macros.h, line 0, character 0
 ~kcg_imported_types.h
  at file C:\GITHUB\modeling\model\Scade\System\ObuFunctions\TrackAtlas\KCG\kcg_imported_types.h, line 0, character 0
 ~sc2c.log
  at file C:\GITHUB\modeling\model\Scade\System\ObuFunctions\TrackAtlas\KCG\sc2c.log, line 0, character 0
 ~sc2c_integration_files.txt
  at file C:\GITHUB\modeling\model\Scade\System\ObuFunctions\TrackAtlas\KCG\sc2c_integration_files.txt, line 0, character 0
$**************  SCADETOC Version R16.1 (build i4) **************
** Generation date: 2015-08-07T17:19:07
** sc2c.log
*************************************************************$
