$**************  SCADETOC Version R15.1 (build i27) **************
** Generation date: 2015-02-07T17:55:06
** Command: scade -code "Z:\Documents\projects\openETCS\github\modeling\model\Scade\System\ObuFunctions\ETCS_Messaging\ETCS_Messaging.etp" -node Decode_Packets::Decode_Packet_000 -conf Simulation -build
*************************************************************$
*** Generated Files Information (GENFIL): KCG- Generated files
 ~kcg.log
  at file Z:\Documents\projects\openETCS\github\modeling\model\Scade\System\ObuFunctions\ETCS_Messaging\Simulation\kcg.log, line 0, character 0
 ~kcg_s2c_config.txt
  at file Z:\Documents\projects\openETCS\github\modeling\model\Scade\System\ObuFunctions\ETCS_Messaging\Simulation\kcg_s2c_config.txt, line 0, character 0
 ~kcg_trace.xml
  at file Z:\Documents\projects\openETCS\github\modeling\model\Scade\System\ObuFunctions\ETCS_Messaging\Simulation\kcg_trace.xml, line 0, character 0
 ~kcg_metrics.txt
  at file Z:\Documents\projects\openETCS\github\modeling\model\Scade\System\ObuFunctions\ETCS_Messaging\Simulation\kcg_metrics.txt, line 0, character 0
 ~Decode_Packet_000_Decode_Packets.c
  at file Z:\Documents\projects\openETCS\github\modeling\model\Scade\System\ObuFunctions\ETCS_Messaging\Simulation\Decode_Packet_000_Decode_Packets.c, line 0, character 0
 ~Decode_Packet_000_Decode_Packets.h
  at file Z:\Documents\projects\openETCS\github\modeling\model\Scade\System\ObuFunctions\ETCS_Messaging\Simulation\Decode_Packet_000_Decode_Packets.h, line 0, character 0
 ~kcg_types.h
  at file Z:\Documents\projects\openETCS\github\modeling\model\Scade\System\ObuFunctions\ETCS_Messaging\Simulation\kcg_types.h, line 0, character 0
 ~kcg_consts.h
  at file Z:\Documents\projects\openETCS\github\modeling\model\Scade\System\ObuFunctions\ETCS_Messaging\Simulation\kcg_consts.h, line 0, character 0
 ~kcg_sensors.h
  at file Z:\Documents\projects\openETCS\github\modeling\model\Scade\System\ObuFunctions\ETCS_Messaging\Simulation\kcg_sensors.h, line 0, character 0
 ~kcg_types.c
  at file Z:\Documents\projects\openETCS\github\modeling\model\Scade\System\ObuFunctions\ETCS_Messaging\Simulation\kcg_types.c, line 0, character 0
 ~kcg_consts.c
  at file Z:\Documents\projects\openETCS\github\modeling\model\Scade\System\ObuFunctions\ETCS_Messaging\Simulation\kcg_consts.c, line 0, character 0
*** Generated Files Information (GENFIL): Type Utils Generated files
 ~ETCS_Messaging_newtype.h
  at file Z:\Documents\projects\openETCS\github\modeling\model\Scade\System\ObuFunctions\ETCS_Messaging\Simulation\ETCS_Messaging_newtype.h, line 0, character 0
 ~ETCS_Messaging_newtype.c
  at file Z:\Documents\projects\openETCS\github\modeling\model\Scade\System\ObuFunctions\ETCS_Messaging\Simulation\ETCS_Messaging_newtype.c, line 0, character 0
*** Generated Files Information (GENFIL): Mapping Utils Generated files
 ~ETCS_Messaging_newmapping.h
  at file Z:\Documents\projects\openETCS\github\modeling\model\Scade\System\ObuFunctions\ETCS_Messaging\Simulation\ETCS_Messaging_newmapping.h, line 0, character 0
 ~ETCS_Messaging_newmapping.c
  at file Z:\Documents\projects\openETCS\github\modeling\model\Scade\System\ObuFunctions\ETCS_Messaging\Simulation\ETCS_Messaging_newmapping.c, line 0, character 0
*** Generated Files Information (GENFIL): Simulator Generated files
 ~ETCS_Messaging_newtype.h
  at file Z:\Documents\projects\openETCS\github\modeling\model\Scade\System\ObuFunctions\ETCS_Messaging\Simulation\ETCS_Messaging_newtype.h, line 0, character 0
 ~ETCS_Messaging_newtype.c
  at file Z:\Documents\projects\openETCS\github\modeling\model\Scade\System\ObuFunctions\ETCS_Messaging\Simulation\ETCS_Messaging_newtype.c, line 0, character 0
 ~ETCS_Messaging_newmapping.h
  at file Z:\Documents\projects\openETCS\github\modeling\model\Scade\System\ObuFunctions\ETCS_Messaging\Simulation\ETCS_Messaging_newmapping.h, line 0, character 0
 ~ETCS_Messaging_newmapping.c
  at file Z:\Documents\projects\openETCS\github\modeling\model\Scade\System\ObuFunctions\ETCS_Messaging\Simulation\ETCS_Messaging_newmapping.c, line 0, character 0
 ~ETCS_Messaging_newinterface.h
  at file Z:\Documents\projects\openETCS\github\modeling\model\Scade\System\ObuFunctions\ETCS_Messaging\Simulation\ETCS_Messaging_newinterface.h, line 0, character 0
 ~ETCS_Messaging_newinterface.c
  at file Z:\Documents\projects\openETCS\github\modeling\model\Scade\System\ObuFunctions\ETCS_Messaging\Simulation\ETCS_Messaging_newinterface.c, line 0, character 0
 ~Decode_Packet_000_Decode_Packets_dll.c
  at file Z:\Documents\projects\openETCS\github\modeling\model\Scade\System\ObuFunctions\ETCS_Messaging\Simulation\Decode_Packet_000_Decode_Packets_dll.c, line 0, character 0
*** Generated Files Information (GENFIL): Build Generated files
 ~Makefile
  at file Z:\Documents\projects\openETCS\github\modeling\model\Scade\System\ObuFunctions\ETCS_Messaging\Simulation\Makefile, line 0, character 0
 ~Decode_Packets__Decode_Packet_000.dll
  at file Z:\Documents\projects\openETCS\github\modeling\model\Scade\System\ObuFunctions\ETCS_Messaging\Simulation\Decode_Packets__Decode_Packet_000.dll, line 0, character 0
 ~Decode_Packets__Decode_Packet_000.exe
  at file Z:\Documents\projects\openETCS\github\modeling\model\Scade\System\ObuFunctions\ETCS_Messaging\Simulation\Decode_Packets__Decode_Packet_000.exe, line 0, character 0
*** Generated Files Information (GENFIL): Code Generator Generated files
 ~sc2c.log
  at file Z:\Documents\projects\openETCS\github\modeling\model\Scade\System\ObuFunctions\ETCS_Messaging\Simulation\sc2c.log, line 0, character 0
 ~sc2c_integration_files.txt
  at file Z:\Documents\projects\openETCS\github\modeling\model\Scade\System\ObuFunctions\ETCS_Messaging\Simulation\sc2c_integration_files.txt, line 0, character 0
$**************  SCADETOC Version R15.1 (build i27) **************
** Generation date: 2015-02-07T17:55:13
** sc2c.log
*************************************************************$
