*** Semantic Error (ERR_8): Unknown identifier
  at file C:\Users\MASTE_~1\AppData\Local\Temp\ScadeChecker\4460\RadioTrackTrainFactory__CreateMsg016.scade, line 86, character 19
  at path P021_DEFAULT/
 the type identifier TM::P021/ is undefined at this point
*** Semantic Error (ERR_8): Unknown identifier
  at file C:\Users\MASTE_~1\AppData\Local\Temp\ScadeChecker\4460\RadioTrackTrainFactory__CreateMsg016.scade, line 90, character 19
  at path P005_DEFAULT/
 the type identifier TM::P005old/ is undefined at this point
*** Semantic Error (ERR_8): Unknown identifier
  at file C:\Users\MASTE_~1\AppData\Local\Temp\ScadeChecker\4460\RadioTrackTrainFactory__CreateMsg016.scade, line 98, character 19
  at path P003_DEFAULT/
 the type identifier TM::P003_T/ is undefined at this point
*** Semantic Error (ERR_8): Unknown identifier
  at file C:\Users\MASTE_~1\AppData\Local\Temp\ScadeChecker\4460\RadioTrackTrainFactory__CreateMsg016.scade, line 110, character 19
  at path P057_DEFAULT/
 the type identifier TM::P057/ is undefined at this point
*** Semantic Error (ERR_8): Unknown identifier
  at file C:\Users\MASTE_~1\AppData\Local\Temp\ScadeChecker\4460\RadioTrackTrainFactory__CreateMsg016.scade, line 114, character 19
  at path P058_DEFAULT/
 the type identifier TM::P058/ is undefined at this point
*** Semantic Error (ERR_8): Unknown identifier
  at file C:\Users\MASTE_~1\AppData\Local\Temp\ScadeChecker\4460\RadioTrackTrainFactory__CreateMsg016.scade, line 629, character 11
  at path Messaging_Pkg::RadioTrackTrainFactory_Pkg::RadioTrackTrainFactory__CreateMsg016/_L32/
 the type or group identifier TM::P003_T/ is undefined at this point
*** Semantic Error (ERR_8): Unknown identifier
  at file C:\Users\MASTE_~1\AppData\Local\Temp\ScadeChecker\4460\RadioTrackTrainFactory__CreateMsg016.scade, line 637, character 11
  at path Messaging_Pkg::RadioTrackTrainFactory_Pkg::RadioTrackTrainFactory__CreateMsg016/_L30/
 the type or group identifier TM::P005old/ is undefined at this point
*** Semantic Error (ERR_8): Unknown identifier
  at file C:\Users\MASTE_~1\AppData\Local\Temp\ScadeChecker\4460\RadioTrackTrainFactory__CreateMsg016.scade, line 641, character 11
  at path Messaging_Pkg::RadioTrackTrainFactory_Pkg::RadioTrackTrainFactory__CreateMsg016/_L28/
 the type or group identifier TM::P021/ is undefined at this point
*** Semantic Error (ERR_8): Unknown identifier
  at file C:\Users\MASTE_~1\AppData\Local\Temp\ScadeChecker\4460\RadioTrackTrainFactory__CreateMsg016.scade, line 653, character 11
  at path Messaging_Pkg::RadioTrackTrainFactory_Pkg::RadioTrackTrainFactory__CreateMsg016/_L36/
 the type or group identifier TM::P057/ is undefined at this point
*** Semantic Error (ERR_8): Unknown identifier
  at file C:\Users\MASTE_~1\AppData\Local\Temp\ScadeChecker\4460\RadioTrackTrainFactory__CreateMsg016.scade, line 657, character 11
  at path Messaging_Pkg::RadioTrackTrainFactory_Pkg::RadioTrackTrainFactory__CreateMsg016/_L37/
 the type or group identifier TM::P058/ is undefined at this point
*** Semantic Error (ERR_7): Unknown package
  at file C:\Users\MASTE_~1\AppData\Local\Temp\ScadeChecker\4460\RadioTrackTrainFactory__CreateMsg016.scade, line 738, character 31
  at path Messaging_Pkg::RadioTrackTrainFactory_Pkg::RadioTrackTrainFactory__CreateMsg016/_L34=
 the package TM_lib_internal:: is undefined
*** Semantic Error (ERR_7): Unknown package
  at file C:\Users\MASTE_~1\AppData\Local\Temp\ScadeChecker\4460\RadioTrackTrainFactory__CreateP057.scade, line 6, character 19
  at path P057_DEFAULT/
 the package TM:: is undefined
*** Semantic Error (ERR_7): Unknown package
  at file C:\Users\MASTE_~1\AppData\Local\Temp\ScadeChecker\4460\RadioTrackTrainFactory__CreateP057.scade, line 171, character 31
  at path Messaging_Pkg::RadioTrackTrainFactory_Pkg::RadioTrackTrainFactory__CreateP057/o_RadioTrackTrainMessage/
 the package TM:: is undefined
*** Semantic Error (ERR_7): Unknown package
  at file C:\Users\MASTE_~1\AppData\Local\Temp\ScadeChecker\4460\RadioTrackTrainFactory__CreateP057.scade, line 176, character 10
  at path Messaging_Pkg::RadioTrackTrainFactory_Pkg::RadioTrackTrainFactory__CreateP057/_L2/
 the package TM:: is undefined
*** Semantic Error (ERR_7): Unknown package
  at file C:\Users\MASTE_~1\AppData\Local\Temp\ScadeChecker\4460\RadioTrackTrainFactory__CreateP057.scade, line 450, character 30
  at path Messaging_Pkg::RadioTrackTrain_Pkg::RadioTrackTrainPacket057_Pkg::RadioTrackTrainPacket057__Create/o_RadioTrackTrainPacket/
 the package TM:: is undefined
*** Semantic Error (ERR_7): Unknown package
  at file C:\Users\MASTE_~1\AppData\Local\Temp\ScadeChecker\4460\RadioTrackTrainFactory__CreateP057.scade, line 467, character 10
  at path Messaging_Pkg::RadioTrackTrain_Pkg::RadioTrackTrainPacket057_Pkg::RadioTrackTrainPacket057__Create/_L5/
 the package TM:: is undefined
*** Semantic Error (ERR_7): Unknown package
  at file C:\Users\MASTE_~1\AppData\Local\Temp\ScadeChecker\4460\RadioTrackTrainFactory__CreateP057.scade, line 471, character 10
  at path Messaging_Pkg::RadioTrackTrain_Pkg::RadioTrackTrainPacket057_Pkg::RadioTrackTrainPacket057__Create/_L6/
 the package TM:: is undefined
*** Semantic Error (ERR_7): Unknown package
  at file C:\Users\MASTE_~1\AppData\Local\Temp\ScadeChecker\4460\RadioTrackTrainFactory__CreateP057.scade, line 475, character 10
  at path Messaging_Pkg::RadioTrackTrain_Pkg::RadioTrackTrainPacket057_Pkg::RadioTrackTrainPacket057__Create/_L7/
 the package TM:: is undefined
*** Semantic Error (ERR_7): Unknown package
  at file C:\Users\MASTE_~1\AppData\Local\Temp\ScadeChecker\4460\RadioTrackTrainFactory__CreateP057.scade, line 479, character 11
  at path Messaging_Pkg::RadioTrackTrain_Pkg::RadioTrackTrainPacket057_Pkg::RadioTrackTrainPacket057__Create/_L10/
 the package TM:: is undefined
*** Semantic Error (ERR_7): Unknown package
  at file C:\Users\MASTE_~1\AppData\Local\Temp\ScadeChecker\4460\RadioTrackTrainFactory__CreateP057.scade, line 483, character 11
  at path Messaging_Pkg::RadioTrackTrain_Pkg::RadioTrackTrainPacket057_Pkg::RadioTrackTrainPacket057__Create/_L11/
 the package TM:: is undefined
*** Semantic Error (ERR_7): Unknown package
  at file C:\Users\MASTE_~1\AppData\Local\Temp\ScadeChecker\4460\RadioTrackTrainFactory__CreateP057.scade, line 491, character 11
  at path Messaging_Pkg::RadioTrackTrain_Pkg::RadioTrackTrainPacket057_Pkg::RadioTrackTrainPacket057__Create/_L13/
 the package TM:: is undefined
*** Semantic Error (ERR_7): Unknown package
  at file C:\Users\MASTE_~1\AppData\Local\Temp\ScadeChecker\4460\RadioTrackTrainFactory__CreateP057.scade, line 618, character 30
  at path Messaging_Pkg::RadioTrackTrain_Pkg::RadioTrackTrainPacket057_Pkg::RadioTrackTrainPacket057__SetValid/i_RadioTrackTrainPacket/
 the package TM:: is undefined
*** Semantic Error (ERR_7): Unknown package
  at file C:\Users\MASTE_~1\AppData\Local\Temp\ScadeChecker\4460\RadioTrackTrainFactory__CreateP057.scade, line 627, character 30
  at path Messaging_Pkg::RadioTrackTrain_Pkg::RadioTrackTrainPacket057_Pkg::RadioTrackTrainPacket057__SetValid/o_RadioTrackTrainPacket/
 the package TM:: is undefined
*** Semantic Error (ERR_7): Unknown package
  at file C:\Users\MASTE_~1\AppData\Local\Temp\ScadeChecker\4460\RadioTrackTrainFactory__CreateP057.scade, line 632, character 10
  at path Messaging_Pkg::RadioTrackTrain_Pkg::RadioTrackTrainPacket057_Pkg::RadioTrackTrainPacket057__SetValid/_L1/
 the package TM:: is undefined
*** Semantic Error (ERR_7): Unknown package
  at file C:\Users\MASTE_~1\AppData\Local\Temp\ScadeChecker\4460\RadioTrackTrainFactory__CreateP057.scade, line 640, character 10
  at path Messaging_Pkg::RadioTrackTrain_Pkg::RadioTrackTrainPacket057_Pkg::RadioTrackTrainPacket057__SetValid/_L3/
 the package TM:: is undefined
*** Semantic Error (ERR_7): Unknown package
  at file C:\Users\MASTE_~1\AppData\Local\Temp\ScadeChecker\4460\RadioTrackTrainFactory__CreateP057.scade, line 731, character 30
  at path Messaging_Pkg::RadioTrackTrain_Pkg::RadioTrackTrainPacket057_Pkg::RadioTrackTrainPacket057__Set_T_MAR/i_RadioTrackTrainPacket/
 the package TM:: is undefined
*** Semantic Error (ERR_7): Unknown package
  at file C:\Users\MASTE_~1\AppData\Local\Temp\ScadeChecker\4460\RadioTrackTrainFactory__CreateP057.scade, line 740, character 30
  at path Messaging_Pkg::RadioTrackTrain_Pkg::RadioTrackTrainPacket057_Pkg::RadioTrackTrainPacket057__Set_T_MAR/o_RadioTrackTrainPacket/
 the package TM:: is undefined
*** Semantic Error (ERR_7): Unknown package
  at file C:\Users\MASTE_~1\AppData\Local\Temp\ScadeChecker\4460\RadioTrackTrainFactory__CreateP057.scade, line 745, character 10
  at path Messaging_Pkg::RadioTrackTrain_Pkg::RadioTrackTrainPacket057_Pkg::RadioTrackTrainPacket057__Set_T_MAR/_L2/
 the package TM:: is undefined
*** Semantic Error (ERR_7): Unknown package
  at file C:\Users\MASTE_~1\AppData\Local\Temp\ScadeChecker\4460\RadioTrackTrainFactory__CreateP057.scade, line 753, character 10
  at path Messaging_Pkg::RadioTrackTrain_Pkg::RadioTrackTrainPacket057_Pkg::RadioTrackTrainPacket057__Set_T_MAR/_L4/
 the package TM:: is undefined
*** Semantic Error (ERR_7): Unknown package
  at file C:\Users\MASTE_~1\AppData\Local\Temp\ScadeChecker\4460\RadioTrackTrainFactory__CreateP057.scade, line 844, character 30
  at path Messaging_Pkg::RadioTrackTrain_Pkg::RadioTrackTrainPacket057_Pkg::RadioTrackTrainPacket057__Set_T_TIMEOUTRQST/i_RadioTrackTrainPacket/
 the package TM:: is undefined
*** Semantic Error (ERR_7): Unknown package
  at file C:\Users\MASTE_~1\AppData\Local\Temp\ScadeChecker\4460\RadioTrackTrainFactory__CreateP057.scade, line 853, character 30
  at path Messaging_Pkg::RadioTrackTrain_Pkg::RadioTrackTrainPacket057_Pkg::RadioTrackTrainPacket057__Set_T_TIMEOUTRQST/o_RadioTrackTrainPacket/
 the package TM:: is undefined
*** Semantic Error (ERR_7): Unknown package
  at file C:\Users\MASTE_~1\AppData\Local\Temp\ScadeChecker\4460\RadioTrackTrainFactory__CreateP057.scade, line 858, character 10
  at path Messaging_Pkg::RadioTrackTrain_Pkg::RadioTrackTrainPacket057_Pkg::RadioTrackTrainPacket057__Set_T_TIMEOUTRQST/_L1/
 the package TM:: is undefined
*** Semantic Error (ERR_7): Unknown package
  at file C:\Users\MASTE_~1\AppData\Local\Temp\ScadeChecker\4460\RadioTrackTrainFactory__CreateP057.scade, line 866, character 10
  at path Messaging_Pkg::RadioTrackTrain_Pkg::RadioTrackTrainPacket057_Pkg::RadioTrackTrainPacket057__Set_T_TIMEOUTRQST/_L3/
 the package TM:: is undefined
*** Semantic Error (ERR_7): Unknown package
  at file C:\Users\MASTE_~1\AppData\Local\Temp\ScadeChecker\4460\RadioTrackTrainFactory__CreateP057.scade, line 957, character 30
  at path Messaging_Pkg::RadioTrackTrain_Pkg::RadioTrackTrainPacket057_Pkg::RadioTrackTrainPacket057__Set_T_CYCRQST/i_RadioTrackTrainPacket/
 the package TM:: is undefined
*** Semantic Error (ERR_7): Unknown package
  at file C:\Users\MASTE_~1\AppData\Local\Temp\ScadeChecker\4460\RadioTrackTrainFactory__CreateP057.scade, line 966, character 30
  at path Messaging_Pkg::RadioTrackTrain_Pkg::RadioTrackTrainPacket057_Pkg::RadioTrackTrainPacket057__Set_T_CYCRQST/o_RadioTrackTrainPacket/
 the package TM:: is undefined
*** Semantic Error (ERR_7): Unknown package
  at file C:\Users\MASTE_~1\AppData\Local\Temp\ScadeChecker\4460\RadioTrackTrainFactory__CreateP057.scade, line 971, character 10
  at path Messaging_Pkg::RadioTrackTrain_Pkg::RadioTrackTrainPacket057_Pkg::RadioTrackTrainPacket057__Set_T_CYCRQST/_L1/
 the package TM:: is undefined
*** Semantic Error (ERR_7): Unknown package
  at file C:\Users\MASTE_~1\AppData\Local\Temp\ScadeChecker\4460\RadioTrackTrainFactory__CreateP057.scade, line 979, character 10
  at path Messaging_Pkg::RadioTrackTrain_Pkg::RadioTrackTrainPacket057_Pkg::RadioTrackTrainPacket057__Set_T_CYCRQST/_L3/
 the package TM:: is undefined
*** Semantic Error (ERR_7): Unknown package
  at file C:\Users\MASTE_~1\AppData\Local\Temp\ScadeChecker\4460\RadioTrackTrainFactory__CreateP057.scade, line 1086, character 30
  at path Messaging_Pkg::RadioTrackTrain_Pkg::RadioTrackTrainPacket057_Pkg::RadioTrackTrainPacket057__Set_Q_DIR/i_RadioTrackTrainPacket/
 the package TM:: is undefined
*** Semantic Error (ERR_7): Unknown package
  at file C:\Users\MASTE_~1\AppData\Local\Temp\ScadeChecker\4460\RadioTrackTrainFactory__CreateP057.scade, line 1095, character 30
  at path Messaging_Pkg::RadioTrackTrain_Pkg::RadioTrackTrainPacket057_Pkg::RadioTrackTrainPacket057__Set_Q_DIR/o_RadioTrackTrainPacket/
 the package TM:: is undefined
*** Semantic Error (ERR_7): Unknown package
  at file C:\Users\MASTE_~1\AppData\Local\Temp\ScadeChecker\4460\RadioTrackTrainFactory__CreateP057.scade, line 1100, character 10
  at path Messaging_Pkg::RadioTrackTrain_Pkg::RadioTrackTrainPacket057_Pkg::RadioTrackTrainPacket057__Set_Q_DIR/_L1/
 the package TM:: is undefined
*** Semantic Error (ERR_7): Unknown package
  at file C:\Users\MASTE_~1\AppData\Local\Temp\ScadeChecker\4460\RadioTrackTrainFactory__CreateP057.scade, line 1108, character 10
  at path Messaging_Pkg::RadioTrackTrain_Pkg::RadioTrackTrainPacket057_Pkg::RadioTrackTrainPacket057__Set_Q_DIR/_L3/
 the package TM:: is undefined
*** Semantic Error (ERR_7): Unknown package
  at file C:\Users\MASTE_~1\AppData\Local\Temp\ScadeChecker\4460\RadioTrackTrainFactory__CreateP058.scade, line 6, character 19
  at path P058_DEFAULT/
 the package TM:: is undefined
*** Semantic Error (ERR_7): Unknown package
  at file C:\Users\MASTE_~1\AppData\Local\Temp\ScadeChecker\4460\RadioTrackTrainFactory__CreateP058.scade, line 58, character 60
  at path INCREMENTAL_DISTANCE_AND_QUALIFIER_INT_VALUES_DEFAULT/
 the package TM:: is undefined
*** Semantic Error (ERR_7): Unknown package
  at file C:\Users\MASTE_~1\AppData\Local\Temp\ScadeChecker\4460\RadioTrackTrainFactory__CreateP058.scade, line 302, character 31
  at path Messaging_Pkg::RadioTrackTrainFactory_Pkg::RadioTrackTrainFactory__CreateP058/o_RadioTrackTrainMessage/
 the package TM:: is undefined
*** Semantic Error (ERR_7): Unknown package
  at file C:\Users\MASTE_~1\AppData\Local\Temp\ScadeChecker\4460\RadioTrackTrainFactory__CreateP058.scade, line 307, character 11
  at path Messaging_Pkg::RadioTrackTrainFactory_Pkg::RadioTrackTrainFactory__CreateP058/_L12/
 the package TM:: is undefined
*** Semantic Error (ERR_7): Unknown package
  at file C:\Users\MASTE_~1\AppData\Local\Temp\ScadeChecker\4460\RadioTrackTrainFactory__CreateP058.scade, line 719, character 30
  at path Messaging_Pkg::RadioTrackTrain_Pkg::RadioTrackTrainPacket058_Pkg::RadioTrackTrainPacket058__Create/o_RadioTrackTrainPacket/
 the package TM:: is undefined
*** Semantic Error (ERR_7): Unknown package
  at file C:\Users\MASTE_~1\AppData\Local\Temp\ScadeChecker\4460\RadioTrackTrainFactory__CreateP058.scade, line 724, character 10
  at path Messaging_Pkg::RadioTrackTrain_Pkg::RadioTrackTrainPacket058_Pkg::RadioTrackTrainPacket058__Create/_L1/
 the package TM:: is undefined
*** Semantic Error (ERR_7): Unknown package
  at file C:\Users\MASTE_~1\AppData\Local\Temp\ScadeChecker\4460\RadioTrackTrainFactory__CreateP058.scade, line 728, character 10
  at path Messaging_Pkg::RadioTrackTrain_Pkg::RadioTrackTrainPacket058_Pkg::RadioTrackTrainPacket058__Create/_L2/
 the package TM:: is undefined
*** Semantic Error (ERR_7): Unknown package
  at file C:\Users\MASTE_~1\AppData\Local\Temp\ScadeChecker\4460\RadioTrackTrainFactory__CreateP058.scade, line 736, character 10
  at path Messaging_Pkg::RadioTrackTrain_Pkg::RadioTrackTrainPacket058_Pkg::RadioTrackTrainPacket058__Create/_L4/
 the package TM:: is undefined
*** Semantic Error (ERR_7): Unknown package
  at file C:\Users\MASTE_~1\AppData\Local\Temp\ScadeChecker\4460\RadioTrackTrainFactory__CreateP058.scade, line 740, character 10
  at path Messaging_Pkg::RadioTrackTrain_Pkg::RadioTrackTrainPacket058_Pkg::RadioTrackTrainPacket058__Create/_L5/
 the package TM:: is undefined
*** Semantic Error (ERR_7): Unknown package
  at file C:\Users\MASTE_~1\AppData\Local\Temp\ScadeChecker\4460\RadioTrackTrainFactory__CreateP058.scade, line 744, character 10
  at path Messaging_Pkg::RadioTrackTrain_Pkg::RadioTrackTrainPacket058_Pkg::RadioTrackTrainPacket058__Create/_L6/
 the package TM:: is undefined
*** Semantic Error (ERR_7): Unknown package
  at file C:\Users\MASTE_~1\AppData\Local\Temp\ScadeChecker\4460\RadioTrackTrainFactory__CreateP058.scade, line 748, character 10
  at path Messaging_Pkg::RadioTrackTrain_Pkg::RadioTrackTrainPacket058_Pkg::RadioTrackTrainPacket058__Create/_L7/
 the package TM:: is undefined
*** Semantic Error (ERR_7): Unknown package
  at file C:\Users\MASTE_~1\AppData\Local\Temp\ScadeChecker\4460\RadioTrackTrainFactory__CreateP058.scade, line 752, character 10
  at path Messaging_Pkg::RadioTrackTrain_Pkg::RadioTrackTrainPacket058_Pkg::RadioTrackTrainPacket058__Create/_L8/
 the package TM:: is undefined
*** Semantic Error (ERR_7): Unknown package
  at file C:\Users\MASTE_~1\AppData\Local\Temp\ScadeChecker\4460\RadioTrackTrainFactory__CreateP058.scade, line 756, character 10
  at path Messaging_Pkg::RadioTrackTrain_Pkg::RadioTrackTrainPacket058_Pkg::RadioTrackTrainPacket058__Create/_L9/
 the package TM:: is undefined
*** Semantic Error (ERR_7): Unknown package
  at file C:\Users\MASTE_~1\AppData\Local\Temp\ScadeChecker\4460\RadioTrackTrainFactory__CreateP058.scade, line 784, character 11
  at path Messaging_Pkg::RadioTrackTrain_Pkg::RadioTrackTrainPacket058_Pkg::RadioTrackTrainPacket058__Create/_L29/
 the package TM:: is undefined
*** Semantic Error (ERR_7): Unknown package
  at file C:\Users\MASTE_~1\AppData\Local\Temp\ScadeChecker\4460\RadioTrackTrainFactory__CreateP058.scade, line 935, character 30
  at path Messaging_Pkg::RadioTrackTrain_Pkg::RadioTrackTrainPacket058_Pkg::RadioTrackTrainPacket058__SetValid/i_RadioTrackTrainPacket/
 the package TM:: is undefined
*** Semantic Error (ERR_7): Unknown package
  at file C:\Users\MASTE_~1\AppData\Local\Temp\ScadeChecker\4460\RadioTrackTrainFactory__CreateP058.scade, line 944, character 30
  at path Messaging_Pkg::RadioTrackTrain_Pkg::RadioTrackTrainPacket058_Pkg::RadioTrackTrainPacket058__SetValid/o_RadioTrackTrainPacket/
 the package TM:: is undefined
*** Semantic Error (ERR_7): Unknown package
  at file C:\Users\MASTE_~1\AppData\Local\Temp\ScadeChecker\4460\RadioTrackTrainFactory__CreateP058.scade, line 949, character 10
  at path Messaging_Pkg::RadioTrackTrain_Pkg::RadioTrackTrainPacket058_Pkg::RadioTrackTrainPacket058__SetValid/_L1/
 the package TM:: is undefined
*** Semantic Error (ERR_7): Unknown package
  at file C:\Users\MASTE_~1\AppData\Local\Temp\ScadeChecker\4460\RadioTrackTrainFactory__CreateP058.scade, line 957, character 10
  at path Messaging_Pkg::RadioTrackTrain_Pkg::RadioTrackTrainPacket058_Pkg::RadioTrackTrainPacket058__SetValid/_L3/
 the package TM:: is undefined
*** Semantic Error (ERR_7): Unknown package
  at file C:\Users\MASTE_~1\AppData\Local\Temp\ScadeChecker\4460\RadioTrackTrainFactory__CreateP058.scade, line 1064, character 30
  at path Messaging_Pkg::RadioTrackTrain_Pkg::RadioTrackTrainPacket058_Pkg::RadioTrackTrainPacket058__Set_Q_DIR/i_RadioTrackTrainPacket/
 the package TM:: is undefined
*** Semantic Error (ERR_7): Unknown package
  at file C:\Users\MASTE_~1\AppData\Local\Temp\ScadeChecker\4460\RadioTrackTrainFactory__CreateP058.scade, line 1073, character 30
  at path Messaging_Pkg::RadioTrackTrain_Pkg::RadioTrackTrainPacket058_Pkg::RadioTrackTrainPacket058__Set_Q_DIR/o_RadioTrackTrainPacket/
 the package TM:: is undefined
*** Semantic Error (ERR_7): Unknown package
  at file C:\Users\MASTE_~1\AppData\Local\Temp\ScadeChecker\4460\RadioTrackTrainFactory__CreateP058.scade, line 1078, character 10
  at path Messaging_Pkg::RadioTrackTrain_Pkg::RadioTrackTrainPacket058_Pkg::RadioTrackTrainPacket058__Set_Q_DIR/_L1/
 the package TM:: is undefined
*** Semantic Error (ERR_7): Unknown package
  at file C:\Users\MASTE_~1\AppData\Local\Temp\ScadeChecker\4460\RadioTrackTrainFactory__CreateP058.scade, line 1090, character 10
  at path Messaging_Pkg::RadioTrackTrain_Pkg::RadioTrackTrainPacket058_Pkg::RadioTrackTrainPacket058__Set_Q_DIR/_L4/
 the package TM:: is undefined
*** Semantic Error (ERR_7): Unknown package
  at file C:\Users\MASTE_~1\AppData\Local\Temp\ScadeChecker\4460\RadioTrackTrainFactory__CreateP058.scade, line 1201, character 30
  at path Messaging_Pkg::RadioTrackTrain_Pkg::RadioTrackTrainPacket058_Pkg::RadioTrackTrainPacket058__Set_Q_SCALE/i_RadioTrackTrainPacket/
 the package TM:: is undefined
*** Semantic Error (ERR_7): Unknown package
  at file C:\Users\MASTE_~1\AppData\Local\Temp\ScadeChecker\4460\RadioTrackTrainFactory__CreateP058.scade, line 1210, character 30
  at path Messaging_Pkg::RadioTrackTrain_Pkg::RadioTrackTrainPacket058_Pkg::RadioTrackTrainPacket058__Set_Q_SCALE/o_RadioTrackTrainPacket/
 the package TM:: is undefined
*** Semantic Error (ERR_7): Unknown package
  at file C:\Users\MASTE_~1\AppData\Local\Temp\ScadeChecker\4460\RadioTrackTrainFactory__CreateP058.scade, line 1215, character 10
  at path Messaging_Pkg::RadioTrackTrain_Pkg::RadioTrackTrainPacket058_Pkg::RadioTrackTrainPacket058__Set_Q_SCALE/_L1/
 the package TM:: is undefined
*** Semantic Error (ERR_7): Unknown package
  at file C:\Users\MASTE_~1\AppData\Local\Temp\ScadeChecker\4460\RadioTrackTrainFactory__CreateP058.scade, line 1227, character 10
  at path Messaging_Pkg::RadioTrackTrain_Pkg::RadioTrackTrainPacket058_Pkg::RadioTrackTrainPacket058__Set_Q_SCALE/_L4/
 the package TM:: is undefined
*** Semantic Error (ERR_7): Unknown package
  at file C:\Users\MASTE_~1\AppData\Local\Temp\ScadeChecker\4460\RadioTrackTrainFactory__CreateP058.scade, line 1322, character 30
  at path Messaging_Pkg::RadioTrackTrain_Pkg::RadioTrackTrainPacket058_Pkg::RadioTrackTrainPacket058__Set_D_CYCLOC/i_RadioTrackTrainPacket/
 the package TM:: is undefined
*** Semantic Error (ERR_7): Unknown package
  at file C:\Users\MASTE_~1\AppData\Local\Temp\ScadeChecker\4460\RadioTrackTrainFactory__CreateP058.scade, line 1331, character 30
  at path Messaging_Pkg::RadioTrackTrain_Pkg::RadioTrackTrainPacket058_Pkg::RadioTrackTrainPacket058__Set_D_CYCLOC/o_RadioTrackTrainPacket/
 the package TM:: is undefined
*** Semantic Error (ERR_7): Unknown package
  at file C:\Users\MASTE_~1\AppData\Local\Temp\ScadeChecker\4460\RadioTrackTrainFactory__CreateP058.scade, line 1336, character 10
  at path Messaging_Pkg::RadioTrackTrain_Pkg::RadioTrackTrainPacket058_Pkg::RadioTrackTrainPacket058__Set_D_CYCLOC/_L1/
 the package TM:: is undefined
*** Semantic Error (ERR_7): Unknown package
  at file C:\Users\MASTE_~1\AppData\Local\Temp\ScadeChecker\4460\RadioTrackTrainFactory__CreateP058.scade, line 1344, character 10
  at path Messaging_Pkg::RadioTrackTrain_Pkg::RadioTrackTrainPacket058_Pkg::RadioTrackTrainPacket058__Set_D_CYCLOC/_L3/
 the package TM:: is undefined
*** Semantic Error (ERR_7): Unknown package
  at file C:\Users\MASTE_~1\AppData\Local\Temp\ScadeChecker\4460\RadioTrackTrainFactory__CreateP058.scade, line 1451, character 30
  at path Messaging_Pkg::RadioTrackTrain_Pkg::RadioTrackTrainPacket058_Pkg::RadioTrackTrainPacket058__Set_M_LOC/i_RadioTrackTrainPacket/
 the package TM:: is undefined
*** Semantic Error (ERR_7): Unknown package
  at file C:\Users\MASTE_~1\AppData\Local\Temp\ScadeChecker\4460\RadioTrackTrainFactory__CreateP058.scade, line 1460, character 30
  at path Messaging_Pkg::RadioTrackTrain_Pkg::RadioTrackTrainPacket058_Pkg::RadioTrackTrainPacket058__Set_M_LOC/o_RadioTrackTrainPacket/
 the package TM:: is undefined
*** Semantic Error (ERR_7): Unknown package
  at file C:\Users\MASTE_~1\AppData\Local\Temp\ScadeChecker\4460\RadioTrackTrainFactory__CreateP058.scade, line 1465, character 10
  at path Messaging_Pkg::RadioTrackTrain_Pkg::RadioTrackTrainPacket058_Pkg::RadioTrackTrainPacket058__Set_M_LOC/_L1/
 the package TM:: is undefined
*** Semantic Error (ERR_7): Unknown package
  at file C:\Users\MASTE_~1\AppData\Local\Temp\ScadeChecker\4460\RadioTrackTrainFactory__CreateP058.scade, line 1473, character 10
  at path Messaging_Pkg::RadioTrackTrain_Pkg::RadioTrackTrainPacket058_Pkg::RadioTrackTrainPacket058__Set_M_LOC/_L3/
 the package TM:: is undefined
*** Semantic Error (ERR_7): Unknown package
  at file C:\Users\MASTE_~1\AppData\Local\Temp\ScadeChecker\4460\RadioTrackTrainFactory__CreateP058.scade, line 1572, character 30
  at path Messaging_Pkg::RadioTrackTrain_Pkg::RadioTrackTrainPacket058_Pkg::RadioTrackTrainPacket058__CountIncrementalDistancesAndQualifiers/i_RadioTrackTrainPacket/
 the package TM:: is undefined
*** Semantic Error (ERR_7): Unknown package
  at file C:\Users\MASTE_~1\AppData\Local\Temp\ScadeChecker\4460\RadioTrackTrainFactory__CreateP058.scade, line 1581, character 30
  at path Messaging_Pkg::RadioTrackTrain_Pkg::RadioTrackTrainPacket058_Pkg::RadioTrackTrainPacket058__CountIncrementalDistancesAndQualifiers/o_RadioTrackTrainPacket/
 the package TM:: is undefined
*** Semantic Error (ERR_7): Unknown package
  at file C:\Users\MASTE_~1\AppData\Local\Temp\ScadeChecker\4460\RadioTrackTrainFactory__CreateP058.scade, line 1586, character 10
  at path Messaging_Pkg::RadioTrackTrain_Pkg::RadioTrackTrainPacket058_Pkg::RadioTrackTrainPacket058__CountIncrementalDistancesAndQualifiers/_L1/
 the package TM:: is undefined
*** Semantic Error (ERR_7): Unknown package
  at file C:\Users\MASTE_~1\AppData\Local\Temp\ScadeChecker\4460\RadioTrackTrainFactory__CreateP058.scade, line 1594, character 10
  at path Messaging_Pkg::RadioTrackTrain_Pkg::RadioTrackTrainPacket058_Pkg::RadioTrackTrainPacket058__CountIncrementalDistancesAndQualifiers/_L3/
 the package TM:: is undefined
*** Semantic Error (ERR_7): Unknown package
  at file C:\Users\MASTE_~1\AppData\Local\Temp\ScadeChecker\4460\RadioTrackTrainFactory__CreateP058.scade, line 1701, character 30
  at path Messaging_Pkg::RadioTrackTrain_Pkg::RadioTrackTrainPacket058_Pkg::RadioTrackTrainPacket058__SetIncrementalDistancesAndQualifiers/i_RadioTrackTrainPacket/
 the package TM:: is undefined
*** Semantic Error (ERR_7): Unknown package
  at file C:\Users\MASTE_~1\AppData\Local\Temp\ScadeChecker\4460\RadioTrackTrainFactory__CreateP058.scade, line 1710, character 30
  at path Messaging_Pkg::RadioTrackTrain_Pkg::RadioTrackTrainPacket058_Pkg::RadioTrackTrainPacket058__SetIncrementalDistancesAndQualifiers/o_RadioTrackTrainPacket/
 the package TM:: is undefined
*** Semantic Error (ERR_7): Unknown package
  at file C:\Users\MASTE_~1\AppData\Local\Temp\ScadeChecker\4460\RadioTrackTrainFactory__CreateP058.scade, line 1719, character 10
  at path Messaging_Pkg::RadioTrackTrain_Pkg::RadioTrackTrainPacket058_Pkg::RadioTrackTrainPacket058__SetIncrementalDistancesAndQualifiers/_L4/
 the package TM:: is undefined
*** Semantic Error (ERR_7): Unknown package
  at file C:\Users\MASTE_~1\AppData\Local\Temp\ScadeChecker\4460\RadioTrackTrainFactory__CreateP058.scade, line 1723, character 10
  at path Messaging_Pkg::RadioTrackTrain_Pkg::RadioTrackTrainPacket058_Pkg::RadioTrackTrainPacket058__SetIncrementalDistancesAndQualifiers/_L8/
 the package TM:: is undefined
*** Semantic Error (ERR_7): Unknown package
  at file C:\Users\MASTE_~1\AppData\Local\Temp\ScadeChecker\4460\RadioTrackTrainFactory__CreateP058.scade, line 1727, character 10
  at path Messaging_Pkg::RadioTrackTrain_Pkg::RadioTrackTrainPacket058_Pkg::RadioTrackTrainPacket058__SetIncrementalDistancesAndQualifiers/_L9/
 the package TM:: is undefined
*** Semantic Error (ERR_7): Unknown package
  at file C:\Users\MASTE_~1\AppData\Local\Temp\ScadeChecker\4460\RadioTrackTrainFactory__CreateP058.scade, line 1899, character 40
  at path Messaging_Pkg::RadioTrackTrain_Pkg::RadioTrackTrainPacket058_Pkg::RadioTrackTrainPacket058__SetNumberOfIncrementalDistancesAndQualifiersIterable/o_IncrementalDistanceAndQualifier/
 the package TM:: is undefined
*** Semantic Error (ERR_7): Unknown package
  at file C:\Users\MASTE_~1\AppData\Local\Temp\ScadeChecker\4460\RadioTrackTrainFactory__CreateP058.scade, line 1908, character 10
  at path Messaging_Pkg::RadioTrackTrain_Pkg::RadioTrackTrainPacket058_Pkg::RadioTrackTrainPacket058__SetNumberOfIncrementalDistancesAndQualifiersIterable/_L4/
 the package TM:: is undefined
*** Semantic Error (ERR_7): Unknown package
  at file C:\Users\MASTE_~1\AppData\Local\Temp\ScadeChecker\4460\RadioTrackTrainFactory__CreateP058.scade, line 1912, character 10
  at path Messaging_Pkg::RadioTrackTrain_Pkg::RadioTrackTrainPacket058_Pkg::RadioTrackTrainPacket058__SetNumberOfIncrementalDistancesAndQualifiersIterable/_L5/
 the package TM:: is undefined
*** Semantic Error (ERR_7): Unknown package
  at file C:\Users\MASTE_~1\AppData\Local\Temp\ScadeChecker\4460\RadioTrackTrainFactory__CreateP058.scade, line 1916, character 10
  at path Messaging_Pkg::RadioTrackTrain_Pkg::RadioTrackTrainPacket058_Pkg::RadioTrackTrainPacket058__SetNumberOfIncrementalDistancesAndQualifiersIterable/_L6/
 the package TM:: is undefined
*** Semantic Error (ERR_7): Unknown package
  at file C:\Users\MASTE_~1\AppData\Local\Temp\ScadeChecker\4460\RadioTrackTrainFactory__CreateP058.scade, line 2035, character 30
  at path Messaging_Pkg::RadioTrackTrain_Pkg::RadioTrackTrainPacket058_Pkg::RadioTrackTrainPacket058__Set_T_CYCLOC/i_RadioTrackTrainPacket/
 the package TM:: is undefined
*** Semantic Error (ERR_7): Unknown package
  at file C:\Users\MASTE_~1\AppData\Local\Temp\ScadeChecker\4460\RadioTrackTrainFactory__CreateP058.scade, line 2044, character 30
  at path Messaging_Pkg::RadioTrackTrain_Pkg::RadioTrackTrainPacket058_Pkg::RadioTrackTrainPacket058__Set_T_CYCLOC/o_RadioTrackTrainPacket/
 the package TM:: is undefined
*** Semantic Error (ERR_7): Unknown package
  at file C:\Users\MASTE_~1\AppData\Local\Temp\ScadeChecker\4460\RadioTrackTrainFactory__CreateP058.scade, line 2049, character 10
  at path Messaging_Pkg::RadioTrackTrain_Pkg::RadioTrackTrainPacket058_Pkg::RadioTrackTrainPacket058__Set_T_CYCLOC/_L1/
 the package TM:: is undefined
*** Semantic Error (ERR_7): Unknown package
  at file C:\Users\MASTE_~1\AppData\Local\Temp\ScadeChecker\4460\RadioTrackTrainFactory__CreateP058.scade, line 2057, character 10
  at path Messaging_Pkg::RadioTrackTrain_Pkg::RadioTrackTrainPacket058_Pkg::RadioTrackTrainPacket058__Set_T_CYCLOC/_L3/
 the package TM:: is undefined
*** Semantic Error (ERR_8): Unknown identifier
  at file C:\Users\MASTE_~1\AppData\Local\Temp\ScadeChecker\4460\RBC.scade, line 29840, character 11
  at path Messaging_Pkg::RadioTrackTrainFactory_Pkg::RadioTrackTrainFactory__CreateMsg032/_L94/
 the type or group identifier TM::P005old/ is undefined at this point
*** Semantic Error (ERR_8): Unknown identifier
  at file C:\Users\MASTE_~1\AppData\Local\Temp\ScadeChecker\4460\RBC.scade, line 29844, character 11
  at path Messaging_Pkg::RadioTrackTrainFactory_Pkg::RadioTrackTrainFactory__CreateMsg032/_L93/
 the type or group identifier TM::P003_T/ is undefined at this point
*** Semantic Error (ERR_8): Unknown identifier
  at file C:\Users\MASTE_~1\AppData\Local\Temp\ScadeChecker\4460\RBC.scade, line 29848, character 11
  at path Messaging_Pkg::RadioTrackTrainFactory_Pkg::RadioTrackTrainFactory__CreateMsg032/_L92/
 the type or group identifier TM::P021/ is undefined at this point
*** Semantic Error (ERR_8): Unknown identifier
  at file C:\Users\MASTE_~1\AppData\Local\Temp\ScadeChecker\4460\RBC.scade, line 29852, character 11
  at path Messaging_Pkg::RadioTrackTrainFactory_Pkg::RadioTrackTrainFactory__CreateMsg032/_L91/
 the type or group identifier TM::P058/ is undefined at this point
*** Semantic Error (ERR_8): Unknown identifier
  at file C:\Users\MASTE_~1\AppData\Local\Temp\ScadeChecker\4460\RBC.scade, line 29864, character 11
  at path Messaging_Pkg::RadioTrackTrainFactory_Pkg::RadioTrackTrainFactory__CreateMsg032/_L88/
 the type or group identifier TM::P057/ is undefined at this point
*** Semantic Error (ERR_7): Unknown package
  at file C:\Users\MASTE_~1\AppData\Local\Temp\ScadeChecker\4460\RBC.scade, line 29929, character 31
  at path Messaging_Pkg::RadioTrackTrainFactory_Pkg::RadioTrackTrainFactory__CreateMsg032/_L89=
 the package TM_lib_internal:: is undefined
*** Semantic Error (ERR_8): Unknown identifier
  at file C:\Users\MASTE_~1\AppData\Local\Temp\ScadeChecker\4460\RBC.scade, line 30417, character 11
  at path Messaging_Pkg::RadioTrackTrainFactory_Pkg::RadioTrackTrainFactory__CreateMsg008/_L94/
 the type or group identifier TM::P005old/ is undefined at this point
*** Semantic Error (ERR_8): Unknown identifier
  at file C:\Users\MASTE_~1\AppData\Local\Temp\ScadeChecker\4460\RBC.scade, line 30421, character 11
  at path Messaging_Pkg::RadioTrackTrainFactory_Pkg::RadioTrackTrainFactory__CreateMsg008/_L93/
 the type or group identifier TM::P003_T/ is undefined at this point
*** Semantic Error (ERR_8): Unknown identifier
  at file C:\Users\MASTE_~1\AppData\Local\Temp\ScadeChecker\4460\RBC.scade, line 30425, character 11
  at path Messaging_Pkg::RadioTrackTrainFactory_Pkg::RadioTrackTrainFactory__CreateMsg008/_L92/
 the type or group identifier TM::P058/ is undefined at this point
*** Semantic Error (ERR_8): Unknown identifier
  at file C:\Users\MASTE_~1\AppData\Local\Temp\ScadeChecker\4460\RBC.scade, line 30433, character 11
  at path Messaging_Pkg::RadioTrackTrainFactory_Pkg::RadioTrackTrainFactory__CreateMsg008/_L90/
 the type or group identifier TM::P021/ is undefined at this point
*** Semantic Error (ERR_8): Unknown identifier
  at file C:\Users\MASTE_~1\AppData\Local\Temp\ScadeChecker\4460\RBC.scade, line 30437, character 11
  at path Messaging_Pkg::RadioTrackTrainFactory_Pkg::RadioTrackTrainFactory__CreateMsg008/_L89/
 the type or group identifier TM::P057/ is undefined at this point
*** Semantic Error (ERR_7): Unknown package
  at file C:\Users\MASTE_~1\AppData\Local\Temp\ScadeChecker\4460\RBC.scade, line 30498, character 31
  at path Messaging_Pkg::RadioTrackTrainFactory_Pkg::RadioTrackTrainFactory__CreateMsg008/_L88=
 the package TM_lib_internal:: is undefined
*** Semantic Error (ERR_8): Unknown identifier
  at file C:\Users\MASTE_~1\AppData\Local\Temp\ScadeChecker\4460\RBC.scade, line 30940, character 11
  at path Messaging_Pkg::RadioTrackTrainFactory_Pkg::RadioTrackTrainFactory__CreateMsg024/i_P3/
 the type or group identifier TM::P003_T/ is undefined at this point
*** Semantic Error (ERR_8): Unknown identifier
  at file C:\Users\MASTE_~1\AppData\Local\Temp\ScadeChecker\4460\RBC.scade, line 30944, character 11
  at path Messaging_Pkg::RadioTrackTrainFactory_Pkg::RadioTrackTrainFactory__CreateMsg024/i_P5/
 the type or group identifier TM::P005/ is undefined at this point
*** Semantic Error (ERR_8): Unknown identifier
  at file C:\Users\MASTE_~1\AppData\Local\Temp\ScadeChecker\4460\RBC.scade, line 30948, character 12
  at path Messaging_Pkg::RadioTrackTrainFactory_Pkg::RadioTrackTrainFactory__CreateMsg024/i_P41/
 the type or group identifier TM::P041_T/ is undefined at this point
*** Semantic Error (ERR_8): Unknown identifier
  at file C:\Users\MASTE_~1\AppData\Local\Temp\ScadeChecker\4460\RBC.scade, line 30952, character 12
  at path Messaging_Pkg::RadioTrackTrainFactory_Pkg::RadioTrackTrainFactory__CreateMsg024/i_P57/
 the type or group identifier TM::P057/ is undefined at this point
*** Semantic Error (ERR_8): Unknown identifier
  at file C:\Users\MASTE_~1\AppData\Local\Temp\ScadeChecker\4460\RBC.scade, line 30956, character 12
  at path Messaging_Pkg::RadioTrackTrainFactory_Pkg::RadioTrackTrainFactory__CreateMsg024/i_P58/
 the type or group identifier TM::P058/ is undefined at this point
*** Semantic Error (ERR_8): Unknown identifier
  at file C:\Users\MASTE_~1\AppData\Local\Temp\ScadeChecker\4460\RBC.scade, line 31006, character 12
  at path Messaging_Pkg::RadioTrackTrainFactory_Pkg::RadioTrackTrainFactory__CreateMsg024/_L118/
 the type or group identifier TM::P003_T/ is undefined at this point
*** Semantic Error (ERR_8): Unknown identifier
  at file C:\Users\MASTE_~1\AppData\Local\Temp\ScadeChecker\4460\RBC.scade, line 31010, character 12
  at path Messaging_Pkg::RadioTrackTrainFactory_Pkg::RadioTrackTrainFactory__CreateMsg024/_L119/
 the type or group identifier TM::P005/ is undefined at this point
*** Semantic Error (ERR_8): Unknown identifier
  at file C:\Users\MASTE_~1\AppData\Local\Temp\ScadeChecker\4460\RBC.scade, line 31014, character 12
  at path Messaging_Pkg::RadioTrackTrainFactory_Pkg::RadioTrackTrainFactory__CreateMsg024/_L123/
 the type or group identifier TM::P057/ is undefined at this point
*** Semantic Error (ERR_8): Unknown identifier
  at file C:\Users\MASTE_~1\AppData\Local\Temp\ScadeChecker\4460\RBC.scade, line 31018, character 12
  at path Messaging_Pkg::RadioTrackTrainFactory_Pkg::RadioTrackTrainFactory__CreateMsg024/_L124/
 the type or group identifier TM::P058/ is undefined at this point
*** Semantic Error (ERR_8): Unknown identifier
  at file C:\Users\MASTE_~1\AppData\Local\Temp\ScadeChecker\4460\RBC.scade, line 31022, character 12
  at path Messaging_Pkg::RadioTrackTrainFactory_Pkg::RadioTrackTrainFactory__CreateMsg024/_L125/
 the type or group identifier TM::P041_T/ is undefined at this point
*** Semantic Error (ERR_8): Unknown identifier
  at file C:\Users\MASTE_~1\AppData\Local\Temp\ScadeChecker\4460\RBC.scade, line 31046, character 12
  at path Messaging_Pkg::RadioTrackTrainFactory_Pkg::RadioTrackTrainFactory__CreateMsg024/_L131/
 the type or group identifier TM::P021/ is undefined at this point
*** Semantic Error (ERR_7): Unknown package
  at file C:\Users\MASTE_~1\AppData\Local\Temp\ScadeChecker\4460\RBC.scade, line 31079, character 32
  at path Messaging_Pkg::RadioTrackTrainFactory_Pkg::RadioTrackTrainFactory__CreateMsg024/_L102=
 the package TM_lib_internal:: is undefined
*** Semantic Error (ERR_8): Unknown identifier
  at file C:\Users\MASTE_~1\AppData\Local\Temp\ScadeChecker\4460\RBC.scade, line 31575, character 11
  at path Messaging_Pkg::RadioTrackTrainFactory_Pkg::RadioTrackTrainFactory__CreateMsg039/_L94/
 the type or group identifier TM::P005old/ is undefined at this point
*** Semantic Error (ERR_8): Unknown identifier
  at file C:\Users\MASTE_~1\AppData\Local\Temp\ScadeChecker\4460\RBC.scade, line 31579, character 11
  at path Messaging_Pkg::RadioTrackTrainFactory_Pkg::RadioTrackTrainFactory__CreateMsg039/_L93/
 the type or group identifier TM::P003_T/ is undefined at this point
*** Semantic Error (ERR_8): Unknown identifier
  at file C:\Users\MASTE_~1\AppData\Local\Temp\ScadeChecker\4460\RBC.scade, line 31583, character 11
  at path Messaging_Pkg::RadioTrackTrainFactory_Pkg::RadioTrackTrainFactory__CreateMsg039/_L92/
 the type or group identifier TM::P021/ is undefined at this point
*** Semantic Error (ERR_8): Unknown identifier
  at file C:\Users\MASTE_~1\AppData\Local\Temp\ScadeChecker\4460\RBC.scade, line 31587, character 11
  at path Messaging_Pkg::RadioTrackTrainFactory_Pkg::RadioTrackTrainFactory__CreateMsg039/_L91/
 the type or group identifier TM::P058/ is undefined at this point
*** Semantic Error (ERR_8): Unknown identifier
  at file C:\Users\MASTE_~1\AppData\Local\Temp\ScadeChecker\4460\RBC.scade, line 31599, character 11
  at path Messaging_Pkg::RadioTrackTrainFactory_Pkg::RadioTrackTrainFactory__CreateMsg039/_L88/
 the type or group identifier TM::P057/ is undefined at this point
*** Semantic Error (ERR_7): Unknown package
  at file C:\Users\MASTE_~1\AppData\Local\Temp\ScadeChecker\4460\RBC.scade, line 31664, character 31
  at path Messaging_Pkg::RadioTrackTrainFactory_Pkg::RadioTrackTrainFactory__CreateMsg039/_L89=
 the package TM_lib_internal:: is undefined
