$**************  SCADETOC Version R15 (build i22) **************
** Generation date: 2014-04-14T14:18:48
** Command: scade -code "C:\Users\GiovanniTrotta\Desktop\SoftwareBGO\prova\prova.etp" -node ciao -conf Simulation -build
*************************************************************$
*** Generated Files Information (GENFIL): KCG- Generated files
 ~kcg.log
  at file C:\Users\GiovanniTrotta\Desktop\SoftwareBGO\prova\Simulation\kcg.log, line 0, character 0
 ~kcg_s2c_config.txt
  at file C:\Users\GiovanniTrotta\Desktop\SoftwareBGO\prova\Simulation\kcg_s2c_config.txt, line 0, character 0
 ~kcg_trace.xml
  at file C:\Users\GiovanniTrotta\Desktop\SoftwareBGO\prova\Simulation\kcg_trace.xml, line 0, character 0
 ~kcg_metrics.txt
  at file C:\Users\GiovanniTrotta\Desktop\SoftwareBGO\prova\Simulation\kcg_metrics.txt, line 0, character 0
 ~ciao.c
  at file C:\Users\GiovanniTrotta\Desktop\SoftwareBGO\prova\Simulation\ciao.c, line 0, character 0
 ~ciao.h
  at file C:\Users\GiovanniTrotta\Desktop\SoftwareBGO\prova\Simulation\ciao.h, line 0, character 0
 ~kcg_types.h
  at file C:\Users\GiovanniTrotta\Desktop\SoftwareBGO\prova\Simulation\kcg_types.h, line 0, character 0
 ~kcg_consts.h
  at file C:\Users\GiovanniTrotta\Desktop\SoftwareBGO\prova\Simulation\kcg_consts.h, line 0, character 0
 ~kcg_sensors.h
  at file C:\Users\GiovanniTrotta\Desktop\SoftwareBGO\prova\Simulation\kcg_sensors.h, line 0, character 0
 ~kcg_types.c
  at file C:\Users\GiovanniTrotta\Desktop\SoftwareBGO\prova\Simulation\kcg_types.c, line 0, character 0
 ~kcg_consts.c
  at file C:\Users\GiovanniTrotta\Desktop\SoftwareBGO\prova\Simulation\kcg_consts.c, line 0, character 0
*** Generated Files Information (GENFIL): Type Utils Generated files
 ~prova_newtype.h
  at file C:\Users\GiovanniTrotta\Desktop\SoftwareBGO\prova\Simulation\prova_newtype.h, line 0, character 0
 ~prova_newtype.c
  at file C:\Users\GiovanniTrotta\Desktop\SoftwareBGO\prova\Simulation\prova_newtype.c, line 0, character 0
*** Generated Files Information (GENFIL): Mapping Utils Generated files
 ~prova_newmapping.h
  at file C:\Users\GiovanniTrotta\Desktop\SoftwareBGO\prova\Simulation\prova_newmapping.h, line 0, character 0
 ~prova_newmapping.c
  at file C:\Users\GiovanniTrotta\Desktop\SoftwareBGO\prova\Simulation\prova_newmapping.c, line 0, character 0
*** Generated Files Information (GENFIL): Simulator Generated files
 ~prova_newtype.h
  at file C:\Users\GiovanniTrotta\Desktop\SoftwareBGO\prova\Simulation\prova_newtype.h, line 0, character 0
 ~prova_newtype.c
  at file C:\Users\GiovanniTrotta\Desktop\SoftwareBGO\prova\Simulation\prova_newtype.c, line 0, character 0
 ~prova_newmapping.h
  at file C:\Users\GiovanniTrotta\Desktop\SoftwareBGO\prova\Simulation\prova_newmapping.h, line 0, character 0
 ~prova_newmapping.c
  at file C:\Users\GiovanniTrotta\Desktop\SoftwareBGO\prova\Simulation\prova_newmapping.c, line 0, character 0
 ~prova_newinterface.h
  at file C:\Users\GiovanniTrotta\Desktop\SoftwareBGO\prova\Simulation\prova_newinterface.h, line 0, character 0
 ~prova_newinterface.c
  at file C:\Users\GiovanniTrotta\Desktop\SoftwareBGO\prova\Simulation\prova_newinterface.c, line 0, character 0
 ~ciao_dll.c
  at file C:\Users\GiovanniTrotta\Desktop\SoftwareBGO\prova\Simulation\ciao_dll.c, line 0, character 0
*** Generated Files Information (GENFIL): Build Generated files
 ~Makefile
  at file C:\Users\GiovanniTrotta\Desktop\SoftwareBGO\prova\Simulation\Makefile, line 0, character 0
 ~ciao.dll
  at file C:\Users\GiovanniTrotta\Desktop\SoftwareBGO\prova\Simulation\ciao.dll, line 0, character 0
 ~ciao.exe
  at file C:\Users\GiovanniTrotta\Desktop\SoftwareBGO\prova\Simulation\ciao.exe, line 0, character 0
*** Generated Files Information (GENFIL): Code Generator Generated files
 ~sc2c.log
  at file C:\Users\GiovanniTrotta\Desktop\SoftwareBGO\prova\Simulation\sc2c.log, line 0, character 0
 ~sc2c_integration_files.txt
  at file C:\Users\GiovanniTrotta\Desktop\SoftwareBGO\prova\Simulation\sc2c_integration_files.txt, line 0, character 0
$**************  SCADETOC Version R15 (build i22) **************
** Generation date: 2014-04-14T14:18:51
** sc2c.log
*************************************************************$
