$*************** KCG Version 6.1.3 (build i6) ****************
** Command: kcg613.exe -config C:/Users/GiovanniTrotta/Desktop/SoftwareBGO/Simulation/config.txt
** Generation date: 2014-05-13T14:52:26
*************************************************************$
$*************** KCG Version 6.1.3 (build i6) ****************
** Command: s2c613 -config C:/Users/GiovanniTrotta/Desktop/SoftwareBGO/Simulation\kcg_s2c_config.txt
** Generation date: 2014-05-13T14:52:26
*************************************************************$
*** Semantic Warning (WAR_510): Unemitted signal
  at file C:/Users/GiovanniTrotta/Desktop/SoftwareBGO/Simulation/scade_model_without_unused.scade, line 173, character 9
  at path DetermineBGOrientation_LRBG::Operator7/SM1:On:Signal1/
 The signal Signal1 is never emitted
*** Semantic Warning (WAR_507): Uncaught signal
  at file C:/Users/GiovanniTrotta/Desktop/SoftwareBGO/Simulation/scade_model_without_unused.scade, line 173, character 9
  at path DetermineBGOrientation_LRBG::Operator7/SM1:On:Signal1/
 The signal Signal1 is never received
*** Semantic Warning (WAR_506): Useless final declaration
  at file C:/Users/GiovanniTrotta/Desktop/SoftwareBGO/Simulation/scade_model_without_unused.scade, line 146, character 13
  at path DetermineBGOrientation_LRBG::Operator7/SM1:
 The automaton SM1 has a state declared as final, but it is not in the scope of
 any synchro transition
3 warnings were found
$*************** KCG Version 6.1.3 (build i6) ****************
** s2c.log
** Generation date: 2014-05-13T14:52:26
*************************************************************$
$*************** KCG Version 6.1.3 (build i6) ****************
** C:/Users/GiovanniTrotta/Desktop/SoftwareBGO/Simulation\kcg.log
** Generation date: 2014-05-13T14:52:26
*************************************************************$
