$**************  SCADETOC Version 6.4.2 (build i26) **************
** Generation date: 2014-05-13T14:52:25
** Command: scade -code "C:\Users\GiovanniTrotta\Desktop\SoftwareBGO\SoftwareBGO.etp" -node DetermineBGOrientation_LRBG::Operator7 -conf Simulation -build
*************************************************************$
*** Generated Files Information (GENFIL): KCG- Generated files
 ~kcg.log
  at file C:\Users\GiovanniTrotta\Desktop\SoftwareBGO\Simulation\kcg.log, line 0, character 0
 ~kcg_s2c_config.txt
  at file C:\Users\GiovanniTrotta\Desktop\SoftwareBGO\Simulation\kcg_s2c_config.txt, line 0, character 0
 ~kcg_trace.xml
  at file C:\Users\GiovanniTrotta\Desktop\SoftwareBGO\Simulation\kcg_trace.xml, line 0, character 0
 ~kcg_metrics.txt
  at file C:\Users\GiovanniTrotta\Desktop\SoftwareBGO\Simulation\kcg_metrics.txt, line 0, character 0
 ~Operator7_DetermineBGOrientation_LRBG.c
  at file C:\Users\GiovanniTrotta\Desktop\SoftwareBGO\Simulation\Operator7_DetermineBGOrientation_LRBG.c, line 0, character 0
 ~Operator7_DetermineBGOrientation_LRBG.h
  at file C:\Users\GiovanniTrotta\Desktop\SoftwareBGO\Simulation\Operator7_DetermineBGOrientation_LRBG.h, line 0, character 0
 ~kcg_types.h
  at file C:\Users\GiovanniTrotta\Desktop\SoftwareBGO\Simulation\kcg_types.h, line 0, character 0
 ~kcg_consts.h
  at file C:\Users\GiovanniTrotta\Desktop\SoftwareBGO\Simulation\kcg_consts.h, line 0, character 0
 ~kcg_sensors.h
  at file C:\Users\GiovanniTrotta\Desktop\SoftwareBGO\Simulation\kcg_sensors.h, line 0, character 0
 ~kcg_types.c
  at file C:\Users\GiovanniTrotta\Desktop\SoftwareBGO\Simulation\kcg_types.c, line 0, character 0
 ~kcg_consts.c
  at file C:\Users\GiovanniTrotta\Desktop\SoftwareBGO\Simulation\kcg_consts.c, line 0, character 0
*** Generated Files Information (GENFIL): Type Utils Generated files
 ~SoftwareBGO_newtype.h
  at file C:\Users\GiovanniTrotta\Desktop\SoftwareBGO\Simulation\SoftwareBGO_newtype.h, line 0, character 0
 ~SoftwareBGO_newtype.c
  at file C:\Users\GiovanniTrotta\Desktop\SoftwareBGO\Simulation\SoftwareBGO_newtype.c, line 0, character 0
*** Generated Files Information (GENFIL): Mapping Utils Generated files
 ~SoftwareBGO_newmapping.h
  at file C:\Users\GiovanniTrotta\Desktop\SoftwareBGO\Simulation\SoftwareBGO_newmapping.h, line 0, character 0
 ~SoftwareBGO_newmapping.c
  at file C:\Users\GiovanniTrotta\Desktop\SoftwareBGO\Simulation\SoftwareBGO_newmapping.c, line 0, character 0
*** Generated Files Information (GENFIL): Simulator Generated files
 ~Operator7_DetermineBGOrientation_LRBG_type.h
  at file C:\Users\GiovanniTrotta\Desktop\SoftwareBGO\Simulation\Operator7_DetermineBGOrientation_LRBG_type.h, line 0, character 0
 ~Operator7_DetermineBGOrientation_LRBG_type.c
  at file C:\Users\GiovanniTrotta\Desktop\SoftwareBGO\Simulation\Operator7_DetermineBGOrientation_LRBG_type.c, line 0, character 0
 ~Operator7_DetermineBGOrientation_LRBG_mapping.h
  at file C:\Users\GiovanniTrotta\Desktop\SoftwareBGO\Simulation\Operator7_DetermineBGOrientation_LRBG_mapping.h, line 0, character 0
 ~Operator7_DetermineBGOrientation_LRBG_mapping.c
  at file C:\Users\GiovanniTrotta\Desktop\SoftwareBGO\Simulation\Operator7_DetermineBGOrientation_LRBG_mapping.c, line 0, character 0
 ~Operator7_DetermineBGOrientation_LRBG_interface.h
  at file C:\Users\GiovanniTrotta\Desktop\SoftwareBGO\Simulation\Operator7_DetermineBGOrientation_LRBG_interface.h, line 0, character 0
 ~Operator7_DetermineBGOrientation_LRBG_interface.c
  at file C:\Users\GiovanniTrotta\Desktop\SoftwareBGO\Simulation\Operator7_DetermineBGOrientation_LRBG_interface.c, line 0, character 0
 ~Operator7_DetermineBGOrientation_LRBG_dll.c
  at file C:\Users\GiovanniTrotta\Desktop\SoftwareBGO\Simulation\Operator7_DetermineBGOrientation_LRBG_dll.c, line 0, character 0
*** Generated Files Information (GENFIL): Build Generated files
 ~Makefile
  at file C:\Users\GiovanniTrotta\Desktop\SoftwareBGO\Simulation\Makefile, line 0, character 0
 ~DetermineBGOrientation_LRBG__Operator7.dll
  at file C:\Users\GiovanniTrotta\Desktop\SoftwareBGO\Simulation\DetermineBGOrientation_LRBG__Operator7.dll, line 0, character 0
 ~DetermineBGOrientation_LRBG__Operator7.exe
  at file C:\Users\GiovanniTrotta\Desktop\SoftwareBGO\Simulation\DetermineBGOrientation_LRBG__Operator7.exe, line 0, character 0
*** Generated Files Information (GENFIL): Code Generator Generated files
 ~sc2c.log
  at file C:\Users\GiovanniTrotta\Desktop\SoftwareBGO\Simulation\sc2c.log, line 0, character 0
 ~sc2c_integration_files.txt
  at file C:\Users\GiovanniTrotta\Desktop\SoftwareBGO\Simulation\sc2c_integration_files.txt, line 0, character 0
$**************  SCADETOC Version 6.4.2 (build i26) **************
** Generation date: 2014-05-13T14:52:29
** sc2c.log
*************************************************************$
