$**************  SCADETOC Version R16.1 (build i4) **************
** Generation date: 2015-08-21T16:10:56
** Command: scade -code "C:\GITHUB\modeling\model\Scade\System\ObuFunctions\ETCS_Messaging\TrackMessages\TrackMessages.etp" -root TM_trackside_baseline2::Write_P071 -conf KCG-Bitwalker
*************************************************************$
*** Generated Files Information (GENFIL): KCG- Generated files
 ~kcg.log
  at file C:\GITHUB\modeling\model\Scade\System\ObuFunctions\ETCS_Messaging\TrackMessages\KCG-Bitwalker\WriteP071\kcg.log, line 0, character 0
 ~kcg_s2c_config.txt
  at file C:\GITHUB\modeling\model\Scade\System\ObuFunctions\ETCS_Messaging\TrackMessages\KCG-Bitwalker\WriteP071\kcg_s2c_config.txt, line 0, character 0
 ~kcg_trace.xml
  at file C:\GITHUB\modeling\model\Scade\System\ObuFunctions\ETCS_Messaging\TrackMessages\KCG-Bitwalker\WriteP071\kcg_trace.xml, line 0, character 0
 ~kcg_metrics.txt
  at file C:\GITHUB\modeling\model\Scade\System\ObuFunctions\ETCS_Messaging\TrackMessages\KCG-Bitwalker\WriteP071\kcg_metrics.txt, line 0, character 0
 ~Write_P071_TM_trackside_baseline2.c
  at file C:\GITHUB\modeling\model\Scade\System\ObuFunctions\ETCS_Messaging\TrackMessages\KCG-Bitwalker\WriteP071\Write_P071_TM_trackside_baseline2.c, line 0, character 0
 ~C_P071_tracksim_compr_TM_conversions.c
  at file C:\GITHUB\modeling\model\Scade\System\ObuFunctions\ETCS_Messaging\TrackMessages\KCG-Bitwalker\WriteP071\C_P071_tracksim_compr_TM_conversions.c, line 0, character 0
 ~T_Build_Metadata_Packet_ID_TM_lib_internal.c
  at file C:\GITHUB\modeling\model\Scade\System\ObuFunctions\ETCS_Messaging\TrackMessages\KCG-Bitwalker\WriteP071\T_Build_Metadata_Packet_ID_TM_lib_internal.c, line 0, character 0
 ~SEND_MessageData_TM_lib_internal.c
  at file C:\GITHUB\modeling\model\Scade\System\ObuFunctions\ETCS_Messaging\TrackMessages\KCG-Bitwalker\WriteP071\SEND_MessageData_TM_lib_internal.c, line 0, character 0
 ~SEND_WriteBaliseDataElement_TM_lib_internal.c
  at file C:\GITHUB\modeling\model\Scade\System\ObuFunctions\ETCS_Messaging\TrackMessages\KCG-Bitwalker\WriteP071\SEND_WriteBaliseDataElement_TM_lib_internal.c, line 0, character 0
 ~SEND_WriteBaliseMessageHeader_TM_lib_internal.c
  at file C:\GITHUB\modeling\model\Scade\System\ObuFunctions\ETCS_Messaging\TrackMessages\KCG-Bitwalker\WriteP071\SEND_WriteBaliseMessageHeader_TM_lib_internal.c, line 0, character 0
 ~SEND_FindSlot_TM_lib_internal.c
  at file C:\GITHUB\modeling\model\Scade\System\ObuFunctions\ETCS_Messaging\TrackMessages\KCG-Bitwalker\WriteP071\SEND_FindSlot_TM_lib_internal.c, line 0, character 0
 ~Write_P071_TM_trackside_baseline2.h
  at file C:\GITHUB\modeling\model\Scade\System\ObuFunctions\ETCS_Messaging\TrackMessages\KCG-Bitwalker\WriteP071\Write_P071_TM_trackside_baseline2.h, line 0, character 0
 ~C_P071_tracksim_compr_TM_conversions.h
  at file C:\GITHUB\modeling\model\Scade\System\ObuFunctions\ETCS_Messaging\TrackMessages\KCG-Bitwalker\WriteP071\C_P071_tracksim_compr_TM_conversions.h, line 0, character 0
 ~T_Build_Metadata_Packet_ID_TM_lib_internal.h
  at file C:\GITHUB\modeling\model\Scade\System\ObuFunctions\ETCS_Messaging\TrackMessages\KCG-Bitwalker\WriteP071\T_Build_Metadata_Packet_ID_TM_lib_internal.h, line 0, character 0
 ~SEND_MessageData_TM_lib_internal.h
  at file C:\GITHUB\modeling\model\Scade\System\ObuFunctions\ETCS_Messaging\TrackMessages\KCG-Bitwalker\WriteP071\SEND_MessageData_TM_lib_internal.h, line 0, character 0
 ~SEND_WriteBaliseDataElement_TM_lib_internal.h
  at file C:\GITHUB\modeling\model\Scade\System\ObuFunctions\ETCS_Messaging\TrackMessages\KCG-Bitwalker\WriteP071\SEND_WriteBaliseDataElement_TM_lib_internal.h, line 0, character 0
 ~SEND_WriteBaliseMessageHeader_TM_lib_internal.h
  at file C:\GITHUB\modeling\model\Scade\System\ObuFunctions\ETCS_Messaging\TrackMessages\KCG-Bitwalker\WriteP071\SEND_WriteBaliseMessageHeader_TM_lib_internal.h, line 0, character 0
 ~SEND_FindSlot_TM_lib_internal.h
  at file C:\GITHUB\modeling\model\Scade\System\ObuFunctions\ETCS_Messaging\TrackMessages\KCG-Bitwalker\WriteP071\SEND_FindSlot_TM_lib_internal.h, line 0, character 0
 ~kcg_types.h
  at file C:\GITHUB\modeling\model\Scade\System\ObuFunctions\ETCS_Messaging\TrackMessages\KCG-Bitwalker\WriteP071\kcg_types.h, line 0, character 0
 ~kcg_consts.h
  at file C:\GITHUB\modeling\model\Scade\System\ObuFunctions\ETCS_Messaging\TrackMessages\KCG-Bitwalker\WriteP071\kcg_consts.h, line 0, character 0
 ~kcg_sensors.h
  at file C:\GITHUB\modeling\model\Scade\System\ObuFunctions\ETCS_Messaging\TrackMessages\KCG-Bitwalker\WriteP071\kcg_sensors.h, line 0, character 0
 ~kcg_types.c
  at file C:\GITHUB\modeling\model\Scade\System\ObuFunctions\ETCS_Messaging\TrackMessages\KCG-Bitwalker\WriteP071\kcg_types.c, line 0, character 0
 ~kcg_consts.c
  at file C:\GITHUB\modeling\model\Scade\System\ObuFunctions\ETCS_Messaging\TrackMessages\KCG-Bitwalker\WriteP071\kcg_consts.c, line 0, character 0
*** Generated Files Information (GENFIL): Code Generator Generated files
 ~user_macros.h
  at file C:\GITHUB\modeling\model\Scade\System\ObuFunctions\ETCS_Messaging\TrackMessages\KCG-Bitwalker\WriteP071\user_macros.h, line 0, character 0
 ~kcg_imported_types.h
  at file C:\GITHUB\modeling\model\Scade\System\ObuFunctions\ETCS_Messaging\TrackMessages\KCG-Bitwalker\WriteP071\kcg_imported_types.h, line 0, character 0
 ~sc2c.log
  at file C:\GITHUB\modeling\model\Scade\System\ObuFunctions\ETCS_Messaging\TrackMessages\KCG-Bitwalker\WriteP071\sc2c.log, line 0, character 0
 ~sc2c_integration_files.txt
  at file C:\GITHUB\modeling\model\Scade\System\ObuFunctions\ETCS_Messaging\TrackMessages\KCG-Bitwalker\WriteP071\sc2c_integration_files.txt, line 0, character 0
$**************  SCADETOC Version R16.1 (build i4) **************
** Generation date: 2015-08-21T16:11:03
** sc2c.log
*************************************************************$
