<?xml version="1.0" encoding="UTF-8"?>
<traceability>
	<object id="!ed/93a92/113E/16A8/5346d6722fb6">
		<requirement id="3.6.1.3.*[1]"/>
		<requirement id="3.6.1.3.*[2]"/>
		<requirement id="3.6.1.3.*[3]"/>
		<requirement id="3.6.1.3.*[3].*[1]"/>
		<requirement id="3.6.1.3.*[3].*[2]"/>
		<requirement id="3.6.1.3.*[3].*[3]"/>
		<requirement id="3.6.1.3"/>
	</object>
	<object id="!ed/af707/113E/16A8/5346da6f2604">
		<requirement id="3.6.2.2.2.c"/>
	</object>
	<object id="!ed/15280/2FD9/23F0/5360e9087c0a">
		<requirement id="3.6.2.2.2.c"/>
	</object>
	<object id="!ed/1478d/464A/1DAC/53981c6c3f32">
		<requirement id="3.16.2.3"/>
		<requirement id="3.16.2.7.1.1"/>
		<requirement id="3.16.2.7.2"/>
	</object>
</traceability>
