$*************** KCG Version 6.1.3 (build i6) ****************
** Command: kcg613.exe -config C:/GITHUB/modeling/model/Scade/System/ObuFunctions/ETCS_Messaging/TrackMessages/Simulation/config.txt
** Generation date: 2015-07-03T14:09:22
*************************************************************$
$*************** KCG Version 6.1.3 (build i6) ****************
** Command: s2c613 -config C:/GITHUB/modeling/model/Scade/System/ObuFunctions/ETCS_Messaging/TrackMessages/Simulation\kcg_s2c_config.txt
** Generation date: 2015-07-03T14:09:22
*************************************************************$
*** Code Generation Warning (WAR_604): Renaming interface identifier
  at file C:/GITHUB/modeling/model/Scade/System/ObuFunctions/ETCS_Messaging/TrackMessages/Simulation/scade_model_without_unused.scade, line 221, character 0
  at path TM_specific::DIRTY_m_version_filter_for_aprobst/
 Interface element DIRTY_m_version_filter_for_aprobst_TM_specific has been
 renamed because it is too long
1 warning was found
$*************** KCG Version 6.1.3 (build i6) ****************
** s2c.log
** Generation date: 2015-07-03T14:09:22
*************************************************************$
$*************** KCG Version 6.1.3 (build i6) ****************
** C:/GITHUB/modeling/model/Scade/System/ObuFunctions/ETCS_Messaging/TrackMessages/Simulation\kcg.log
** Generation date: 2015-07-03T14:09:22
*************************************************************$
