$**************  SCADETOC Version R15.1 (build i27) **************
** Generation date: 2015-06-05T13:35:09
** Command: scade -code "C:\GITHUB\modeling\model\Scade\System\ObuFunctions\ETCS_Messaging\TrackMessages\TrackMessages.etp" -node TM_trackside::Write_P005 -conf Simulation -build
*************************************************************$
*** Generated Files Information (GENFIL): KCG- Generated files
 ~kcg.log
  at file C:\GITHUB\modeling\model\Scade\System\ObuFunctions\ETCS_Messaging\TrackMessages\Simulation\kcg.log, line 0, character 0
 ~kcg_s2c_config.txt
  at file C:\GITHUB\modeling\model\Scade\System\ObuFunctions\ETCS_Messaging\TrackMessages\Simulation\kcg_s2c_config.txt, line 0, character 0
 ~kcg_trace.xml
  at file C:\GITHUB\modeling\model\Scade\System\ObuFunctions\ETCS_Messaging\TrackMessages\Simulation\kcg_trace.xml, line 0, character 0
 ~kcg_metrics.txt
  at file C:\GITHUB\modeling\model\Scade\System\ObuFunctions\ETCS_Messaging\TrackMessages\Simulation\kcg_metrics.txt, line 0, character 0
 ~Write_P005_TM_trackside.c
  at file C:\GITHUB\modeling\model\Scade\System\ObuFunctions\ETCS_Messaging\TrackMessages\Simulation\Write_P005_TM_trackside.c, line 0, character 0
 ~C_P005_tracksim_compr_TM_conversions.c
  at file C:\GITHUB\modeling\model\Scade\System\ObuFunctions\ETCS_Messaging\TrackMessages\Simulation\C_P005_tracksim_compr_TM_conversions.c, line 0, character 0
 ~C_P005_flatten_sections_TM_lib_internal.c
  at file C:\GITHUB\modeling\model\Scade\System\ObuFunctions\ETCS_Messaging\TrackMessages\Simulation\C_P005_flatten_sections_TM_lib_internal.c, line 0, character 0
 ~C_P005_fs_struct_to_array_TM_lib_internal.c
  at file C:\GITHUB\modeling\model\Scade\System\ObuFunctions\ETCS_Messaging\TrackMessages\Simulation\C_P005_fs_struct_to_array_TM_lib_internal.c, line 0, character 0
 ~C_P005_fs_flatten_array_TM_lib_internal.c
  at file C:\GITHUB\modeling\model\Scade\System\ObuFunctions\ETCS_Messaging\TrackMessages\Simulation\C_P005_fs_flatten_array_TM_lib_internal.c, line 0, character 0
 ~DeterminePacketSizeInt_TM_lib_internal.c
  at file C:\GITHUB\modeling\model\Scade\System\ObuFunctions\ETCS_Messaging\TrackMessages\Simulation\DeterminePacketSizeInt_TM_lib_internal.c, line 0, character 0
 ~SEND_MessageData_TM_lib_internal.c
  at file C:\GITHUB\modeling\model\Scade\System\ObuFunctions\ETCS_Messaging\TrackMessages\Simulation\SEND_MessageData_TM_lib_internal.c, line 0, character 0
 ~SEND_WriteBaliseDataElement_TM_lib_internal.c
  at file C:\GITHUB\modeling\model\Scade\System\ObuFunctions\ETCS_Messaging\TrackMessages\Simulation\SEND_WriteBaliseDataElement_TM_lib_internal.c, line 0, character 0
 ~SIM_SEND_WriteBaliseMessa_DRAFTS.c
  at file C:\GITHUB\modeling\model\Scade\System\ObuFunctions\ETCS_Messaging\TrackMessages\Simulation\SIM_SEND_WriteBaliseMessa_DRAFTS.c, line 0, character 0
 ~SEND_FindSlot_DRAFTS.c
  at file C:\GITHUB\modeling\model\Scade\System\ObuFunctions\ETCS_Messaging\TrackMessages\Simulation\SEND_FindSlot_DRAFTS.c, line 0, character 0
 ~Write_P005_TM_trackside.h
  at file C:\GITHUB\modeling\model\Scade\System\ObuFunctions\ETCS_Messaging\TrackMessages\Simulation\Write_P005_TM_trackside.h, line 0, character 0
 ~C_P005_tracksim_compr_TM_conversions.h
  at file C:\GITHUB\modeling\model\Scade\System\ObuFunctions\ETCS_Messaging\TrackMessages\Simulation\C_P005_tracksim_compr_TM_conversions.h, line 0, character 0
 ~C_P005_flatten_sections_TM_lib_internal.h
  at file C:\GITHUB\modeling\model\Scade\System\ObuFunctions\ETCS_Messaging\TrackMessages\Simulation\C_P005_flatten_sections_TM_lib_internal.h, line 0, character 0
 ~C_P005_fs_struct_to_array_TM_lib_internal.h
  at file C:\GITHUB\modeling\model\Scade\System\ObuFunctions\ETCS_Messaging\TrackMessages\Simulation\C_P005_fs_struct_to_array_TM_lib_internal.h, line 0, character 0
 ~C_P005_fs_flatten_array_TM_lib_internal.h
  at file C:\GITHUB\modeling\model\Scade\System\ObuFunctions\ETCS_Messaging\TrackMessages\Simulation\C_P005_fs_flatten_array_TM_lib_internal.h, line 0, character 0
 ~DeterminePacketSizeInt_TM_lib_internal.h
  at file C:\GITHUB\modeling\model\Scade\System\ObuFunctions\ETCS_Messaging\TrackMessages\Simulation\DeterminePacketSizeInt_TM_lib_internal.h, line 0, character 0
 ~SEND_MessageData_TM_lib_internal.h
  at file C:\GITHUB\modeling\model\Scade\System\ObuFunctions\ETCS_Messaging\TrackMessages\Simulation\SEND_MessageData_TM_lib_internal.h, line 0, character 0
 ~SEND_WriteBaliseDataElement_TM_lib_internal.h
  at file C:\GITHUB\modeling\model\Scade\System\ObuFunctions\ETCS_Messaging\TrackMessages\Simulation\SEND_WriteBaliseDataElement_TM_lib_internal.h, line 0, character 0
 ~SIM_SEND_WriteBaliseMessa_DRAFTS.h
  at file C:\GITHUB\modeling\model\Scade\System\ObuFunctions\ETCS_Messaging\TrackMessages\Simulation\SIM_SEND_WriteBaliseMessa_DRAFTS.h, line 0, character 0
 ~SEND_FindSlot_DRAFTS.h
  at file C:\GITHUB\modeling\model\Scade\System\ObuFunctions\ETCS_Messaging\TrackMessages\Simulation\SEND_FindSlot_DRAFTS.h, line 0, character 0
 ~kcg_types.h
  at file C:\GITHUB\modeling\model\Scade\System\ObuFunctions\ETCS_Messaging\TrackMessages\Simulation\kcg_types.h, line 0, character 0
 ~kcg_consts.h
  at file C:\GITHUB\modeling\model\Scade\System\ObuFunctions\ETCS_Messaging\TrackMessages\Simulation\kcg_consts.h, line 0, character 0
 ~kcg_sensors.h
  at file C:\GITHUB\modeling\model\Scade\System\ObuFunctions\ETCS_Messaging\TrackMessages\Simulation\kcg_sensors.h, line 0, character 0
 ~kcg_types.c
  at file C:\GITHUB\modeling\model\Scade\System\ObuFunctions\ETCS_Messaging\TrackMessages\Simulation\kcg_types.c, line 0, character 0
 ~kcg_consts.c
  at file C:\GITHUB\modeling\model\Scade\System\ObuFunctions\ETCS_Messaging\TrackMessages\Simulation\kcg_consts.c, line 0, character 0
*** Generated Files Information (GENFIL): Type Utils Generated files
 ~TrackMessages_newtype.h
  at file C:\GITHUB\modeling\model\Scade\System\ObuFunctions\ETCS_Messaging\TrackMessages\Simulation\TrackMessages_newtype.h, line 0, character 0
 ~TrackMessages_newtype.c
  at file C:\GITHUB\modeling\model\Scade\System\ObuFunctions\ETCS_Messaging\TrackMessages\Simulation\TrackMessages_newtype.c, line 0, character 0
*** Generated Files Information (GENFIL): Mapping Utils Generated files
 ~TrackMessages_newmapping.h
  at file C:\GITHUB\modeling\model\Scade\System\ObuFunctions\ETCS_Messaging\TrackMessages\Simulation\TrackMessages_newmapping.h, line 0, character 0
 ~TrackMessages_newmapping.c
  at file C:\GITHUB\modeling\model\Scade\System\ObuFunctions\ETCS_Messaging\TrackMessages\Simulation\TrackMessages_newmapping.c, line 0, character 0
*** Generated Files Information (GENFIL): Simulator Generated files
 ~TrackMessages_newtype.h
  at file C:\GITHUB\modeling\model\Scade\System\ObuFunctions\ETCS_Messaging\TrackMessages\Simulation\TrackMessages_newtype.h, line 0, character 0
 ~TrackMessages_newtype.c
  at file C:\GITHUB\modeling\model\Scade\System\ObuFunctions\ETCS_Messaging\TrackMessages\Simulation\TrackMessages_newtype.c, line 0, character 0
 ~TrackMessages_newmapping.h
  at file C:\GITHUB\modeling\model\Scade\System\ObuFunctions\ETCS_Messaging\TrackMessages\Simulation\TrackMessages_newmapping.h, line 0, character 0
 ~TrackMessages_newmapping.c
  at file C:\GITHUB\modeling\model\Scade\System\ObuFunctions\ETCS_Messaging\TrackMessages\Simulation\TrackMessages_newmapping.c, line 0, character 0
 ~TrackMessages_newinterface.h
  at file C:\GITHUB\modeling\model\Scade\System\ObuFunctions\ETCS_Messaging\TrackMessages\Simulation\TrackMessages_newinterface.h, line 0, character 0
 ~TrackMessages_newinterface.c
  at file C:\GITHUB\modeling\model\Scade\System\ObuFunctions\ETCS_Messaging\TrackMessages\Simulation\TrackMessages_newinterface.c, line 0, character 0
 ~Write_P005_TM_trackside_dll.c
  at file C:\GITHUB\modeling\model\Scade\System\ObuFunctions\ETCS_Messaging\TrackMessages\Simulation\Write_P005_TM_trackside_dll.c, line 0, character 0
*** Generated Files Information (GENFIL): Build Generated files
 ~Makefile
  at file C:\GITHUB\modeling\model\Scade\System\ObuFunctions\ETCS_Messaging\TrackMessages\Simulation\Makefile, line 0, character 0
 ~TM_trackside__Write_P005.dll
  at file C:\GITHUB\modeling\model\Scade\System\ObuFunctions\ETCS_Messaging\TrackMessages\Simulation\TM_trackside__Write_P005.dll, line 0, character 0
 ~TM_trackside__Write_P005.exe
  at file C:\GITHUB\modeling\model\Scade\System\ObuFunctions\ETCS_Messaging\TrackMessages\Simulation\TM_trackside__Write_P005.exe, line 0, character 0
*** Generated Files Information (GENFIL): Code Generator Generated files
 ~sc2c.log
  at file C:\GITHUB\modeling\model\Scade\System\ObuFunctions\ETCS_Messaging\TrackMessages\Simulation\sc2c.log, line 0, character 0
 ~sc2c_integration_files.txt
  at file C:\GITHUB\modeling\model\Scade\System\ObuFunctions\ETCS_Messaging\TrackMessages\Simulation\sc2c_integration_files.txt, line 0, character 0
$**************  SCADETOC Version R15.1 (build i27) **************
** Generation date: 2015-06-05T13:35:14
** sc2c.log
*************************************************************$
