<?xml version="1.0" encoding="UTF-8"?>

<?dom version="R15" ?>

<?scade_release version="R15.1" ?>

<traceability>
    <object id="4afe504d-c5e6-4118-807b-e34d0f34d677" mandatory="false">
        <requirement id="8.2.2.1"/>
        <requirement id="8.2.2.1.1"/>
        <requirement id="8.2.2.1.5"/>
        <requirement id="8.2.2.1.6"/>
        <requirement id="8.2.2.1.7"/>
        <requirement id="8.2.2.2"/>
        <requirement id="8.2.2.2.1"/>
        <requirement id="8.2.2.2.4"/>
        <requirement id="8.2.2.2.5"/>
        <requirement id="8.2.2.2.6"/>
    </object>
    <object id="471e76ca-2611-47b2-b471-8d4193726a0f" mandatory="false">
        <requirement id="8.2.1.1"/>
        <requirement id="8.2.1.1.1"/>
        <requirement id="8.2.1.1.10"/>
        <requirement id="8.2.1.1.11"/>
        <requirement id="8.2.1.1.2"/>
        <requirement id="8.2.1.1.3"/>
        <requirement id="8.2.1.1.4"/>
        <requirement id="8.2.1.1.5"/>
        <requirement id="8.2.1.1.6"/>
        <requirement id="8.2.1.1.7"/>
        <requirement id="8.2.1.1.8"/>
        <requirement id="8.2.1.1.9"/>
        <requirement id="8.2.1.2"/>
        <requirement id="8.2.1.2.1"/>
        <requirement id="8.2.1.2.2"/>
        <requirement id="8.2.1.2.3"/>
        <requirement id="8.2.1.2.4"/>
        <requirement id="8.2.1.3"/>
        <requirement id="8.2.1.3.1"/>
        <requirement id="8.2.1.3.2"/>
        <requirement id="8.2.1.3.3"/>
        <requirement id="8.2.1.3.4"/>
        <requirement id="8.2.1.3.5"/>
        <requirement id="8.2.1.4"/>
        <requirement id="8.2.1.4.1"/>
        <requirement id="8.2.1.4.2"/>
        <requirement id="8.2.1.4.4"/>
        <requirement id="8.2.1.4.5"/>
        <requirement id="8.2.1.4.6"/>
        <requirement id="8.2.1.4.7"/>
        <requirement id="8.2.1.4.8"/>
        <requirement id="8.2.1.6"/>
        <requirement id="8.2.1.6.1"/>
        <requirement id="8.2.1.6.2"/>
        <requirement id="8.2.1.6.3"/>
        <requirement id="8.2.1.6.4"/>
        <requirement id="8.2.1.6.5"/>
        <requirement id="8.2.3.1.2"/>
    </object>
    <object id="ad51aef9-5956-4afd-82e2-11e948373973" mandatory="false">
        <requirement id="8.2.2.3"/>
        <requirement id="8.2.2.3.1"/>
        <requirement id="8.2.2.3.2"/>
        <requirement id="8.2.2.3.5"/>
        <requirement id="8.2.3.1.5"/>
        <requirement id="8.2.3.1.6"/>
        <requirement id="8.2.3.2.10"/>
        <requirement id="8.2.3.2.2"/>
        <requirement id="8.2.3.2.3"/>
        <requirement id="8.2.3.2.4"/>
        <requirement id="8.2.3.2.5"/>
        <requirement id="8.2.3.2.6"/>
        <requirement id="8.2.3.2.7"/>
        <requirement id="8.2.3.2.8"/>
        <requirement id="8.2.3.2.9"/>
    </object>
    <object id="947f8bb6-c880-4e73-8e30-777bbe8c296e" mandatory="false">
        <requirement id="8.4.1.1"/>
        <requirement id="8.4.1.2"/>
    </object>
    <object id="f264f277-a568-4787-80ba-ff2b246ce435" mandatory="false">
        <requirement id="10.2.1.1"/>
        <requirement id="10.2.1.2"/>
        <requirement id="10.2.1.3"/>
        <requirement id="10.2.3.1"/>
    </object>
</traceability>

<!-- crc32 : 3192762528 -->

