#
# A fatal error has been detected by the Java Runtime Environment:
#
#  EXCEPTION_ACCESS_VIOLATION (0xc0000005) at pc=0x5f987ae3, pid=5512, tid=2520
#
# JRE version: Java(TM) SE Runtime Environment (7.0_40-b43) (build 1.7.0_40-b43)
# Java VM: Java HotSpot(TM) Client VM (24.0-b56 mixed mode windows-x86 )
# Problematic frame:
# C  [awt.dll+0x97ae3]
#
# Failed to write core dump. Minidumps are not enabled by default on client versions of Windows
#
# If you would like to submit a bug report, please visit:
#   http://bugreport.sun.com/bugreport/crash.jsp
# The crash happened outside the Java Virtual Machine in native code.
# See problematic frame for where to report the bug.
#

---------------  T H R E A D  ---------------

Current thread (0x05d00800):  JavaThread "AWT-EventQueue-0" [_thread_in_native, id=2520, stack(0x06ec0000,0x06fc0000)]

siginfo: ExceptionCode=0xc0000005, reading address 0x00000004

Registers:
EAX=0x0000000d, EBX=0x0be64af0, ECX=0x00000000, EDX=0x00000000
ESP=0x06fbe2c8, EBP=0x762a4f70, ESI=0x05b9d6d0, EDI=0xf90119ef
EIP=0x5f987ae3, EFLAGS=0x00010217

Top of Stack: (sp=0x06fbe2c8)
0x06fbe2c8:   5f95711f f90119ef 0be64af0 05d00930
0x06fbe2d8:   06fbe398 06fbe850 5f93cb9f 05d00930
0x06fbe2e8:   0be64af0 06fbe850 5f93cbb6 00000001
0x06fbe2f8:   00000000 00000000 5f95469c 05d00930
0x06fbe308:   06fbe850 05d00800 00000000 00000000
0x06fbe318:   00000004 1396f6b8 06fbe438 05ca03a0
0x06fbe328:   06fbe854 05d00930 0000000f 00000006
0x06fbe338:   00000001 02c4ce00 05d00800 2283daf0 

Instructions: (pc=0x5f987ae3)
0x5f987ac3:   00 00 c3 8b 41 04 8b 80 0c 0c 00 00 c3 8b 01 83
0x5f987ad3:   78 04 08 7e 03 33 c0 c3 8b 49 04 e9 cb c1 fe ff
0x5f987ae3:   8b 49 04 85 c9 74 05 e9 d9 bf fe ff 33 c0 c2 04
0x5f987af3:   00 8b 49 04 85 c9 74 05 e9 ee bf fe ff c2 04 00 


Register to memory mapping:

EAX=0x0000000d is an unknown value
EBX=0x0be64af0 is an unknown value
ECX=0x00000000 is an unknown value
EDX=0x00000000 is an unknown value
ESP=0x06fbe2c8 is pointing into the stack for thread: 0x05d00800
EBP=0x762a4f70 is an unknown value
ESI=0x05b9d6d0 is an unknown value
EDI=0xf90119ef is an unknown value


Stack: [0x06ec0000,0x06fc0000],  sp=0x06fbe2c8,  free space=1016k
Native frames: (J=compiled Java code, j=interpreted, Vv=VM code, C=native code)
C  [awt.dll+0x97ae3]

Java frames: (J=compiled Java code, j=interpreted, Vv=VM code)
J  sun.java2d.windows.GDIBlitLoops.nativeBlit(Lsun/java2d/SurfaceData;Lsun/java2d/SurfaceData;Lsun/java2d/pipe/Region;IIIIIIIIIZ)V
J  sun.java2d.windows.GDIBlitLoops.Blit(Lsun/java2d/SurfaceData;Lsun/java2d/SurfaceData;Ljava/awt/Composite;Lsun/java2d/pipe/Region;IIIIII)V
J  sun.java2d.pipe.DrawImage.blitSurfaceData(Lsun/java2d/SunGraphics2D;Lsun/java2d/pipe/Region;Lsun/java2d/SurfaceData;Lsun/java2d/SurfaceData;Lsun/java2d/loops/SurfaceType;Lsun/java2d/loops/SurfaceType;IIIIIILjava/awt/Color;)V
J  sun.java2d.pipe.DrawImage.renderImageCopy(Lsun/java2d/SunGraphics2D;Ljava/awt/Image;Ljava/awt/Color;IIIIII)Z
J  sun.java2d.pipe.DrawImage.copyImage(Lsun/java2d/SunGraphics2D;Ljava/awt/Image;IILjava/awt/Color;)Z
J  sun.java2d.pipe.DrawImage.copyImage(Lsun/java2d/SunGraphics2D;Ljava/awt/Image;IILjava/awt/Color;Ljava/awt/image/ImageObserver;)Z
J  sun.java2d.pipe.ValidatePipe.copyImage(Lsun/java2d/SunGraphics2D;Ljava/awt/Image;IILjava/awt/Color;Ljava/awt/image/ImageObserver;)Z
J  sun.java2d.SunGraphics2D.drawImage(Ljava/awt/Image;IILjava/awt/Color;Ljava/awt/image/ImageObserver;)Z
J  sun.java2d.SunGraphics2D.drawImage(Ljava/awt/Image;IILjava/awt/image/ImageObserver;)Z
J  javax.swing.RepaintManager$PaintManager.paintDoubleBuffered(Ljavax/swing/JComponent;Ljava/awt/Image;Ljava/awt/Graphics;IIII)V
J  javax.swing.RepaintManager$PaintManager.paint(Ljavax/swing/JComponent;Ljavax/swing/JComponent;Ljava/awt/Graphics;IIII)Z
J  javax.swing.RepaintManager.paint(Ljavax/swing/JComponent;Ljavax/swing/JComponent;Ljava/awt/Graphics;IIII)V
J  javax.swing.JComponent.paint(Ljava/awt/Graphics;)V
j  java.awt.GraphicsCallback$PaintCallback.run(Ljava/awt/Component;Ljava/awt/Graphics;)V+2
j  sun.awt.SunGraphicsCallback.runOneComponent(Ljava/awt/Component;Ljava/awt/Rectangle;Ljava/awt/Graphics;Ljava/awt/Shape;I)V+155
J  sun.awt.SunGraphicsCallback.runComponents([Ljava/awt/Component;Ljava/awt/Graphics;I)V
j  java.awt.Container.paint(Ljava/awt/Graphics;)V+58
j  java.awt.Window.paint(Ljava/awt/Graphics;)V+68
J  javax.swing.RepaintManager$3.run()Ljava/lang/Void;
J  javax.swing.RepaintManager$3.run()Ljava/lang/Object;
v  ~StubRoutines::call_stub
J  java.security.AccessController.doPrivileged(Ljava/security/PrivilegedAction;Ljava/security/AccessControlContext;)Ljava/lang/Object;
J  javax.swing.RepaintManager.paintDirtyRegions(Ljava/util/Map;)V
J  javax.swing.RepaintManager.paintDirtyRegions()V
J  javax.swing.RepaintManager.prePaintDirtyRegions()V
J  javax.swing.RepaintManager$ProcessingRunnable.run()V
J  java.awt.event.InvocationEvent.dispatch()V
J  java.awt.EventQueue.dispatchEventImpl(Ljava/awt/AWTEvent;Ljava/lang/Object;)V
J  java.awt.EventQueue$3.run()Ljava/lang/Object;
v  ~StubRoutines::call_stub
J  java.security.AccessController.doPrivileged(Ljava/security/PrivilegedAction;Ljava/security/AccessControlContext;)Ljava/lang/Object;
J  java.awt.EventQueue.dispatchEvent(Ljava/awt/AWTEvent;)V
J  java.awt.EventDispatchThread.pumpOneEventForFilters(I)V
j  java.awt.EventDispatchThread.pumpEventsForFilter(ILjava/awt/Conditional;Ljava/awt/EventFilter;)V+35
j  java.awt.EventDispatchThread.pumpEventsForHierarchy(ILjava/awt/Conditional;Ljava/awt/Component;)V+11
j  java.awt.EventDispatchThread.pumpEvents(ILjava/awt/Conditional;)V+4
j  java.awt.EventDispatchThread.pumpEvents(Ljava/awt/Conditional;)V+3
j  java.awt.EventDispatchThread.run()V+9
v  ~StubRoutines::call_stub

---------------  P R O C E S S  ---------------

Java Threads: ( => current thread )
  0x05ef0000 JavaThread "RMI Scheduler(0)" daemon [_thread_blocked, id=6284, stack(0x0daf0000,0x0dbf0000)]
  0x05eef400 JavaThread "TimerQueue" daemon [_thread_blocked, id=4236, stack(0x0ddc0000,0x0dec0000)]
  0x05eee800 JavaThread "Thread-9" [_thread_in_native, id=6104, stack(0x0cbd0000,0x0ccd0000)]
  0x05eee400 JavaThread "Thread-8" [_thread_in_native, id=5960, stack(0x0ca90000,0x0cb90000)]
  0x05eedc00 JavaThread "EventThread" [_thread_blocked, id=3484, stack(0x0c950000,0x0ca50000)]
  0x05eed000 JavaThread "Thread-6" [_thread_blocked, id=184, stack(0x0b9a0000,0x0baa0000)]
  0x05e25800 JavaThread "change adapter" [_thread_blocked, id=2896, stack(0x0b720000,0x0b820000)]
  0x05e85800 JavaThread "Thread-5" [_thread_blocked, id=5472, stack(0x0b5e0000,0x0b6e0000)]
=>0x05d00800 JavaThread "AWT-EventQueue-0" [_thread_in_native, id=2520, stack(0x06ec0000,0x06fc0000)]
  0x05b81c00 JavaThread "AWT-Windows" daemon [_thread_in_native, id=3400, stack(0x06830000,0x06930000)]
  0x05b7d800 JavaThread "AWT-Shutdown" [_thread_blocked, id=5948, stack(0x066f0000,0x067f0000)]
  0x05b7d000 JavaThread "Java2D Disposer" daemon [_thread_blocked, id=2488, stack(0x065b0000,0x066b0000)]
  0x05b50c00 JavaThread "GC Daemon" daemon [_thread_blocked, id=2296, stack(0x064b0000,0x065b0000)]
  0x05b50000 JavaThread "RMI Reaper" [_thread_blocked, id=124, stack(0x063b0000,0x064b0000)]
  0x05b4f800 JavaThread "RMI TCP Accept-0" daemon [_thread_in_native, id=1780, stack(0x061d0000,0x062d0000)]
  0x04acc400 JavaThread "RMI TCP Accept-2004" daemon [_thread_in_native, id=5964, stack(0x060c0000,0x061c0000)]
  0x04921000 JavaThread "Service Thread" daemon [_thread_blocked, id=3944, stack(0x05190000,0x05290000)]
  0x0491c800 JavaThread "C1 CompilerThread0" daemon [_thread_blocked, id=2276, stack(0x05050000,0x05150000)]
  0x0491b800 JavaThread "Attach Listener" daemon [_thread_blocked, id=6024, stack(0x04f10000,0x05010000)]
  0x04918400 JavaThread "Signal Dispatcher" daemon [_thread_blocked, id=1472, stack(0x04dd0000,0x04ed0000)]
  0x048ea000 JavaThread "Finalizer" daemon [_thread_blocked, id=2832, stack(0x04cd0000,0x04dd0000)]
  0x048e4c00 JavaThread "Reference Handler" daemon [_thread_blocked, id=1760, stack(0x04bd0000,0x04cd0000)]
  0x0266d800 JavaThread "main" [_thread_blocked, id=5996, stack(0x00090000,0x00190000)]

Other Threads:
  0x048e2c00 VMThread [stack: 0x04ad0000,0x04bd0000] [id=5380]
  0x04945800 WatcherThread [stack: 0x052d0000,0x053d0000] [id=4932]

VM state:not at safepoint (normal execution)

VM Mutex/Monitor currently owned by a thread: None

Heap
 def new generation   total 148480K, used 76151K [0x0f010000, 0x19120000, 0x19ab0000)
  eden space 132032K,  57% used [0x0f010000, 0x139a3638, 0x17100000)
  from space 16448K,   4% used [0x18110000, 0x181da6a8, 0x19120000)
  to   space 16448K,   0% used [0x17100000, 0x17100000, 0x18110000)
 tenured generation   total 329764K, used 197856K [0x19ab0000, 0x2dcb9000, 0x2f010000)
   the space 329764K,  59% used [0x19ab0000, 0x25be81e8, 0x25be8200, 0x2dcb9000)
 compacting perm gen  total 20736K, used 20596K [0x2f010000, 0x30450000, 0x33010000)
   the space 20736K,  99% used [0x2f010000, 0x3042d2d0, 0x3042d400, 0x30450000)
No shared spaces configured.

Card table byte_map: [0x046f0000,0x04820000] byte_map_base: 0x04677f80

Polling page: 0x00260000

Code Cache  [0x02670000, 0x02db8000, 0x04670000)
 total_blobs=4471 nmethods=4186 adapters=218 free_code_cache=25333Kb largest_free_block=25937344

Compilation events (10 events):
Event: 9440.331 Thread 0x0491c800 4211    b        java.awt.image.BufferedImage::<init> (926 bytes)
Event: 9440.332 Thread 0x0491c800 nmethod 4211 0x02daf7c8 code [0x02dafb10, 0x02db1290]
Event: 9440.335 Thread 0x0491c800 4212    b        java.awt.image.BufferedImage::createGraphics (10 bytes)
Event: 9440.335 Thread 0x0491c800 nmethod 4212 0x02b29648 code [0x02b29760, 0x02b299b8]
Event: 9440.344 Thread 0x0491c800 4213    b        java.awt.image.BufferedImage::getGraphics (5 bytes)
Event: 9440.344 Thread 0x0491c800 nmethod 4213 0x02db22c8 code [0x02db23e0, 0x02db2638]
Event: 9508.492 Thread 0x0491c800 4214  s b        sun.awt.windows.WToolkit::updateProperties (115 bytes)
Event: 9508.493 Thread 0x0491c800 nmethod 4214 0x02db2788 code [0x02db2980, 0x02db2ef0]
Event: 9508.494 Thread 0x0491c800 4215    b        sun.awt.windows.WDesktopProperties::getKeyNames (48 bytes)
Event: 9508.495 Thread 0x0491c800 nmethod 4215 0x02db34c8 code [0x02db3610, 0x02db3850]

GC Heap History (10 events):
Event: 9004.079 GC heap before
{Heap before GC invocations=43 (full 3):
 def new generation   total 148480K, used 132819K [0x0f010000, 0x19120000, 0x19ab0000)
  eden space 132032K, 100% used [0x0f010000, 0x17100000, 0x17100000)
  from space 16448K,   4% used [0x17100000, 0x171c4c28, 0x18110000)
  to   space 16448K,   0% used [0x18110000, 0x18110000, 0x19120000)
 tenured generation   total 329764K, used 197856K [0x19ab0000, 0x2dcb9000, 0x2f010000)
   the space 329764K,  59% used [0x19ab0000, 0x25be81e8, 0x25be8200, 0x2dcb9000)
 compacting perm gen  total 20736K, used 20596K [0x2f010000, 0x30450000, 0x33010000)
   the space 20736K,  99% used [0x2f010000, 0x3042d2d0, 0x3042d400, 0x30450000)
No shared spaces configured.
Event: 9004.084 GC heap after
Heap after GC invocations=44 (full 3):
 def new generation   total 148480K, used 786K [0x0f010000, 0x19120000, 0x19ab0000)
  eden space 132032K,   0% used [0x0f010000, 0x0f010000, 0x17100000)
  from space 16448K,   4% used [0x18110000, 0x181d4b98, 0x19120000)
  to   space 16448K,   0% used [0x17100000, 0x17100000, 0x18110000)
 tenured generation   total 329764K, used 197856K [0x19ab0000, 0x2dcb9000, 0x2f010000)
   the space 329764K,  59% used [0x19ab0000, 0x25be81e8, 0x25be8200, 0x2dcb9000)
 compacting perm gen  total 20736K, used 20596K [0x2f010000, 0x30450000, 0x33010000)
   the space 20736K,  99% used [0x2f010000, 0x3042d2d0, 0x3042d400, 0x30450000)
No shared spaces configured.
}
Event: 9440.303 GC heap before
{Heap before GC invocations=44 (full 3):
 def new generation   total 148480K, used 132299K [0x0f010000, 0x19120000, 0x19ab0000)
  eden space 132032K,  99% used [0x0f010000, 0x1707e1b0, 0x17100000)
  from space 16448K,   4% used [0x18110000, 0x181d4b98, 0x19120000)
  to   space 16448K,   0% used [0x17100000, 0x17100000, 0x18110000)
 tenured generation   total 329764K, used 197856K [0x19ab0000, 0x2dcb9000, 0x2f010000)
   the space 329764K,  59% used [0x19ab0000, 0x25be81e8, 0x25be8200, 0x2dcb9000)
 compacting perm gen  total 20736K, used 20596K [0x2f010000, 0x30450000, 0x33010000)
   the space 20736K,  99% used [0x2f010000, 0x3042d2d0, 0x3042d400, 0x30450000)
No shared spaces configured.
Event: 9440.309 GC heap after
Heap after GC invocations=45 (full 3):
 def new generation   total 148480K, used 1304K [0x0f010000, 0x19120000, 0x19ab0000)
  eden space 132032K,   0% used [0x0f010000, 0x0f010000, 0x17100000)
  from space 16448K,   7% used [0x17100000, 0x17246250, 0x18110000)
  to   space 16448K,   0% used [0x18110000, 0x18110000, 0x19120000)
 tenured generation   total 329764K, used 197856K [0x19ab0000, 0x2dcb9000, 0x2f010000)
   the space 329764K,  59% used [0x19ab0000, 0x25be81e8, 0x25be8200, 0x2dcb9000)
 compacting perm gen  total 20736K, used 20596K [0x2f010000, 0x30450000, 0x33010000)
   the space 20736K,  99% used [0x2f010000, 0x3042d2d0, 0x3042d400, 0x30450000)
No shared spaces configured.
}
Event: 9785.002 GC heap before
{Heap before GC invocations=45 (full 3):
 def new generation   total 148480K, used 133336K [0x0f010000, 0x19120000, 0x19ab0000)
  eden space 132032K, 100% used [0x0f010000, 0x17100000, 0x17100000)
  from space 16448K,   7% used [0x17100000, 0x17246250, 0x18110000)
  to   space 16448K,   0% used [0x18110000, 0x18110000, 0x19120000)
 tenured generation   total 329764K, used 197856K [0x19ab0000, 0x2dcb9000, 0x2f010000)
   the space 329764K,  59% used [0x19ab0000, 0x25be81e8, 0x25be8200, 0x2dcb9000)
 compacting perm gen  total 20736K, used 20596K [0x2f010000, 0x30450000, 0x33010000)
   the space 20736K,  99% used [0x2f010000, 0x3042d2d0, 0x3042d400, 0x30450000)
No shared spaces configured.
Event: 9785.014 GC heap after
Heap after GC invocations=46 (full 3):
 def new generation   total 148480K, used 3679K [0x0f010000, 0x19120000, 0x19ab0000)
  eden space 132032K,   0% used [0x0f010000, 0x0f010000, 0x17100000)
  from space 16448K,  22% used [0x18110000, 0x184a7d08, 0x19120000)
  to   space 16448K,   0% used [0x17100000, 0x17100000, 0x18110000)
 tenured generation   total 329764K, used 197856K [0x19ab0000, 0x2dcb9000, 0x2f010000)
   the space 329764K,  59% used [0x19ab0000, 0x25be81e8, 0x25be8200, 0x2dcb9000)
 compacting perm gen  total 20736K, used 20596K [0x2f010000, 0x30450000, 0x33010000)
   the space 20736K,  99% used [0x2f010000, 0x3042d2d0, 0x3042d400, 0x30450000)
No shared spaces configured.
}
Event: 10182.919 GC heap before
{Heap before GC invocations=46 (full 3):
 def new generation   total 148480K, used 135711K [0x0f010000, 0x19120000, 0x19ab0000)
  eden space 132032K, 100% used [0x0f010000, 0x17100000, 0x17100000)
  from space 16448K,  22% used [0x18110000, 0x184a7d08, 0x19120000)
  to   space 16448K,   0% used [0x17100000, 0x17100000, 0x18110000)
 tenured generation   total 329764K, used 197856K [0x19ab0000, 0x2dcb9000, 0x2f010000)
   the space 329764K,  59% used [0x19ab0000, 0x25be81e8, 0x25be8200, 0x2dcb9000)
 compacting perm gen  total 20736K, used 20596K [0x2f010000, 0x30450000, 0x33010000)
   the space 20736K,  99% used [0x2f010000, 0x3042d2d0, 0x3042d400, 0x30450000)
No shared spaces configured.
Event: 10182.927 GC heap after
Heap after GC invocations=47 (full 3):
 def new generation   total 148480K, used 812K [0x0f010000, 0x19120000, 0x19ab0000)
  eden space 132032K,   0% used [0x0f010000, 0x0f010000, 0x17100000)
  from space 16448K,   4% used [0x17100000, 0x171cb028, 0x18110000)
  to   space 16448K,   0% used [0x18110000, 0x18110000, 0x19120000)
 tenured generation   total 329764K, used 197856K [0x19ab0000, 0x2dcb9000, 0x2f010000)
   the space 329764K,  59% used [0x19ab0000, 0x25be81e8, 0x25be8200, 0x2dcb9000)
 compacting perm gen  total 20736K, used 20596K [0x2f010000, 0x30450000, 0x33010000)
   the space 20736K,  99% used [0x2f010000, 0x3042d2d0, 0x3042d400, 0x30450000)
No shared spaces configured.
}
Event: 10572.247 GC heap before
{Heap before GC invocations=47 (full 3):
 def new generation   total 148480K, used 132844K [0x0f010000, 0x19120000, 0x19ab0000)
  eden space 132032K, 100% used [0x0f010000, 0x17100000, 0x17100000)
  from space 16448K,   4% used [0x17100000, 0x171cb028, 0x18110000)
  to   space 16448K,   0% used [0x18110000, 0x18110000, 0x19120000)
 tenured generation   total 329764K, used 197856K [0x19ab0000, 0x2dcb9000, 0x2f010000)
   the space 329764K,  59% used [0x19ab0000, 0x25be81e8, 0x25be8200, 0x2dcb9000)
 compacting perm gen  total 20736K, used 20596K [0x2f010000, 0x30450000, 0x33010000)
   the space 20736K,  99% used [0x2f010000, 0x3042d2d0, 0x3042d400, 0x30450000)
No shared spaces configured.
Event: 10572.250 GC heap after
Heap after GC invocations=48 (full 3):
 def new generation   total 148480K, used 809K [0x0f010000, 0x19120000, 0x19ab0000)
  eden space 132032K,   0% used [0x0f010000, 0x0f010000, 0x17100000)
  from space 16448K,   4% used [0x18110000, 0x181da6a8, 0x19120000)
  to   space 16448K,   0% used [0x17100000, 0x17100000, 0x18110000)
 tenured generation   total 329764K, used 197856K [0x19ab0000, 0x2dcb9000, 0x2f010000)
   the space 329764K,  59% used [0x19ab0000, 0x25be81e8, 0x25be8200, 0x2dcb9000)
 compacting perm gen  total 20736K, used 20596K [0x2f010000, 0x30450000, 0x33010000)
   the space 20736K,  99% used [0x2f010000, 0x3042d2d0, 0x3042d400, 0x30450000)
No shared spaces configured.
}

Deoptimization events (0 events):
No events

Internal exceptions (10 events):
Event: 10783.152 Thread 0x05d00800 Implicit null exception at 0x029e67e4 to 0x029e68ea
Event: 10783.152 Thread 0x05d00800 Threw 0x138a03a8 at C:\jdk7u2_32P\jdk7u40\hotspot\src\share\vm\runtime\sharedRuntime.cpp:591
Event: 10783.153 Thread 0x05d00800 Implicit null exception at 0x029e67e4 to 0x029e68ea
Event: 10783.153 Thread 0x05d00800 Threw 0x138a0750 at C:\jdk7u2_32P\jdk7u40\hotspot\src\share\vm\runtime\sharedRuntime.cpp:591
Event: 10783.153 Thread 0x05d00800 Implicit null exception at 0x029e67e4 to 0x029e68ea
Event: 10783.153 Thread 0x05d00800 Threw 0x138a0af8 at C:\jdk7u2_32P\jdk7u40\hotspot\src\share\vm\runtime\sharedRuntime.cpp:591
Event: 10783.153 Thread 0x05d00800 Implicit null exception at 0x029e67e4 to 0x029e68ea
Event: 10783.153 Thread 0x05d00800 Threw 0x138a0ea0 at C:\jdk7u2_32P\jdk7u40\hotspot\src\share\vm\runtime\sharedRuntime.cpp:591
Event: 10783.157 Thread 0x05d00800 Implicit null exception at 0x029e67e4 to 0x029e68ea
Event: 10783.157 Thread 0x05d00800 Threw 0x138de178 at C:\jdk7u2_32P\jdk7u40\hotspot\src\share\vm\runtime\sharedRuntime.cpp:591

Events (10 events):
Event: 9004.084 Executing VM operation: GenCollectForAllocation done
Event: 9440.302 Executing VM operation: GenCollectForAllocation
Event: 9440.309 Executing VM operation: GenCollectForAllocation done
Event: 9508.495 Thread 0x0491c800 flushing nmethod 0x02d30f08
Event: 9785.001 Executing VM operation: GenCollectForAllocation
Event: 9785.014 Executing VM operation: GenCollectForAllocation done
Event: 10182.918 Executing VM operation: GenCollectForAllocation
Event: 10182.927 Executing VM operation: GenCollectForAllocation done
Event: 10572.247 Executing VM operation: GenCollectForAllocation
Event: 10572.250 Executing VM operation: GenCollectForAllocation done


Dynamic libraries:
0x00400000 - 0x005ef000 	C:\Program Files (x86)\Esterel Technologies\SCADE R15.1\SCADE Display\bin\ScadeDisplay.exe
0x77bc0000 - 0x77d40000 	C:\Windows\SysWOW64\ntdll.dll
0x76e50000 - 0x76f60000 	C:\Windows\syswow64\kernel32.dll
0x77770000 - 0x777b7000 	C:\Windows\syswow64\KERNELBASE.dll
0x706f0000 - 0x70793000 	C:\Windows\WinSxS\x86_microsoft.vc90.crt_1fc8b3b9a1e18e3b_9.0.30729.6161_none_50934f2ebcb7eb57\MSVCR90.dll
0x71b70000 - 0x71b81000 	C:\Windows\system32\NETAPI32.dll
0x71b60000 - 0x71b69000 	C:\Windows\system32\netutils.dll
0x76da0000 - 0x76e4c000 	C:\Windows\syswow64\msvcrt.dll
0x71b40000 - 0x71b59000 	C:\Windows\system32\srvcli.dll
0x76ad0000 - 0x76bc0000 	C:\Windows\syswow64\RPCRT4.dll
0x75560000 - 0x755c0000 	C:\Windows\syswow64\SspiCli.dll
0x75550000 - 0x7555c000 	C:\Windows\syswow64\CRYPTBASE.dll
0x76d80000 - 0x76d99000 	C:\Windows\SysWOW64\sechost.dll
0x71b30000 - 0x71b3f000 	C:\Windows\system32\wkscli.dll
0x73e40000 - 0x73ec4000 	C:\Windows\WinSxS\x86_microsoft.windows.common-controls_6595b64144ccf1df_5.82.7601.18201_none_ec80f00e8593ece5\COMCTL32.dll
0x76ff0000 - 0x77090000 	C:\Windows\syswow64\ADVAPI32.dll
0x76290000 - 0x76320000 	C:\Windows\syswow64\GDI32.dll
0x76c80000 - 0x76d80000 	C:\Windows\syswow64\USER32.dll
0x76800000 - 0x7680a000 	C:\Windows\syswow64\LPK.dll
0x76bd0000 - 0x76c6d000 	C:\Windows\syswow64\USP10.dll
0x74fe0000 - 0x74fe7000 	C:\Windows\system32\WSOCK32.dll
0x772b0000 - 0x772e5000 	C:\Windows\syswow64\WS2_32.dll
0x76450000 - 0x76456000 	C:\Windows\syswow64\NSI.dll
0x76510000 - 0x7653e000 	C:\Windows\syswow64\WINTRUST.dll
0x76330000 - 0x76450000 	C:\Windows\syswow64\CRYPT32.dll
0x76320000 - 0x7632c000 	C:\Windows\syswow64\MSASN1.dll
0x776f0000 - 0x7776b000 	C:\Windows\syswow64\COMDLG32.dll
0x76460000 - 0x764b7000 	C:\Windows\syswow64\SHLWAPI.dll
0x75640000 - 0x7628a000 	C:\Windows\syswow64\SHELL32.dll
0x765e0000 - 0x7673c000 	C:\Windows\syswow64\ole32.dll
0x76740000 - 0x767cf000 	C:\Windows\syswow64\OLEAUT32.dll
0x6d130000 - 0x6d1be000 	C:\Windows\WinSxS\x86_microsoft.vc90.crt_1fc8b3b9a1e18e3b_9.0.30729.6161_none_50934f2ebcb7eb57\MSVCP90.dll
0x755c0000 - 0x75620000 	C:\Windows\system32\IMM32.DLL
0x771e0000 - 0x772ac000 	C:\Windows\syswow64\MSCTF.dll
0x753f0000 - 0x7541e000 	C:\Windows\SysWOW64\nvinit.dll
0x75480000 - 0x75489000 	C:\Windows\system32\VERSION.dll
0x0f000000 - 0x0f006000 	C:\Program Files (x86)\NVIDIA Corporation\CoProcManager\detoured.dll
0x6eda0000 - 0x6edcb000 	C:\Program Files (x86)\NVIDIA Corporation\CoProcManager\nvd3d9wrap.dll
0x772f0000 - 0x7748d000 	C:\Windows\syswow64\SETUPAPI.dll
0x764d0000 - 0x764f7000 	C:\Windows\syswow64\CFGMGR32.dll
0x776d0000 - 0x776e2000 	C:\Windows\syswow64\DEVOBJ.dll
0x70250000 - 0x7026f000 	C:\Program Files (x86)\NVIDIA Corporation\CoProcManager\nvdxgiwrap.dll
0x5f340000 - 0x5f6c0000 	C:\Program Files (x86)\Esterel Technologies\SCADE R15.1\contrib\JRE\bin\client\jvm.dll
0x70db0000 - 0x70de2000 	C:\Windows\system32\WINMM.dll
0x76ab0000 - 0x76ab5000 	C:\Windows\syswow64\PSAPI.DLL
0x61980000 - 0x61a3f000 	C:\Windows\system32\MSVCR100.dll
0x6ebd0000 - 0x6ebdc000 	C:\Program Files (x86)\Esterel Technologies\SCADE R15.1\contrib\JRE\bin\verify.dll
0x6d250000 - 0x6d270000 	C:\Program Files (x86)\Esterel Technologies\SCADE R15.1\contrib\JRE\bin\java.dll
0x6d270000 - 0x6d283000 	C:\Program Files (x86)\Esterel Technologies\SCADE R15.1\contrib\JRE\bin\zip.dll
0x70000000 - 0x70003000 	C:\Windows\system32\icmp.Dll
0x74fa0000 - 0x74fbc000 	C:\Windows\system32\iphlpapi.DLL
0x74f90000 - 0x74f97000 	C:\Windows\system32\WINNSI.DLL
0x74da0000 - 0x74de4000 	C:\Windows\system32\DNSAPI.dll
0x71360000 - 0x71372000 	C:\Windows\system32\dhcpcsvc.DLL
0x71350000 - 0x7135d000 	C:\Windows\system32\dhcpcsvc6.DLL
0x70e50000 - 0x70ed0000 	C:\Windows\system32\uxtheme.dll
0x003d0000 - 0x003dd000 	C:\Program Files (x86)\Esterel Technologies\SCADE R15.1\SCADE Display\bin\sdy_tigl.dll
0x5f8f0000 - 0x5fa34000 	C:\Program Files (x86)\Esterel Technologies\SCADE R15.1\contrib\JRE\bin\awt.dll
0x6d0f0000 - 0x6d104000 	C:\Program Files (x86)\Esterel Technologies\SCADE R15.1\contrib\JRE\bin\net.dll
0x71060000 - 0x7109c000 	C:\Windows\system32\mswsock.dll
0x71000000 - 0x71006000 	C:\Windows\System32\wship6.dll
0x710a0000 - 0x710b0000 	C:\Windows\system32\NLAapi.dll
0x70f90000 - 0x70fa0000 	C:\Windows\system32\napinsp.dll
0x70c00000 - 0x70c12000 	C:\Windows\system32\pnrpnsp.dll
0x70bf0000 - 0x70bf8000 	C:\Windows\System32\winrnr.dll
0x70be0000 - 0x70bed000 	C:\Windows\system32\wshbth.dll
0x71050000 - 0x71055000 	C:\Windows\System32\wshtcpip.dll
0x71040000 - 0x71046000 	C:\Windows\system32\rasadhlp.dll
0x70f40000 - 0x70f78000 	C:\Windows\System32\fwpuclnt.dll
0x74a30000 - 0x74a46000 	C:\Windows\system32\CRYPTSP.dll
0x74660000 - 0x7469b000 	C:\Windows\system32\rsaenh.dll
0x75620000 - 0x75637000 	C:\Windows\syswow64\USERENV.dll
0x765d0000 - 0x765db000 	C:\Windows\syswow64\profapi.dll
0x6d240000 - 0x6d24f000 	C:\Program Files (x86)\Esterel Technologies\SCADE R15.1\contrib\JRE\bin\nio.dll
0x70810000 - 0x70823000 	C:\Windows\system32\DWMAPI.DLL
0x6d0b0000 - 0x6d0e1000 	C:\Program Files (x86)\Esterel Technologies\SCADE R15.1\contrib\JRE\bin\fontmanager.dll
0x68c50000 - 0x68c80000 	C:\Program Files (x86)\Esterel Technologies\SCADE R15.1\contrib\JRE\bin\t2k.dll
0x06fc0000 - 0x073d2000 	C:\Program Files (x86)\Esterel Technologies\SCADE R15.1\SCADE Display\bin\OpenGL\IGLCustom.dll
0x02490000 - 0x024ac000 	C:\Program Files (x86)\Esterel Technologies\SCADE R15.1\SCADE Display\bin\OGLX.dll
0x618b0000 - 0x61978000 	C:\Windows\system32\OPENGL32.dll
0x68cd0000 - 0x68cf2000 	C:\Windows\system32\GLU32.dll
0x5f800000 - 0x5f8e7000 	C:\Windows\system32\DDRAW.dll
0x6d320000 - 0x6d326000 	C:\Windows\system32\DCIMAN32.dll
0x02630000 - 0x02639000 	C:\Program Files (x86)\Esterel Technologies\SCADE R15.1\SCADE Display\bin\jdic.dll
0x77090000 - 0x771da000 	C:\Windows\syswow64\urlmon.dll
0x764c0000 - 0x764c4000 	C:\Windows\syswow64\api-ms-win-downlevel-ole32-l1-1-0.dll
0x76c70000 - 0x76c74000 	C:\Windows\syswow64\api-ms-win-downlevel-shlwapi-l1-1-0.dll
0x76ac0000 - 0x76ac5000 	C:\Windows\syswow64\api-ms-win-downlevel-advapi32-l1-1-0.dll
0x76500000 - 0x76504000 	C:\Windows\syswow64\api-ms-win-downlevel-user32-l1-1-0.dll
0x76bc0000 - 0x76bc4000 	C:\Windows\syswow64\api-ms-win-downlevel-version-l1-1-0.dll
0x76a50000 - 0x76a53000 	C:\Windows\syswow64\api-ms-win-downlevel-normaliz-l1-1-0.dll
0x77b90000 - 0x77b93000 	C:\Windows\syswow64\normaliz.DLL
0x77490000 - 0x776c2000 	C:\Windows\syswow64\iertutil.dll
0x76870000 - 0x76a45000 	C:\Windows\syswow64\WININET.dll
0x62770000 - 0x6288c000 	C:\Windows\system32\MFC42.DLL
0x626e0000 - 0x6276c000 	C:\Windows\system32\ODBC32.dll
0x6ec10000 - 0x6ec48000 	C:\Windows\system32\odbcint.dll
0x74d30000 - 0x74d7c000 	C:\Windows\system32\apphelp.dll
0x76540000 - 0x765c3000 	C:\Windows\syswow64\CLBCatQ.DLL
0x70550000 - 0x706ee000 	C:\Windows\WinSxS\x86_microsoft.windows.common-controls_6595b64144ccf1df_6.0.7601.17514_none_41e6975e2bd6f2b2\comctl32.dll
0x625b0000 - 0x626e0000 	C:\Windows\system32\WindowsCodecs.dll
0x6d110000 - 0x6d122000 	C:\Program Files (x86)\Common Files\TortoiseOverlays\TortoiseOverlays.dll
0x61ae0000 - 0x61af6000 	C:\Program Files\TortoiseGit\bin\TortoiseGitStub32.dll
0x61a60000 - 0x61ada000 	C:\Program Files\TortoiseGit\bin\TortoiseGit32.dll
0x5f760000 - 0x5f7f8000 	C:\Program Files\TortoiseGit\bin\libgit232_tgit.dll
0x61a40000 - 0x61a55000 	C:\Program Files\TortoiseGit\bin\zlib132_tgit.dll
0x5f250000 - 0x5f33e000 	C:\Windows\system32\MSVCR120.dll
0x74e40000 - 0x74e98000 	C:\Windows\system32\WINHTTP.dll
0x74df0000 - 0x74e3f000 	C:\Windows\system32\webio.dll
0x5f080000 - 0x5f24c000 	C:\Program Files\TortoiseGit\bin\gitdll32.dll
0x5f6e0000 - 0x5f751000 	C:\Windows\system32\MSVCP120.dll
0x5f000000 - 0x5f031000 	C:\Windows\system32\EhStorShell.dll
0x6df70000 - 0x6e065000 	C:\Windows\system32\PROPSYS.dll
0x61b90000 - 0x61c00000 	C:\Windows\system32\ntshrui.dll
0x707a0000 - 0x707ab000 	C:\Windows\system32\cscapi.dll
0x70320000 - 0x7032a000 	C:\Windows\system32\slc.dll
0x68cc0000 - 0x68cc6000 	C:\Program Files (x86)\Esterel Technologies\SCADE R15.1\contrib\JRE\bin\jawt.dll
0x61c80000 - 0x6216c000 	C:\Program Files (x86)\Esterel Technologies\SCADE R15.1\SCADE Display\bin\OpenGL\Fonts.dll
0x5ba50000 - 0x5c4b6000 	C:\Windows\system32\ig4icd32.dll
0x5ba20000 - 0x5ba44000 	C:\Program Files (x86)\Esterel Technologies\SCADE R15.1\contrib\JRE\bin\dcpr.dll
0x06a60000 - 0x06a6b000 	C:\Program Files (x86)\Esterel Technologies\SCADE R15.1\SCADE Display\bin\clib_jiio_util.dll
0x38200000 - 0x3830c000 	C:\Program Files (x86)\Esterel Technologies\SCADE R15.1\SCADE Display\bin\clib_jiio_sse2.dll
0x60160000 - 0x6024b000 	C:\Windows\system32\dbghelp.dll

VM Arguments:
jvm_args: -Xms256m -Xmx512m -Xbatch -Duser.language=en -Duser.country=US -Dcom.sun.media.imageio.disableCodecLib=true -Duser.home=C:\Users\Valerio -Dscadedisplay.home=C:\Program Files (x86)\Esterel Technologies\SCADE R15.1\SCADE Display -Djava.library.path=C:\Program Files (x86)\Esterel Technologies\SCADE R15.1\SCADE Display/bin;C:\Program Files (x86)\Esterel Technologies\SCADE R15.1\SCADE Display/bin/vm/bin -Drmgateway.exe.path=C:\Program Files (x86)\Esterel Technologies\SCADE R15.1\SCADE LifeCycle\RM Gateway\bin.w32\ScadeRMGateway.exe -Dscade.exe.path=C:\Program Files (x86)\Esterel Technologies\SCADE R15.1\SCADE\bin\scade.exe 
java_command: <unknown>
Launcher Type: generic

Environment Variables:
PATH=C:\Program Files (x86)\Esterel Technologies\SCADE R15.1\contrib\lib;C:\ProgramData\Oracle\Java\javapath;C:\Program Files (x86)\NVIDIA Corporation\PhysX\Common;C:\Windows\system32;C:\Windows;C:\Windows\System32\Wbem;C:\Windows\System32\WindowsPowerShell\v1.0\;C:\Program Files (x86)\Intel\OpenCL SDK\2.0\bin\x86;C:\Program Files (x86)\Intel\OpenCL SDK\2.0\bin\x64;C:\Program Files\TortoiseGit\bin
USERNAME=Valerio
OS=Windows_NT
PROCESSOR_IDENTIFIER=Intel64 Family 6 Model 42 Stepping 7, GenuineIntel



---------------  S Y S T E M  ---------------

OS: Windows 7 , 64 bit Build 7601 Service Pack 1

CPU:total 4 (2 cores per cpu, 2 threads per core) family 6 model 42 stepping 7, cmov, cx8, fxsr, mmx, sse, sse2, sse3, ssse3, sse4.1, sse4.2, popcnt, avx, ht, tsc, tscinvbit

Memory: 4k page, physical 6194244k(2709796k free), swap 12386628k(8458580k free)

vm_info: Java HotSpot(TM) Client VM (24.0-b56) for windows-x86 JRE (1.7.0_40-b43), built on Aug 26 2013 22:34:40 by "java_re" with unknown MS VC++:1600

time: Wed Jan 21 12:42:06 2015
elapsed time: 10783 seconds

