*** Instance Name Warning (WA_INSEUS): "=" is called 2 times with same instance name: 1
  at path TM_conversions::CAST_M_LEVEL_to_int/
  at path if (m_level_in = INT_M_LEVEL_Level_0) then 
   var
      _L7 : bool;
      _L8 : M_LEVEL;
   let
      m_level = _L8;
      _L7 = false;
      error = _L7;
      _L8 = ENUM_M_LEVEL_Level_0;
   tel
else 
   if (m_level_in = INT_M_LEVEL_Level_1) then 
      var
         _L6 : bool;
         _L7 : M_LEVEL;
      let
         m_level = _L7;
         error = _L6;
         _L6 = false;
         _L7 = ENUM_M_LEVEL_Level_1;
      tel
   else 
      if (m_level_in = INT_M_LEVEL_Level_2) then 
         var
            _L2 : bool;
            _L1 : M_LEVEL;
         let
            m_level = _L1;
            _L1 = ENUM_M_LEVEL_Level_2;
            error = _L2;
            _L2 = false;
         tel
      else 
         if (m_level_in = INT_M_LEVEL_Level_3) then 
            var
               _L2 : M_LEVEL;
               _L1 : bool;
            let
               _L1 = false;
               _L2 = ENUM_M_LEVEL_Level_3;
               m_level = _L2;
               error = _L1;
            tel
         else 
            if (m_level_in = INT_M_LEVEL_Level_NTC) then 
               var
                  _L2 : bool;
                  _L1 : M_LEVEL;
               let
                  _L1 = ENUM_M_LEVEL_Level_NTC;
                  error = _L2;
                  m_level = _L1;
                  _L2 = false;
               tel
            else 
               var
                  _L2 : M_LEVEL;
                  _L1 : bool;
               let
                  _L1 = true;
                  _L2 = ENUM_M_LEVEL_Level_NTC;
                  m_level = _L2;
                  error = _L1;
               tel


  at path if (m_level_in = INT_M_LEVEL_Level_1) then 
   var
      _L6 : bool;
      _L7 : M_LEVEL;
   let
      m_level = _L7;
      error = _L6;
      _L6 = false;
      _L7 = ENUM_M_LEVEL_Level_1;
   tel
else 
   if (m_level_in = INT_M_LEVEL_Level_2) then 
      var
         _L2 : bool;
         _L1 : M_LEVEL;
      let
         m_level = _L1;
         _L1 = ENUM_M_LEVEL_Level_2;
         error = _L2;
         _L2 = false;
      tel
   else 
      if (m_level_in = INT_M_LEVEL_Level_3) then 
         var
            _L2 : M_LEVEL;
            _L1 : bool;
         let
            _L1 = false;
            _L2 = ENUM_M_LEVEL_Level_3;
            m_level = _L2;
            error = _L1;
         tel
      else 
         if (m_level_in = INT_M_LEVEL_Level_NTC) then 
            var
               _L2 : bool;
               _L1 : M_LEVEL;
            let
               _L1 = ENUM_M_LEVEL_Level_NTC;
               error = _L2;
               m_level = _L1;
               _L2 = false;
            tel
         else 
            var
               _L2 : M_LEVEL;
               _L1 : bool;
            let
               _L1 = true;
               _L2 = ENUM_M_LEVEL_Level_NTC;
               m_level = _L2;
               error = _L1;
            tel

