<?xml version="1.0" encoding="UTF-8"?>
<traceability>
	<object id="!ed/12faf/5253/2130/54ca302e46e0">
		<requirement id="3.13.9.2.3"/>
		<requirement id="3.13.9.2.3[2]"/>
		<requirement id="3.13.9.2.3[3]"/>
		<requirement id="3.13.9.2.3[4]"/>
		<requirement id="3.13.9.2.3[5]"/>
		<requirement id="3.13.9.2.3[6]"/>
		<requirement id="3.13.9.2.3[6].[f]44"/>
		<requirement id="3.13.9.2.3[6].[f]44.C"/>
		<requirement id="3.13.9.2.4"/>
	</object>
	<object id="!ed/1308a/5253/2130/54ca35fa5553">
		<requirement id="3.13.9.2.5"/>
	</object>
	<object id="!ed/13139/5253/2130/54ca3667273d">
		<requirement id="3.13.9.2.6"/>
	</object>
	<object id="!ed/99fe/5ECD/2518/54e72c8d31a8">
		<requirement id="3.13.9.3.5.5"/>
		<requirement id="3.13.9.3.5.5[2]"/>
		<requirement id="3.13.9.3.5.5[3]"/>
		<requirement id="3.13.9.3.5.6"/>
		<requirement id="3.13.9.3.5.6[2]"/>
		<requirement id="3.13.9.3.5.6[3]"/>
	</object>
	<object id="!ed/9b05/5ECD/2518/54e73b581edd">
		<requirement id="3.13.9.3.5.7"/>
		<requirement id="3.13.9.3.5.7[2]"/>
		<requirement id="3.13.9.3.5.7[3]"/>
		<requirement id="3.13.9.3.5.7[4]"/>
		<requirement id="3.13.9.3.5.7[5]"/>
		<requirement id="3.13.9.3.5.7[5].[f]49"/>
		<requirement id="3.13.9.3.5.7[5].[f]49.C"/>
		<requirement id="3.13.9.3.5.7[5].1"/>
		<requirement id="3.13.9.3.5.8"/>
		<requirement id="3.13.9.3.5.8[2]"/>
		<requirement id="3.13.9.3.5.8[3]"/>
		<requirement id="3.13.9.3.5.8[4]"/>
		<requirement id="3.13.9.3.5.8[5]"/>
	</object>
	<object id="!ed/196efc/578F/938/54f62f994bd8">
		<requirement id="3.13.9.2"/>
		<requirement id="3.13.9.2.1"/>
		<requirement id="3.13.9.2.2"/>
		<requirement id="3.13.9.2.2[2]"/>
		<requirement id="3.13.9.2.2[2].[f]43"/>
		<requirement id="3.13.9.2.2[2].[f]43.C"/>
		<requirement id="3.13.9.2.7"/>
		<requirement id="3.13.9.2.8"/>
	</object>
</traceability>
