*** Semantic Warning (WAR_508): Unused input
  at file C:\Users\GIOVAN~1\AppData\Local\Temp\ScadeChecker\12212\checker_file.scade, line 3085, character 0
  at path DetermineBGOrientation_LRBG::GetBGMessageOrientation/_L101/
 The local variable _L101 is never used
*** Semantic Warning (WAR_508): Unused input
  at file C:\Users\GIOVAN~1\AppData\Local\Temp\ScadeChecker\12212\checker_file.scade, line 3097, character 0
  at path DetermineBGOrientation_LRBG::GetBGMessageOrientation/_L104/
 The local variable _L104 is never used
*** Semantic Warning (WAR_508): Unused input
  at file C:\Users\GIOVAN~1\AppData\Local\Temp\ScadeChecker\12212\checker_file.scade, line 3101, character 0
  at path DetermineBGOrientation_LRBG::GetBGMessageOrientation/_L105/
 The local variable _L105 is never used
*** Semantic Warning (WAR_508): Unused input
  at file C:\Users\GIOVAN~1\AppData\Local\Temp\ScadeChecker\12212\checker_file.scade, line 3105, character 0
  at path DetermineBGOrientation_LRBG::GetBGMessageOrientation/_L106/
 The local variable _L106 is never used
*** Semantic Warning (WAR_508): Unused input
  at file C:\Users\GIOVAN~1\AppData\Local\Temp\ScadeChecker\12212\checker_file.scade, line 3109, character 0
  at path DetermineBGOrientation_LRBG::GetBGMessageOrientation/_L107/
 The local variable _L107 is never used
*** Semantic Warning (WAR_508): Unused input
  at file C:\Users\GIOVAN~1\AppData\Local\Temp\ScadeChecker\12212\checker_file.scade, line 3113, character 0
  at path DetermineBGOrientation_LRBG::GetBGMessageOrientation/_L108/
 The local variable _L108 is never used
*** Semantic Warning (WAR_508): Unused input
  at file C:\Users\GIOVAN~1\AppData\Local\Temp\ScadeChecker\12212\checker_file.scade, line 3117, character 0
  at path DetermineBGOrientation_LRBG::GetBGMessageOrientation/_L109/
 The local variable _L109 is never used
*** Semantic Warning (WAR_508): Unused input
  at file C:\Users\GIOVAN~1\AppData\Local\Temp\ScadeChecker\12212\checker_file.scade, line 3129, character 0
  at path DetermineBGOrientation_LRBG::GetBGMessageOrientation/_L35/
 The local variable _L35 is never used
*** Semantic Warning (WAR_508): Unused input
  at file C:\Users\GIOVAN~1\AppData\Local\Temp\ScadeChecker\12212\checker_file.scade, line 3137, character 0
  at path DetermineBGOrientation_LRBG::GetBGMessageOrientation/_L25/
 The local variable _L25 is never used
*** Semantic Warning (WAR_508): Unused input
  at file C:\Users\GIOVAN~1\AppData\Local\Temp\ScadeChecker\12212\checker_file.scade, line 3141, character 0
  at path DetermineBGOrientation_LRBG::GetBGMessageOrientation/_L26/
 The local variable _L26 is never used
*** Semantic Warning (WAR_508): Unused input
  at file C:\Users\GIOVAN~1\AppData\Local\Temp\ScadeChecker\12212\checker_file.scade, line 3145, character 0
  at path DetermineBGOrientation_LRBG::GetBGMessageOrientation/_L27/
 The local variable _L27 is never used
*** Semantic Warning (WAR_508): Unused input
  at file C:\Users\GIOVAN~1\AppData\Local\Temp\ScadeChecker\12212\checker_file.scade, line 3149, character 0
  at path DetermineBGOrientation_LRBG::GetBGMessageOrientation/_L28/
 The local variable _L28 is never used
*** Semantic Warning (WAR_508): Unused input
  at file C:\Users\GIOVAN~1\AppData\Local\Temp\ScadeChecker\12212\checker_file.scade, line 3153, character 0
  at path DetermineBGOrientation_LRBG::GetBGMessageOrientation/_L29/
 The local variable _L29 is never used
*** Semantic Warning (WAR_508): Unused input
  at file C:\Users\GIOVAN~1\AppData\Local\Temp\ScadeChecker\12212\checker_file.scade, line 3157, character 0
  at path DetermineBGOrientation_LRBG::GetBGMessageOrientation/_L30/
 The local variable _L30 is never used
*** Semantic Warning (WAR_508): Unused input
  at file C:\Users\GIOVAN~1\AppData\Local\Temp\ScadeChecker\12212\checker_file.scade, line 3161, character 0
  at path DetermineBGOrientation_LRBG::GetBGMessageOrientation/_L31/
 The local variable _L31 is never used
*** Semantic Warning (WAR_508): Unused input
  at file C:\Users\GIOVAN~1\AppData\Local\Temp\ScadeChecker\12212\checker_file.scade, line 3169, character 0
  at path DetermineBGOrientation_LRBG::GetBGMessageOrientation/_L13/
 The local variable _L13 is never used
*** Semantic Warning (WAR_508): Unused input
  at file C:\Users\GIOVAN~1\AppData\Local\Temp\ScadeChecker\12212\checker_file.scade, line 2586, character 0
  at path DetermineBGOrientation_LRBG::FinalCheck/_L58/
 The local variable _L58 is never used
*** Semantic Warning (WAR_508): Unused input
  at file C:\Users\GIOVAN~1\AppData\Local\Temp\ScadeChecker\12212\checker_file.scade, line 2622, character 0
  at path DetermineBGOrientation_LRBG::FinalCheck/_L89/
 The local variable _L89 is never used
*** Semantic Warning (WAR_508): Unused input
  at file C:\Users\GIOVAN~1\AppData\Local\Temp\ScadeChecker\12212\checker_file.scade, line 1499, character 0
  at path DetermineBGOrientation_LRBG::CheckSingleBaliseGroup/_L57/
 The local variable _L57 is never used
*** Semantic Warning (WAR_508): Unused input
  at file C:\Users\GIOVAN~1\AppData\Local\Temp\ScadeChecker\12212\checker_file.scade, line 1503, character 0
  at path DetermineBGOrientation_LRBG::CheckSingleBaliseGroup/_L56/
 The local variable _L56 is never used
*** Semantic Warning (WAR_508): Unused input
  at file C:\Users\GIOVAN~1\AppData\Local\Temp\ScadeChecker\12212\checker_file.scade, line 1507, character 0
  at path DetermineBGOrientation_LRBG::CheckSingleBaliseGroup/_L55/
 The local variable _L55 is never used
*** Semantic Warning (WAR_508): Unused input
  at file C:\Users\GIOVAN~1\AppData\Local\Temp\ScadeChecker\12212\checker_file.scade, line 1511, character 0
  at path DetermineBGOrientation_LRBG::CheckSingleBaliseGroup/_L54/
 The local variable _L54 is never used
*** Semantic Warning (WAR_508): Unused input
  at file C:\Users\GIOVAN~1\AppData\Local\Temp\ScadeChecker\12212\checker_file.scade, line 1515, character 0
  at path DetermineBGOrientation_LRBG::CheckSingleBaliseGroup/_L53/
 The local variable _L53 is never used
*** Semantic Warning (WAR_508): Unused input
  at file C:\Users\GIOVAN~1\AppData\Local\Temp\ScadeChecker\12212\checker_file.scade, line 1519, character 0
  at path DetermineBGOrientation_LRBG::CheckSingleBaliseGroup/_L52/
 The local variable _L52 is never used
*** Semantic Warning (WAR_508): Unused input
  at file C:\Users\GIOVAN~1\AppData\Local\Temp\ScadeChecker\12212\checker_file.scade, line 1523, character 0
  at path DetermineBGOrientation_LRBG::CheckSingleBaliseGroup/_L51/
 The local variable _L51 is never used
*** Semantic Warning (WAR_508): Unused input
  at file C:\Users\GIOVAN~1\AppData\Local\Temp\ScadeChecker\12212\checker_file.scade, line 1527, character 0
  at path DetermineBGOrientation_LRBG::CheckSingleBaliseGroup/_L50/
 The local variable _L50 is never used
*** Semantic Warning (WAR_508): Unused input
  at file C:\Users\GIOVAN~1\AppData\Local\Temp\ScadeChecker\12212\checker_file.scade, line 1531, character 0
  at path DetermineBGOrientation_LRBG::CheckSingleBaliseGroup/_L49/
 The local variable _L49 is never used
*** Semantic Warning (WAR_508): Unused input
  at file C:\Users\GIOVAN~1\AppData\Local\Temp\ScadeChecker\12212\checker_file.scade, line 1535, character 0
  at path DetermineBGOrientation_LRBG::CheckSingleBaliseGroup/_L48/
 The local variable _L48 is never used
*** Semantic Warning (WAR_508): Unused input
  at file C:\Users\GIOVAN~1\AppData\Local\Temp\ScadeChecker\12212\checker_file.scade, line 1539, character 0
  at path DetermineBGOrientation_LRBG::CheckSingleBaliseGroup/_L47/
 The local variable _L47 is never used
*** Semantic Warning (WAR_508): Unused input
  at file C:\Users\GIOVAN~1\AppData\Local\Temp\ScadeChecker\12212\checker_file.scade, line 1543, character 0
  at path DetermineBGOrientation_LRBG::CheckSingleBaliseGroup/_L46/
 The local variable _L46 is never used
*** Semantic Warning (WAR_508): Unused input
  at file C:\Users\GIOVAN~1\AppData\Local\Temp\ScadeChecker\12212\checker_file.scade, line 1547, character 0
  at path DetermineBGOrientation_LRBG::CheckSingleBaliseGroup/_L45/
 The local variable _L45 is never used
*** Semantic Warning (WAR_508): Unused input
  at file C:\Users\GIOVAN~1\AppData\Local\Temp\ScadeChecker\12212\checker_file.scade, line 1551, character 0
  at path DetermineBGOrientation_LRBG::CheckSingleBaliseGroup/_L44/
 The local variable _L44 is never used
*** Semantic Warning (WAR_508): Unused input
  at file C:\Users\GIOVAN~1\AppData\Local\Temp\ScadeChecker\12212\checker_file.scade, line 1555, character 0
  at path DetermineBGOrientation_LRBG::CheckSingleBaliseGroup/_L43/
 The local variable _L43 is never used
*** Semantic Warning (WAR_508): Unused input
  at file C:\Users\GIOVAN~1\AppData\Local\Temp\ScadeChecker\12212\checker_file.scade, line 1559, character 0
  at path DetermineBGOrientation_LRBG::CheckSingleBaliseGroup/_L42/
 The local variable _L42 is never used
*** Semantic Warning (WAR_508): Unused input
  at file C:\Users\GIOVAN~1\AppData\Local\Temp\ScadeChecker\12212\checker_file.scade, line 1563, character 0
  at path DetermineBGOrientation_LRBG::CheckSingleBaliseGroup/_L41/
 The local variable _L41 is never used
*** Semantic Warning (WAR_508): Unused input
  at file C:\Users\GIOVAN~1\AppData\Local\Temp\ScadeChecker\12212\checker_file.scade, line 1567, character 0
  at path DetermineBGOrientation_LRBG::CheckSingleBaliseGroup/_L40/
 The local variable _L40 is never used
*** Semantic Warning (WAR_508): Unused input
  at file C:\Users\GIOVAN~1\AppData\Local\Temp\ScadeChecker\12212\checker_file.scade, line 1571, character 0
  at path DetermineBGOrientation_LRBG::CheckSingleBaliseGroup/_L39/
 The local variable _L39 is never used
*** Semantic Warning (WAR_508): Unused input
  at file C:\Users\GIOVAN~1\AppData\Local\Temp\ScadeChecker\12212\checker_file.scade, line 1591, character 0
  at path DetermineBGOrientation_LRBG::CheckSingleBaliseGroup/_L125/
 The local variable _L125 is never used
*** Semantic Warning (WAR_508): Unused input
  at file C:\Users\GIOVAN~1\AppData\Local\Temp\ScadeChecker\12212\checker_file.scade, line 1603, character 0
  at path DetermineBGOrientation_LRBG::CheckSingleBaliseGroup/_L127/
 The local variable _L127 is never used
*** Semantic Warning (WAR_508): Unused input
  at file C:\Users\GIOVAN~1\AppData\Local\Temp\ScadeChecker\12212\checker_file.scade, line 1627, character 0
  at path DetermineBGOrientation_LRBG::CheckSingleBaliseGroup/_L173/
 The local variable _L173 is never used
*** Semantic Warning (WAR_508): Unused input
  at file C:\Users\GIOVAN~1\AppData\Local\Temp\ScadeChecker\12212\checker_file.scade, line 1647, character 0
  at path DetermineBGOrientation_LRBG::CheckSingleBaliseGroup/_L183/
 The local variable _L183 is never used
*** Semantic Warning (WAR_508): Unused input
  at file C:\Users\GIOVAN~1\AppData\Local\Temp\ScadeChecker\12212\checker_file.scade, line 1655, character 0
  at path DetermineBGOrientation_LRBG::CheckSingleBaliseGroup/_L199/
 The local variable _L199 is never used
*** Semantic Warning (WAR_508): Unused input
  at file C:\Users\GIOVAN~1\AppData\Local\Temp\ScadeChecker\12212\checker_file.scade, line 1659, character 0
  at path DetermineBGOrientation_LRBG::CheckSingleBaliseGroup/_L198/
 The local variable _L198 is never used
*** Semantic Warning (WAR_508): Unused input
  at file C:\Users\GIOVAN~1\AppData\Local\Temp\ScadeChecker\12212\checker_file.scade, line 1663, character 0
  at path DetermineBGOrientation_LRBG::CheckSingleBaliseGroup/_L197/
 The local variable _L197 is never used
*** Semantic Warning (WAR_508): Unused input
  at file C:\Users\GIOVAN~1\AppData\Local\Temp\ScadeChecker\12212\checker_file.scade, line 1667, character 0
  at path DetermineBGOrientation_LRBG::CheckSingleBaliseGroup/_L196/
 The local variable _L196 is never used
*** Semantic Warning (WAR_508): Unused input
  at file C:\Users\GIOVAN~1\AppData\Local\Temp\ScadeChecker\12212\checker_file.scade, line 1671, character 0
  at path DetermineBGOrientation_LRBG::CheckSingleBaliseGroup/_L195/
 The local variable _L195 is never used
*** Semantic Warning (WAR_508): Unused input
  at file C:\Users\GIOVAN~1\AppData\Local\Temp\ScadeChecker\12212\checker_file.scade, line 1675, character 0
  at path DetermineBGOrientation_LRBG::CheckSingleBaliseGroup/_L194/
 The local variable _L194 is never used
*** Semantic Warning (WAR_508): Unused input
  at file C:\Users\GIOVAN~1\AppData\Local\Temp\ScadeChecker\12212\checker_file.scade, line 1679, character 0
  at path DetermineBGOrientation_LRBG::CheckSingleBaliseGroup/_L193/
 The local variable _L193 is never used
*** Semantic Warning (WAR_508): Unused input
  at file C:\Users\GIOVAN~1\AppData\Local\Temp\ScadeChecker\12212\checker_file.scade, line 1687, character 0
  at path DetermineBGOrientation_LRBG::CheckSingleBaliseGroup/_L203/
 The local variable _L203 is never used
*** Semantic Warning (WAR_508): Unused input
  at file C:\Users\GIOVAN~1\AppData\Local\Temp\ScadeChecker\12212\checker_file.scade, line 1695, character 0
  at path DetermineBGOrientation_LRBG::CheckSingleBaliseGroup/_L225/
 The local variable _L225 is never used
*** Semantic Warning (WAR_508): Unused input
  at file C:\Users\GIOVAN~1\AppData\Local\Temp\ScadeChecker\12212\checker_file.scade, line 1699, character 0
  at path DetermineBGOrientation_LRBG::CheckSingleBaliseGroup/_L224/
 The local variable _L224 is never used
*** Semantic Warning (WAR_508): Unused input
  at file C:\Users\GIOVAN~1\AppData\Local\Temp\ScadeChecker\12212\checker_file.scade, line 1703, character 0
  at path DetermineBGOrientation_LRBG::CheckSingleBaliseGroup/_L223/
 The local variable _L223 is never used
*** Semantic Warning (WAR_508): Unused input
  at file C:\Users\GIOVAN~1\AppData\Local\Temp\ScadeChecker\12212\checker_file.scade, line 1707, character 0
  at path DetermineBGOrientation_LRBG::CheckSingleBaliseGroup/_L222/
 The local variable _L222 is never used
*** Semantic Warning (WAR_508): Unused input
  at file C:\Users\GIOVAN~1\AppData\Local\Temp\ScadeChecker\12212\checker_file.scade, line 1715, character 0
  at path DetermineBGOrientation_LRBG::CheckSingleBaliseGroup/_L220/
 The local variable _L220 is never used
*** Semantic Warning (WAR_508): Unused input
  at file C:\Users\GIOVAN~1\AppData\Local\Temp\ScadeChecker\12212\checker_file.scade, line 1719, character 0
  at path DetermineBGOrientation_LRBG::CheckSingleBaliseGroup/_L219/
 The local variable _L219 is never used
*** Semantic Warning (WAR_508): Unused input
  at file C:\Users\GIOVAN~1\AppData\Local\Temp\ScadeChecker\12212\checker_file.scade, line 1723, character 0
  at path DetermineBGOrientation_LRBG::CheckSingleBaliseGroup/_L218/
 The local variable _L218 is never used
*** Semantic Warning (WAR_508): Unused input
  at file C:\Users\GIOVAN~1\AppData\Local\Temp\ScadeChecker\12212\checker_file.scade, line 1727, character 0
  at path DetermineBGOrientation_LRBG::CheckSingleBaliseGroup/_L217/
 The local variable _L217 is never used
*** Semantic Warning (WAR_508): Unused input
  at file C:\Users\GIOVAN~1\AppData\Local\Temp\ScadeChecker\12212\checker_file.scade, line 1731, character 0
  at path DetermineBGOrientation_LRBG::CheckSingleBaliseGroup/_L216/
 The local variable _L216 is never used
*** Semantic Warning (WAR_508): Unused input
  at file C:\Users\GIOVAN~1\AppData\Local\Temp\ScadeChecker\12212\checker_file.scade, line 1751, character 0
  at path DetermineBGOrientation_LRBG::CheckSingleBaliseGroup/_L275/
 The local variable _L275 is never used
*** Semantic Warning (WAR_508): Unused input
  at file C:\Users\GIOVAN~1\AppData\Local\Temp\ScadeChecker\12212\checker_file.scade, line 1755, character 0
  at path DetermineBGOrientation_LRBG::CheckSingleBaliseGroup/_L264/
 The local variable _L264 is never used
*** Semantic Warning (WAR_508): Unused input
  at file C:\Users\GIOVAN~1\AppData\Local\Temp\ScadeChecker\12212\checker_file.scade, line 1763, character 0
  at path DetermineBGOrientation_LRBG::CheckSingleBaliseGroup/_L266/
 The local variable _L266 is never used
*** Semantic Warning (WAR_508): Unused input
  at file C:\Users\GIOVAN~1\AppData\Local\Temp\ScadeChecker\12212\checker_file.scade, line 1767, character 0
  at path DetermineBGOrientation_LRBG::CheckSingleBaliseGroup/_L267/
 The local variable _L267 is never used
*** Semantic Warning (WAR_508): Unused input
  at file C:\Users\GIOVAN~1\AppData\Local\Temp\ScadeChecker\12212\checker_file.scade, line 1771, character 0
  at path DetermineBGOrientation_LRBG::CheckSingleBaliseGroup/_L268/
 The local variable _L268 is never used
*** Semantic Warning (WAR_508): Unused input
  at file C:\Users\GIOVAN~1\AppData\Local\Temp\ScadeChecker\12212\checker_file.scade, line 1775, character 0
  at path DetermineBGOrientation_LRBG::CheckSingleBaliseGroup/_L269/
 The local variable _L269 is never used
*** Semantic Warning (WAR_508): Unused input
  at file C:\Users\GIOVAN~1\AppData\Local\Temp\ScadeChecker\12212\checker_file.scade, line 1779, character 0
  at path DetermineBGOrientation_LRBG::CheckSingleBaliseGroup/_L270/
 The local variable _L270 is never used
*** Semantic Warning (WAR_508): Unused input
  at file C:\Users\GIOVAN~1\AppData\Local\Temp\ScadeChecker\12212\checker_file.scade, line 1783, character 0
  at path DetermineBGOrientation_LRBG::CheckSingleBaliseGroup/_L271/
 The local variable _L271 is never used
*** Semantic Warning (WAR_508): Unused input
  at file C:\Users\GIOVAN~1\AppData\Local\Temp\ScadeChecker\12212\checker_file.scade, line 1787, character 0
  at path DetermineBGOrientation_LRBG::CheckSingleBaliseGroup/_L272/
 The local variable _L272 is never used
*** Semantic Warning (WAR_508): Unused input
  at file C:\Users\GIOVAN~1\AppData\Local\Temp\ScadeChecker\12212\checker_file.scade, line 1791, character 0
  at path DetermineBGOrientation_LRBG::CheckSingleBaliseGroup/_L273/
 The local variable _L273 is never used
*** Semantic Warning (WAR_508): Unused input
  at file C:\Users\GIOVAN~1\AppData\Local\Temp\ScadeChecker\12212\checker_file.scade, line 1799, character 0
  at path DetermineBGOrientation_LRBG::CheckSingleBaliseGroup/_L257/
 The local variable _L257 is never used
*** Semantic Warning (WAR_508): Unused input
  at file C:\Users\GIOVAN~1\AppData\Local\Temp\ScadeChecker\12212\checker_file.scade, line 1803, character 0
  at path DetermineBGOrientation_LRBG::CheckSingleBaliseGroup/_L258/
 The local variable _L258 is never used
*** Semantic Warning (WAR_508): Unused input
  at file C:\Users\GIOVAN~1\AppData\Local\Temp\ScadeChecker\12212\checker_file.scade, line 1807, character 0
  at path DetermineBGOrientation_LRBG::CheckSingleBaliseGroup/_L259/
 The local variable _L259 is never used
*** Semantic Warning (WAR_508): Unused input
  at file C:\Users\GIOVAN~1\AppData\Local\Temp\ScadeChecker\12212\checker_file.scade, line 1811, character 0
  at path DetermineBGOrientation_LRBG::CheckSingleBaliseGroup/_L260/
 The local variable _L260 is never used
*** Semantic Warning (WAR_508): Unused input
  at file C:\Users\GIOVAN~1\AppData\Local\Temp\ScadeChecker\12212\checker_file.scade, line 1815, character 0
  at path DetermineBGOrientation_LRBG::CheckSingleBaliseGroup/_L261/
 The local variable _L261 is never used
*** Semantic Warning (WAR_508): Unused input
  at file C:\Users\GIOVAN~1\AppData\Local\Temp\ScadeChecker\12212\checker_file.scade, line 1819, character 0
  at path DetermineBGOrientation_LRBG::CheckSingleBaliseGroup/_L262/
 The local variable _L262 is never used
*** Semantic Warning (WAR_508): Unused input
  at file C:\Users\GIOVAN~1\AppData\Local\Temp\ScadeChecker\12212\checker_file.scade, line 1823, character 0
  at path DetermineBGOrientation_LRBG::CheckSingleBaliseGroup/_L263/
 The local variable _L263 is never used
*** Semantic Warning (WAR_508): Unused input
  at file C:\Users\GIOVAN~1\AppData\Local\Temp\ScadeChecker\12212\checker_file.scade, line 1831, character 0
  at path DetermineBGOrientation_LRBG::CheckSingleBaliseGroup/_L255/
 The local variable _L255 is never used
*** Semantic Warning (WAR_151):  Internal state expected
  at file C:\Users\GIOVAN~1\AppData\Local\Temp\ScadeChecker\12212\checker_file.scade, line 3071, character 0
  at path DetermineBGOrientation_LRBG::GetBGMessageOrientation/
 Node GetBGMessageOrientation has no internal state
 (it should probably be declared as a function)
*** Semantic Warning (WAR_151):  Internal state expected
  at file C:\Users\GIOVAN~1\AppData\Local\Temp\ScadeChecker\12212\checker_file.scade, line 2528, character 0
  at path DetermineBGOrientation_LRBG::FinalCheck/
 Node FinalCheck has no internal state
 (it should probably be declared as a function)
*** Semantic Warning (WAR_151):  Internal state expected
  at file C:\Users\GIOVAN~1\AppData\Local\Temp\ScadeChecker\12212\checker_file.scade, line 1469, character 0
  at path DetermineBGOrientation_LRBG::CheckSingleBaliseGroup/
 Node CheckSingleBaliseGroup has no internal state
 (it should probably be declared as a function)
