*** Semantic Warning (WAR_508): Unused flow
  at file C:\Users\GIOVAN~1\AppData\Local\Temp\ScadeChecker\9916\checker_file.scade, line 3454, character 0
  at path DetermineBGOrientation_LRBG::GetBGMessageOrientation/_L416/
 The local variable _L416 is never used
*** Semantic Warning (WAR_508): Unused flow
  at file C:\Users\GIOVAN~1\AppData\Local\Temp\ScadeChecker\9916\checker_file.scade, line 3466, character 0
  at path DetermineBGOrientation_LRBG::GetBGMessageOrientation/_L419/
 The local variable _L419 is never used
*** Semantic Warning (WAR_508): Unused flow
  at file C:\Users\GIOVAN~1\AppData\Local\Temp\ScadeChecker\9916\checker_file.scade, line 3470, character 0
  at path DetermineBGOrientation_LRBG::GetBGMessageOrientation/_L420/
 The local variable _L420 is never used
*** Semantic Warning (WAR_508): Unused flow
  at file C:\Users\GIOVAN~1\AppData\Local\Temp\ScadeChecker\9916\checker_file.scade, line 3474, character 0
  at path DetermineBGOrientation_LRBG::GetBGMessageOrientation/_L421/
 The local variable _L421 is never used
*** Semantic Warning (WAR_508): Unused flow
  at file C:\Users\GIOVAN~1\AppData\Local\Temp\ScadeChecker\9916\checker_file.scade, line 3478, character 0
  at path DetermineBGOrientation_LRBG::GetBGMessageOrientation/_L422/
 The local variable _L422 is never used
*** Semantic Warning (WAR_508): Unused flow
  at file C:\Users\GIOVAN~1\AppData\Local\Temp\ScadeChecker\9916\checker_file.scade, line 3482, character 0
  at path DetermineBGOrientation_LRBG::GetBGMessageOrientation/_L423/
 The local variable _L423 is never used
*** Semantic Warning (WAR_508): Unused flow
  at file C:\Users\GIOVAN~1\AppData\Local\Temp\ScadeChecker\9916\checker_file.scade, line 3486, character 0
  at path DetermineBGOrientation_LRBG::GetBGMessageOrientation/_L424/
 The local variable _L424 is never used
*** Semantic Warning (WAR_508): Unused flow
  at file C:\Users\GIOVAN~1\AppData\Local\Temp\ScadeChecker\9916\checker_file.scade, line 3510, character 0
  at path DetermineBGOrientation_LRBG::GetBGMessageOrientation/_L411/
 The local variable _L411 is never used
*** Semantic Warning (WAR_508): Unused flow
  at file C:\Users\GIOVAN~1\AppData\Local\Temp\ScadeChecker\9916\checker_file.scade, line 3530, character 0
  at path DetermineBGOrientation_LRBG::GetBGMessageOrientation/_L406/
 The local variable _L406 is never used
*** Semantic Warning (WAR_508): Unused flow
  at file C:\Users\GIOVAN~1\AppData\Local\Temp\ScadeChecker\9916\checker_file.scade, line 3550, character 0
  at path DetermineBGOrientation_LRBG::GetBGMessageOrientation/_L395/
 The local variable _L395 is never used
*** Semantic Warning (WAR_508): Unused flow
  at file C:\Users\GIOVAN~1\AppData\Local\Temp\ScadeChecker\9916\checker_file.scade, line 3554, character 0
  at path DetermineBGOrientation_LRBG::GetBGMessageOrientation/_L396/
 The local variable _L396 is never used
*** Semantic Warning (WAR_508): Unused flow
  at file C:\Users\GIOVAN~1\AppData\Local\Temp\ScadeChecker\9916\checker_file.scade, line 3558, character 0
  at path DetermineBGOrientation_LRBG::GetBGMessageOrientation/_L397/
 The local variable _L397 is never used
*** Semantic Warning (WAR_508): Unused flow
  at file C:\Users\GIOVAN~1\AppData\Local\Temp\ScadeChecker\9916\checker_file.scade, line 3562, character 0
  at path DetermineBGOrientation_LRBG::GetBGMessageOrientation/_L398/
 The local variable _L398 is never used
*** Semantic Warning (WAR_508): Unused flow
  at file C:\Users\GIOVAN~1\AppData\Local\Temp\ScadeChecker\9916\checker_file.scade, line 3566, character 0
  at path DetermineBGOrientation_LRBG::GetBGMessageOrientation/_L399/
 The local variable _L399 is never used
*** Semantic Warning (WAR_508): Unused flow
  at file C:\Users\GIOVAN~1\AppData\Local\Temp\ScadeChecker\9916\checker_file.scade, line 3570, character 0
  at path DetermineBGOrientation_LRBG::GetBGMessageOrientation/_L400/
 The local variable _L400 is never used
*** Semantic Warning (WAR_508): Unused flow
  at file C:\Users\GIOVAN~1\AppData\Local\Temp\ScadeChecker\9916\checker_file.scade, line 3574, character 0
  at path DetermineBGOrientation_LRBG::GetBGMessageOrientation/_L401/
 The local variable _L401 is never used
*** Semantic Warning (WAR_506): Useless final declaration
  at file C:\Users\GIOVAN~1\AppData\Local\Temp\ScadeChecker\9916\checker_file.scade, line 2895, character 13
  at path DetermineBGOrientation_LRBG::FinalCheck/SM1:
 The automaton SM1 has a state declared as final, but it is not in the scope of
 any synchro transition
*** Semantic Warning (WAR_508): Unused flow
  at file C:\Users\GIOVAN~1\AppData\Local\Temp\ScadeChecker\9916\checker_file.scade, line 1778, character 0
  at path DetermineBGOrientation_LRBG::CheckSingleBaliseGroup/_L507/
 The local variable _L507 is never used
*** Semantic Warning (WAR_508): Unused flow
  at file C:\Users\GIOVAN~1\AppData\Local\Temp\ScadeChecker\9916\checker_file.scade, line 1786, character 0
  at path DetermineBGOrientation_LRBG::CheckSingleBaliseGroup/_L509/
 The local variable _L509 is never used
*** Semantic Warning (WAR_508): Unused flow
  at file C:\Users\GIOVAN~1\AppData\Local\Temp\ScadeChecker\9916\checker_file.scade, line 1790, character 0
  at path DetermineBGOrientation_LRBG::CheckSingleBaliseGroup/_L510/
 The local variable _L510 is never used
*** Semantic Warning (WAR_508): Unused flow
  at file C:\Users\GIOVAN~1\AppData\Local\Temp\ScadeChecker\9916\checker_file.scade, line 1794, character 0
  at path DetermineBGOrientation_LRBG::CheckSingleBaliseGroup/_L511/
 The local variable _L511 is never used
*** Semantic Warning (WAR_508): Unused flow
  at file C:\Users\GIOVAN~1\AppData\Local\Temp\ScadeChecker\9916\checker_file.scade, line 1798, character 0
  at path DetermineBGOrientation_LRBG::CheckSingleBaliseGroup/_L512/
 The local variable _L512 is never used
*** Semantic Warning (WAR_508): Unused flow
  at file C:\Users\GIOVAN~1\AppData\Local\Temp\ScadeChecker\9916\checker_file.scade, line 1802, character 0
  at path DetermineBGOrientation_LRBG::CheckSingleBaliseGroup/_L513/
 The local variable _L513 is never used
*** Semantic Warning (WAR_508): Unused flow
  at file C:\Users\GIOVAN~1\AppData\Local\Temp\ScadeChecker\9916\checker_file.scade, line 1806, character 0
  at path DetermineBGOrientation_LRBG::CheckSingleBaliseGroup/_L514/
 The local variable _L514 is never used
*** Semantic Warning (WAR_508): Unused flow
  at file C:\Users\GIOVAN~1\AppData\Local\Temp\ScadeChecker\9916\checker_file.scade, line 1810, character 0
  at path DetermineBGOrientation_LRBG::CheckSingleBaliseGroup/_L515/
 The local variable _L515 is never used
*** Semantic Warning (WAR_508): Unused flow
  at file C:\Users\GIOVAN~1\AppData\Local\Temp\ScadeChecker\9916\checker_file.scade, line 1814, character 0
  at path DetermineBGOrientation_LRBG::CheckSingleBaliseGroup/_L516/
 The local variable _L516 is never used
*** Semantic Warning (WAR_508): Unused flow
  at file C:\Users\GIOVAN~1\AppData\Local\Temp\ScadeChecker\9916\checker_file.scade, line 1826, character 0
  at path DetermineBGOrientation_LRBG::CheckSingleBaliseGroup/_L499/
 The local variable _L499 is never used
*** Semantic Warning (WAR_508): Unused flow
  at file C:\Users\GIOVAN~1\AppData\Local\Temp\ScadeChecker\9916\checker_file.scade, line 1830, character 0
  at path DetermineBGOrientation_LRBG::CheckSingleBaliseGroup/_L500/
 The local variable _L500 is never used
*** Semantic Warning (WAR_508): Unused flow
  at file C:\Users\GIOVAN~1\AppData\Local\Temp\ScadeChecker\9916\checker_file.scade, line 1834, character 0
  at path DetermineBGOrientation_LRBG::CheckSingleBaliseGroup/_L501/
 The local variable _L501 is never used
*** Semantic Warning (WAR_508): Unused flow
  at file C:\Users\GIOVAN~1\AppData\Local\Temp\ScadeChecker\9916\checker_file.scade, line 1838, character 0
  at path DetermineBGOrientation_LRBG::CheckSingleBaliseGroup/_L502/
 The local variable _L502 is never used
*** Semantic Warning (WAR_508): Unused flow
  at file C:\Users\GIOVAN~1\AppData\Local\Temp\ScadeChecker\9916\checker_file.scade, line 1842, character 0
  at path DetermineBGOrientation_LRBG::CheckSingleBaliseGroup/_L503/
 The local variable _L503 is never used
*** Semantic Warning (WAR_508): Unused flow
  at file C:\Users\GIOVAN~1\AppData\Local\Temp\ScadeChecker\9916\checker_file.scade, line 1846, character 0
  at path DetermineBGOrientation_LRBG::CheckSingleBaliseGroup/_L504/
 The local variable _L504 is never used
*** Semantic Warning (WAR_508): Unused flow
  at file C:\Users\GIOVAN~1\AppData\Local\Temp\ScadeChecker\9916\checker_file.scade, line 1850, character 0
  at path DetermineBGOrientation_LRBG::CheckSingleBaliseGroup/_L505/
 The local variable _L505 is never used
*** Semantic Warning (WAR_508): Unused flow
  at file C:\Users\GIOVAN~1\AppData\Local\Temp\ScadeChecker\9916\checker_file.scade, line 1898, character 0
  at path DetermineBGOrientation_LRBG::CheckSingleBaliseGroup/_L476/
 The local variable _L476 is never used
*** Semantic Warning (WAR_508): Unused flow
  at file C:\Users\GIOVAN~1\AppData\Local\Temp\ScadeChecker\9916\checker_file.scade, line 1902, character 0
  at path DetermineBGOrientation_LRBG::CheckSingleBaliseGroup/_L477/
 The local variable _L477 is never used
*** Semantic Warning (WAR_508): Unused flow
  at file C:\Users\GIOVAN~1\AppData\Local\Temp\ScadeChecker\9916\checker_file.scade, line 1906, character 0
  at path DetermineBGOrientation_LRBG::CheckSingleBaliseGroup/_L478/
 The local variable _L478 is never used
*** Semantic Warning (WAR_508): Unused flow
  at file C:\Users\GIOVAN~1\AppData\Local\Temp\ScadeChecker\9916\checker_file.scade, line 1910, character 0
  at path DetermineBGOrientation_LRBG::CheckSingleBaliseGroup/_L479/
 The local variable _L479 is never used
*** Semantic Warning (WAR_508): Unused flow
  at file C:\Users\GIOVAN~1\AppData\Local\Temp\ScadeChecker\9916\checker_file.scade, line 1914, character 0
  at path DetermineBGOrientation_LRBG::CheckSingleBaliseGroup/_L480/
 The local variable _L480 is never used
*** Semantic Warning (WAR_508): Unused flow
  at file C:\Users\GIOVAN~1\AppData\Local\Temp\ScadeChecker\9916\checker_file.scade, line 1922, character 0
  at path DetermineBGOrientation_LRBG::CheckSingleBaliseGroup/_L482/
 The local variable _L482 is never used
*** Semantic Warning (WAR_508): Unused flow
  at file C:\Users\GIOVAN~1\AppData\Local\Temp\ScadeChecker\9916\checker_file.scade, line 1926, character 0
  at path DetermineBGOrientation_LRBG::CheckSingleBaliseGroup/_L483/
 The local variable _L483 is never used
*** Semantic Warning (WAR_508): Unused flow
  at file C:\Users\GIOVAN~1\AppData\Local\Temp\ScadeChecker\9916\checker_file.scade, line 1930, character 0
  at path DetermineBGOrientation_LRBG::CheckSingleBaliseGroup/_L484/
 The local variable _L484 is never used
*** Semantic Warning (WAR_508): Unused flow
  at file C:\Users\GIOVAN~1\AppData\Local\Temp\ScadeChecker\9916\checker_file.scade, line 1934, character 0
  at path DetermineBGOrientation_LRBG::CheckSingleBaliseGroup/_L485/
 The local variable _L485 is never used
*** Semantic Warning (WAR_508): Unused flow
  at file C:\Users\GIOVAN~1\AppData\Local\Temp\ScadeChecker\9916\checker_file.scade, line 1942, character 0
  at path DetermineBGOrientation_LRBG::CheckSingleBaliseGroup/_L469/
 The local variable _L469 is never used
*** Semantic Warning (WAR_508): Unused flow
  at file C:\Users\GIOVAN~1\AppData\Local\Temp\ScadeChecker\9916\checker_file.scade, line 1946, character 0
  at path DetermineBGOrientation_LRBG::CheckSingleBaliseGroup/_L470/
 The local variable _L470 is never used
*** Semantic Warning (WAR_508): Unused flow
  at file C:\Users\GIOVAN~1\AppData\Local\Temp\ScadeChecker\9916\checker_file.scade, line 1950, character 0
  at path DetermineBGOrientation_LRBG::CheckSingleBaliseGroup/_L471/
 The local variable _L471 is never used
*** Semantic Warning (WAR_508): Unused flow
  at file C:\Users\GIOVAN~1\AppData\Local\Temp\ScadeChecker\9916\checker_file.scade, line 1954, character 0
  at path DetermineBGOrientation_LRBG::CheckSingleBaliseGroup/_L472/
 The local variable _L472 is never used
*** Semantic Warning (WAR_508): Unused flow
  at file C:\Users\GIOVAN~1\AppData\Local\Temp\ScadeChecker\9916\checker_file.scade, line 1958, character 0
  at path DetermineBGOrientation_LRBG::CheckSingleBaliseGroup/_L473/
 The local variable _L473 is never used
*** Semantic Warning (WAR_508): Unused flow
  at file C:\Users\GIOVAN~1\AppData\Local\Temp\ScadeChecker\9916\checker_file.scade, line 1962, character 0
  at path DetermineBGOrientation_LRBG::CheckSingleBaliseGroup/_L474/
 The local variable _L474 is never used
*** Semantic Warning (WAR_508): Unused flow
  at file C:\Users\GIOVAN~1\AppData\Local\Temp\ScadeChecker\9916\checker_file.scade, line 1966, character 0
  at path DetermineBGOrientation_LRBG::CheckSingleBaliseGroup/_L475/
 The local variable _L475 is never used
*** Semantic Warning (WAR_508): Unused flow
  at file C:\Users\GIOVAN~1\AppData\Local\Temp\ScadeChecker\9916\checker_file.scade, line 1986, character 0
  at path DetermineBGOrientation_LRBG::CheckSingleBaliseGroup/_L464/
 The local variable _L464 is never used
*** Semantic Warning (WAR_508): Unused flow
  at file C:\Users\GIOVAN~1\AppData\Local\Temp\ScadeChecker\9916\checker_file.scade, line 2002, character 0
  at path DetermineBGOrientation_LRBG::CheckSingleBaliseGroup/_L460/
 The local variable _L460 is never used
*** Semantic Warning (WAR_508): Unused flow
  at file C:\Users\GIOVAN~1\AppData\Local\Temp\ScadeChecker\9916\checker_file.scade, line 2018, character 0
  at path DetermineBGOrientation_LRBG::CheckSingleBaliseGroup/_L456/
 The local variable _L456 is never used
*** Semantic Warning (WAR_508): Unused flow
  at file C:\Users\GIOVAN~1\AppData\Local\Temp\ScadeChecker\9916\checker_file.scade, line 2030, character 0
  at path DetermineBGOrientation_LRBG::CheckSingleBaliseGroup/_L452/
 The local variable _L452 is never used
*** Semantic Warning (WAR_508): Unused flow
  at file C:\Users\GIOVAN~1\AppData\Local\Temp\ScadeChecker\9916\checker_file.scade, line 2054, character 0
  at path DetermineBGOrientation_LRBG::CheckSingleBaliseGroup/_L428/
 The local variable _L428 is never used
*** Semantic Warning (WAR_508): Unused flow
  at file C:\Users\GIOVAN~1\AppData\Local\Temp\ScadeChecker\9916\checker_file.scade, line 2058, character 0
  at path DetermineBGOrientation_LRBG::CheckSingleBaliseGroup/_L429/
 The local variable _L429 is never used
*** Semantic Warning (WAR_508): Unused flow
  at file C:\Users\GIOVAN~1\AppData\Local\Temp\ScadeChecker\9916\checker_file.scade, line 2062, character 0
  at path DetermineBGOrientation_LRBG::CheckSingleBaliseGroup/_L430/
 The local variable _L430 is never used
*** Semantic Warning (WAR_508): Unused flow
  at file C:\Users\GIOVAN~1\AppData\Local\Temp\ScadeChecker\9916\checker_file.scade, line 2066, character 0
  at path DetermineBGOrientation_LRBG::CheckSingleBaliseGroup/_L431/
 The local variable _L431 is never used
*** Semantic Warning (WAR_508): Unused flow
  at file C:\Users\GIOVAN~1\AppData\Local\Temp\ScadeChecker\9916\checker_file.scade, line 2070, character 0
  at path DetermineBGOrientation_LRBG::CheckSingleBaliseGroup/_L432/
 The local variable _L432 is never used
*** Semantic Warning (WAR_508): Unused flow
  at file C:\Users\GIOVAN~1\AppData\Local\Temp\ScadeChecker\9916\checker_file.scade, line 2074, character 0
  at path DetermineBGOrientation_LRBG::CheckSingleBaliseGroup/_L433/
 The local variable _L433 is never used
*** Semantic Warning (WAR_508): Unused flow
  at file C:\Users\GIOVAN~1\AppData\Local\Temp\ScadeChecker\9916\checker_file.scade, line 2078, character 0
  at path DetermineBGOrientation_LRBG::CheckSingleBaliseGroup/_L434/
 The local variable _L434 is never used
*** Semantic Warning (WAR_508): Unused flow
  at file C:\Users\GIOVAN~1\AppData\Local\Temp\ScadeChecker\9916\checker_file.scade, line 2082, character 0
  at path DetermineBGOrientation_LRBG::CheckSingleBaliseGroup/_L435/
 The local variable _L435 is never used
*** Semantic Warning (WAR_508): Unused flow
  at file C:\Users\GIOVAN~1\AppData\Local\Temp\ScadeChecker\9916\checker_file.scade, line 2086, character 0
  at path DetermineBGOrientation_LRBG::CheckSingleBaliseGroup/_L436/
 The local variable _L436 is never used
*** Semantic Warning (WAR_508): Unused flow
  at file C:\Users\GIOVAN~1\AppData\Local\Temp\ScadeChecker\9916\checker_file.scade, line 2090, character 0
  at path DetermineBGOrientation_LRBG::CheckSingleBaliseGroup/_L437/
 The local variable _L437 is never used
*** Semantic Warning (WAR_508): Unused flow
  at file C:\Users\GIOVAN~1\AppData\Local\Temp\ScadeChecker\9916\checker_file.scade, line 2094, character 0
  at path DetermineBGOrientation_LRBG::CheckSingleBaliseGroup/_L438/
 The local variable _L438 is never used
*** Semantic Warning (WAR_508): Unused flow
  at file C:\Users\GIOVAN~1\AppData\Local\Temp\ScadeChecker\9916\checker_file.scade, line 2098, character 0
  at path DetermineBGOrientation_LRBG::CheckSingleBaliseGroup/_L439/
 The local variable _L439 is never used
*** Semantic Warning (WAR_508): Unused flow
  at file C:\Users\GIOVAN~1\AppData\Local\Temp\ScadeChecker\9916\checker_file.scade, line 2102, character 0
  at path DetermineBGOrientation_LRBG::CheckSingleBaliseGroup/_L440/
 The local variable _L440 is never used
*** Semantic Warning (WAR_508): Unused flow
  at file C:\Users\GIOVAN~1\AppData\Local\Temp\ScadeChecker\9916\checker_file.scade, line 2106, character 0
  at path DetermineBGOrientation_LRBG::CheckSingleBaliseGroup/_L441/
 The local variable _L441 is never used
*** Semantic Warning (WAR_508): Unused flow
  at file C:\Users\GIOVAN~1\AppData\Local\Temp\ScadeChecker\9916\checker_file.scade, line 2110, character 0
  at path DetermineBGOrientation_LRBG::CheckSingleBaliseGroup/_L442/
 The local variable _L442 is never used
*** Semantic Warning (WAR_508): Unused flow
  at file C:\Users\GIOVAN~1\AppData\Local\Temp\ScadeChecker\9916\checker_file.scade, line 2114, character 0
  at path DetermineBGOrientation_LRBG::CheckSingleBaliseGroup/_L443/
 The local variable _L443 is never used
*** Semantic Warning (WAR_508): Unused flow
  at file C:\Users\GIOVAN~1\AppData\Local\Temp\ScadeChecker\9916\checker_file.scade, line 2118, character 0
  at path DetermineBGOrientation_LRBG::CheckSingleBaliseGroup/_L444/
 The local variable _L444 is never used
*** Semantic Warning (WAR_508): Unused flow
  at file C:\Users\GIOVAN~1\AppData\Local\Temp\ScadeChecker\9916\checker_file.scade, line 2122, character 0
  at path DetermineBGOrientation_LRBG::CheckSingleBaliseGroup/_L445/
 The local variable _L445 is never used
*** Semantic Warning (WAR_508): Unused flow
  at file C:\Users\GIOVAN~1\AppData\Local\Temp\ScadeChecker\9916\checker_file.scade, line 2126, character 0
  at path DetermineBGOrientation_LRBG::CheckSingleBaliseGroup/_L446/
 The local variable _L446 is never used
*** Semantic Warning (WAR_508): Unused flow
  at file C:\Users\GIOVAN~1\AppData\Local\Temp\ScadeChecker\9916\checker_file.scade, line 2134, character 0
  at path DetermineBGOrientation_LRBG::CheckSingleBaliseGroup/_L425/
 The local variable _L425 is never used
*** Semantic Warning (WAR_508): Unused flow
  at file C:\Users\GIOVAN~1\AppData\Local\Temp\ScadeChecker\9916\checker_file.scade, line 2158, character 0
  at path DetermineBGOrientation_LRBG::CheckSingleBaliseGroup/_L418/
 The local variable _L418 is never used
*** Semantic Warning (WAR_508): Unused flow
  at file C:\Users\GIOVAN~1\AppData\Local\Temp\ScadeChecker\9916\checker_file.scade, line 2170, character 0
  at path DetermineBGOrientation_LRBG::CheckSingleBaliseGroup/_L415/
 The local variable _L415 is never used
