$**************  SCADETOC Version R15.1 (build i27) **************
** Generation date: 2015-04-27T21:06:23
** Command: scade -code "C:\GITHUB\modeling\model\Scade\System\TracksideDynamicModel\BaliseLib\BaliseLib.etp" -node InfraLib::TrackDiscontinuity -conf Simulation -build
*************************************************************$
*** Generated Files Information (GENFIL): KCG- Generated files
 ~kcg.log
  at file C:\GITHUB\modeling\model\Scade\System\TracksideDynamicModel\BaliseLib\Simulation\kcg.log, line 0, character 0
 ~kcg_s2c_config.txt
  at file C:\GITHUB\modeling\model\Scade\System\TracksideDynamicModel\BaliseLib\Simulation\kcg_s2c_config.txt, line 0, character 0
 ~kcg_trace.xml
  at file C:\GITHUB\modeling\model\Scade\System\TracksideDynamicModel\BaliseLib\Simulation\kcg_trace.xml, line 0, character 0
 ~kcg_metrics.txt
  at file C:\GITHUB\modeling\model\Scade\System\TracksideDynamicModel\BaliseLib\Simulation\kcg_metrics.txt, line 0, character 0
 ~TrackDiscontinuity_InfraLib.c
  at file C:\GITHUB\modeling\model\Scade\System\TracksideDynamicModel\BaliseLib\Simulation\TrackDiscontinuity_InfraLib.c, line 0, character 0
 ~TrackDiscontinuity_CalcTr_InfraLib.c
  at file C:\GITHUB\modeling\model\Scade\System\TracksideDynamicModel\BaliseLib\Simulation\TrackDiscontinuity_CalcTr_InfraLib.c, line 0, character 0
 ~TrackDiscontinuity_InfraLib.h
  at file C:\GITHUB\modeling\model\Scade\System\TracksideDynamicModel\BaliseLib\Simulation\TrackDiscontinuity_InfraLib.h, line 0, character 0
 ~TrackDiscontinuity_CalcTr_InfraLib.h
  at file C:\GITHUB\modeling\model\Scade\System\TracksideDynamicModel\BaliseLib\Simulation\TrackDiscontinuity_CalcTr_InfraLib.h, line 0, character 0
 ~kcg_types.h
  at file C:\GITHUB\modeling\model\Scade\System\TracksideDynamicModel\BaliseLib\Simulation\kcg_types.h, line 0, character 0
 ~kcg_consts.h
  at file C:\GITHUB\modeling\model\Scade\System\TracksideDynamicModel\BaliseLib\Simulation\kcg_consts.h, line 0, character 0
 ~kcg_sensors.h
  at file C:\GITHUB\modeling\model\Scade\System\TracksideDynamicModel\BaliseLib\Simulation\kcg_sensors.h, line 0, character 0
 ~kcg_types.c
  at file C:\GITHUB\modeling\model\Scade\System\TracksideDynamicModel\BaliseLib\Simulation\kcg_types.c, line 0, character 0
 ~kcg_consts.c
  at file C:\GITHUB\modeling\model\Scade\System\TracksideDynamicModel\BaliseLib\Simulation\kcg_consts.c, line 0, character 0
*** Generated Files Information (GENFIL): Type Utils Generated files
 ~BaliseLib_newtype.h
  at file C:\GITHUB\modeling\model\Scade\System\TracksideDynamicModel\BaliseLib\Simulation\BaliseLib_newtype.h, line 0, character 0
 ~BaliseLib_newtype.c
  at file C:\GITHUB\modeling\model\Scade\System\TracksideDynamicModel\BaliseLib\Simulation\BaliseLib_newtype.c, line 0, character 0
*** Generated Files Information (GENFIL): Mapping Utils Generated files
 ~BaliseLib_newmapping.h
  at file C:\GITHUB\modeling\model\Scade\System\TracksideDynamicModel\BaliseLib\Simulation\BaliseLib_newmapping.h, line 0, character 0
 ~BaliseLib_newmapping.c
  at file C:\GITHUB\modeling\model\Scade\System\TracksideDynamicModel\BaliseLib\Simulation\BaliseLib_newmapping.c, line 0, character 0
*** Generated Files Information (GENFIL): Simulator Generated files
 ~BaliseLib_newtype.h
  at file C:\GITHUB\modeling\model\Scade\System\TracksideDynamicModel\BaliseLib\Simulation\BaliseLib_newtype.h, line 0, character 0
 ~BaliseLib_newtype.c
  at file C:\GITHUB\modeling\model\Scade\System\TracksideDynamicModel\BaliseLib\Simulation\BaliseLib_newtype.c, line 0, character 0
 ~BaliseLib_newmapping.h
  at file C:\GITHUB\modeling\model\Scade\System\TracksideDynamicModel\BaliseLib\Simulation\BaliseLib_newmapping.h, line 0, character 0
 ~BaliseLib_newmapping.c
  at file C:\GITHUB\modeling\model\Scade\System\TracksideDynamicModel\BaliseLib\Simulation\BaliseLib_newmapping.c, line 0, character 0
 ~BaliseLib_newinterface.h
  at file C:\GITHUB\modeling\model\Scade\System\TracksideDynamicModel\BaliseLib\Simulation\BaliseLib_newinterface.h, line 0, character 0
 ~BaliseLib_newinterface.c
  at file C:\GITHUB\modeling\model\Scade\System\TracksideDynamicModel\BaliseLib\Simulation\BaliseLib_newinterface.c, line 0, character 0
 ~TrackDiscontinuity_InfraLib_dll.c
  at file C:\GITHUB\modeling\model\Scade\System\TracksideDynamicModel\BaliseLib\Simulation\TrackDiscontinuity_InfraLib_dll.c, line 0, character 0
*** Generated Files Information (GENFIL): Build Generated files
 ~Makefile
  at file C:\GITHUB\modeling\model\Scade\System\TracksideDynamicModel\BaliseLib\Simulation\Makefile, line 0, character 0
 ~InfraLib__TrackDiscontinuity.dll
  at file C:\GITHUB\modeling\model\Scade\System\TracksideDynamicModel\BaliseLib\Simulation\InfraLib__TrackDiscontinuity.dll, line 0, character 0
 ~InfraLib__TrackDiscontinuity.exe
  at file C:\GITHUB\modeling\model\Scade\System\TracksideDynamicModel\BaliseLib\Simulation\InfraLib__TrackDiscontinuity.exe, line 0, character 0
*** Generated Files Information (GENFIL): Code Generator Generated files
 ~sc2c.log
  at file C:\GITHUB\modeling\model\Scade\System\TracksideDynamicModel\BaliseLib\Simulation\sc2c.log, line 0, character 0
 ~sc2c_integration_files.txt
  at file C:\GITHUB\modeling\model\Scade\System\TracksideDynamicModel\BaliseLib\Simulation\sc2c_integration_files.txt, line 0, character 0
$**************  SCADETOC Version R15.1 (build i27) **************
** Generation date: 2015-04-27T21:06:25
** sc2c.log
*************************************************************$
