$**************  SCADETOC Version R16.1 (build i4) **************
** Generation date: 2015-08-17T13:44:55
** Command: scade -code "C:\GITHUB\modeling\model\Scade\System\ObuFunctions\ETCS_Messaging\TrackMessages\TrackMessages.etp" -root TM_conversions::C_P005_tracksim_compr -conf KCG
*************************************************************$
*** Generated Files Information (GENFIL): KCG- Generated files
 ~kcg.log
  at file C:\GITHUB\modeling\model\Scade\System\ObuFunctions\ETCS_Messaging\TrackMessages\KCG\kcg.log, line 0, character 0
 ~kcg_s2c_config.txt
  at file C:\GITHUB\modeling\model\Scade\System\ObuFunctions\ETCS_Messaging\TrackMessages\KCG\kcg_s2c_config.txt, line 0, character 0
 ~kcg_trace.xml
  at file C:\GITHUB\modeling\model\Scade\System\ObuFunctions\ETCS_Messaging\TrackMessages\KCG\kcg_trace.xml, line 0, character 0
 ~kcg_metrics.txt
  at file C:\GITHUB\modeling\model\Scade\System\ObuFunctions\ETCS_Messaging\TrackMessages\KCG\kcg_metrics.txt, line 0, character 0
 ~C_P005_tracksim_compr_TM_conversions.c
  at file C:\GITHUB\modeling\model\Scade\System\ObuFunctions\ETCS_Messaging\TrackMessages\KCG\C_P005_tracksim_compr_TM_conversions.c, line 0, character 0
 ~T_Build_Metadata_Packet_ID_TM_lib_internal.c
  at file C:\GITHUB\modeling\model\Scade\System\ObuFunctions\ETCS_Messaging\TrackMessages\KCG\T_Build_Metadata_Packet_ID_TM_lib_internal.c, line 0, character 0
 ~C_P005_flatten_sections_TM_lib_internal.c
  at file C:\GITHUB\modeling\model\Scade\System\ObuFunctions\ETCS_Messaging\TrackMessages\KCG\C_P005_flatten_sections_TM_lib_internal.c, line 0, character 0
 ~C_P005_fs_struct_to_array_TM_lib_internal.c
  at file C:\GITHUB\modeling\model\Scade\System\ObuFunctions\ETCS_Messaging\TrackMessages\KCG\C_P005_fs_struct_to_array_TM_lib_internal.c, line 0, character 0
 ~C_P005_fs_flatten_array_TM_lib_internal.c
  at file C:\GITHUB\modeling\model\Scade\System\ObuFunctions\ETCS_Messaging\TrackMessages\KCG\C_P005_fs_flatten_array_TM_lib_internal.c, line 0, character 0
 ~T_DeterminePacketSizeInt_TM_lib_internal.c
  at file C:\GITHUB\modeling\model\Scade\System\ObuFunctions\ETCS_Messaging\TrackMessages\KCG\T_DeterminePacketSizeInt_TM_lib_internal.c, line 0, character 0
 ~C_P005_tracksim_compr_TM_conversions.h
  at file C:\GITHUB\modeling\model\Scade\System\ObuFunctions\ETCS_Messaging\TrackMessages\KCG\C_P005_tracksim_compr_TM_conversions.h, line 0, character 0
 ~T_Build_Metadata_Packet_ID_TM_lib_internal.h
  at file C:\GITHUB\modeling\model\Scade\System\ObuFunctions\ETCS_Messaging\TrackMessages\KCG\T_Build_Metadata_Packet_ID_TM_lib_internal.h, line 0, character 0
 ~C_P005_flatten_sections_TM_lib_internal.h
  at file C:\GITHUB\modeling\model\Scade\System\ObuFunctions\ETCS_Messaging\TrackMessages\KCG\C_P005_flatten_sections_TM_lib_internal.h, line 0, character 0
 ~C_P005_fs_struct_to_array_TM_lib_internal.h
  at file C:\GITHUB\modeling\model\Scade\System\ObuFunctions\ETCS_Messaging\TrackMessages\KCG\C_P005_fs_struct_to_array_TM_lib_internal.h, line 0, character 0
 ~C_P005_fs_flatten_array_TM_lib_internal.h
  at file C:\GITHUB\modeling\model\Scade\System\ObuFunctions\ETCS_Messaging\TrackMessages\KCG\C_P005_fs_flatten_array_TM_lib_internal.h, line 0, character 0
 ~T_DeterminePacketSizeInt_TM_lib_internal.h
  at file C:\GITHUB\modeling\model\Scade\System\ObuFunctions\ETCS_Messaging\TrackMessages\KCG\T_DeterminePacketSizeInt_TM_lib_internal.h, line 0, character 0
 ~kcg_types.h
  at file C:\GITHUB\modeling\model\Scade\System\ObuFunctions\ETCS_Messaging\TrackMessages\KCG\kcg_types.h, line 0, character 0
 ~kcg_consts.h
  at file C:\GITHUB\modeling\model\Scade\System\ObuFunctions\ETCS_Messaging\TrackMessages\KCG\kcg_consts.h, line 0, character 0
 ~kcg_sensors.h
  at file C:\GITHUB\modeling\model\Scade\System\ObuFunctions\ETCS_Messaging\TrackMessages\KCG\kcg_sensors.h, line 0, character 0
 ~kcg_types.c
  at file C:\GITHUB\modeling\model\Scade\System\ObuFunctions\ETCS_Messaging\TrackMessages\KCG\kcg_types.c, line 0, character 0
 ~kcg_consts.c
  at file C:\GITHUB\modeling\model\Scade\System\ObuFunctions\ETCS_Messaging\TrackMessages\KCG\kcg_consts.c, line 0, character 0
*** Generated Files Information (GENFIL): Code Generator Generated files
 ~user_macros.h
  at file C:\GITHUB\modeling\model\Scade\System\ObuFunctions\ETCS_Messaging\TrackMessages\KCG\user_macros.h, line 0, character 0
 ~kcg_imported_types.h
  at file C:\GITHUB\modeling\model\Scade\System\ObuFunctions\ETCS_Messaging\TrackMessages\KCG\kcg_imported_types.h, line 0, character 0
 ~sc2c.log
  at file C:\GITHUB\modeling\model\Scade\System\ObuFunctions\ETCS_Messaging\TrackMessages\KCG\sc2c.log, line 0, character 0
 ~sc2c_integration_files.txt
  at file C:\GITHUB\modeling\model\Scade\System\ObuFunctions\ETCS_Messaging\TrackMessages\KCG\sc2c_integration_files.txt, line 0, character 0
$**************  SCADETOC Version R16.1 (build i4) **************
** Generation date: 2015-08-17T13:45:16
** sc2c.log
*************************************************************$
