$**************  SCADETOC Version R15 (build i22) **************
** Generation date: 2014-04-14T14:16:44
** Command: scade -code "C:\Users\GiovanniTrotta\Desktop\SoftwareBGO\prova\prova.etp" -node ciao -conf KCG
*************************************************************$
*** Generated Files Information (GENFIL): KCG- Generated files
 ~kcg.log
  at file C:\Users\GiovanniTrotta\Desktop\SoftwareBGO\prova\KCG\kcg.log, line 0, character 0
 ~kcg_xml_filter_out.scade
  at file C:\Users\GiovanniTrotta\Desktop\SoftwareBGO\prova\KCG\kcg_xml_filter_out.scade, line 0, character 0
 ~kcg_s2c_config.txt
  at file C:\Users\GiovanniTrotta\Desktop\SoftwareBGO\prova\KCG\kcg_s2c_config.txt, line 0, character 0
 ~kcg_trace.xml
  at file C:\Users\GiovanniTrotta\Desktop\SoftwareBGO\prova\KCG\kcg_trace.xml, line 0, character 0
 ~kcg_metrics.txt
  at file C:\Users\GiovanniTrotta\Desktop\SoftwareBGO\prova\KCG\kcg_metrics.txt, line 0, character 0
 ~ciao.c
  at file C:\Users\GiovanniTrotta\Desktop\SoftwareBGO\prova\KCG\ciao.c, line 0, character 0
 ~ciao.h
  at file C:\Users\GiovanniTrotta\Desktop\SoftwareBGO\prova\KCG\ciao.h, line 0, character 0
 ~kcg_types.h
  at file C:\Users\GiovanniTrotta\Desktop\SoftwareBGO\prova\KCG\kcg_types.h, line 0, character 0
 ~kcg_consts.h
  at file C:\Users\GiovanniTrotta\Desktop\SoftwareBGO\prova\KCG\kcg_consts.h, line 0, character 0
 ~kcg_sensors.h
  at file C:\Users\GiovanniTrotta\Desktop\SoftwareBGO\prova\KCG\kcg_sensors.h, line 0, character 0
 ~kcg_types.c
  at file C:\Users\GiovanniTrotta\Desktop\SoftwareBGO\prova\KCG\kcg_types.c, line 0, character 0
 ~kcg_consts.c
  at file C:\Users\GiovanniTrotta\Desktop\SoftwareBGO\prova\KCG\kcg_consts.c, line 0, character 0
*** Generated Files Information (GENFIL): Code Generator Generated files
 ~sc2c.log
  at file C:\Users\GiovanniTrotta\Desktop\SoftwareBGO\prova\KCG\sc2c.log, line 0, character 0
 ~sc2c_integration_files.txt
  at file C:\Users\GiovanniTrotta\Desktop\SoftwareBGO\prova\KCG\sc2c_integration_files.txt, line 0, character 0
$**************  SCADETOC Version R15 (build i22) **************
** Generation date: 2014-04-14T14:16:45
** sc2c.log
*************************************************************$
