*** Semantic Error (ERR_8): Unknown identifier
  at file C:\Users\jakob\AppData\Local\Temp\ScadeChecker\3076\checker_file.scade, line 110, character 17
  at path RadioLib::No_Radio_Packets/Balise_data_in/
 the type or group identifier B_data_internal_T/ is undefined at this point
*** Semantic Error (ERR_8): Unknown identifier
  at file C:\Users\jakob\AppData\Local\Temp\ScadeChecker\3076\checker_file.scade, line 115, character 18
  at path RadioLib::No_Radio_Packets/Balise_data_out/
 the type or group identifier B_data_internal_T/ is undefined at this point
*** Semantic Error (ERR_8): Unknown identifier
  at file C:\Users\jakob\AppData\Local\Temp\ScadeChecker\3076\checker_file.scade, line 120, character 7
  at path RadioLib::No_Radio_Packets/_L36/
 the type or group identifier B_data_internal_T/ is undefined at this point
*** Semantic Error (ERR_8): Unknown identifier
  at file C:\Users\jakob\AppData\Local\Temp\ScadeChecker\3076\checker_file.scade, line 132, character 7
  at path RadioLib::No_Radio_Packets/_L31/
 the type or group identifier B_data_internal_T/ is undefined at this point
*** Semantic Error (ERR_8): Unknown identifier
  at file C:\Users\jakob\AppData\Local\Temp\ScadeChecker\3076\checker_file.scade, line 136, character 7
  at path RadioLib::No_Radio_Packets/_L30/
 the type or group identifier B_data_internal_T/ is undefined at this point
