$*************** KCG Version 6.1.3 (build i6) ****************
** Command: kcg613.exe -config C:/GITHUB/modeling/model/Scade/System/ObuFunctions/TrackAtlas/MA_Request__Build_MA_request_KCG613/config.txt
** Generation date: 2015-07-28T16:22:46
*************************************************************$
$*************** KCG Version 6.1.3 (build i6) ****************
** Command: s2c613 -config C:/GITHUB/modeling/model/Scade/System/ObuFunctions/TrackAtlas/MA_Request__Build_MA_request_KCG613\kcg_s2c_config.txt
** Generation date: 2015-07-28T16:22:46
*************************************************************$
*** Code Generation Warning (WAR_604): Renaming interface identifier
  at file C:/GITHUB/modeling/model/Scade/System/ObuFunctions/TrackAtlas/MA_Request__Build_MA_request_KCG613/scade_model_without_unused.scade, line 218, character 29
  at path NC_TRAIN/NC_TRAIN_Freight_train_braked_in_P_position/
 Interface element NC_TRAIN_Freight_train_braked_in_P_position has been renamed
 because it collides
*** Code Generation Warning (WAR_604): Renaming interface identifier
  at file C:/GITHUB/modeling/model/Scade/System/ObuFunctions/TrackAtlas/MA_Request__Build_MA_request_KCG613/scade_model_without_unused.scade, line 87, character 29
  at path Q_LENGTH/Q_LENGTH_Train_integrity_confirmed_by_integrity_monitoring_device/
 Interface element
 Q_LENGTH_Train_integrity_confirmed_by_integrity_monitoring_device has been
 renamed because it collides
*** Code Generation Warning (WAR_604): Renaming interface identifier
  at file C:/GITHUB/modeling/model/Scade/System/ObuFunctions/TrackAtlas/MA_Request__Build_MA_request_KCG613/scade_model_without_unused.scade, line 39, character 29
  at path Q_EMERGENCYSTOP/Q_EMERGENCYSTOP_Conditional_Emergency_Stop_accepted_with_update_of_EOA/
 Interface element
 Q_EMERGENCYSTOP_Conditional_Emergency_Stop_accepted_with_update_of_EOA has been
 renamed because it collides
3 warnings were found
$*************** KCG Version 6.1.3 (build i6) ****************
** s2c.log
** Generation date: 2015-07-28T16:22:47
*************************************************************$
$*************** KCG Version 6.1.3 (build i6) ****************
** C:/GITHUB/modeling/model/Scade/System/ObuFunctions/TrackAtlas/MA_Request__Build_MA_request_KCG613\kcg.log
** Generation date: 2015-07-28T16:22:47
*************************************************************$
