$**************  SCADETOC Version R16.1 (build i4) **************
** Generation date: 2015-07-28T16:22:30
** Command: scade -code "C:\GITHUB\modeling\model\Scade\System\ObuFunctions\TrackAtlas\TrackAtlas.etp" -root MA_Request::Build_MA_request -conf Debug_DIV0
*************************************************************$
*** Generated Files Information (GENFIL): KCG- Generated files
 ~kcg.log
  at file C:\GITHUB\modeling\model\Scade\System\ObuFunctions\TrackAtlas\MA_Request__Build_MA_request_KCG613\kcg.log, line 0, character 0
 ~kcg_s2c_config.txt
  at file C:\GITHUB\modeling\model\Scade\System\ObuFunctions\TrackAtlas\MA_Request__Build_MA_request_KCG613\kcg_s2c_config.txt, line 0, character 0
 ~kcg_trace.xml
  at file C:\GITHUB\modeling\model\Scade\System\ObuFunctions\TrackAtlas\MA_Request__Build_MA_request_KCG613\kcg_trace.xml, line 0, character 0
 ~kcg_metrics.txt
  at file C:\GITHUB\modeling\model\Scade\System\ObuFunctions\TrackAtlas\MA_Request__Build_MA_request_KCG613\kcg_metrics.txt, line 0, character 0
 ~Build_MA_request_MA_Request.c
  at file C:\GITHUB\modeling\model\Scade\System\ObuFunctions\TrackAtlas\MA_Request__Build_MA_request_KCG613\Build_MA_request_MA_Request.c, line 0, character 0
 ~Build_MA_request_MA_Request.h
  at file C:\GITHUB\modeling\model\Scade\System\ObuFunctions\TrackAtlas\MA_Request__Build_MA_request_KCG613\Build_MA_request_MA_Request.h, line 0, character 0
 ~kcg_types.h
  at file C:\GITHUB\modeling\model\Scade\System\ObuFunctions\TrackAtlas\MA_Request__Build_MA_request_KCG613\kcg_types.h, line 0, character 0
 ~kcg_consts.h
  at file C:\GITHUB\modeling\model\Scade\System\ObuFunctions\TrackAtlas\MA_Request__Build_MA_request_KCG613\kcg_consts.h, line 0, character 0
 ~kcg_sensors.h
  at file C:\GITHUB\modeling\model\Scade\System\ObuFunctions\TrackAtlas\MA_Request__Build_MA_request_KCG613\kcg_sensors.h, line 0, character 0
 ~kcg_types.c
  at file C:\GITHUB\modeling\model\Scade\System\ObuFunctions\TrackAtlas\MA_Request__Build_MA_request_KCG613\kcg_types.c, line 0, character 0
 ~kcg_consts.c
  at file C:\GITHUB\modeling\model\Scade\System\ObuFunctions\TrackAtlas\MA_Request__Build_MA_request_KCG613\kcg_consts.c, line 0, character 0
*** Generated Files Information (GENFIL): Code Generator Generated files
 ~user_macros.h
  at file C:\GITHUB\modeling\model\Scade\System\ObuFunctions\TrackAtlas\MA_Request__Build_MA_request_KCG613\user_macros.h, line 0, character 0
 ~kcg_imported_types.h
  at file C:\GITHUB\modeling\model\Scade\System\ObuFunctions\TrackAtlas\MA_Request__Build_MA_request_KCG613\kcg_imported_types.h, line 0, character 0
 ~sc2c.log
  at file C:\GITHUB\modeling\model\Scade\System\ObuFunctions\TrackAtlas\MA_Request__Build_MA_request_KCG613\sc2c.log, line 0, character 0
 ~sc2c_integration_files.txt
  at file C:\GITHUB\modeling\model\Scade\System\ObuFunctions\TrackAtlas\MA_Request__Build_MA_request_KCG613\sc2c_integration_files.txt, line 0, character 0
*** Generated Files Information (GENFIL): Type Utils Generated files
 ~TrackAtlas_newtype.h
  at file C:\GITHUB\modeling\model\Scade\System\ObuFunctions\TrackAtlas\MA_Request__Build_MA_request_KCG613\TrackAtlas_newtype.h, line 0, character 0
 ~TrackAtlas_newtype.c
  at file C:\GITHUB\modeling\model\Scade\System\ObuFunctions\TrackAtlas\MA_Request__Build_MA_request_KCG613\TrackAtlas_newtype.c, line 0, character 0
*** Generated Files Information (GENFIL): Mapping Utils Generated files
 ~TrackAtlas_newmapping.h
  at file C:\GITHUB\modeling\model\Scade\System\ObuFunctions\TrackAtlas\MA_Request__Build_MA_request_KCG613\TrackAtlas_newmapping.h, line 0, character 0
 ~TrackAtlas_newmapping.c
  at file C:\GITHUB\modeling\model\Scade\System\ObuFunctions\TrackAtlas\MA_Request__Build_MA_request_KCG613\TrackAtlas_newmapping.c, line 0, character 0
*** Generated Files Information (GENFIL): Simulator Generated files
 ~TrackAtlas_newtype.h
  at file C:\GITHUB\modeling\model\Scade\System\ObuFunctions\TrackAtlas\MA_Request__Build_MA_request_KCG613\TrackAtlas_newtype.h, line 0, character 0
 ~TrackAtlas_newtype.c
  at file C:\GITHUB\modeling\model\Scade\System\ObuFunctions\TrackAtlas\MA_Request__Build_MA_request_KCG613\TrackAtlas_newtype.c, line 0, character 0
 ~TrackAtlas_newmapping.h
  at file C:\GITHUB\modeling\model\Scade\System\ObuFunctions\TrackAtlas\MA_Request__Build_MA_request_KCG613\TrackAtlas_newmapping.h, line 0, character 0
 ~TrackAtlas_newmapping.c
  at file C:\GITHUB\modeling\model\Scade\System\ObuFunctions\TrackAtlas\MA_Request__Build_MA_request_KCG613\TrackAtlas_newmapping.c, line 0, character 0
 ~TrackAtlas_newinterface.h
  at file C:\GITHUB\modeling\model\Scade\System\ObuFunctions\TrackAtlas\MA_Request__Build_MA_request_KCG613\TrackAtlas_newinterface.h, line 0, character 0
 ~TrackAtlas_newinterface.c
  at file C:\GITHUB\modeling\model\Scade\System\ObuFunctions\TrackAtlas\MA_Request__Build_MA_request_KCG613\TrackAtlas_newinterface.c, line 0, character 0
 ~Build_MA_request_MA_Request_dll.c
  at file C:\GITHUB\modeling\model\Scade\System\ObuFunctions\TrackAtlas\MA_Request__Build_MA_request_KCG613\Build_MA_request_MA_Request_dll.c, line 0, character 0
$**************  SCADETOC Version R16.1 (build i4) **************
** Generation date: 2015-07-28T16:22:47
** sc2c.log
*************************************************************$
