$**************  SCADETOC Version R16.1 (build i4) **************
** Generation date: 2015-08-21T16:43:54
** Command: scade -code "C:\GITHUB\modeling\model\Scade\System\ObuFunctions\ETCS_Messaging\TrackMessages\TrackMessages.etp" -root TM_TrainToTrack::C_P003_train_compr -conf KCG-Bitwalker
*************************************************************$
*** Generated Files Information (GENFIL): KCG- Generated files
 ~kcg.log
  at file C:\GITHUB\modeling\model\Scade\System\ObuFunctions\ETCS_Messaging\TrackMessages\KCG-Bitwalker\C_P003_traintotrack\kcg.log, line 0, character 0
 ~kcg_s2c_config.txt
  at file C:\GITHUB\modeling\model\Scade\System\ObuFunctions\ETCS_Messaging\TrackMessages\KCG-Bitwalker\C_P003_traintotrack\kcg_s2c_config.txt, line 0, character 0
 ~kcg_trace.xml
  at file C:\GITHUB\modeling\model\Scade\System\ObuFunctions\ETCS_Messaging\TrackMessages\KCG-Bitwalker\C_P003_traintotrack\kcg_trace.xml, line 0, character 0
 ~kcg_metrics.txt
  at file C:\GITHUB\modeling\model\Scade\System\ObuFunctions\ETCS_Messaging\TrackMessages\KCG-Bitwalker\C_P003_traintotrack\kcg_metrics.txt, line 0, character 0
 ~C_P003_train_compr_TM_TrainToTrack.c
  at file C:\GITHUB\modeling\model\Scade\System\ObuFunctions\ETCS_Messaging\TrackMessages\KCG-Bitwalker\C_P003_traintotrack\C_P003_train_compr_TM_TrainToTrack.c, line 0, character 0
 ~C_P003_flatten_sections_TM_TrainToTrack_lib_internal.c
  at file C:\GITHUB\modeling\model\Scade\System\ObuFunctions\ETCS_Messaging\TrackMessages\KCG-Bitwalker\C_P003_traintotrack\C_P003_flatten_sections_TM_TrainToTrack_lib_internal.c, line 0, character 0
 ~C_P003_fs_struct_to_array_TM_TrainToTrack_lib_internal.c
  at file C:\GITHUB\modeling\model\Scade\System\ObuFunctions\ETCS_Messaging\TrackMessages\KCG-Bitwalker\C_P003_traintotrack\C_P003_fs_struct_to_array_TM_TrainToTrack_lib_internal.c, line 0, character 0
 ~CAST_NID_RADIO_to_int_TM_conversions.c
  at file C:\GITHUB\modeling\model\Scade\System\ObuFunctions\ETCS_Messaging\TrackMessages\KCG-Bitwalker\C_P003_traintotrack\CAST_NID_RADIO_to_int_TM_conversions.c, line 0, character 0
 ~CAST_N_ITER_to_int_TM_conversions.c
  at file C:\GITHUB\modeling\model\Scade\System\ObuFunctions\ETCS_Messaging\TrackMessages\KCG-Bitwalker\C_P003_traintotrack\CAST_N_ITER_to_int_TM_conversions.c, line 0, character 0
 ~CAST_L_PACKET_to_int_TM_conversions.c
  at file C:\GITHUB\modeling\model\Scade\System\ObuFunctions\ETCS_Messaging\TrackMessages\KCG-Bitwalker\C_P003_traintotrack\CAST_L_PACKET_to_int_TM_conversions.c, line 0, character 0
 ~CAST_NID_PACKET_to_int_TM_conversions.c
  at file C:\GITHUB\modeling\model\Scade\System\ObuFunctions\ETCS_Messaging\TrackMessages\KCG-Bitwalker\C_P003_traintotrack\CAST_NID_PACKET_to_int_TM_conversions.c, line 0, character 0
 ~EncodeMeta_TM_TrainToTrack.c
  at file C:\GITHUB\modeling\model\Scade\System\ObuFunctions\ETCS_Messaging\TrackMessages\KCG-Bitwalker\C_P003_traintotrack\EncodeMeta_TM_TrainToTrack.c, line 0, character 0
 ~C_P003_train_compr_TM_TrainToTrack.h
  at file C:\GITHUB\modeling\model\Scade\System\ObuFunctions\ETCS_Messaging\TrackMessages\KCG-Bitwalker\C_P003_traintotrack\C_P003_train_compr_TM_TrainToTrack.h, line 0, character 0
 ~C_P003_flatten_sections_TM_TrainToTrack_lib_internal.h
  at file C:\GITHUB\modeling\model\Scade\System\ObuFunctions\ETCS_Messaging\TrackMessages\KCG-Bitwalker\C_P003_traintotrack\C_P003_flatten_sections_TM_TrainToTrack_lib_internal.h, line 0, character 0
 ~C_P003_fs_struct_to_array_TM_TrainToTrack_lib_internal.h
  at file C:\GITHUB\modeling\model\Scade\System\ObuFunctions\ETCS_Messaging\TrackMessages\KCG-Bitwalker\C_P003_traintotrack\C_P003_fs_struct_to_array_TM_TrainToTrack_lib_internal.h, line 0, character 0
 ~CAST_NID_RADIO_to_int_TM_conversions.h
  at file C:\GITHUB\modeling\model\Scade\System\ObuFunctions\ETCS_Messaging\TrackMessages\KCG-Bitwalker\C_P003_traintotrack\CAST_NID_RADIO_to_int_TM_conversions.h, line 0, character 0
 ~CAST_N_ITER_to_int_TM_conversions.h
  at file C:\GITHUB\modeling\model\Scade\System\ObuFunctions\ETCS_Messaging\TrackMessages\KCG-Bitwalker\C_P003_traintotrack\CAST_N_ITER_to_int_TM_conversions.h, line 0, character 0
 ~CAST_L_PACKET_to_int_TM_conversions.h
  at file C:\GITHUB\modeling\model\Scade\System\ObuFunctions\ETCS_Messaging\TrackMessages\KCG-Bitwalker\C_P003_traintotrack\CAST_L_PACKET_to_int_TM_conversions.h, line 0, character 0
 ~CAST_NID_PACKET_to_int_TM_conversions.h
  at file C:\GITHUB\modeling\model\Scade\System\ObuFunctions\ETCS_Messaging\TrackMessages\KCG-Bitwalker\C_P003_traintotrack\CAST_NID_PACKET_to_int_TM_conversions.h, line 0, character 0
 ~EncodeMeta_TM_TrainToTrack.h
  at file C:\GITHUB\modeling\model\Scade\System\ObuFunctions\ETCS_Messaging\TrackMessages\KCG-Bitwalker\C_P003_traintotrack\EncodeMeta_TM_TrainToTrack.h, line 0, character 0
 ~kcg_types.h
  at file C:\GITHUB\modeling\model\Scade\System\ObuFunctions\ETCS_Messaging\TrackMessages\KCG-Bitwalker\C_P003_traintotrack\kcg_types.h, line 0, character 0
 ~kcg_consts.h
  at file C:\GITHUB\modeling\model\Scade\System\ObuFunctions\ETCS_Messaging\TrackMessages\KCG-Bitwalker\C_P003_traintotrack\kcg_consts.h, line 0, character 0
 ~kcg_sensors.h
  at file C:\GITHUB\modeling\model\Scade\System\ObuFunctions\ETCS_Messaging\TrackMessages\KCG-Bitwalker\C_P003_traintotrack\kcg_sensors.h, line 0, character 0
 ~kcg_types.c
  at file C:\GITHUB\modeling\model\Scade\System\ObuFunctions\ETCS_Messaging\TrackMessages\KCG-Bitwalker\C_P003_traintotrack\kcg_types.c, line 0, character 0
 ~kcg_consts.c
  at file C:\GITHUB\modeling\model\Scade\System\ObuFunctions\ETCS_Messaging\TrackMessages\KCG-Bitwalker\C_P003_traintotrack\kcg_consts.c, line 0, character 0
*** Generated Files Information (GENFIL): Code Generator Generated files
 ~user_macros.h
  at file C:\GITHUB\modeling\model\Scade\System\ObuFunctions\ETCS_Messaging\TrackMessages\KCG-Bitwalker\C_P003_traintotrack\user_macros.h, line 0, character 0
 ~kcg_imported_types.h
  at file C:\GITHUB\modeling\model\Scade\System\ObuFunctions\ETCS_Messaging\TrackMessages\KCG-Bitwalker\C_P003_traintotrack\kcg_imported_types.h, line 0, character 0
 ~sc2c.log
  at file C:\GITHUB\modeling\model\Scade\System\ObuFunctions\ETCS_Messaging\TrackMessages\KCG-Bitwalker\C_P003_traintotrack\sc2c.log, line 0, character 0
 ~sc2c_integration_files.txt
  at file C:\GITHUB\modeling\model\Scade\System\ObuFunctions\ETCS_Messaging\TrackMessages\KCG-Bitwalker\C_P003_traintotrack\sc2c_integration_files.txt, line 0, character 0
$**************  SCADETOC Version R16.1 (build i4) **************
** Generation date: 2015-08-21T16:44:00
** sc2c.log
*************************************************************$
