<?xml version="1.0" encoding="UTF-8"?>
<traceability>
	<object id="!ed/4749/2D1A/213C/54e4a7a6124c">
		<requirement id="3.13.10.2.6"/>
		<requirement id="3.13.10.2.7"/>
	</object>
	<object id="!ed/62200/5AE0/1D48/54e86a2d6d75">
		<requirement id="3.13.10.6"/>
		<requirement id="3.13.10.6.1"/>
		<requirement id="3.13.10.6.1[2]"/>
		<requirement id="3.13.10.6.1[2].[t]16"/>
		<requirement id="3.13.10.6.1[2].[t]16.C"/>
		<requirement id="3.13.10.6.1[2].[t]16.[C]1"/>
		<requirement id="3.13.10.6.1[2].[t]16.[C]1.Content"/>
		<requirement id="3.13.10.6.1[2].[t]16.[C]1.CSM"/>
		<requirement id="3.13.10.6.1[2].[t]16.[C]1.TSM"/>
		<requirement id="3.13.10.6.1[2].[t]16.[C]2"/>
		<requirement id="3.13.10.6.1[2].[t]16.[C]2.Content"/>
		<requirement id="3.13.10.6.1[2].[t]16.[C]2.TSM"/>
		<requirement id="3.13.10.6.1[2].[t]16.[C]2.RSM"/>
	</object>
	<object id="!ed/15196/2ADD/1E24/54e882331fad">
		<requirement id="3.13.10.4.10[4]"/>
		<requirement id="3.13.10.4.10[4].[t]9"/>
		<requirement id="3.13.10.4.10[4].[t]9.C"/>
		<requirement id="3.13.10.4.10[4].[t]9.[C]1"/>
		<requirement id="3.13.10.4.10[4].[t]9.[C]1.Speed"/>
		<requirement id="3.13.10.4.10[4].[t]9.[C]1.Position"/>
		<requirement id="3.13.10.4.10[4].[t]9.[C]1.TICommand"/>
		<requirement id="3.13.10.4.10[4].[t]9.[C]1.Supervision"/>
		<requirement id="3.13.10.4.10[4].[t]9.[C]2"/>
		<requirement id="3.13.10.4.10[4].[t]9.[C]2.Speed"/>
		<requirement id="3.13.10.4.10[4].[t]9.[C]2.Position"/>
		<requirement id="3.13.10.4.10[4].[t]9.[C]2.Position.[1]"/>
		<requirement id="3.13.10.4.10[4].[t]9.[C]2.Position.[2]"/>
		<requirement id="3.13.10.4.10[4].[t]9.[C]2.TICommand"/>
		<requirement id="3.13.10.4.10[4].[t]9.[C]2.Supervision"/>
		<requirement id="3.13.10.4.10[4].[t]9.[C]3"/>
		<requirement id="3.13.10.4.10[4].[t]9.[C]3.Position"/>
		<requirement id="3.13.10.4.10[4].[t]9.[C]3.Position.[1]"/>
		<requirement id="3.13.10.4.10[4].[t]9.[C]3.Position.[2]"/>
		<requirement id="3.13.10.4.10[4].[t]9.[C]3.TICommand"/>
		<requirement id="3.13.10.4.10[4].[t]9.[C]3.Supervision"/>
		<requirement id="3.13.10.4.10[4].[t]9.[C]4"/>
		<requirement id="3.13.10.4.10[4].[t]9.[C]4.Position"/>
		<requirement id="3.13.10.4.10[4].[t]9.[C]4.Position.[1]"/>
		<requirement id="3.13.10.4.10[4].[t]9.[C]4.Position.[2]"/>
		<requirement id="3.13.10.4.10[4].[t]9.[C]4.TICommand"/>
		<requirement id="3.13.10.4.10[4].[t]9.[C]4.Supervision"/>
		<requirement id="3.13.10.4.10[4].[t]9.[C]5"/>
		<requirement id="3.13.10.4.10[4].[t]9.[C]5.Speed"/>
		<requirement id="3.13.10.4.10[4].[t]9.[C]5.Position"/>
		<requirement id="3.13.10.4.10[4].[t]9.[C]5.Position.[1]"/>
		<requirement id="3.13.10.4.10[4].[t]9.[C]5.Position.[2]"/>
		<requirement id="3.13.10.4.10[4].[t]9.[C]5.TICommand"/>
		<requirement id="3.13.10.4.10[4].[t]9.[C]5.Supervision"/>
		<requirement id="3.13.10.4.10[4].[t]9.[C]6"/>
		<requirement id="3.13.10.4.10[4].[t]9.[C]6.Position"/>
		<requirement id="3.13.10.4.10[4].[t]9.[C]6.Position.[1]"/>
		<requirement id="3.13.10.4.10[4].[t]9.[C]6.Position.[2]"/>
		<requirement id="3.13.10.4.10[4].[t]9.[C]6.TICommand"/>
		<requirement id="3.13.10.4.10[4].[t]9.[C]6.Supervision"/>
		<requirement id="3.13.10.4.10[4].[t]9.[C]7"/>
		<requirement id="3.13.10.4.10[4].[t]9.[C]7.Speed"/>
		<requirement id="3.13.10.4.10[4].[t]9.[C]7.Position"/>
		<requirement id="3.13.10.4.10[4].[t]9.[C]7.Position.[1]"/>
		<requirement id="3.13.10.4.10[4].[t]9.[C]7.Position.[2]"/>
		<requirement id="3.13.10.4.10[4].[t]9.[C]7.TICommand"/>
		<requirement id="3.13.10.4.10[4].[t]9.[C]7.Supervision"/>
		<requirement id="3.13.10.4.10[4].[t]9.[C]8"/>
		<requirement id="3.13.10.4.10[4].[t]9.[C]8.Speed"/>
		<requirement id="3.13.10.4.10[4].[t]9.[C]8.Position"/>
		<requirement id="3.13.10.4.10[4].[t]9.[C]8.Position.[1]"/>
		<requirement id="3.13.10.4.10[4].[t]9.[C]8.Position.[2]"/>
		<requirement id="3.13.10.4.10[4].[t]9.[C]8.TICommand"/>
		<requirement id="3.13.10.4.10[4].[t]9.[C]8.Supervision"/>
		<requirement id="3.13.10.4.10[4].[t]9.[C]9"/>
		<requirement id="3.13.10.4.10[4].[t]9.[C]9.Position"/>
		<requirement id="3.13.10.4.10[4].[t]9.[C]9.Position.[1]"/>
		<requirement id="3.13.10.4.10[4].[t]9.[C]9.Position.[2]"/>
		<requirement id="3.13.10.4.10[4].[t]9.[C]9.TICommand"/>
		<requirement id="3.13.10.4.10[4].[t]9.[C]9.Supervision"/>
		<requirement id="3.13.10.4.10[4].[t]9.[C]10"/>
		<requirement id="3.13.10.4.10[4].[t]9.[C]10.Speed"/>
		<requirement id="3.13.10.4.10[4].[t]9.[C]10.Position"/>
		<requirement id="3.13.10.4.10[4].[t]9.[C]10.TICommand"/>
		<requirement id="3.13.10.4.10[4].[t]9.[C]10.Supervision"/>
		<requirement id="3.13.10.4.10[4].[t]9.[C]11"/>
		<requirement id="3.13.10.4.10[4].[t]9.[C]11.Speed"/>
		<requirement id="3.13.10.4.10[4].[t]9.[C]11.Position"/>
		<requirement id="3.13.10.4.10[4].[t]9.[C]11.TICommand"/>
		<requirement id="3.13.10.4.10[4].[t]9.[C]11.Supervision"/>
		<requirement id="3.13.10.4.10[4].[t]9.[C]12"/>
		<requirement id="3.13.10.4.10[4].[t]9.[C]12.Position"/>
		<requirement id="3.13.10.4.10[4].[t]9.[C]12.TICommand"/>
		<requirement id="3.13.10.4.10[4].[t]9.[C]12.Supervision"/>
		<requirement id="3.13.10.4.10[4].[t]9.[C]13"/>
		<requirement id="3.13.10.4.10[4].[t]9.[C]13.Speed"/>
		<requirement id="3.13.10.4.10[4].[t]9.[C]13.Position"/>
		<requirement id="3.13.10.4.10[4].[t]9.[C]13.TICommand"/>
		<requirement id="3.13.10.4.10[4].[t]9.[C]13.Supervision"/>
		<requirement id="3.13.10.4.10[4].[t]9.[C]14"/>
		<requirement id="3.13.10.4.10[4].[t]9.[C]14.Speed"/>
		<requirement id="3.13.10.4.10[4].[t]9.[C]14.Position"/>
		<requirement id="3.13.10.4.10[4].[t]9.[C]14.TICommand"/>
		<requirement id="3.13.10.4.10[4].[t]9.[C]14.Supervision"/>
		<requirement id="3.13.10.4.10[2]"/>
		<requirement id="3.13.10.4.10[2].[t]8"/>
		<requirement id="3.13.10.4.10[2].[t]8.C"/>
		<requirement id="3.13.10.4.10[2].[t]8.[C]1"/>
		<requirement id="3.13.10.4.10[2].[t]8.[C]1.Speed"/>
		<requirement id="3.13.10.4.10[2].[t]8.[C]1.Position"/>
		<requirement id="3.13.10.4.10[2].[t]8.[C]1.TICommand"/>
		<requirement id="3.13.10.4.10[2].[t]8.[C]1.Supervision"/>
		<requirement id="3.13.10.4.10[2].[t]8.[C]2"/>
		<requirement id="3.13.10.4.10[2].[t]8.[C]2.Speed"/>
		<requirement id="3.13.10.4.10[2].[t]8.[C]2.Position"/>
		<requirement id="3.13.10.4.10[2].[t]8.[C]2.Position.[1]"/>
		<requirement id="3.13.10.4.10[2].[t]8.[C]2.Position.[2]"/>
		<requirement id="3.13.10.4.10[2].[t]8.[C]2.TICommand"/>
		<requirement id="3.13.10.4.10[2].[t]8.[C]2.Supervision"/>
		<requirement id="3.13.10.4.10[2].[t]8.[C]3"/>
		<requirement id="3.13.10.4.10[2].[t]8.[C]3.Position"/>
		<requirement id="3.13.10.4.10[2].[t]8.[C]3.Position.[1]"/>
		<requirement id="3.13.10.4.10[2].[t]8.[C]3.Position.[2]"/>
		<requirement id="3.13.10.4.10[2].[t]8.[C]3.TICommand"/>
		<requirement id="3.13.10.4.10[2].[t]8.[C]3.Supervision"/>
		<requirement id="3.13.10.4.10[2].[t]8.[C]4"/>
		<requirement id="3.13.10.4.10[2].[t]8.[C]4.Position"/>
		<requirement id="3.13.10.4.10[2].[t]8.[C]4.Position.[1]"/>
		<requirement id="3.13.10.4.10[2].[t]8.[C]4.Position.[2]"/>
		<requirement id="3.13.10.4.10[2].[t]8.[C]4.TICommand"/>
		<requirement id="3.13.10.4.10[2].[t]8.[C]4.Supervision"/>
		<requirement id="3.13.10.4.10[2].[t]8.[C]5"/>
		<requirement id="3.13.10.4.10[2].[t]8.[C]5.Speed"/>
		<requirement id="3.13.10.4.10[2].[t]8.[C]5.Position"/>
		<requirement id="3.13.10.4.10[2].[t]8.[C]5.Position.[1]"/>
		<requirement id="3.13.10.4.10[2].[t]8.[C]5.Position.[2]"/>
		<requirement id="3.13.10.4.10[2].[t]8.[C]5.TICommand"/>
		<requirement id="3.13.10.4.10[2].[t]8.[C]5.Supervision"/>
		<requirement id="3.13.10.4.10[2].[t]8.[C]6"/>
		<requirement id="3.13.10.4.10[2].[t]8.[C]6.Position"/>
		<requirement id="3.13.10.4.10[2].[t]8.[C]6.Position.[1]"/>
		<requirement id="3.13.10.4.10[2].[t]8.[C]6.Position.[2]"/>
		<requirement id="3.13.10.4.10[2].[t]8.[C]6.TICommand"/>
		<requirement id="3.13.10.4.10[2].[t]8.[C]6.Supervision"/>
		<requirement id="3.13.10.4.10[2].[t]8.[C]7"/>
		<requirement id="3.13.10.4.10[2].[t]8.[C]7.Speed"/>
		<requirement id="3.13.10.4.10[2].[t]8.[C]7.Position"/>
		<requirement id="3.13.10.4.10[2].[t]8.[C]7.Position.[1]"/>
		<requirement id="3.13.10.4.10[2].[t]8.[C]7.Position.[2]"/>
		<requirement id="3.13.10.4.10[2].[t]8.[C]7.TICommand"/>
		<requirement id="3.13.10.4.10[2].[t]8.[C]7.Supervision"/>
		<requirement id="3.13.10.4.10[2].[t]8.[C]8"/>
		<requirement id="3.13.10.4.10[2].[t]8.[C]8.Speed"/>
		<requirement id="3.13.10.4.10[2].[t]8.[C]8.Position"/>
		<requirement id="3.13.10.4.10[2].[t]8.[C]8.Position.[1]"/>
		<requirement id="3.13.10.4.10[2].[t]8.[C]8.Position.[2]"/>
		<requirement id="3.13.10.4.10[2].[t]8.[C]8.TICommand"/>
		<requirement id="3.13.10.4.10[2].[t]8.[C]8.Supervision"/>
		<requirement id="3.13.10.4.10[2].[t]8.[C]9"/>
		<requirement id="3.13.10.4.10[2].[t]8.[C]9.Position"/>
		<requirement id="3.13.10.4.10[2].[t]8.[C]9.Position.[1]"/>
		<requirement id="3.13.10.4.10[2].[t]8.[C]9.Position.[2]"/>
		<requirement id="3.13.10.4.10[2].[t]8.[C]9.TICommand"/>
		<requirement id="3.13.10.4.10[2].[t]8.[C]9.Supervision"/>
		<requirement id="3.13.10.4.10[2].[t]8.[C]10"/>
		<requirement id="3.13.10.4.10[2].[t]8.[C]10.Speed"/>
		<requirement id="3.13.10.4.10[2].[t]8.[C]10.Position"/>
		<requirement id="3.13.10.4.10[2].[t]8.[C]10.TICommand"/>
		<requirement id="3.13.10.4.10[2].[t]8.[C]10.Supervision"/>
		<requirement id="3.13.10.4.10[2].[t]8.[C]11"/>
		<requirement id="3.13.10.4.10[2].[t]8.[C]11.Speed"/>
		<requirement id="3.13.10.4.10[2].[t]8.[C]11.Position"/>
		<requirement id="3.13.10.4.10[2].[t]8.[C]11.TICommand"/>
		<requirement id="3.13.10.4.10[2].[t]8.[C]11.Supervision"/>
		<requirement id="3.13.10.4.10[2].[t]8.[C]12"/>
		<requirement id="3.13.10.4.10[2].[t]8.[C]12.Position"/>
		<requirement id="3.13.10.4.10[2].[t]8.[C]12.TICommand"/>
		<requirement id="3.13.10.4.10[2].[t]8.[C]12.Supervision"/>
		<requirement id="3.13.10.4.10[2].[t]8.[C]13"/>
		<requirement id="3.13.10.4.10[2].[t]8.[C]13.Speed"/>
		<requirement id="3.13.10.4.10[2].[t]8.[C]13.Position"/>
		<requirement id="3.13.10.4.10[2].[t]8.[C]13.TICommand"/>
		<requirement id="3.13.10.4.10[2].[t]8.[C]13.Supervision"/>
		<requirement id="3.13.10.4.10[2].[t]8.[C]14"/>
		<requirement id="3.13.10.4.10[2].[t]8.[C]14.Speed"/>
		<requirement id="3.13.10.4.10[2].[t]8.[C]14.Position"/>
		<requirement id="3.13.10.4.10[2].[t]8.[C]14.TICommand"/>
		<requirement id="3.13.10.4.10[2].[t]8.[C]14.Supervision"/>
	</object>
	<object id="!ed/1569b/2ADD/1E24/54e89a1c5b37">
		<requirement id="3.13.10.4.10[2].[t]8.[C]1.Speed"/>
		<requirement id="3.13.10.4.10[2].[t]8.[C]2.Speed"/>
		<requirement id="3.13.10.4.10[2].[t]8.[C]5.Speed"/>
		<requirement id="3.13.10.4.10[2].[t]8.[C]7.Speed"/>
		<requirement id="3.13.10.4.10[2].[t]8.[C]8.Speed"/>
		<requirement id="3.13.10.4.10[2].[t]8.[C]10.Speed"/>
		<requirement id="3.13.10.4.10[2].[t]8.[C]11.Speed"/>
		<requirement id="3.13.10.4.10[2].[t]8.[C]13.Speed"/>
		<requirement id="3.13.10.4.10[2].[t]8.[C]14.Speed"/>
	</object>
	<object id="!ed/157fe/2ADD/1E24/54e89a8e6336">
		<requirement id="3.13.10.4.10[4].[t]9.[C]1.Speed"/>
		<requirement id="3.13.10.4.10[4].[t]9.[C]2.Speed"/>
		<requirement id="3.13.10.4.10[4].[t]9.[C]5.Speed"/>
		<requirement id="3.13.10.4.10[4].[t]9.[C]7.Speed"/>
		<requirement id="3.13.10.4.10[4].[t]9.[C]8.Speed"/>
		<requirement id="3.13.10.4.10[4].[t]9.[C]10.Speed"/>
		<requirement id="3.13.10.4.10[4].[t]9.[C]11.Speed"/>
		<requirement id="3.13.10.4.10[4].[t]9.[C]13.Speed"/>
		<requirement id="3.13.10.4.10[4].[t]9.[C]14.Speed"/>
	</object>
	<object id="!ed/15965/2ADD/1E24/54e8a8b95c74">
		<requirement id="3.13.10.4.10[2].[t]8.[C]1.Position"/>
		<requirement id="3.13.10.4.10[2].[t]8.[C]2.Position"/>
		<requirement id="3.13.10.4.10[2].[t]8.[C]2.Position.[1]"/>
		<requirement id="3.13.10.4.10[2].[t]8.[C]2.Position.[2]"/>
		<requirement id="3.13.10.4.10[2].[t]8.[C]3.Position"/>
		<requirement id="3.13.10.4.10[2].[t]8.[C]3.Position.[1]"/>
		<requirement id="3.13.10.4.10[2].[t]8.[C]3.Position.[2]"/>
		<requirement id="3.13.10.4.10[2].[t]8.[C]4.Position"/>
		<requirement id="3.13.10.4.10[2].[t]8.[C]4.Position.[1]"/>
		<requirement id="3.13.10.4.10[2].[t]8.[C]4.Position.[2]"/>
		<requirement id="3.13.10.4.10[2].[t]8.[C]5.Position"/>
		<requirement id="3.13.10.4.10[2].[t]8.[C]5.Position.[1]"/>
		<requirement id="3.13.10.4.10[2].[t]8.[C]5.Position.[2]"/>
		<requirement id="3.13.10.4.10[2].[t]8.[C]6.Position"/>
		<requirement id="3.13.10.4.10[2].[t]8.[C]6.Position.[1]"/>
		<requirement id="3.13.10.4.10[2].[t]8.[C]6.Position.[2]"/>
		<requirement id="3.13.10.4.10[2].[t]8.[C]7.Position"/>
		<requirement id="3.13.10.4.10[2].[t]8.[C]7.Position.[1]"/>
		<requirement id="3.13.10.4.10[2].[t]8.[C]7.Position.[2]"/>
		<requirement id="3.13.10.4.10[2].[t]8.[C]8.Position"/>
		<requirement id="3.13.10.4.10[2].[t]8.[C]8.Position.[1]"/>
		<requirement id="3.13.10.4.10[2].[t]8.[C]8.Position.[2]"/>
		<requirement id="3.13.10.4.10[2].[t]8.[C]9.Position"/>
		<requirement id="3.13.10.4.10[2].[t]8.[C]9.Position.[1]"/>
		<requirement id="3.13.10.4.10[2].[t]8.[C]9.Position.[2]"/>
		<requirement id="3.13.10.4.10[2].[t]8.[C]10.Position"/>
		<requirement id="3.13.10.4.10[2].[t]8.[C]11.Position"/>
		<requirement id="3.13.10.4.10[2].[t]8.[C]12.Position"/>
		<requirement id="3.13.10.4.10[2].[t]8.[C]13.Position"/>
		<requirement id="3.13.10.4.10[2].[t]8.[C]14.Position"/>
		<requirement id="3.13.10.4.10[4].[t]9.[C]1.Position"/>
		<requirement id="3.13.10.4.10[4].[t]9.[C]2.Position"/>
		<requirement id="3.13.10.4.10[4].[t]9.[C]2.Position.[1]"/>
		<requirement id="3.13.10.4.10[4].[t]9.[C]2.Position.[2]"/>
		<requirement id="3.13.10.4.10[4].[t]9.[C]3.Position"/>
		<requirement id="3.13.10.4.10[4].[t]9.[C]3.Position.[1]"/>
		<requirement id="3.13.10.4.10[4].[t]9.[C]3.Position.[2]"/>
		<requirement id="3.13.10.4.10[4].[t]9.[C]4.Position"/>
		<requirement id="3.13.10.4.10[4].[t]9.[C]4.Position.[1]"/>
		<requirement id="3.13.10.4.10[4].[t]9.[C]4.Position.[2]"/>
		<requirement id="3.13.10.4.10[4].[t]9.[C]5.Position"/>
		<requirement id="3.13.10.4.10[4].[t]9.[C]5.Position.[1]"/>
		<requirement id="3.13.10.4.10[4].[t]9.[C]5.Position.[2]"/>
		<requirement id="3.13.10.4.10[4].[t]9.[C]6.Position"/>
		<requirement id="3.13.10.4.10[4].[t]9.[C]6.Position.[1]"/>
		<requirement id="3.13.10.4.10[4].[t]9.[C]6.Position.[2]"/>
		<requirement id="3.13.10.4.10[4].[t]9.[C]7.Position"/>
		<requirement id="3.13.10.4.10[4].[t]9.[C]7.Position.[1]"/>
		<requirement id="3.13.10.4.10[4].[t]9.[C]7.Position.[2]"/>
		<requirement id="3.13.10.4.10[4].[t]9.[C]8.Position"/>
		<requirement id="3.13.10.4.10[4].[t]9.[C]8.Position.[1]"/>
		<requirement id="3.13.10.4.10[4].[t]9.[C]8.Position.[2]"/>
		<requirement id="3.13.10.4.10[4].[t]9.[C]9.Position"/>
		<requirement id="3.13.10.4.10[4].[t]9.[C]9.Position.[1]"/>
		<requirement id="3.13.10.4.10[4].[t]9.[C]9.Position.[2]"/>
		<requirement id="3.13.10.4.10[4].[t]9.[C]10.Position"/>
		<requirement id="3.13.10.4.10[4].[t]9.[C]11.Position"/>
		<requirement id="3.13.10.4.10[4].[t]9.[C]12.Position"/>
		<requirement id="3.13.10.4.10[4].[t]9.[C]13.Position"/>
		<requirement id="3.13.10.4.10[4].[t]9.[C]14.Position"/>
	</object>
	<object id="!ed/40a4c/2ADD/1E24/54e8ee5d4bf7">
		<requirement id="3.13.10.4.12[2]"/>
		<requirement id="3.13.10.4.12[2].[t]10"/>
		<requirement id="3.13.10.4.12[2].[t]10.C"/>
		<requirement id="3.13.10.4.12[2].[t]10.[C]0"/>
		<requirement id="3.13.10.4.12[2].[t]10.[C]0.Position"/>
		<requirement id="3.13.10.4.12[2].[t]10.[C]0.TICommand"/>
		<requirement id="3.13.10.4.12[2].[t]10.[C]0.Supervision"/>
		<requirement id="3.13.10.4.12[2].[t]10.[C]1"/>
		<requirement id="3.13.10.4.12[2].[t]10.[C]1.Speed"/>
		<requirement id="3.13.10.4.12[2].[t]10.[C]1.Position"/>
		<requirement id="3.13.10.4.12[2].[t]10.[C]1.TICommand"/>
		<requirement id="3.13.10.4.12[2].[t]10.[C]1.TICommand.[1]"/>
		<requirement id="3.13.10.4.12[2].[t]10.[C]1.TICommand.[2]"/>
		<requirement id="3.13.10.4.12[2].[t]10.[C]1.TICommand.[3]"/>
		<requirement id="3.13.10.4.12[2].[t]10.[C]1.Supervision"/>
		<requirement id="3.13.10.4.12[2].[t]10.[C]1.Supervision.[1]"/>
		<requirement id="3.13.10.4.12[2].[t]10.[C]1.Supervision.[2]"/>
		<requirement id="3.13.10.4.12[2].[t]10.[C]1.Supervision.[3]"/>
		<requirement id="3.13.10.4.12[2].[t]10.[C]1.Supervision.[4]"/>
		<requirement id="3.13.10.4.12[2].[t]10.[C]2"/>
		<requirement id="3.13.10.4.12[2].[t]10.[C]2.Speed"/>
		<requirement id="3.13.10.4.12[2].[t]10.[C]2.Position"/>
		<requirement id="3.13.10.4.12[2].[t]10.[C]2.Position.[1]"/>
		<requirement id="3.13.10.4.12[2].[t]10.[C]2.Position.[2]"/>
		<requirement id="3.13.10.4.12[2].[t]10.[C]2.TICommand"/>
		<requirement id="3.13.10.4.12[2].[t]10.[C]2.TICommand.[1]"/>
		<requirement id="3.13.10.4.12[2].[t]10.[C]2.TICommand.[2]"/>
		<requirement id="3.13.10.4.12[2].[t]10.[C]2.TICommand.[3]"/>
		<requirement id="3.13.10.4.12[2].[t]10.[C]2.Supervision"/>
		<requirement id="3.13.10.4.12[2].[t]10.[C]2.Supervision.[1]"/>
		<requirement id="3.13.10.4.12[2].[t]10.[C]2.Supervision.[2]"/>
		<requirement id="3.13.10.4.12[2].[t]10.[C]2.Supervision.[3]"/>
		<requirement id="3.13.10.4.12[2].[t]10.[C]2.Supervision.[4]"/>
		<requirement id="3.13.10.4.12[2].[t]10.[C]3"/>
		<requirement id="3.13.10.4.12[2].[t]10.[C]3.Position"/>
		<requirement id="3.13.10.4.12[2].[t]10.[C]3.Position.[1]"/>
		<requirement id="3.13.10.4.12[2].[t]10.[C]3.Position.[2]"/>
		<requirement id="3.13.10.4.12[2].[t]10.[C]3.TICommand"/>
		<requirement id="3.13.10.4.12[2].[t]10.[C]3.TICommand.[1]"/>
		<requirement id="3.13.10.4.12[2].[t]10.[C]3.TICommand.[2]"/>
		<requirement id="3.13.10.4.12[2].[t]10.[C]3.TICommand.[3]"/>
		<requirement id="3.13.10.4.12[2].[t]10.[C]3.Supervision"/>
		<requirement id="3.13.10.4.12[2].[t]10.[C]3.Supervision.[1]"/>
		<requirement id="3.13.10.4.12[2].[t]10.[C]3.Supervision.[2]"/>
		<requirement id="3.13.10.4.12[2].[t]10.[C]3.Supervision.[3]"/>
		<requirement id="3.13.10.4.12[3]"/>
		<requirement id="3.13.10.4.12[3].[t]11"/>
		<requirement id="3.13.10.4.12[3].[t]11.C"/>
		<requirement id="3.13.10.4.12[3].[t]11.[C]0"/>
		<requirement id="3.13.10.4.12[3].[t]11.[C]0.Position"/>
		<requirement id="3.13.10.4.12[3].[t]11.[C]0.TICommand"/>
		<requirement id="3.13.10.4.12[3].[t]11.[C]0.Supervision"/>
		<requirement id="3.13.10.4.12[3].[t]11.[C]1"/>
		<requirement id="3.13.10.4.12[3].[t]11.[C]1.Speed"/>
		<requirement id="3.13.10.4.12[3].[t]11.[C]1.Position"/>
		<requirement id="3.13.10.4.12[3].[t]11.[C]1.TICommand"/>
		<requirement id="3.13.10.4.12[3].[t]11.[C]1.TICommand.[1]"/>
		<requirement id="3.13.10.4.12[3].[t]11.[C]1.TICommand.[2]"/>
		<requirement id="3.13.10.4.12[3].[t]11.[C]1.TICommand.[3]"/>
		<requirement id="3.13.10.4.12[3].[t]11.[C]1.Supervision"/>
		<requirement id="3.13.10.4.12[3].[t]11.[C]1.Supervision.[1]"/>
		<requirement id="3.13.10.4.12[3].[t]11.[C]1.Supervision.[2]"/>
		<requirement id="3.13.10.4.12[3].[t]11.[C]1.Supervision.[3]"/>
		<requirement id="3.13.10.4.12[3].[t]11.[C]1.Supervision.[4]"/>
		<requirement id="3.13.10.4.12[3].[t]11.[C]2"/>
		<requirement id="3.13.10.4.12[3].[t]11.[C]2.Speed"/>
		<requirement id="3.13.10.4.12[3].[t]11.[C]2.Position"/>
		<requirement id="3.13.10.4.12[3].[t]11.[C]2.Position.[1]"/>
		<requirement id="3.13.10.4.12[3].[t]11.[C]2.Position.[2]"/>
		<requirement id="3.13.10.4.12[3].[t]11.[C]2.TICommand"/>
		<requirement id="3.13.10.4.12[3].[t]11.[C]2.TICommand.[1]"/>
		<requirement id="3.13.10.4.12[3].[t]11.[C]2.TICommand.[2]"/>
		<requirement id="3.13.10.4.12[3].[t]11.[C]2.TICommand.[3]"/>
		<requirement id="3.13.10.4.12[3].[t]11.[C]2.Supervision"/>
		<requirement id="3.13.10.4.12[3].[t]11.[C]2.Supervision.[1]"/>
		<requirement id="3.13.10.4.12[3].[t]11.[C]2.Supervision.[2]"/>
		<requirement id="3.13.10.4.12[3].[t]11.[C]2.Supervision.[3]"/>
		<requirement id="3.13.10.4.12[3].[t]11.[C]2.Supervision.[4]"/>
		<requirement id="3.13.10.4.12[3].[t]11.[C]3"/>
		<requirement id="3.13.10.4.12[3].[t]11.[C]3.Position"/>
		<requirement id="3.13.10.4.12[3].[t]11.[C]3.Position.[1]"/>
		<requirement id="3.13.10.4.12[3].[t]11.[C]3.Position.[2]"/>
		<requirement id="3.13.10.4.12[3].[t]11.[C]3.TICommand"/>
		<requirement id="3.13.10.4.12[3].[t]11.[C]3.TICommand.[1]"/>
		<requirement id="3.13.10.4.12[3].[t]11.[C]3.TICommand.[2]"/>
		<requirement id="3.13.10.4.12[3].[t]11.[C]3.TICommand.[3]"/>
		<requirement id="3.13.10.4.12[3].[t]11.[C]3.Supervision"/>
		<requirement id="3.13.10.4.12[3].[t]11.[C]3.Supervision.[1]"/>
		<requirement id="3.13.10.4.12[3].[t]11.[C]3.Supervision.[2]"/>
		<requirement id="3.13.10.4.12[3].[t]11.[C]3.Supervision.[3]"/>
	</object>
	<object id="!ed/40c3b/2ADD/1E24/54e8f520237e">
		<requirement id="3.13.10.4.12[2]"/>
		<requirement id="3.13.10.4.12[2].[t]10"/>
		<requirement id="3.13.10.4.12[2].[t]10.C"/>
		<requirement id="3.13.10.4.12[2].[t]10.[C]0"/>
		<requirement id="3.13.10.4.12[2].[t]10.[C]0.Position"/>
		<requirement id="3.13.10.4.12[2].[t]10.[C]0.TICommand"/>
		<requirement id="3.13.10.4.12[2].[t]10.[C]0.Supervision"/>
		<requirement id="3.13.10.4.12[2].[t]10.[C]1"/>
		<requirement id="3.13.10.4.12[2].[t]10.[C]1.Speed"/>
		<requirement id="3.13.10.4.12[2].[t]10.[C]1.Position"/>
		<requirement id="3.13.10.4.12[2].[t]10.[C]1.TICommand"/>
		<requirement id="3.13.10.4.12[2].[t]10.[C]1.TICommand.[1]"/>
		<requirement id="3.13.10.4.12[2].[t]10.[C]1.TICommand.[2]"/>
		<requirement id="3.13.10.4.12[2].[t]10.[C]1.TICommand.[3]"/>
		<requirement id="3.13.10.4.12[2].[t]10.[C]1.Supervision"/>
		<requirement id="3.13.10.4.12[2].[t]10.[C]1.Supervision.[1]"/>
		<requirement id="3.13.10.4.12[2].[t]10.[C]1.Supervision.[2]"/>
		<requirement id="3.13.10.4.12[2].[t]10.[C]1.Supervision.[3]"/>
		<requirement id="3.13.10.4.12[2].[t]10.[C]1.Supervision.[4]"/>
		<requirement id="3.13.10.4.12[2].[t]10.[C]2"/>
		<requirement id="3.13.10.4.12[2].[t]10.[C]2.Speed"/>
		<requirement id="3.13.10.4.12[2].[t]10.[C]2.Position"/>
		<requirement id="3.13.10.4.12[2].[t]10.[C]2.Position.[1]"/>
		<requirement id="3.13.10.4.12[2].[t]10.[C]2.Position.[2]"/>
		<requirement id="3.13.10.4.12[2].[t]10.[C]2.TICommand"/>
		<requirement id="3.13.10.4.12[2].[t]10.[C]2.TICommand.[1]"/>
		<requirement id="3.13.10.4.12[2].[t]10.[C]2.TICommand.[2]"/>
		<requirement id="3.13.10.4.12[2].[t]10.[C]2.TICommand.[3]"/>
		<requirement id="3.13.10.4.12[2].[t]10.[C]2.Supervision"/>
		<requirement id="3.13.10.4.12[2].[t]10.[C]2.Supervision.[1]"/>
		<requirement id="3.13.10.4.12[2].[t]10.[C]2.Supervision.[2]"/>
		<requirement id="3.13.10.4.12[2].[t]10.[C]2.Supervision.[3]"/>
		<requirement id="3.13.10.4.12[2].[t]10.[C]2.Supervision.[4]"/>
		<requirement id="3.13.10.4.12[2].[t]10.[C]3"/>
		<requirement id="3.13.10.4.12[2].[t]10.[C]3.Position"/>
		<requirement id="3.13.10.4.12[2].[t]10.[C]3.Position.[1]"/>
		<requirement id="3.13.10.4.12[2].[t]10.[C]3.Position.[2]"/>
		<requirement id="3.13.10.4.12[2].[t]10.[C]3.TICommand"/>
		<requirement id="3.13.10.4.12[2].[t]10.[C]3.TICommand.[1]"/>
		<requirement id="3.13.10.4.12[2].[t]10.[C]3.TICommand.[2]"/>
		<requirement id="3.13.10.4.12[2].[t]10.[C]3.TICommand.[3]"/>
		<requirement id="3.13.10.4.12[2].[t]10.[C]3.Supervision"/>
		<requirement id="3.13.10.4.12[2].[t]10.[C]3.Supervision.[1]"/>
		<requirement id="3.13.10.4.12[2].[t]10.[C]3.Supervision.[2]"/>
		<requirement id="3.13.10.4.12[2].[t]10.[C]3.Supervision.[3]"/>
	</object>
	<object id="!ed/40d23/2ADD/1E24/54e8f5ef5056">
		<requirement id="3.13.10.4.12[3]"/>
		<requirement id="3.13.10.4.12[3].[t]11"/>
		<requirement id="3.13.10.4.12[3].[t]11.C"/>
		<requirement id="3.13.10.4.12[3].[t]11.[C]0"/>
		<requirement id="3.13.10.4.12[3].[t]11.[C]0.Position"/>
		<requirement id="3.13.10.4.12[3].[t]11.[C]0.TICommand"/>
		<requirement id="3.13.10.4.12[3].[t]11.[C]0.Supervision"/>
		<requirement id="3.13.10.4.12[3].[t]11.[C]1"/>
		<requirement id="3.13.10.4.12[3].[t]11.[C]1.Speed"/>
		<requirement id="3.13.10.4.12[3].[t]11.[C]1.Position"/>
		<requirement id="3.13.10.4.12[3].[t]11.[C]1.TICommand"/>
		<requirement id="3.13.10.4.12[3].[t]11.[C]1.TICommand.[1]"/>
		<requirement id="3.13.10.4.12[3].[t]11.[C]1.TICommand.[2]"/>
		<requirement id="3.13.10.4.12[3].[t]11.[C]1.TICommand.[3]"/>
		<requirement id="3.13.10.4.12[3].[t]11.[C]1.Supervision"/>
		<requirement id="3.13.10.4.12[3].[t]11.[C]1.Supervision.[1]"/>
		<requirement id="3.13.10.4.12[3].[t]11.[C]1.Supervision.[2]"/>
		<requirement id="3.13.10.4.12[3].[t]11.[C]1.Supervision.[3]"/>
		<requirement id="3.13.10.4.12[3].[t]11.[C]1.Supervision.[4]"/>
		<requirement id="3.13.10.4.12[3].[t]11.[C]2"/>
		<requirement id="3.13.10.4.12[3].[t]11.[C]2.Speed"/>
		<requirement id="3.13.10.4.12[3].[t]11.[C]2.Position"/>
		<requirement id="3.13.10.4.12[3].[t]11.[C]2.Position.[1]"/>
		<requirement id="3.13.10.4.12[3].[t]11.[C]2.Position.[2]"/>
		<requirement id="3.13.10.4.12[3].[t]11.[C]2.TICommand"/>
		<requirement id="3.13.10.4.12[3].[t]11.[C]2.TICommand.[1]"/>
		<requirement id="3.13.10.4.12[3].[t]11.[C]2.TICommand.[2]"/>
		<requirement id="3.13.10.4.12[3].[t]11.[C]2.TICommand.[3]"/>
		<requirement id="3.13.10.4.12[3].[t]11.[C]2.Supervision"/>
		<requirement id="3.13.10.4.12[3].[t]11.[C]2.Supervision.[1]"/>
		<requirement id="3.13.10.4.12[3].[t]11.[C]2.Supervision.[2]"/>
		<requirement id="3.13.10.4.12[3].[t]11.[C]2.Supervision.[3]"/>
		<requirement id="3.13.10.4.12[3].[t]11.[C]2.Supervision.[4]"/>
		<requirement id="3.13.10.4.12[3].[t]11.[C]3"/>
		<requirement id="3.13.10.4.12[3].[t]11.[C]3.Position"/>
		<requirement id="3.13.10.4.12[3].[t]11.[C]3.Position.[1]"/>
		<requirement id="3.13.10.4.12[3].[t]11.[C]3.Position.[2]"/>
		<requirement id="3.13.10.4.12[3].[t]11.[C]3.TICommand"/>
		<requirement id="3.13.10.4.12[3].[t]11.[C]3.TICommand.[1]"/>
		<requirement id="3.13.10.4.12[3].[t]11.[C]3.TICommand.[2]"/>
		<requirement id="3.13.10.4.12[3].[t]11.[C]3.TICommand.[3]"/>
		<requirement id="3.13.10.4.12[3].[t]11.[C]3.Supervision"/>
		<requirement id="3.13.10.4.12[3].[t]11.[C]3.Supervision.[1]"/>
		<requirement id="3.13.10.4.12[3].[t]11.[C]3.Supervision.[2]"/>
		<requirement id="3.13.10.4.12[3].[t]11.[C]3.Supervision.[3]"/>
	</object>
	<object id="!ed/ab6d8/50A/1450/54ee405661fe">
		<requirement id="3.13.10.4"/>
		<requirement id="3.13.10.4.1"/>
		<requirement id="3.13.10.4.2"/>
		<requirement id="3.13.10.4.2[2]"/>
		<requirement id="3.13.10.4.2[2].1"/>
		<requirement id="3.13.10.4.3"/>
		<requirement id="3.13.10.4.3[2]"/>
		<requirement id="3.13.10.4.4"/>
		<requirement id="3.13.10.4.4[2]"/>
		<requirement id="3.13.10.4.4[3]"/>
		<requirement id="3.13.10.4.5"/>
		<requirement id="3.13.10.4.6"/>
		<requirement id="3.13.10.4.7"/>
		<requirement id="3.13.10.4.7[2]"/>
		<requirement id="3.13.10.4.7[2].1"/>
		<requirement id="3.13.10.4.8"/>
		<requirement id="3.13.10.4.8[2]"/>
		<requirement id="3.13.10.3.1"/>
		<requirement id="3.13.10.3.2"/>
		<requirement id="3.13.10.5.1"/>
		<requirement id="3.13.10.5.2"/>
		<requirement id="3.13.10.5.3"/>
	</object>
	<object id="!ed/20a10/1F54/19FC/54ef8a404412">
		<requirement id="3.13.10"/>
		<requirement id="3.13.10.1"/>
		<requirement id="3.13.10.1.1"/>
		<requirement id="3.13.10.1.2"/>
		<requirement id="3.13.10.1.2.*[1]"/>
		<requirement id="3.13.10.1.2.*[2]"/>
		<requirement id="3.13.10.1.2.*[3]"/>
		<requirement id="3.13.10.1.2.*[3][2]"/>
		<requirement id="3.13.10.1.2.*[3][2].[f]54"/>
		<requirement id="3.13.10.1.2.*[3][2].[f]54.C"/>
		<requirement id="3.13.10.1.3"/>
		<requirement id="3.13.10.1.4"/>
		<requirement id="3.13.10.1.5"/>
	</object>
	<object id="!ed/1d21d1/1847/20EC/54f20dc8465">
		<requirement id="3.13.10.5.2"/>
	</object>
</traceability>
